

================================================================
== Vitis HLS Report for 'forward'
================================================================
* Date:           Fri Jul 18 15:00:21 2025

* Version:        2023.2 (Build 4023990 on Oct 11 2023)
* Project:        gesummv.prj
* Solution:       gesummv (Vivado IP Flow Target)
* Product family: virtexuplusHBM
* Target device:  xcu280-fsvh2892-2L-e


================================================================
== Performance Estimates
================================================================
+ Timing: 
    * Summary: 
    +--------+---------+----------+------------+
    |  Clock |  Target | Estimated| Uncertainty|
    +--------+---------+----------+------------+
    |ap_clk  |  5.00 ns|  5.952 ns|     1.35 ns|
    +--------+---------+----------+------------+

+ Latency: 
    * Summary: 
    +---------+---------+----------+----------+------+------+----------+
    |  Latency (cycles) |  Latency (absolute) |   Interval  | Pipeline |
    |   min   |   max   |    min   |    max   |  min |  max |   Type   |
    +---------+---------+----------+----------+------+------+----------+
    |     1309|     1309|  7.791 us|  7.791 us|  1299|  1299|  dataflow|
    +---------+---------+----------+----------+------+------+----------+

    + Detail: 
        * Instance: 
        +----------+-------+---------+---------+----------+----------+------+------+---------+
        |          |       |  Latency (cycles) |  Latency (absolute) |   Interval  | Pipeline|
        | Instance | Module|   min   |   max   |    min   |    max   |  min |  max |   Type  |
        +----------+-------+---------+---------+----------+----------+------+------+---------+
        |node3_U0  |node3  |     1298|     1298|  7.726 us|  7.726 us|  1298|  1298|       no|
        |node2_U0  |node2  |     1298|     1298|  7.726 us|  7.726 us|  1298|  1298|       no|
        |node1_U0  |node1  |       61|       61|  0.305 us|  0.305 us|    61|    61|       no|
        |node0_U0  |node0  |       52|       52|  0.260 us|  0.260 us|    52|    52|       no|
        +----------+-------+---------+---------+----------+----------+------+------+---------+

        * Loop: 
        N/A



================================================================
== Utilization Estimates
================================================================
* Summary: 
+---------------------+---------+------+---------+---------+-----+
|         Name        | BRAM_18K|  DSP |    FF   |   LUT   | URAM|
+---------------------+---------+------+---------+---------+-----+
|DSP                  |        -|     -|        -|        -|    -|
|Expression           |        -|     -|        0|       12|    -|
|FIFO                 |        0|     -|     1770|     1500|    -|
|Instance             |        0|   542|    41717|    34346|    0|
|Memory               |        -|     -|        -|        -|    -|
|Multiplexer          |        -|     -|        -|       18|    -|
|Register             |        -|     -|        2|        -|    -|
+---------------------+---------+------+---------+---------+-----+
|Total                |        0|   542|    43489|    35876|    0|
+---------------------+---------+------+---------+---------+-----+
|Available SLR        |     1344|  3008|   869120|   434560|  320|
+---------------------+---------+------+---------+---------+-----+
|Utilization SLR (%)  |        0|    18|        5|        8|    0|
+---------------------+---------+------+---------+---------+-----+
|Available            |     4032|  9024|  2607360|  1303680|  960|
+---------------------+---------+------+---------+---------+-----+
|Utilization (%)      |        0|     6|        1|        2|    0|
+---------------------+---------+------+---------+---------+-----+

+ Detail: 
    * Instance: 
    +----------+-------+---------+-----+-------+-------+-----+
    | Instance | Module| BRAM_18K| DSP |   FF  |  LUT  | URAM|
    +----------+-------+---------+-----+-------+-------+-----+
    |node0_U0  |node0  |        0|    0|     15|    115|    0|
    |node1_U0  |node1  |        0|   40|   2963|   2096|    0|
    |node2_U0  |node2  |        0|  251|  19369|  16063|    0|
    |node3_U0  |node3  |        0|  251|  19370|  16072|    0|
    +----------+-------+---------+-----+-------+-------+-----+
    |Total     |       |        0|  542|  41717|  34346|    0|
    +----------+-------+---------+-----+-------+-------+-----+

    * DSP: 
    N/A

    * Memory: 
    N/A

    * FIFO: 
    +---------+---------+-----+----+-----+------+-----+---------+
    |   Name  | BRAM_18K|  FF | LUT| URAM| Depth| Bits| Size:D*B|
    +---------+---------+-----+----+-----+------+-----+---------+
    |v52_1_U  |        0|  118|   0|    -|    50|   32|     1600|
    |v52_2_U  |        0|  118|   0|    -|    50|   32|     1600|
    |v52_3_U  |        0|  118|   0|    -|    50|   32|     1600|
    |v52_4_U  |        0|  118|   0|    -|    50|   32|     1600|
    |v52_U    |        0|  118|   0|    -|    50|   32|     1600|
    |v53_1_U  |        0|  118|   0|    -|    50|   32|     1600|
    |v53_2_U  |        0|  118|   0|    -|    50|   32|     1600|
    |v53_3_U  |        0|  118|   0|    -|    50|   32|     1600|
    |v53_4_U  |        0|  118|   0|    -|    50|   32|     1600|
    |v53_U    |        0|  118|   0|    -|    50|   32|     1600|
    |v54_1_U  |        0|  118|   0|    -|    50|   32|     1600|
    |v54_2_U  |        0|  118|   0|    -|    50|   32|     1600|
    |v54_3_U  |        0|  118|   0|    -|    50|   32|     1600|
    |v54_4_U  |        0|  118|   0|    -|    50|   32|     1600|
    |v54_U    |        0|  118|   0|    -|    50|   32|     1600|
    +---------+---------+-----+----+-----+------+-----+---------+
    |Total    |        0| 1770|   0|    0|   750|  480|    24000|
    +---------+---------+-----+----+-----+------+-----+---------+

    * Expression: 
    +---------------------------+----------+----+---+----+------------+------------+
    |       Variable Name       | Operation| DSP| FF| LUT| Bitwidth P0| Bitwidth P1|
    +---------------------------+----------+----+---+----+------------+------------+
    |ap_idle                    |       and|   0|  0|   2|           1|           1|
    |ap_sync_ready              |       and|   0|  0|   2|           1|           1|
    |node2_U0_ap_start          |       and|   0|  0|   2|           1|           1|
    |node3_U0_ap_start          |       and|   0|  0|   2|           1|           1|
    |ap_sync_node2_U0_ap_ready  |        or|   0|  0|   2|           1|           1|
    |ap_sync_node3_U0_ap_ready  |        or|   0|  0|   2|           1|           1|
    +---------------------------+----------+----+---+----+------------+------------+
    |Total                      |          |   0|  0|  12|           6|           6|
    +---------------------------+----------+----+---+----+------------+------------+

    * Multiplexer: 
    +-------------------------------+----+-----------+-----+-----------+
    |              Name             | LUT| Input Size| Bits| Total Bits|
    +-------------------------------+----+-----------+-----+-----------+
    |ap_sync_reg_node2_U0_ap_ready  |   9|          2|    1|          2|
    |ap_sync_reg_node3_U0_ap_ready  |   9|          2|    1|          2|
    +-------------------------------+----+-----------+-----+-----------+
    |Total                          |  18|          4|    2|          4|
    +-------------------------------+----+-----------+-----+-----------+

    * Register: 
    +-------------------------------+---+----+-----+-----------+
    |              Name             | FF| LUT| Bits| Const Bits|
    +-------------------------------+---+----+-----+-----------+
    |ap_sync_reg_node2_U0_ap_ready  |  1|   0|    1|          0|
    |ap_sync_reg_node3_U0_ap_ready  |  1|   0|    1|          0|
    +-------------------------------+---+----+-----+-----------+
    |Total                          |  2|   0|    2|          0|
    +-------------------------------+---+----+-----+-----------+



================================================================
== Interface
================================================================
* Summary: 
+------------------+-----+-----+------------+--------------+--------------+
|     RTL Ports    | Dir | Bits|  Protocol  | Source Object|    C Type    |
+------------------+-----+-----+------------+--------------+--------------+
|v48_0_0_address0  |  out|   11|   ap_memory|       v48_0_0|         array|
|v48_0_0_ce0       |  out|    1|   ap_memory|       v48_0_0|         array|
|v48_0_0_d0        |  out|   32|   ap_memory|       v48_0_0|         array|
|v48_0_0_q0        |   in|   32|   ap_memory|       v48_0_0|         array|
|v48_0_0_we0       |  out|    1|   ap_memory|       v48_0_0|         array|
|v48_0_0_address1  |  out|   11|   ap_memory|       v48_0_0|         array|
|v48_0_0_ce1       |  out|    1|   ap_memory|       v48_0_0|         array|
|v48_0_0_d1        |  out|   32|   ap_memory|       v48_0_0|         array|
|v48_0_0_q1        |   in|   32|   ap_memory|       v48_0_0|         array|
|v48_0_0_we1       |  out|    1|   ap_memory|       v48_0_0|         array|
|v48_0_1_address0  |  out|   11|   ap_memory|       v48_0_1|         array|
|v48_0_1_ce0       |  out|    1|   ap_memory|       v48_0_1|         array|
|v48_0_1_d0        |  out|   32|   ap_memory|       v48_0_1|         array|
|v48_0_1_q0        |   in|   32|   ap_memory|       v48_0_1|         array|
|v48_0_1_we0       |  out|    1|   ap_memory|       v48_0_1|         array|
|v48_0_1_address1  |  out|   11|   ap_memory|       v48_0_1|         array|
|v48_0_1_ce1       |  out|    1|   ap_memory|       v48_0_1|         array|
|v48_0_1_d1        |  out|   32|   ap_memory|       v48_0_1|         array|
|v48_0_1_q1        |   in|   32|   ap_memory|       v48_0_1|         array|
|v48_0_1_we1       |  out|    1|   ap_memory|       v48_0_1|         array|
|v48_0_2_address0  |  out|   11|   ap_memory|       v48_0_2|         array|
|v48_0_2_ce0       |  out|    1|   ap_memory|       v48_0_2|         array|
|v48_0_2_d0        |  out|   32|   ap_memory|       v48_0_2|         array|
|v48_0_2_q0        |   in|   32|   ap_memory|       v48_0_2|         array|
|v48_0_2_we0       |  out|    1|   ap_memory|       v48_0_2|         array|
|v48_0_2_address1  |  out|   11|   ap_memory|       v48_0_2|         array|
|v48_0_2_ce1       |  out|    1|   ap_memory|       v48_0_2|         array|
|v48_0_2_d1        |  out|   32|   ap_memory|       v48_0_2|         array|
|v48_0_2_q1        |   in|   32|   ap_memory|       v48_0_2|         array|
|v48_0_2_we1       |  out|    1|   ap_memory|       v48_0_2|         array|
|v48_0_3_address0  |  out|   11|   ap_memory|       v48_0_3|         array|
|v48_0_3_ce0       |  out|    1|   ap_memory|       v48_0_3|         array|
|v48_0_3_d0        |  out|   32|   ap_memory|       v48_0_3|         array|
|v48_0_3_q0        |   in|   32|   ap_memory|       v48_0_3|         array|
|v48_0_3_we0       |  out|    1|   ap_memory|       v48_0_3|         array|
|v48_0_3_address1  |  out|   11|   ap_memory|       v48_0_3|         array|
|v48_0_3_ce1       |  out|    1|   ap_memory|       v48_0_3|         array|
|v48_0_3_d1        |  out|   32|   ap_memory|       v48_0_3|         array|
|v48_0_3_q1        |   in|   32|   ap_memory|       v48_0_3|         array|
|v48_0_3_we1       |  out|    1|   ap_memory|       v48_0_3|         array|
|v48_0_4_address0  |  out|   11|   ap_memory|       v48_0_4|         array|
|v48_0_4_ce0       |  out|    1|   ap_memory|       v48_0_4|         array|
|v48_0_4_d0        |  out|   32|   ap_memory|       v48_0_4|         array|
|v48_0_4_q0        |   in|   32|   ap_memory|       v48_0_4|         array|
|v48_0_4_we0       |  out|    1|   ap_memory|       v48_0_4|         array|
|v48_0_4_address1  |  out|   11|   ap_memory|       v48_0_4|         array|
|v48_0_4_ce1       |  out|    1|   ap_memory|       v48_0_4|         array|
|v48_0_4_d1        |  out|   32|   ap_memory|       v48_0_4|         array|
|v48_0_4_q1        |   in|   32|   ap_memory|       v48_0_4|         array|
|v48_0_4_we1       |  out|    1|   ap_memory|       v48_0_4|         array|
|v48_0_5_address0  |  out|   11|   ap_memory|       v48_0_5|         array|
|v48_0_5_ce0       |  out|    1|   ap_memory|       v48_0_5|         array|
|v48_0_5_d0        |  out|   32|   ap_memory|       v48_0_5|         array|
|v48_0_5_q0        |   in|   32|   ap_memory|       v48_0_5|         array|
|v48_0_5_we0       |  out|    1|   ap_memory|       v48_0_5|         array|
|v48_0_5_address1  |  out|   11|   ap_memory|       v48_0_5|         array|
|v48_0_5_ce1       |  out|    1|   ap_memory|       v48_0_5|         array|
|v48_0_5_d1        |  out|   32|   ap_memory|       v48_0_5|         array|
|v48_0_5_q1        |   in|   32|   ap_memory|       v48_0_5|         array|
|v48_0_5_we1       |  out|    1|   ap_memory|       v48_0_5|         array|
|v48_0_6_address0  |  out|   11|   ap_memory|       v48_0_6|         array|
|v48_0_6_ce0       |  out|    1|   ap_memory|       v48_0_6|         array|
|v48_0_6_d0        |  out|   32|   ap_memory|       v48_0_6|         array|
|v48_0_6_q0        |   in|   32|   ap_memory|       v48_0_6|         array|
|v48_0_6_we0       |  out|    1|   ap_memory|       v48_0_6|         array|
|v48_0_6_address1  |  out|   11|   ap_memory|       v48_0_6|         array|
|v48_0_6_ce1       |  out|    1|   ap_memory|       v48_0_6|         array|
|v48_0_6_d1        |  out|   32|   ap_memory|       v48_0_6|         array|
|v48_0_6_q1        |   in|   32|   ap_memory|       v48_0_6|         array|
|v48_0_6_we1       |  out|    1|   ap_memory|       v48_0_6|         array|
|v48_0_7_address0  |  out|   11|   ap_memory|       v48_0_7|         array|
|v48_0_7_ce0       |  out|    1|   ap_memory|       v48_0_7|         array|
|v48_0_7_d0        |  out|   32|   ap_memory|       v48_0_7|         array|
|v48_0_7_q0        |   in|   32|   ap_memory|       v48_0_7|         array|
|v48_0_7_we0       |  out|    1|   ap_memory|       v48_0_7|         array|
|v48_0_7_address1  |  out|   11|   ap_memory|       v48_0_7|         array|
|v48_0_7_ce1       |  out|    1|   ap_memory|       v48_0_7|         array|
|v48_0_7_d1        |  out|   32|   ap_memory|       v48_0_7|         array|
|v48_0_7_q1        |   in|   32|   ap_memory|       v48_0_7|         array|
|v48_0_7_we1       |  out|    1|   ap_memory|       v48_0_7|         array|
|v48_0_8_address0  |  out|   11|   ap_memory|       v48_0_8|         array|
|v48_0_8_ce0       |  out|    1|   ap_memory|       v48_0_8|         array|
|v48_0_8_d0        |  out|   32|   ap_memory|       v48_0_8|         array|
|v48_0_8_q0        |   in|   32|   ap_memory|       v48_0_8|         array|
|v48_0_8_we0       |  out|    1|   ap_memory|       v48_0_8|         array|
|v48_0_8_address1  |  out|   11|   ap_memory|       v48_0_8|         array|
|v48_0_8_ce1       |  out|    1|   ap_memory|       v48_0_8|         array|
|v48_0_8_d1        |  out|   32|   ap_memory|       v48_0_8|         array|
|v48_0_8_q1        |   in|   32|   ap_memory|       v48_0_8|         array|
|v48_0_8_we1       |  out|    1|   ap_memory|       v48_0_8|         array|
|v48_0_9_address0  |  out|   11|   ap_memory|       v48_0_9|         array|
|v48_0_9_ce0       |  out|    1|   ap_memory|       v48_0_9|         array|
|v48_0_9_d0        |  out|   32|   ap_memory|       v48_0_9|         array|
|v48_0_9_q0        |   in|   32|   ap_memory|       v48_0_9|         array|
|v48_0_9_we0       |  out|    1|   ap_memory|       v48_0_9|         array|
|v48_0_9_address1  |  out|   11|   ap_memory|       v48_0_9|         array|
|v48_0_9_ce1       |  out|    1|   ap_memory|       v48_0_9|         array|
|v48_0_9_d1        |  out|   32|   ap_memory|       v48_0_9|         array|
|v48_0_9_q1        |   in|   32|   ap_memory|       v48_0_9|         array|
|v48_0_9_we1       |  out|    1|   ap_memory|       v48_0_9|         array|
|v48_1_0_address0  |  out|   11|   ap_memory|       v48_1_0|         array|
|v48_1_0_ce0       |  out|    1|   ap_memory|       v48_1_0|         array|
|v48_1_0_d0        |  out|   32|   ap_memory|       v48_1_0|         array|
|v48_1_0_q0        |   in|   32|   ap_memory|       v48_1_0|         array|
|v48_1_0_we0       |  out|    1|   ap_memory|       v48_1_0|         array|
|v48_1_0_address1  |  out|   11|   ap_memory|       v48_1_0|         array|
|v48_1_0_ce1       |  out|    1|   ap_memory|       v48_1_0|         array|
|v48_1_0_d1        |  out|   32|   ap_memory|       v48_1_0|         array|
|v48_1_0_q1        |   in|   32|   ap_memory|       v48_1_0|         array|
|v48_1_0_we1       |  out|    1|   ap_memory|       v48_1_0|         array|
|v48_1_1_address0  |  out|   11|   ap_memory|       v48_1_1|         array|
|v48_1_1_ce0       |  out|    1|   ap_memory|       v48_1_1|         array|
|v48_1_1_d0        |  out|   32|   ap_memory|       v48_1_1|         array|
|v48_1_1_q0        |   in|   32|   ap_memory|       v48_1_1|         array|
|v48_1_1_we0       |  out|    1|   ap_memory|       v48_1_1|         array|
|v48_1_1_address1  |  out|   11|   ap_memory|       v48_1_1|         array|
|v48_1_1_ce1       |  out|    1|   ap_memory|       v48_1_1|         array|
|v48_1_1_d1        |  out|   32|   ap_memory|       v48_1_1|         array|
|v48_1_1_q1        |   in|   32|   ap_memory|       v48_1_1|         array|
|v48_1_1_we1       |  out|    1|   ap_memory|       v48_1_1|         array|
|v48_1_2_address0  |  out|   11|   ap_memory|       v48_1_2|         array|
|v48_1_2_ce0       |  out|    1|   ap_memory|       v48_1_2|         array|
|v48_1_2_d0        |  out|   32|   ap_memory|       v48_1_2|         array|
|v48_1_2_q0        |   in|   32|   ap_memory|       v48_1_2|         array|
|v48_1_2_we0       |  out|    1|   ap_memory|       v48_1_2|         array|
|v48_1_2_address1  |  out|   11|   ap_memory|       v48_1_2|         array|
|v48_1_2_ce1       |  out|    1|   ap_memory|       v48_1_2|         array|
|v48_1_2_d1        |  out|   32|   ap_memory|       v48_1_2|         array|
|v48_1_2_q1        |   in|   32|   ap_memory|       v48_1_2|         array|
|v48_1_2_we1       |  out|    1|   ap_memory|       v48_1_2|         array|
|v48_1_3_address0  |  out|   11|   ap_memory|       v48_1_3|         array|
|v48_1_3_ce0       |  out|    1|   ap_memory|       v48_1_3|         array|
|v48_1_3_d0        |  out|   32|   ap_memory|       v48_1_3|         array|
|v48_1_3_q0        |   in|   32|   ap_memory|       v48_1_3|         array|
|v48_1_3_we0       |  out|    1|   ap_memory|       v48_1_3|         array|
|v48_1_3_address1  |  out|   11|   ap_memory|       v48_1_3|         array|
|v48_1_3_ce1       |  out|    1|   ap_memory|       v48_1_3|         array|
|v48_1_3_d1        |  out|   32|   ap_memory|       v48_1_3|         array|
|v48_1_3_q1        |   in|   32|   ap_memory|       v48_1_3|         array|
|v48_1_3_we1       |  out|    1|   ap_memory|       v48_1_3|         array|
|v48_1_4_address0  |  out|   11|   ap_memory|       v48_1_4|         array|
|v48_1_4_ce0       |  out|    1|   ap_memory|       v48_1_4|         array|
|v48_1_4_d0        |  out|   32|   ap_memory|       v48_1_4|         array|
|v48_1_4_q0        |   in|   32|   ap_memory|       v48_1_4|         array|
|v48_1_4_we0       |  out|    1|   ap_memory|       v48_1_4|         array|
|v48_1_4_address1  |  out|   11|   ap_memory|       v48_1_4|         array|
|v48_1_4_ce1       |  out|    1|   ap_memory|       v48_1_4|         array|
|v48_1_4_d1        |  out|   32|   ap_memory|       v48_1_4|         array|
|v48_1_4_q1        |   in|   32|   ap_memory|       v48_1_4|         array|
|v48_1_4_we1       |  out|    1|   ap_memory|       v48_1_4|         array|
|v48_1_5_address0  |  out|   11|   ap_memory|       v48_1_5|         array|
|v48_1_5_ce0       |  out|    1|   ap_memory|       v48_1_5|         array|
|v48_1_5_d0        |  out|   32|   ap_memory|       v48_1_5|         array|
|v48_1_5_q0        |   in|   32|   ap_memory|       v48_1_5|         array|
|v48_1_5_we0       |  out|    1|   ap_memory|       v48_1_5|         array|
|v48_1_5_address1  |  out|   11|   ap_memory|       v48_1_5|         array|
|v48_1_5_ce1       |  out|    1|   ap_memory|       v48_1_5|         array|
|v48_1_5_d1        |  out|   32|   ap_memory|       v48_1_5|         array|
|v48_1_5_q1        |   in|   32|   ap_memory|       v48_1_5|         array|
|v48_1_5_we1       |  out|    1|   ap_memory|       v48_1_5|         array|
|v48_1_6_address0  |  out|   11|   ap_memory|       v48_1_6|         array|
|v48_1_6_ce0       |  out|    1|   ap_memory|       v48_1_6|         array|
|v48_1_6_d0        |  out|   32|   ap_memory|       v48_1_6|         array|
|v48_1_6_q0        |   in|   32|   ap_memory|       v48_1_6|         array|
|v48_1_6_we0       |  out|    1|   ap_memory|       v48_1_6|         array|
|v48_1_6_address1  |  out|   11|   ap_memory|       v48_1_6|         array|
|v48_1_6_ce1       |  out|    1|   ap_memory|       v48_1_6|         array|
|v48_1_6_d1        |  out|   32|   ap_memory|       v48_1_6|         array|
|v48_1_6_q1        |   in|   32|   ap_memory|       v48_1_6|         array|
|v48_1_6_we1       |  out|    1|   ap_memory|       v48_1_6|         array|
|v48_1_7_address0  |  out|   11|   ap_memory|       v48_1_7|         array|
|v48_1_7_ce0       |  out|    1|   ap_memory|       v48_1_7|         array|
|v48_1_7_d0        |  out|   32|   ap_memory|       v48_1_7|         array|
|v48_1_7_q0        |   in|   32|   ap_memory|       v48_1_7|         array|
|v48_1_7_we0       |  out|    1|   ap_memory|       v48_1_7|         array|
|v48_1_7_address1  |  out|   11|   ap_memory|       v48_1_7|         array|
|v48_1_7_ce1       |  out|    1|   ap_memory|       v48_1_7|         array|
|v48_1_7_d1        |  out|   32|   ap_memory|       v48_1_7|         array|
|v48_1_7_q1        |   in|   32|   ap_memory|       v48_1_7|         array|
|v48_1_7_we1       |  out|    1|   ap_memory|       v48_1_7|         array|
|v48_1_8_address0  |  out|   11|   ap_memory|       v48_1_8|         array|
|v48_1_8_ce0       |  out|    1|   ap_memory|       v48_1_8|         array|
|v48_1_8_d0        |  out|   32|   ap_memory|       v48_1_8|         array|
|v48_1_8_q0        |   in|   32|   ap_memory|       v48_1_8|         array|
|v48_1_8_we0       |  out|    1|   ap_memory|       v48_1_8|         array|
|v48_1_8_address1  |  out|   11|   ap_memory|       v48_1_8|         array|
|v48_1_8_ce1       |  out|    1|   ap_memory|       v48_1_8|         array|
|v48_1_8_d1        |  out|   32|   ap_memory|       v48_1_8|         array|
|v48_1_8_q1        |   in|   32|   ap_memory|       v48_1_8|         array|
|v48_1_8_we1       |  out|    1|   ap_memory|       v48_1_8|         array|
|v48_1_9_address0  |  out|   11|   ap_memory|       v48_1_9|         array|
|v48_1_9_ce0       |  out|    1|   ap_memory|       v48_1_9|         array|
|v48_1_9_d0        |  out|   32|   ap_memory|       v48_1_9|         array|
|v48_1_9_q0        |   in|   32|   ap_memory|       v48_1_9|         array|
|v48_1_9_we0       |  out|    1|   ap_memory|       v48_1_9|         array|
|v48_1_9_address1  |  out|   11|   ap_memory|       v48_1_9|         array|
|v48_1_9_ce1       |  out|    1|   ap_memory|       v48_1_9|         array|
|v48_1_9_d1        |  out|   32|   ap_memory|       v48_1_9|         array|
|v48_1_9_q1        |   in|   32|   ap_memory|       v48_1_9|         array|
|v48_1_9_we1       |  out|    1|   ap_memory|       v48_1_9|         array|
|v48_2_0_address0  |  out|   11|   ap_memory|       v48_2_0|         array|
|v48_2_0_ce0       |  out|    1|   ap_memory|       v48_2_0|         array|
|v48_2_0_d0        |  out|   32|   ap_memory|       v48_2_0|         array|
|v48_2_0_q0        |   in|   32|   ap_memory|       v48_2_0|         array|
|v48_2_0_we0       |  out|    1|   ap_memory|       v48_2_0|         array|
|v48_2_0_address1  |  out|   11|   ap_memory|       v48_2_0|         array|
|v48_2_0_ce1       |  out|    1|   ap_memory|       v48_2_0|         array|
|v48_2_0_d1        |  out|   32|   ap_memory|       v48_2_0|         array|
|v48_2_0_q1        |   in|   32|   ap_memory|       v48_2_0|         array|
|v48_2_0_we1       |  out|    1|   ap_memory|       v48_2_0|         array|
|v48_2_1_address0  |  out|   11|   ap_memory|       v48_2_1|         array|
|v48_2_1_ce0       |  out|    1|   ap_memory|       v48_2_1|         array|
|v48_2_1_d0        |  out|   32|   ap_memory|       v48_2_1|         array|
|v48_2_1_q0        |   in|   32|   ap_memory|       v48_2_1|         array|
|v48_2_1_we0       |  out|    1|   ap_memory|       v48_2_1|         array|
|v48_2_1_address1  |  out|   11|   ap_memory|       v48_2_1|         array|
|v48_2_1_ce1       |  out|    1|   ap_memory|       v48_2_1|         array|
|v48_2_1_d1        |  out|   32|   ap_memory|       v48_2_1|         array|
|v48_2_1_q1        |   in|   32|   ap_memory|       v48_2_1|         array|
|v48_2_1_we1       |  out|    1|   ap_memory|       v48_2_1|         array|
|v48_2_2_address0  |  out|   11|   ap_memory|       v48_2_2|         array|
|v48_2_2_ce0       |  out|    1|   ap_memory|       v48_2_2|         array|
|v48_2_2_d0        |  out|   32|   ap_memory|       v48_2_2|         array|
|v48_2_2_q0        |   in|   32|   ap_memory|       v48_2_2|         array|
|v48_2_2_we0       |  out|    1|   ap_memory|       v48_2_2|         array|
|v48_2_2_address1  |  out|   11|   ap_memory|       v48_2_2|         array|
|v48_2_2_ce1       |  out|    1|   ap_memory|       v48_2_2|         array|
|v48_2_2_d1        |  out|   32|   ap_memory|       v48_2_2|         array|
|v48_2_2_q1        |   in|   32|   ap_memory|       v48_2_2|         array|
|v48_2_2_we1       |  out|    1|   ap_memory|       v48_2_2|         array|
|v48_2_3_address0  |  out|   11|   ap_memory|       v48_2_3|         array|
|v48_2_3_ce0       |  out|    1|   ap_memory|       v48_2_3|         array|
|v48_2_3_d0        |  out|   32|   ap_memory|       v48_2_3|         array|
|v48_2_3_q0        |   in|   32|   ap_memory|       v48_2_3|         array|
|v48_2_3_we0       |  out|    1|   ap_memory|       v48_2_3|         array|
|v48_2_3_address1  |  out|   11|   ap_memory|       v48_2_3|         array|
|v48_2_3_ce1       |  out|    1|   ap_memory|       v48_2_3|         array|
|v48_2_3_d1        |  out|   32|   ap_memory|       v48_2_3|         array|
|v48_2_3_q1        |   in|   32|   ap_memory|       v48_2_3|         array|
|v48_2_3_we1       |  out|    1|   ap_memory|       v48_2_3|         array|
|v48_2_4_address0  |  out|   11|   ap_memory|       v48_2_4|         array|
|v48_2_4_ce0       |  out|    1|   ap_memory|       v48_2_4|         array|
|v48_2_4_d0        |  out|   32|   ap_memory|       v48_2_4|         array|
|v48_2_4_q0        |   in|   32|   ap_memory|       v48_2_4|         array|
|v48_2_4_we0       |  out|    1|   ap_memory|       v48_2_4|         array|
|v48_2_4_address1  |  out|   11|   ap_memory|       v48_2_4|         array|
|v48_2_4_ce1       |  out|    1|   ap_memory|       v48_2_4|         array|
|v48_2_4_d1        |  out|   32|   ap_memory|       v48_2_4|         array|
|v48_2_4_q1        |   in|   32|   ap_memory|       v48_2_4|         array|
|v48_2_4_we1       |  out|    1|   ap_memory|       v48_2_4|         array|
|v48_2_5_address0  |  out|   11|   ap_memory|       v48_2_5|         array|
|v48_2_5_ce0       |  out|    1|   ap_memory|       v48_2_5|         array|
|v48_2_5_d0        |  out|   32|   ap_memory|       v48_2_5|         array|
|v48_2_5_q0        |   in|   32|   ap_memory|       v48_2_5|         array|
|v48_2_5_we0       |  out|    1|   ap_memory|       v48_2_5|         array|
|v48_2_5_address1  |  out|   11|   ap_memory|       v48_2_5|         array|
|v48_2_5_ce1       |  out|    1|   ap_memory|       v48_2_5|         array|
|v48_2_5_d1        |  out|   32|   ap_memory|       v48_2_5|         array|
|v48_2_5_q1        |   in|   32|   ap_memory|       v48_2_5|         array|
|v48_2_5_we1       |  out|    1|   ap_memory|       v48_2_5|         array|
|v48_2_6_address0  |  out|   11|   ap_memory|       v48_2_6|         array|
|v48_2_6_ce0       |  out|    1|   ap_memory|       v48_2_6|         array|
|v48_2_6_d0        |  out|   32|   ap_memory|       v48_2_6|         array|
|v48_2_6_q0        |   in|   32|   ap_memory|       v48_2_6|         array|
|v48_2_6_we0       |  out|    1|   ap_memory|       v48_2_6|         array|
|v48_2_6_address1  |  out|   11|   ap_memory|       v48_2_6|         array|
|v48_2_6_ce1       |  out|    1|   ap_memory|       v48_2_6|         array|
|v48_2_6_d1        |  out|   32|   ap_memory|       v48_2_6|         array|
|v48_2_6_q1        |   in|   32|   ap_memory|       v48_2_6|         array|
|v48_2_6_we1       |  out|    1|   ap_memory|       v48_2_6|         array|
|v48_2_7_address0  |  out|   11|   ap_memory|       v48_2_7|         array|
|v48_2_7_ce0       |  out|    1|   ap_memory|       v48_2_7|         array|
|v48_2_7_d0        |  out|   32|   ap_memory|       v48_2_7|         array|
|v48_2_7_q0        |   in|   32|   ap_memory|       v48_2_7|         array|
|v48_2_7_we0       |  out|    1|   ap_memory|       v48_2_7|         array|
|v48_2_7_address1  |  out|   11|   ap_memory|       v48_2_7|         array|
|v48_2_7_ce1       |  out|    1|   ap_memory|       v48_2_7|         array|
|v48_2_7_d1        |  out|   32|   ap_memory|       v48_2_7|         array|
|v48_2_7_q1        |   in|   32|   ap_memory|       v48_2_7|         array|
|v48_2_7_we1       |  out|    1|   ap_memory|       v48_2_7|         array|
|v48_2_8_address0  |  out|   11|   ap_memory|       v48_2_8|         array|
|v48_2_8_ce0       |  out|    1|   ap_memory|       v48_2_8|         array|
|v48_2_8_d0        |  out|   32|   ap_memory|       v48_2_8|         array|
|v48_2_8_q0        |   in|   32|   ap_memory|       v48_2_8|         array|
|v48_2_8_we0       |  out|    1|   ap_memory|       v48_2_8|         array|
|v48_2_8_address1  |  out|   11|   ap_memory|       v48_2_8|         array|
|v48_2_8_ce1       |  out|    1|   ap_memory|       v48_2_8|         array|
|v48_2_8_d1        |  out|   32|   ap_memory|       v48_2_8|         array|
|v48_2_8_q1        |   in|   32|   ap_memory|       v48_2_8|         array|
|v48_2_8_we1       |  out|    1|   ap_memory|       v48_2_8|         array|
|v48_2_9_address0  |  out|   11|   ap_memory|       v48_2_9|         array|
|v48_2_9_ce0       |  out|    1|   ap_memory|       v48_2_9|         array|
|v48_2_9_d0        |  out|   32|   ap_memory|       v48_2_9|         array|
|v48_2_9_q0        |   in|   32|   ap_memory|       v48_2_9|         array|
|v48_2_9_we0       |  out|    1|   ap_memory|       v48_2_9|         array|
|v48_2_9_address1  |  out|   11|   ap_memory|       v48_2_9|         array|
|v48_2_9_ce1       |  out|    1|   ap_memory|       v48_2_9|         array|
|v48_2_9_d1        |  out|   32|   ap_memory|       v48_2_9|         array|
|v48_2_9_q1        |   in|   32|   ap_memory|       v48_2_9|         array|
|v48_2_9_we1       |  out|    1|   ap_memory|       v48_2_9|         array|
|v48_3_0_address0  |  out|   11|   ap_memory|       v48_3_0|         array|
|v48_3_0_ce0       |  out|    1|   ap_memory|       v48_3_0|         array|
|v48_3_0_d0        |  out|   32|   ap_memory|       v48_3_0|         array|
|v48_3_0_q0        |   in|   32|   ap_memory|       v48_3_0|         array|
|v48_3_0_we0       |  out|    1|   ap_memory|       v48_3_0|         array|
|v48_3_0_address1  |  out|   11|   ap_memory|       v48_3_0|         array|
|v48_3_0_ce1       |  out|    1|   ap_memory|       v48_3_0|         array|
|v48_3_0_d1        |  out|   32|   ap_memory|       v48_3_0|         array|
|v48_3_0_q1        |   in|   32|   ap_memory|       v48_3_0|         array|
|v48_3_0_we1       |  out|    1|   ap_memory|       v48_3_0|         array|
|v48_3_1_address0  |  out|   11|   ap_memory|       v48_3_1|         array|
|v48_3_1_ce0       |  out|    1|   ap_memory|       v48_3_1|         array|
|v48_3_1_d0        |  out|   32|   ap_memory|       v48_3_1|         array|
|v48_3_1_q0        |   in|   32|   ap_memory|       v48_3_1|         array|
|v48_3_1_we0       |  out|    1|   ap_memory|       v48_3_1|         array|
|v48_3_1_address1  |  out|   11|   ap_memory|       v48_3_1|         array|
|v48_3_1_ce1       |  out|    1|   ap_memory|       v48_3_1|         array|
|v48_3_1_d1        |  out|   32|   ap_memory|       v48_3_1|         array|
|v48_3_1_q1        |   in|   32|   ap_memory|       v48_3_1|         array|
|v48_3_1_we1       |  out|    1|   ap_memory|       v48_3_1|         array|
|v48_3_2_address0  |  out|   11|   ap_memory|       v48_3_2|         array|
|v48_3_2_ce0       |  out|    1|   ap_memory|       v48_3_2|         array|
|v48_3_2_d0        |  out|   32|   ap_memory|       v48_3_2|         array|
|v48_3_2_q0        |   in|   32|   ap_memory|       v48_3_2|         array|
|v48_3_2_we0       |  out|    1|   ap_memory|       v48_3_2|         array|
|v48_3_2_address1  |  out|   11|   ap_memory|       v48_3_2|         array|
|v48_3_2_ce1       |  out|    1|   ap_memory|       v48_3_2|         array|
|v48_3_2_d1        |  out|   32|   ap_memory|       v48_3_2|         array|
|v48_3_2_q1        |   in|   32|   ap_memory|       v48_3_2|         array|
|v48_3_2_we1       |  out|    1|   ap_memory|       v48_3_2|         array|
|v48_3_3_address0  |  out|   11|   ap_memory|       v48_3_3|         array|
|v48_3_3_ce0       |  out|    1|   ap_memory|       v48_3_3|         array|
|v48_3_3_d0        |  out|   32|   ap_memory|       v48_3_3|         array|
|v48_3_3_q0        |   in|   32|   ap_memory|       v48_3_3|         array|
|v48_3_3_we0       |  out|    1|   ap_memory|       v48_3_3|         array|
|v48_3_3_address1  |  out|   11|   ap_memory|       v48_3_3|         array|
|v48_3_3_ce1       |  out|    1|   ap_memory|       v48_3_3|         array|
|v48_3_3_d1        |  out|   32|   ap_memory|       v48_3_3|         array|
|v48_3_3_q1        |   in|   32|   ap_memory|       v48_3_3|         array|
|v48_3_3_we1       |  out|    1|   ap_memory|       v48_3_3|         array|
|v48_3_4_address0  |  out|   11|   ap_memory|       v48_3_4|         array|
|v48_3_4_ce0       |  out|    1|   ap_memory|       v48_3_4|         array|
|v48_3_4_d0        |  out|   32|   ap_memory|       v48_3_4|         array|
|v48_3_4_q0        |   in|   32|   ap_memory|       v48_3_4|         array|
|v48_3_4_we0       |  out|    1|   ap_memory|       v48_3_4|         array|
|v48_3_4_address1  |  out|   11|   ap_memory|       v48_3_4|         array|
|v48_3_4_ce1       |  out|    1|   ap_memory|       v48_3_4|         array|
|v48_3_4_d1        |  out|   32|   ap_memory|       v48_3_4|         array|
|v48_3_4_q1        |   in|   32|   ap_memory|       v48_3_4|         array|
|v48_3_4_we1       |  out|    1|   ap_memory|       v48_3_4|         array|
|v48_3_5_address0  |  out|   11|   ap_memory|       v48_3_5|         array|
|v48_3_5_ce0       |  out|    1|   ap_memory|       v48_3_5|         array|
|v48_3_5_d0        |  out|   32|   ap_memory|       v48_3_5|         array|
|v48_3_5_q0        |   in|   32|   ap_memory|       v48_3_5|         array|
|v48_3_5_we0       |  out|    1|   ap_memory|       v48_3_5|         array|
|v48_3_5_address1  |  out|   11|   ap_memory|       v48_3_5|         array|
|v48_3_5_ce1       |  out|    1|   ap_memory|       v48_3_5|         array|
|v48_3_5_d1        |  out|   32|   ap_memory|       v48_3_5|         array|
|v48_3_5_q1        |   in|   32|   ap_memory|       v48_3_5|         array|
|v48_3_5_we1       |  out|    1|   ap_memory|       v48_3_5|         array|
|v48_3_6_address0  |  out|   11|   ap_memory|       v48_3_6|         array|
|v48_3_6_ce0       |  out|    1|   ap_memory|       v48_3_6|         array|
|v48_3_6_d0        |  out|   32|   ap_memory|       v48_3_6|         array|
|v48_3_6_q0        |   in|   32|   ap_memory|       v48_3_6|         array|
|v48_3_6_we0       |  out|    1|   ap_memory|       v48_3_6|         array|
|v48_3_6_address1  |  out|   11|   ap_memory|       v48_3_6|         array|
|v48_3_6_ce1       |  out|    1|   ap_memory|       v48_3_6|         array|
|v48_3_6_d1        |  out|   32|   ap_memory|       v48_3_6|         array|
|v48_3_6_q1        |   in|   32|   ap_memory|       v48_3_6|         array|
|v48_3_6_we1       |  out|    1|   ap_memory|       v48_3_6|         array|
|v48_3_7_address0  |  out|   11|   ap_memory|       v48_3_7|         array|
|v48_3_7_ce0       |  out|    1|   ap_memory|       v48_3_7|         array|
|v48_3_7_d0        |  out|   32|   ap_memory|       v48_3_7|         array|
|v48_3_7_q0        |   in|   32|   ap_memory|       v48_3_7|         array|
|v48_3_7_we0       |  out|    1|   ap_memory|       v48_3_7|         array|
|v48_3_7_address1  |  out|   11|   ap_memory|       v48_3_7|         array|
|v48_3_7_ce1       |  out|    1|   ap_memory|       v48_3_7|         array|
|v48_3_7_d1        |  out|   32|   ap_memory|       v48_3_7|         array|
|v48_3_7_q1        |   in|   32|   ap_memory|       v48_3_7|         array|
|v48_3_7_we1       |  out|    1|   ap_memory|       v48_3_7|         array|
|v48_3_8_address0  |  out|   11|   ap_memory|       v48_3_8|         array|
|v48_3_8_ce0       |  out|    1|   ap_memory|       v48_3_8|         array|
|v48_3_8_d0        |  out|   32|   ap_memory|       v48_3_8|         array|
|v48_3_8_q0        |   in|   32|   ap_memory|       v48_3_8|         array|
|v48_3_8_we0       |  out|    1|   ap_memory|       v48_3_8|         array|
|v48_3_8_address1  |  out|   11|   ap_memory|       v48_3_8|         array|
|v48_3_8_ce1       |  out|    1|   ap_memory|       v48_3_8|         array|
|v48_3_8_d1        |  out|   32|   ap_memory|       v48_3_8|         array|
|v48_3_8_q1        |   in|   32|   ap_memory|       v48_3_8|         array|
|v48_3_8_we1       |  out|    1|   ap_memory|       v48_3_8|         array|
|v48_3_9_address0  |  out|   11|   ap_memory|       v48_3_9|         array|
|v48_3_9_ce0       |  out|    1|   ap_memory|       v48_3_9|         array|
|v48_3_9_d0        |  out|   32|   ap_memory|       v48_3_9|         array|
|v48_3_9_q0        |   in|   32|   ap_memory|       v48_3_9|         array|
|v48_3_9_we0       |  out|    1|   ap_memory|       v48_3_9|         array|
|v48_3_9_address1  |  out|   11|   ap_memory|       v48_3_9|         array|
|v48_3_9_ce1       |  out|    1|   ap_memory|       v48_3_9|         array|
|v48_3_9_d1        |  out|   32|   ap_memory|       v48_3_9|         array|
|v48_3_9_q1        |   in|   32|   ap_memory|       v48_3_9|         array|
|v48_3_9_we1       |  out|    1|   ap_memory|       v48_3_9|         array|
|v48_4_0_address0  |  out|   11|   ap_memory|       v48_4_0|         array|
|v48_4_0_ce0       |  out|    1|   ap_memory|       v48_4_0|         array|
|v48_4_0_d0        |  out|   32|   ap_memory|       v48_4_0|         array|
|v48_4_0_q0        |   in|   32|   ap_memory|       v48_4_0|         array|
|v48_4_0_we0       |  out|    1|   ap_memory|       v48_4_0|         array|
|v48_4_0_address1  |  out|   11|   ap_memory|       v48_4_0|         array|
|v48_4_0_ce1       |  out|    1|   ap_memory|       v48_4_0|         array|
|v48_4_0_d1        |  out|   32|   ap_memory|       v48_4_0|         array|
|v48_4_0_q1        |   in|   32|   ap_memory|       v48_4_0|         array|
|v48_4_0_we1       |  out|    1|   ap_memory|       v48_4_0|         array|
|v48_4_1_address0  |  out|   11|   ap_memory|       v48_4_1|         array|
|v48_4_1_ce0       |  out|    1|   ap_memory|       v48_4_1|         array|
|v48_4_1_d0        |  out|   32|   ap_memory|       v48_4_1|         array|
|v48_4_1_q0        |   in|   32|   ap_memory|       v48_4_1|         array|
|v48_4_1_we0       |  out|    1|   ap_memory|       v48_4_1|         array|
|v48_4_1_address1  |  out|   11|   ap_memory|       v48_4_1|         array|
|v48_4_1_ce1       |  out|    1|   ap_memory|       v48_4_1|         array|
|v48_4_1_d1        |  out|   32|   ap_memory|       v48_4_1|         array|
|v48_4_1_q1        |   in|   32|   ap_memory|       v48_4_1|         array|
|v48_4_1_we1       |  out|    1|   ap_memory|       v48_4_1|         array|
|v48_4_2_address0  |  out|   11|   ap_memory|       v48_4_2|         array|
|v48_4_2_ce0       |  out|    1|   ap_memory|       v48_4_2|         array|
|v48_4_2_d0        |  out|   32|   ap_memory|       v48_4_2|         array|
|v48_4_2_q0        |   in|   32|   ap_memory|       v48_4_2|         array|
|v48_4_2_we0       |  out|    1|   ap_memory|       v48_4_2|         array|
|v48_4_2_address1  |  out|   11|   ap_memory|       v48_4_2|         array|
|v48_4_2_ce1       |  out|    1|   ap_memory|       v48_4_2|         array|
|v48_4_2_d1        |  out|   32|   ap_memory|       v48_4_2|         array|
|v48_4_2_q1        |   in|   32|   ap_memory|       v48_4_2|         array|
|v48_4_2_we1       |  out|    1|   ap_memory|       v48_4_2|         array|
|v48_4_3_address0  |  out|   11|   ap_memory|       v48_4_3|         array|
|v48_4_3_ce0       |  out|    1|   ap_memory|       v48_4_3|         array|
|v48_4_3_d0        |  out|   32|   ap_memory|       v48_4_3|         array|
|v48_4_3_q0        |   in|   32|   ap_memory|       v48_4_3|         array|
|v48_4_3_we0       |  out|    1|   ap_memory|       v48_4_3|         array|
|v48_4_3_address1  |  out|   11|   ap_memory|       v48_4_3|         array|
|v48_4_3_ce1       |  out|    1|   ap_memory|       v48_4_3|         array|
|v48_4_3_d1        |  out|   32|   ap_memory|       v48_4_3|         array|
|v48_4_3_q1        |   in|   32|   ap_memory|       v48_4_3|         array|
|v48_4_3_we1       |  out|    1|   ap_memory|       v48_4_3|         array|
|v48_4_4_address0  |  out|   11|   ap_memory|       v48_4_4|         array|
|v48_4_4_ce0       |  out|    1|   ap_memory|       v48_4_4|         array|
|v48_4_4_d0        |  out|   32|   ap_memory|       v48_4_4|         array|
|v48_4_4_q0        |   in|   32|   ap_memory|       v48_4_4|         array|
|v48_4_4_we0       |  out|    1|   ap_memory|       v48_4_4|         array|
|v48_4_4_address1  |  out|   11|   ap_memory|       v48_4_4|         array|
|v48_4_4_ce1       |  out|    1|   ap_memory|       v48_4_4|         array|
|v48_4_4_d1        |  out|   32|   ap_memory|       v48_4_4|         array|
|v48_4_4_q1        |   in|   32|   ap_memory|       v48_4_4|         array|
|v48_4_4_we1       |  out|    1|   ap_memory|       v48_4_4|         array|
|v48_4_5_address0  |  out|   11|   ap_memory|       v48_4_5|         array|
|v48_4_5_ce0       |  out|    1|   ap_memory|       v48_4_5|         array|
|v48_4_5_d0        |  out|   32|   ap_memory|       v48_4_5|         array|
|v48_4_5_q0        |   in|   32|   ap_memory|       v48_4_5|         array|
|v48_4_5_we0       |  out|    1|   ap_memory|       v48_4_5|         array|
|v48_4_5_address1  |  out|   11|   ap_memory|       v48_4_5|         array|
|v48_4_5_ce1       |  out|    1|   ap_memory|       v48_4_5|         array|
|v48_4_5_d1        |  out|   32|   ap_memory|       v48_4_5|         array|
|v48_4_5_q1        |   in|   32|   ap_memory|       v48_4_5|         array|
|v48_4_5_we1       |  out|    1|   ap_memory|       v48_4_5|         array|
|v48_4_6_address0  |  out|   11|   ap_memory|       v48_4_6|         array|
|v48_4_6_ce0       |  out|    1|   ap_memory|       v48_4_6|         array|
|v48_4_6_d0        |  out|   32|   ap_memory|       v48_4_6|         array|
|v48_4_6_q0        |   in|   32|   ap_memory|       v48_4_6|         array|
|v48_4_6_we0       |  out|    1|   ap_memory|       v48_4_6|         array|
|v48_4_6_address1  |  out|   11|   ap_memory|       v48_4_6|         array|
|v48_4_6_ce1       |  out|    1|   ap_memory|       v48_4_6|         array|
|v48_4_6_d1        |  out|   32|   ap_memory|       v48_4_6|         array|
|v48_4_6_q1        |   in|   32|   ap_memory|       v48_4_6|         array|
|v48_4_6_we1       |  out|    1|   ap_memory|       v48_4_6|         array|
|v48_4_7_address0  |  out|   11|   ap_memory|       v48_4_7|         array|
|v48_4_7_ce0       |  out|    1|   ap_memory|       v48_4_7|         array|
|v48_4_7_d0        |  out|   32|   ap_memory|       v48_4_7|         array|
|v48_4_7_q0        |   in|   32|   ap_memory|       v48_4_7|         array|
|v48_4_7_we0       |  out|    1|   ap_memory|       v48_4_7|         array|
|v48_4_7_address1  |  out|   11|   ap_memory|       v48_4_7|         array|
|v48_4_7_ce1       |  out|    1|   ap_memory|       v48_4_7|         array|
|v48_4_7_d1        |  out|   32|   ap_memory|       v48_4_7|         array|
|v48_4_7_q1        |   in|   32|   ap_memory|       v48_4_7|         array|
|v48_4_7_we1       |  out|    1|   ap_memory|       v48_4_7|         array|
|v48_4_8_address0  |  out|   11|   ap_memory|       v48_4_8|         array|
|v48_4_8_ce0       |  out|    1|   ap_memory|       v48_4_8|         array|
|v48_4_8_d0        |  out|   32|   ap_memory|       v48_4_8|         array|
|v48_4_8_q0        |   in|   32|   ap_memory|       v48_4_8|         array|
|v48_4_8_we0       |  out|    1|   ap_memory|       v48_4_8|         array|
|v48_4_8_address1  |  out|   11|   ap_memory|       v48_4_8|         array|
|v48_4_8_ce1       |  out|    1|   ap_memory|       v48_4_8|         array|
|v48_4_8_d1        |  out|   32|   ap_memory|       v48_4_8|         array|
|v48_4_8_q1        |   in|   32|   ap_memory|       v48_4_8|         array|
|v48_4_8_we1       |  out|    1|   ap_memory|       v48_4_8|         array|
|v48_4_9_address0  |  out|   11|   ap_memory|       v48_4_9|         array|
|v48_4_9_ce0       |  out|    1|   ap_memory|       v48_4_9|         array|
|v48_4_9_d0        |  out|   32|   ap_memory|       v48_4_9|         array|
|v48_4_9_q0        |   in|   32|   ap_memory|       v48_4_9|         array|
|v48_4_9_we0       |  out|    1|   ap_memory|       v48_4_9|         array|
|v48_4_9_address1  |  out|   11|   ap_memory|       v48_4_9|         array|
|v48_4_9_ce1       |  out|    1|   ap_memory|       v48_4_9|         array|
|v48_4_9_d1        |  out|   32|   ap_memory|       v48_4_9|         array|
|v48_4_9_q1        |   in|   32|   ap_memory|       v48_4_9|         array|
|v48_4_9_we1       |  out|    1|   ap_memory|       v48_4_9|         array|
|v49_0_0_address0  |  out|   11|   ap_memory|       v49_0_0|         array|
|v49_0_0_ce0       |  out|    1|   ap_memory|       v49_0_0|         array|
|v49_0_0_d0        |  out|   32|   ap_memory|       v49_0_0|         array|
|v49_0_0_q0        |   in|   32|   ap_memory|       v49_0_0|         array|
|v49_0_0_we0       |  out|    1|   ap_memory|       v49_0_0|         array|
|v49_0_0_address1  |  out|   11|   ap_memory|       v49_0_0|         array|
|v49_0_0_ce1       |  out|    1|   ap_memory|       v49_0_0|         array|
|v49_0_0_d1        |  out|   32|   ap_memory|       v49_0_0|         array|
|v49_0_0_q1        |   in|   32|   ap_memory|       v49_0_0|         array|
|v49_0_0_we1       |  out|    1|   ap_memory|       v49_0_0|         array|
|v49_0_1_address0  |  out|   11|   ap_memory|       v49_0_1|         array|
|v49_0_1_ce0       |  out|    1|   ap_memory|       v49_0_1|         array|
|v49_0_1_d0        |  out|   32|   ap_memory|       v49_0_1|         array|
|v49_0_1_q0        |   in|   32|   ap_memory|       v49_0_1|         array|
|v49_0_1_we0       |  out|    1|   ap_memory|       v49_0_1|         array|
|v49_0_1_address1  |  out|   11|   ap_memory|       v49_0_1|         array|
|v49_0_1_ce1       |  out|    1|   ap_memory|       v49_0_1|         array|
|v49_0_1_d1        |  out|   32|   ap_memory|       v49_0_1|         array|
|v49_0_1_q1        |   in|   32|   ap_memory|       v49_0_1|         array|
|v49_0_1_we1       |  out|    1|   ap_memory|       v49_0_1|         array|
|v49_0_2_address0  |  out|   11|   ap_memory|       v49_0_2|         array|
|v49_0_2_ce0       |  out|    1|   ap_memory|       v49_0_2|         array|
|v49_0_2_d0        |  out|   32|   ap_memory|       v49_0_2|         array|
|v49_0_2_q0        |   in|   32|   ap_memory|       v49_0_2|         array|
|v49_0_2_we0       |  out|    1|   ap_memory|       v49_0_2|         array|
|v49_0_2_address1  |  out|   11|   ap_memory|       v49_0_2|         array|
|v49_0_2_ce1       |  out|    1|   ap_memory|       v49_0_2|         array|
|v49_0_2_d1        |  out|   32|   ap_memory|       v49_0_2|         array|
|v49_0_2_q1        |   in|   32|   ap_memory|       v49_0_2|         array|
|v49_0_2_we1       |  out|    1|   ap_memory|       v49_0_2|         array|
|v49_0_3_address0  |  out|   11|   ap_memory|       v49_0_3|         array|
|v49_0_3_ce0       |  out|    1|   ap_memory|       v49_0_3|         array|
|v49_0_3_d0        |  out|   32|   ap_memory|       v49_0_3|         array|
|v49_0_3_q0        |   in|   32|   ap_memory|       v49_0_3|         array|
|v49_0_3_we0       |  out|    1|   ap_memory|       v49_0_3|         array|
|v49_0_3_address1  |  out|   11|   ap_memory|       v49_0_3|         array|
|v49_0_3_ce1       |  out|    1|   ap_memory|       v49_0_3|         array|
|v49_0_3_d1        |  out|   32|   ap_memory|       v49_0_3|         array|
|v49_0_3_q1        |   in|   32|   ap_memory|       v49_0_3|         array|
|v49_0_3_we1       |  out|    1|   ap_memory|       v49_0_3|         array|
|v49_0_4_address0  |  out|   11|   ap_memory|       v49_0_4|         array|
|v49_0_4_ce0       |  out|    1|   ap_memory|       v49_0_4|         array|
|v49_0_4_d0        |  out|   32|   ap_memory|       v49_0_4|         array|
|v49_0_4_q0        |   in|   32|   ap_memory|       v49_0_4|         array|
|v49_0_4_we0       |  out|    1|   ap_memory|       v49_0_4|         array|
|v49_0_4_address1  |  out|   11|   ap_memory|       v49_0_4|         array|
|v49_0_4_ce1       |  out|    1|   ap_memory|       v49_0_4|         array|
|v49_0_4_d1        |  out|   32|   ap_memory|       v49_0_4|         array|
|v49_0_4_q1        |   in|   32|   ap_memory|       v49_0_4|         array|
|v49_0_4_we1       |  out|    1|   ap_memory|       v49_0_4|         array|
|v49_0_5_address0  |  out|   11|   ap_memory|       v49_0_5|         array|
|v49_0_5_ce0       |  out|    1|   ap_memory|       v49_0_5|         array|
|v49_0_5_d0        |  out|   32|   ap_memory|       v49_0_5|         array|
|v49_0_5_q0        |   in|   32|   ap_memory|       v49_0_5|         array|
|v49_0_5_we0       |  out|    1|   ap_memory|       v49_0_5|         array|
|v49_0_5_address1  |  out|   11|   ap_memory|       v49_0_5|         array|
|v49_0_5_ce1       |  out|    1|   ap_memory|       v49_0_5|         array|
|v49_0_5_d1        |  out|   32|   ap_memory|       v49_0_5|         array|
|v49_0_5_q1        |   in|   32|   ap_memory|       v49_0_5|         array|
|v49_0_5_we1       |  out|    1|   ap_memory|       v49_0_5|         array|
|v49_0_6_address0  |  out|   11|   ap_memory|       v49_0_6|         array|
|v49_0_6_ce0       |  out|    1|   ap_memory|       v49_0_6|         array|
|v49_0_6_d0        |  out|   32|   ap_memory|       v49_0_6|         array|
|v49_0_6_q0        |   in|   32|   ap_memory|       v49_0_6|         array|
|v49_0_6_we0       |  out|    1|   ap_memory|       v49_0_6|         array|
|v49_0_6_address1  |  out|   11|   ap_memory|       v49_0_6|         array|
|v49_0_6_ce1       |  out|    1|   ap_memory|       v49_0_6|         array|
|v49_0_6_d1        |  out|   32|   ap_memory|       v49_0_6|         array|
|v49_0_6_q1        |   in|   32|   ap_memory|       v49_0_6|         array|
|v49_0_6_we1       |  out|    1|   ap_memory|       v49_0_6|         array|
|v49_0_7_address0  |  out|   11|   ap_memory|       v49_0_7|         array|
|v49_0_7_ce0       |  out|    1|   ap_memory|       v49_0_7|         array|
|v49_0_7_d0        |  out|   32|   ap_memory|       v49_0_7|         array|
|v49_0_7_q0        |   in|   32|   ap_memory|       v49_0_7|         array|
|v49_0_7_we0       |  out|    1|   ap_memory|       v49_0_7|         array|
|v49_0_7_address1  |  out|   11|   ap_memory|       v49_0_7|         array|
|v49_0_7_ce1       |  out|    1|   ap_memory|       v49_0_7|         array|
|v49_0_7_d1        |  out|   32|   ap_memory|       v49_0_7|         array|
|v49_0_7_q1        |   in|   32|   ap_memory|       v49_0_7|         array|
|v49_0_7_we1       |  out|    1|   ap_memory|       v49_0_7|         array|
|v49_0_8_address0  |  out|   11|   ap_memory|       v49_0_8|         array|
|v49_0_8_ce0       |  out|    1|   ap_memory|       v49_0_8|         array|
|v49_0_8_d0        |  out|   32|   ap_memory|       v49_0_8|         array|
|v49_0_8_q0        |   in|   32|   ap_memory|       v49_0_8|         array|
|v49_0_8_we0       |  out|    1|   ap_memory|       v49_0_8|         array|
|v49_0_8_address1  |  out|   11|   ap_memory|       v49_0_8|         array|
|v49_0_8_ce1       |  out|    1|   ap_memory|       v49_0_8|         array|
|v49_0_8_d1        |  out|   32|   ap_memory|       v49_0_8|         array|
|v49_0_8_q1        |   in|   32|   ap_memory|       v49_0_8|         array|
|v49_0_8_we1       |  out|    1|   ap_memory|       v49_0_8|         array|
|v49_0_9_address0  |  out|   11|   ap_memory|       v49_0_9|         array|
|v49_0_9_ce0       |  out|    1|   ap_memory|       v49_0_9|         array|
|v49_0_9_d0        |  out|   32|   ap_memory|       v49_0_9|         array|
|v49_0_9_q0        |   in|   32|   ap_memory|       v49_0_9|         array|
|v49_0_9_we0       |  out|    1|   ap_memory|       v49_0_9|         array|
|v49_0_9_address1  |  out|   11|   ap_memory|       v49_0_9|         array|
|v49_0_9_ce1       |  out|    1|   ap_memory|       v49_0_9|         array|
|v49_0_9_d1        |  out|   32|   ap_memory|       v49_0_9|         array|
|v49_0_9_q1        |   in|   32|   ap_memory|       v49_0_9|         array|
|v49_0_9_we1       |  out|    1|   ap_memory|       v49_0_9|         array|
|v49_1_0_address0  |  out|   11|   ap_memory|       v49_1_0|         array|
|v49_1_0_ce0       |  out|    1|   ap_memory|       v49_1_0|         array|
|v49_1_0_d0        |  out|   32|   ap_memory|       v49_1_0|         array|
|v49_1_0_q0        |   in|   32|   ap_memory|       v49_1_0|         array|
|v49_1_0_we0       |  out|    1|   ap_memory|       v49_1_0|         array|
|v49_1_0_address1  |  out|   11|   ap_memory|       v49_1_0|         array|
|v49_1_0_ce1       |  out|    1|   ap_memory|       v49_1_0|         array|
|v49_1_0_d1        |  out|   32|   ap_memory|       v49_1_0|         array|
|v49_1_0_q1        |   in|   32|   ap_memory|       v49_1_0|         array|
|v49_1_0_we1       |  out|    1|   ap_memory|       v49_1_0|         array|
|v49_1_1_address0  |  out|   11|   ap_memory|       v49_1_1|         array|
|v49_1_1_ce0       |  out|    1|   ap_memory|       v49_1_1|         array|
|v49_1_1_d0        |  out|   32|   ap_memory|       v49_1_1|         array|
|v49_1_1_q0        |   in|   32|   ap_memory|       v49_1_1|         array|
|v49_1_1_we0       |  out|    1|   ap_memory|       v49_1_1|         array|
|v49_1_1_address1  |  out|   11|   ap_memory|       v49_1_1|         array|
|v49_1_1_ce1       |  out|    1|   ap_memory|       v49_1_1|         array|
|v49_1_1_d1        |  out|   32|   ap_memory|       v49_1_1|         array|
|v49_1_1_q1        |   in|   32|   ap_memory|       v49_1_1|         array|
|v49_1_1_we1       |  out|    1|   ap_memory|       v49_1_1|         array|
|v49_1_2_address0  |  out|   11|   ap_memory|       v49_1_2|         array|
|v49_1_2_ce0       |  out|    1|   ap_memory|       v49_1_2|         array|
|v49_1_2_d0        |  out|   32|   ap_memory|       v49_1_2|         array|
|v49_1_2_q0        |   in|   32|   ap_memory|       v49_1_2|         array|
|v49_1_2_we0       |  out|    1|   ap_memory|       v49_1_2|         array|
|v49_1_2_address1  |  out|   11|   ap_memory|       v49_1_2|         array|
|v49_1_2_ce1       |  out|    1|   ap_memory|       v49_1_2|         array|
|v49_1_2_d1        |  out|   32|   ap_memory|       v49_1_2|         array|
|v49_1_2_q1        |   in|   32|   ap_memory|       v49_1_2|         array|
|v49_1_2_we1       |  out|    1|   ap_memory|       v49_1_2|         array|
|v49_1_3_address0  |  out|   11|   ap_memory|       v49_1_3|         array|
|v49_1_3_ce0       |  out|    1|   ap_memory|       v49_1_3|         array|
|v49_1_3_d0        |  out|   32|   ap_memory|       v49_1_3|         array|
|v49_1_3_q0        |   in|   32|   ap_memory|       v49_1_3|         array|
|v49_1_3_we0       |  out|    1|   ap_memory|       v49_1_3|         array|
|v49_1_3_address1  |  out|   11|   ap_memory|       v49_1_3|         array|
|v49_1_3_ce1       |  out|    1|   ap_memory|       v49_1_3|         array|
|v49_1_3_d1        |  out|   32|   ap_memory|       v49_1_3|         array|
|v49_1_3_q1        |   in|   32|   ap_memory|       v49_1_3|         array|
|v49_1_3_we1       |  out|    1|   ap_memory|       v49_1_3|         array|
|v49_1_4_address0  |  out|   11|   ap_memory|       v49_1_4|         array|
|v49_1_4_ce0       |  out|    1|   ap_memory|       v49_1_4|         array|
|v49_1_4_d0        |  out|   32|   ap_memory|       v49_1_4|         array|
|v49_1_4_q0        |   in|   32|   ap_memory|       v49_1_4|         array|
|v49_1_4_we0       |  out|    1|   ap_memory|       v49_1_4|         array|
|v49_1_4_address1  |  out|   11|   ap_memory|       v49_1_4|         array|
|v49_1_4_ce1       |  out|    1|   ap_memory|       v49_1_4|         array|
|v49_1_4_d1        |  out|   32|   ap_memory|       v49_1_4|         array|
|v49_1_4_q1        |   in|   32|   ap_memory|       v49_1_4|         array|
|v49_1_4_we1       |  out|    1|   ap_memory|       v49_1_4|         array|
|v49_1_5_address0  |  out|   11|   ap_memory|       v49_1_5|         array|
|v49_1_5_ce0       |  out|    1|   ap_memory|       v49_1_5|         array|
|v49_1_5_d0        |  out|   32|   ap_memory|       v49_1_5|         array|
|v49_1_5_q0        |   in|   32|   ap_memory|       v49_1_5|         array|
|v49_1_5_we0       |  out|    1|   ap_memory|       v49_1_5|         array|
|v49_1_5_address1  |  out|   11|   ap_memory|       v49_1_5|         array|
|v49_1_5_ce1       |  out|    1|   ap_memory|       v49_1_5|         array|
|v49_1_5_d1        |  out|   32|   ap_memory|       v49_1_5|         array|
|v49_1_5_q1        |   in|   32|   ap_memory|       v49_1_5|         array|
|v49_1_5_we1       |  out|    1|   ap_memory|       v49_1_5|         array|
|v49_1_6_address0  |  out|   11|   ap_memory|       v49_1_6|         array|
|v49_1_6_ce0       |  out|    1|   ap_memory|       v49_1_6|         array|
|v49_1_6_d0        |  out|   32|   ap_memory|       v49_1_6|         array|
|v49_1_6_q0        |   in|   32|   ap_memory|       v49_1_6|         array|
|v49_1_6_we0       |  out|    1|   ap_memory|       v49_1_6|         array|
|v49_1_6_address1  |  out|   11|   ap_memory|       v49_1_6|         array|
|v49_1_6_ce1       |  out|    1|   ap_memory|       v49_1_6|         array|
|v49_1_6_d1        |  out|   32|   ap_memory|       v49_1_6|         array|
|v49_1_6_q1        |   in|   32|   ap_memory|       v49_1_6|         array|
|v49_1_6_we1       |  out|    1|   ap_memory|       v49_1_6|         array|
|v49_1_7_address0  |  out|   11|   ap_memory|       v49_1_7|         array|
|v49_1_7_ce0       |  out|    1|   ap_memory|       v49_1_7|         array|
|v49_1_7_d0        |  out|   32|   ap_memory|       v49_1_7|         array|
|v49_1_7_q0        |   in|   32|   ap_memory|       v49_1_7|         array|
|v49_1_7_we0       |  out|    1|   ap_memory|       v49_1_7|         array|
|v49_1_7_address1  |  out|   11|   ap_memory|       v49_1_7|         array|
|v49_1_7_ce1       |  out|    1|   ap_memory|       v49_1_7|         array|
|v49_1_7_d1        |  out|   32|   ap_memory|       v49_1_7|         array|
|v49_1_7_q1        |   in|   32|   ap_memory|       v49_1_7|         array|
|v49_1_7_we1       |  out|    1|   ap_memory|       v49_1_7|         array|
|v49_1_8_address0  |  out|   11|   ap_memory|       v49_1_8|         array|
|v49_1_8_ce0       |  out|    1|   ap_memory|       v49_1_8|         array|
|v49_1_8_d0        |  out|   32|   ap_memory|       v49_1_8|         array|
|v49_1_8_q0        |   in|   32|   ap_memory|       v49_1_8|         array|
|v49_1_8_we0       |  out|    1|   ap_memory|       v49_1_8|         array|
|v49_1_8_address1  |  out|   11|   ap_memory|       v49_1_8|         array|
|v49_1_8_ce1       |  out|    1|   ap_memory|       v49_1_8|         array|
|v49_1_8_d1        |  out|   32|   ap_memory|       v49_1_8|         array|
|v49_1_8_q1        |   in|   32|   ap_memory|       v49_1_8|         array|
|v49_1_8_we1       |  out|    1|   ap_memory|       v49_1_8|         array|
|v49_1_9_address0  |  out|   11|   ap_memory|       v49_1_9|         array|
|v49_1_9_ce0       |  out|    1|   ap_memory|       v49_1_9|         array|
|v49_1_9_d0        |  out|   32|   ap_memory|       v49_1_9|         array|
|v49_1_9_q0        |   in|   32|   ap_memory|       v49_1_9|         array|
|v49_1_9_we0       |  out|    1|   ap_memory|       v49_1_9|         array|
|v49_1_9_address1  |  out|   11|   ap_memory|       v49_1_9|         array|
|v49_1_9_ce1       |  out|    1|   ap_memory|       v49_1_9|         array|
|v49_1_9_d1        |  out|   32|   ap_memory|       v49_1_9|         array|
|v49_1_9_q1        |   in|   32|   ap_memory|       v49_1_9|         array|
|v49_1_9_we1       |  out|    1|   ap_memory|       v49_1_9|         array|
|v49_2_0_address0  |  out|   11|   ap_memory|       v49_2_0|         array|
|v49_2_0_ce0       |  out|    1|   ap_memory|       v49_2_0|         array|
|v49_2_0_d0        |  out|   32|   ap_memory|       v49_2_0|         array|
|v49_2_0_q0        |   in|   32|   ap_memory|       v49_2_0|         array|
|v49_2_0_we0       |  out|    1|   ap_memory|       v49_2_0|         array|
|v49_2_0_address1  |  out|   11|   ap_memory|       v49_2_0|         array|
|v49_2_0_ce1       |  out|    1|   ap_memory|       v49_2_0|         array|
|v49_2_0_d1        |  out|   32|   ap_memory|       v49_2_0|         array|
|v49_2_0_q1        |   in|   32|   ap_memory|       v49_2_0|         array|
|v49_2_0_we1       |  out|    1|   ap_memory|       v49_2_0|         array|
|v49_2_1_address0  |  out|   11|   ap_memory|       v49_2_1|         array|
|v49_2_1_ce0       |  out|    1|   ap_memory|       v49_2_1|         array|
|v49_2_1_d0        |  out|   32|   ap_memory|       v49_2_1|         array|
|v49_2_1_q0        |   in|   32|   ap_memory|       v49_2_1|         array|
|v49_2_1_we0       |  out|    1|   ap_memory|       v49_2_1|         array|
|v49_2_1_address1  |  out|   11|   ap_memory|       v49_2_1|         array|
|v49_2_1_ce1       |  out|    1|   ap_memory|       v49_2_1|         array|
|v49_2_1_d1        |  out|   32|   ap_memory|       v49_2_1|         array|
|v49_2_1_q1        |   in|   32|   ap_memory|       v49_2_1|         array|
|v49_2_1_we1       |  out|    1|   ap_memory|       v49_2_1|         array|
|v49_2_2_address0  |  out|   11|   ap_memory|       v49_2_2|         array|
|v49_2_2_ce0       |  out|    1|   ap_memory|       v49_2_2|         array|
|v49_2_2_d0        |  out|   32|   ap_memory|       v49_2_2|         array|
|v49_2_2_q0        |   in|   32|   ap_memory|       v49_2_2|         array|
|v49_2_2_we0       |  out|    1|   ap_memory|       v49_2_2|         array|
|v49_2_2_address1  |  out|   11|   ap_memory|       v49_2_2|         array|
|v49_2_2_ce1       |  out|    1|   ap_memory|       v49_2_2|         array|
|v49_2_2_d1        |  out|   32|   ap_memory|       v49_2_2|         array|
|v49_2_2_q1        |   in|   32|   ap_memory|       v49_2_2|         array|
|v49_2_2_we1       |  out|    1|   ap_memory|       v49_2_2|         array|
|v49_2_3_address0  |  out|   11|   ap_memory|       v49_2_3|         array|
|v49_2_3_ce0       |  out|    1|   ap_memory|       v49_2_3|         array|
|v49_2_3_d0        |  out|   32|   ap_memory|       v49_2_3|         array|
|v49_2_3_q0        |   in|   32|   ap_memory|       v49_2_3|         array|
|v49_2_3_we0       |  out|    1|   ap_memory|       v49_2_3|         array|
|v49_2_3_address1  |  out|   11|   ap_memory|       v49_2_3|         array|
|v49_2_3_ce1       |  out|    1|   ap_memory|       v49_2_3|         array|
|v49_2_3_d1        |  out|   32|   ap_memory|       v49_2_3|         array|
|v49_2_3_q1        |   in|   32|   ap_memory|       v49_2_3|         array|
|v49_2_3_we1       |  out|    1|   ap_memory|       v49_2_3|         array|
|v49_2_4_address0  |  out|   11|   ap_memory|       v49_2_4|         array|
|v49_2_4_ce0       |  out|    1|   ap_memory|       v49_2_4|         array|
|v49_2_4_d0        |  out|   32|   ap_memory|       v49_2_4|         array|
|v49_2_4_q0        |   in|   32|   ap_memory|       v49_2_4|         array|
|v49_2_4_we0       |  out|    1|   ap_memory|       v49_2_4|         array|
|v49_2_4_address1  |  out|   11|   ap_memory|       v49_2_4|         array|
|v49_2_4_ce1       |  out|    1|   ap_memory|       v49_2_4|         array|
|v49_2_4_d1        |  out|   32|   ap_memory|       v49_2_4|         array|
|v49_2_4_q1        |   in|   32|   ap_memory|       v49_2_4|         array|
|v49_2_4_we1       |  out|    1|   ap_memory|       v49_2_4|         array|
|v49_2_5_address0  |  out|   11|   ap_memory|       v49_2_5|         array|
|v49_2_5_ce0       |  out|    1|   ap_memory|       v49_2_5|         array|
|v49_2_5_d0        |  out|   32|   ap_memory|       v49_2_5|         array|
|v49_2_5_q0        |   in|   32|   ap_memory|       v49_2_5|         array|
|v49_2_5_we0       |  out|    1|   ap_memory|       v49_2_5|         array|
|v49_2_5_address1  |  out|   11|   ap_memory|       v49_2_5|         array|
|v49_2_5_ce1       |  out|    1|   ap_memory|       v49_2_5|         array|
|v49_2_5_d1        |  out|   32|   ap_memory|       v49_2_5|         array|
|v49_2_5_q1        |   in|   32|   ap_memory|       v49_2_5|         array|
|v49_2_5_we1       |  out|    1|   ap_memory|       v49_2_5|         array|
|v49_2_6_address0  |  out|   11|   ap_memory|       v49_2_6|         array|
|v49_2_6_ce0       |  out|    1|   ap_memory|       v49_2_6|         array|
|v49_2_6_d0        |  out|   32|   ap_memory|       v49_2_6|         array|
|v49_2_6_q0        |   in|   32|   ap_memory|       v49_2_6|         array|
|v49_2_6_we0       |  out|    1|   ap_memory|       v49_2_6|         array|
|v49_2_6_address1  |  out|   11|   ap_memory|       v49_2_6|         array|
|v49_2_6_ce1       |  out|    1|   ap_memory|       v49_2_6|         array|
|v49_2_6_d1        |  out|   32|   ap_memory|       v49_2_6|         array|
|v49_2_6_q1        |   in|   32|   ap_memory|       v49_2_6|         array|
|v49_2_6_we1       |  out|    1|   ap_memory|       v49_2_6|         array|
|v49_2_7_address0  |  out|   11|   ap_memory|       v49_2_7|         array|
|v49_2_7_ce0       |  out|    1|   ap_memory|       v49_2_7|         array|
|v49_2_7_d0        |  out|   32|   ap_memory|       v49_2_7|         array|
|v49_2_7_q0        |   in|   32|   ap_memory|       v49_2_7|         array|
|v49_2_7_we0       |  out|    1|   ap_memory|       v49_2_7|         array|
|v49_2_7_address1  |  out|   11|   ap_memory|       v49_2_7|         array|
|v49_2_7_ce1       |  out|    1|   ap_memory|       v49_2_7|         array|
|v49_2_7_d1        |  out|   32|   ap_memory|       v49_2_7|         array|
|v49_2_7_q1        |   in|   32|   ap_memory|       v49_2_7|         array|
|v49_2_7_we1       |  out|    1|   ap_memory|       v49_2_7|         array|
|v49_2_8_address0  |  out|   11|   ap_memory|       v49_2_8|         array|
|v49_2_8_ce0       |  out|    1|   ap_memory|       v49_2_8|         array|
|v49_2_8_d0        |  out|   32|   ap_memory|       v49_2_8|         array|
|v49_2_8_q0        |   in|   32|   ap_memory|       v49_2_8|         array|
|v49_2_8_we0       |  out|    1|   ap_memory|       v49_2_8|         array|
|v49_2_8_address1  |  out|   11|   ap_memory|       v49_2_8|         array|
|v49_2_8_ce1       |  out|    1|   ap_memory|       v49_2_8|         array|
|v49_2_8_d1        |  out|   32|   ap_memory|       v49_2_8|         array|
|v49_2_8_q1        |   in|   32|   ap_memory|       v49_2_8|         array|
|v49_2_8_we1       |  out|    1|   ap_memory|       v49_2_8|         array|
|v49_2_9_address0  |  out|   11|   ap_memory|       v49_2_9|         array|
|v49_2_9_ce0       |  out|    1|   ap_memory|       v49_2_9|         array|
|v49_2_9_d0        |  out|   32|   ap_memory|       v49_2_9|         array|
|v49_2_9_q0        |   in|   32|   ap_memory|       v49_2_9|         array|
|v49_2_9_we0       |  out|    1|   ap_memory|       v49_2_9|         array|
|v49_2_9_address1  |  out|   11|   ap_memory|       v49_2_9|         array|
|v49_2_9_ce1       |  out|    1|   ap_memory|       v49_2_9|         array|
|v49_2_9_d1        |  out|   32|   ap_memory|       v49_2_9|         array|
|v49_2_9_q1        |   in|   32|   ap_memory|       v49_2_9|         array|
|v49_2_9_we1       |  out|    1|   ap_memory|       v49_2_9|         array|
|v49_3_0_address0  |  out|   11|   ap_memory|       v49_3_0|         array|
|v49_3_0_ce0       |  out|    1|   ap_memory|       v49_3_0|         array|
|v49_3_0_d0        |  out|   32|   ap_memory|       v49_3_0|         array|
|v49_3_0_q0        |   in|   32|   ap_memory|       v49_3_0|         array|
|v49_3_0_we0       |  out|    1|   ap_memory|       v49_3_0|         array|
|v49_3_0_address1  |  out|   11|   ap_memory|       v49_3_0|         array|
|v49_3_0_ce1       |  out|    1|   ap_memory|       v49_3_0|         array|
|v49_3_0_d1        |  out|   32|   ap_memory|       v49_3_0|         array|
|v49_3_0_q1        |   in|   32|   ap_memory|       v49_3_0|         array|
|v49_3_0_we1       |  out|    1|   ap_memory|       v49_3_0|         array|
|v49_3_1_address0  |  out|   11|   ap_memory|       v49_3_1|         array|
|v49_3_1_ce0       |  out|    1|   ap_memory|       v49_3_1|         array|
|v49_3_1_d0        |  out|   32|   ap_memory|       v49_3_1|         array|
|v49_3_1_q0        |   in|   32|   ap_memory|       v49_3_1|         array|
|v49_3_1_we0       |  out|    1|   ap_memory|       v49_3_1|         array|
|v49_3_1_address1  |  out|   11|   ap_memory|       v49_3_1|         array|
|v49_3_1_ce1       |  out|    1|   ap_memory|       v49_3_1|         array|
|v49_3_1_d1        |  out|   32|   ap_memory|       v49_3_1|         array|
|v49_3_1_q1        |   in|   32|   ap_memory|       v49_3_1|         array|
|v49_3_1_we1       |  out|    1|   ap_memory|       v49_3_1|         array|
|v49_3_2_address0  |  out|   11|   ap_memory|       v49_3_2|         array|
|v49_3_2_ce0       |  out|    1|   ap_memory|       v49_3_2|         array|
|v49_3_2_d0        |  out|   32|   ap_memory|       v49_3_2|         array|
|v49_3_2_q0        |   in|   32|   ap_memory|       v49_3_2|         array|
|v49_3_2_we0       |  out|    1|   ap_memory|       v49_3_2|         array|
|v49_3_2_address1  |  out|   11|   ap_memory|       v49_3_2|         array|
|v49_3_2_ce1       |  out|    1|   ap_memory|       v49_3_2|         array|
|v49_3_2_d1        |  out|   32|   ap_memory|       v49_3_2|         array|
|v49_3_2_q1        |   in|   32|   ap_memory|       v49_3_2|         array|
|v49_3_2_we1       |  out|    1|   ap_memory|       v49_3_2|         array|
|v49_3_3_address0  |  out|   11|   ap_memory|       v49_3_3|         array|
|v49_3_3_ce0       |  out|    1|   ap_memory|       v49_3_3|         array|
|v49_3_3_d0        |  out|   32|   ap_memory|       v49_3_3|         array|
|v49_3_3_q0        |   in|   32|   ap_memory|       v49_3_3|         array|
|v49_3_3_we0       |  out|    1|   ap_memory|       v49_3_3|         array|
|v49_3_3_address1  |  out|   11|   ap_memory|       v49_3_3|         array|
|v49_3_3_ce1       |  out|    1|   ap_memory|       v49_3_3|         array|
|v49_3_3_d1        |  out|   32|   ap_memory|       v49_3_3|         array|
|v49_3_3_q1        |   in|   32|   ap_memory|       v49_3_3|         array|
|v49_3_3_we1       |  out|    1|   ap_memory|       v49_3_3|         array|
|v49_3_4_address0  |  out|   11|   ap_memory|       v49_3_4|         array|
|v49_3_4_ce0       |  out|    1|   ap_memory|       v49_3_4|         array|
|v49_3_4_d0        |  out|   32|   ap_memory|       v49_3_4|         array|
|v49_3_4_q0        |   in|   32|   ap_memory|       v49_3_4|         array|
|v49_3_4_we0       |  out|    1|   ap_memory|       v49_3_4|         array|
|v49_3_4_address1  |  out|   11|   ap_memory|       v49_3_4|         array|
|v49_3_4_ce1       |  out|    1|   ap_memory|       v49_3_4|         array|
|v49_3_4_d1        |  out|   32|   ap_memory|       v49_3_4|         array|
|v49_3_4_q1        |   in|   32|   ap_memory|       v49_3_4|         array|
|v49_3_4_we1       |  out|    1|   ap_memory|       v49_3_4|         array|
|v49_3_5_address0  |  out|   11|   ap_memory|       v49_3_5|         array|
|v49_3_5_ce0       |  out|    1|   ap_memory|       v49_3_5|         array|
|v49_3_5_d0        |  out|   32|   ap_memory|       v49_3_5|         array|
|v49_3_5_q0        |   in|   32|   ap_memory|       v49_3_5|         array|
|v49_3_5_we0       |  out|    1|   ap_memory|       v49_3_5|         array|
|v49_3_5_address1  |  out|   11|   ap_memory|       v49_3_5|         array|
|v49_3_5_ce1       |  out|    1|   ap_memory|       v49_3_5|         array|
|v49_3_5_d1        |  out|   32|   ap_memory|       v49_3_5|         array|
|v49_3_5_q1        |   in|   32|   ap_memory|       v49_3_5|         array|
|v49_3_5_we1       |  out|    1|   ap_memory|       v49_3_5|         array|
|v49_3_6_address0  |  out|   11|   ap_memory|       v49_3_6|         array|
|v49_3_6_ce0       |  out|    1|   ap_memory|       v49_3_6|         array|
|v49_3_6_d0        |  out|   32|   ap_memory|       v49_3_6|         array|
|v49_3_6_q0        |   in|   32|   ap_memory|       v49_3_6|         array|
|v49_3_6_we0       |  out|    1|   ap_memory|       v49_3_6|         array|
|v49_3_6_address1  |  out|   11|   ap_memory|       v49_3_6|         array|
|v49_3_6_ce1       |  out|    1|   ap_memory|       v49_3_6|         array|
|v49_3_6_d1        |  out|   32|   ap_memory|       v49_3_6|         array|
|v49_3_6_q1        |   in|   32|   ap_memory|       v49_3_6|         array|
|v49_3_6_we1       |  out|    1|   ap_memory|       v49_3_6|         array|
|v49_3_7_address0  |  out|   11|   ap_memory|       v49_3_7|         array|
|v49_3_7_ce0       |  out|    1|   ap_memory|       v49_3_7|         array|
|v49_3_7_d0        |  out|   32|   ap_memory|       v49_3_7|         array|
|v49_3_7_q0        |   in|   32|   ap_memory|       v49_3_7|         array|
|v49_3_7_we0       |  out|    1|   ap_memory|       v49_3_7|         array|
|v49_3_7_address1  |  out|   11|   ap_memory|       v49_3_7|         array|
|v49_3_7_ce1       |  out|    1|   ap_memory|       v49_3_7|         array|
|v49_3_7_d1        |  out|   32|   ap_memory|       v49_3_7|         array|
|v49_3_7_q1        |   in|   32|   ap_memory|       v49_3_7|         array|
|v49_3_7_we1       |  out|    1|   ap_memory|       v49_3_7|         array|
|v49_3_8_address0  |  out|   11|   ap_memory|       v49_3_8|         array|
|v49_3_8_ce0       |  out|    1|   ap_memory|       v49_3_8|         array|
|v49_3_8_d0        |  out|   32|   ap_memory|       v49_3_8|         array|
|v49_3_8_q0        |   in|   32|   ap_memory|       v49_3_8|         array|
|v49_3_8_we0       |  out|    1|   ap_memory|       v49_3_8|         array|
|v49_3_8_address1  |  out|   11|   ap_memory|       v49_3_8|         array|
|v49_3_8_ce1       |  out|    1|   ap_memory|       v49_3_8|         array|
|v49_3_8_d1        |  out|   32|   ap_memory|       v49_3_8|         array|
|v49_3_8_q1        |   in|   32|   ap_memory|       v49_3_8|         array|
|v49_3_8_we1       |  out|    1|   ap_memory|       v49_3_8|         array|
|v49_3_9_address0  |  out|   11|   ap_memory|       v49_3_9|         array|
|v49_3_9_ce0       |  out|    1|   ap_memory|       v49_3_9|         array|
|v49_3_9_d0        |  out|   32|   ap_memory|       v49_3_9|         array|
|v49_3_9_q0        |   in|   32|   ap_memory|       v49_3_9|         array|
|v49_3_9_we0       |  out|    1|   ap_memory|       v49_3_9|         array|
|v49_3_9_address1  |  out|   11|   ap_memory|       v49_3_9|         array|
|v49_3_9_ce1       |  out|    1|   ap_memory|       v49_3_9|         array|
|v49_3_9_d1        |  out|   32|   ap_memory|       v49_3_9|         array|
|v49_3_9_q1        |   in|   32|   ap_memory|       v49_3_9|         array|
|v49_3_9_we1       |  out|    1|   ap_memory|       v49_3_9|         array|
|v49_4_0_address0  |  out|   11|   ap_memory|       v49_4_0|         array|
|v49_4_0_ce0       |  out|    1|   ap_memory|       v49_4_0|         array|
|v49_4_0_d0        |  out|   32|   ap_memory|       v49_4_0|         array|
|v49_4_0_q0        |   in|   32|   ap_memory|       v49_4_0|         array|
|v49_4_0_we0       |  out|    1|   ap_memory|       v49_4_0|         array|
|v49_4_0_address1  |  out|   11|   ap_memory|       v49_4_0|         array|
|v49_4_0_ce1       |  out|    1|   ap_memory|       v49_4_0|         array|
|v49_4_0_d1        |  out|   32|   ap_memory|       v49_4_0|         array|
|v49_4_0_q1        |   in|   32|   ap_memory|       v49_4_0|         array|
|v49_4_0_we1       |  out|    1|   ap_memory|       v49_4_0|         array|
|v49_4_1_address0  |  out|   11|   ap_memory|       v49_4_1|         array|
|v49_4_1_ce0       |  out|    1|   ap_memory|       v49_4_1|         array|
|v49_4_1_d0        |  out|   32|   ap_memory|       v49_4_1|         array|
|v49_4_1_q0        |   in|   32|   ap_memory|       v49_4_1|         array|
|v49_4_1_we0       |  out|    1|   ap_memory|       v49_4_1|         array|
|v49_4_1_address1  |  out|   11|   ap_memory|       v49_4_1|         array|
|v49_4_1_ce1       |  out|    1|   ap_memory|       v49_4_1|         array|
|v49_4_1_d1        |  out|   32|   ap_memory|       v49_4_1|         array|
|v49_4_1_q1        |   in|   32|   ap_memory|       v49_4_1|         array|
|v49_4_1_we1       |  out|    1|   ap_memory|       v49_4_1|         array|
|v49_4_2_address0  |  out|   11|   ap_memory|       v49_4_2|         array|
|v49_4_2_ce0       |  out|    1|   ap_memory|       v49_4_2|         array|
|v49_4_2_d0        |  out|   32|   ap_memory|       v49_4_2|         array|
|v49_4_2_q0        |   in|   32|   ap_memory|       v49_4_2|         array|
|v49_4_2_we0       |  out|    1|   ap_memory|       v49_4_2|         array|
|v49_4_2_address1  |  out|   11|   ap_memory|       v49_4_2|         array|
|v49_4_2_ce1       |  out|    1|   ap_memory|       v49_4_2|         array|
|v49_4_2_d1        |  out|   32|   ap_memory|       v49_4_2|         array|
|v49_4_2_q1        |   in|   32|   ap_memory|       v49_4_2|         array|
|v49_4_2_we1       |  out|    1|   ap_memory|       v49_4_2|         array|
|v49_4_3_address0  |  out|   11|   ap_memory|       v49_4_3|         array|
|v49_4_3_ce0       |  out|    1|   ap_memory|       v49_4_3|         array|
|v49_4_3_d0        |  out|   32|   ap_memory|       v49_4_3|         array|
|v49_4_3_q0        |   in|   32|   ap_memory|       v49_4_3|         array|
|v49_4_3_we0       |  out|    1|   ap_memory|       v49_4_3|         array|
|v49_4_3_address1  |  out|   11|   ap_memory|       v49_4_3|         array|
|v49_4_3_ce1       |  out|    1|   ap_memory|       v49_4_3|         array|
|v49_4_3_d1        |  out|   32|   ap_memory|       v49_4_3|         array|
|v49_4_3_q1        |   in|   32|   ap_memory|       v49_4_3|         array|
|v49_4_3_we1       |  out|    1|   ap_memory|       v49_4_3|         array|
|v49_4_4_address0  |  out|   11|   ap_memory|       v49_4_4|         array|
|v49_4_4_ce0       |  out|    1|   ap_memory|       v49_4_4|         array|
|v49_4_4_d0        |  out|   32|   ap_memory|       v49_4_4|         array|
|v49_4_4_q0        |   in|   32|   ap_memory|       v49_4_4|         array|
|v49_4_4_we0       |  out|    1|   ap_memory|       v49_4_4|         array|
|v49_4_4_address1  |  out|   11|   ap_memory|       v49_4_4|         array|
|v49_4_4_ce1       |  out|    1|   ap_memory|       v49_4_4|         array|
|v49_4_4_d1        |  out|   32|   ap_memory|       v49_4_4|         array|
|v49_4_4_q1        |   in|   32|   ap_memory|       v49_4_4|         array|
|v49_4_4_we1       |  out|    1|   ap_memory|       v49_4_4|         array|
|v49_4_5_address0  |  out|   11|   ap_memory|       v49_4_5|         array|
|v49_4_5_ce0       |  out|    1|   ap_memory|       v49_4_5|         array|
|v49_4_5_d0        |  out|   32|   ap_memory|       v49_4_5|         array|
|v49_4_5_q0        |   in|   32|   ap_memory|       v49_4_5|         array|
|v49_4_5_we0       |  out|    1|   ap_memory|       v49_4_5|         array|
|v49_4_5_address1  |  out|   11|   ap_memory|       v49_4_5|         array|
|v49_4_5_ce1       |  out|    1|   ap_memory|       v49_4_5|         array|
|v49_4_5_d1        |  out|   32|   ap_memory|       v49_4_5|         array|
|v49_4_5_q1        |   in|   32|   ap_memory|       v49_4_5|         array|
|v49_4_5_we1       |  out|    1|   ap_memory|       v49_4_5|         array|
|v49_4_6_address0  |  out|   11|   ap_memory|       v49_4_6|         array|
|v49_4_6_ce0       |  out|    1|   ap_memory|       v49_4_6|         array|
|v49_4_6_d0        |  out|   32|   ap_memory|       v49_4_6|         array|
|v49_4_6_q0        |   in|   32|   ap_memory|       v49_4_6|         array|
|v49_4_6_we0       |  out|    1|   ap_memory|       v49_4_6|         array|
|v49_4_6_address1  |  out|   11|   ap_memory|       v49_4_6|         array|
|v49_4_6_ce1       |  out|    1|   ap_memory|       v49_4_6|         array|
|v49_4_6_d1        |  out|   32|   ap_memory|       v49_4_6|         array|
|v49_4_6_q1        |   in|   32|   ap_memory|       v49_4_6|         array|
|v49_4_6_we1       |  out|    1|   ap_memory|       v49_4_6|         array|
|v49_4_7_address0  |  out|   11|   ap_memory|       v49_4_7|         array|
|v49_4_7_ce0       |  out|    1|   ap_memory|       v49_4_7|         array|
|v49_4_7_d0        |  out|   32|   ap_memory|       v49_4_7|         array|
|v49_4_7_q0        |   in|   32|   ap_memory|       v49_4_7|         array|
|v49_4_7_we0       |  out|    1|   ap_memory|       v49_4_7|         array|
|v49_4_7_address1  |  out|   11|   ap_memory|       v49_4_7|         array|
|v49_4_7_ce1       |  out|    1|   ap_memory|       v49_4_7|         array|
|v49_4_7_d1        |  out|   32|   ap_memory|       v49_4_7|         array|
|v49_4_7_q1        |   in|   32|   ap_memory|       v49_4_7|         array|
|v49_4_7_we1       |  out|    1|   ap_memory|       v49_4_7|         array|
|v49_4_8_address0  |  out|   11|   ap_memory|       v49_4_8|         array|
|v49_4_8_ce0       |  out|    1|   ap_memory|       v49_4_8|         array|
|v49_4_8_d0        |  out|   32|   ap_memory|       v49_4_8|         array|
|v49_4_8_q0        |   in|   32|   ap_memory|       v49_4_8|         array|
|v49_4_8_we0       |  out|    1|   ap_memory|       v49_4_8|         array|
|v49_4_8_address1  |  out|   11|   ap_memory|       v49_4_8|         array|
|v49_4_8_ce1       |  out|    1|   ap_memory|       v49_4_8|         array|
|v49_4_8_d1        |  out|   32|   ap_memory|       v49_4_8|         array|
|v49_4_8_q1        |   in|   32|   ap_memory|       v49_4_8|         array|
|v49_4_8_we1       |  out|    1|   ap_memory|       v49_4_8|         array|
|v49_4_9_address0  |  out|   11|   ap_memory|       v49_4_9|         array|
|v49_4_9_ce0       |  out|    1|   ap_memory|       v49_4_9|         array|
|v49_4_9_d0        |  out|   32|   ap_memory|       v49_4_9|         array|
|v49_4_9_q0        |   in|   32|   ap_memory|       v49_4_9|         array|
|v49_4_9_we0       |  out|    1|   ap_memory|       v49_4_9|         array|
|v49_4_9_address1  |  out|   11|   ap_memory|       v49_4_9|         array|
|v49_4_9_ce1       |  out|    1|   ap_memory|       v49_4_9|         array|
|v49_4_9_d1        |  out|   32|   ap_memory|       v49_4_9|         array|
|v49_4_9_q1        |   in|   32|   ap_memory|       v49_4_9|         array|
|v49_4_9_we1       |  out|    1|   ap_memory|       v49_4_9|         array|
|v50_0_address0    |  out|    5|   ap_memory|         v50_0|         array|
|v50_0_ce0         |  out|    1|   ap_memory|         v50_0|         array|
|v50_0_d0          |  out|   32|   ap_memory|         v50_0|         array|
|v50_0_q0          |   in|   32|   ap_memory|         v50_0|         array|
|v50_0_we0         |  out|    1|   ap_memory|         v50_0|         array|
|v50_0_address1    |  out|    5|   ap_memory|         v50_0|         array|
|v50_0_ce1         |  out|    1|   ap_memory|         v50_0|         array|
|v50_0_d1          |  out|   32|   ap_memory|         v50_0|         array|
|v50_0_q1          |   in|   32|   ap_memory|         v50_0|         array|
|v50_0_we1         |  out|    1|   ap_memory|         v50_0|         array|
|v50_1_address0    |  out|    5|   ap_memory|         v50_1|         array|
|v50_1_ce0         |  out|    1|   ap_memory|         v50_1|         array|
|v50_1_d0          |  out|   32|   ap_memory|         v50_1|         array|
|v50_1_q0          |   in|   32|   ap_memory|         v50_1|         array|
|v50_1_we0         |  out|    1|   ap_memory|         v50_1|         array|
|v50_1_address1    |  out|    5|   ap_memory|         v50_1|         array|
|v50_1_ce1         |  out|    1|   ap_memory|         v50_1|         array|
|v50_1_d1          |  out|   32|   ap_memory|         v50_1|         array|
|v50_1_q1          |   in|   32|   ap_memory|         v50_1|         array|
|v50_1_we1         |  out|    1|   ap_memory|         v50_1|         array|
|v50_2_address0    |  out|    5|   ap_memory|         v50_2|         array|
|v50_2_ce0         |  out|    1|   ap_memory|         v50_2|         array|
|v50_2_d0          |  out|   32|   ap_memory|         v50_2|         array|
|v50_2_q0          |   in|   32|   ap_memory|         v50_2|         array|
|v50_2_we0         |  out|    1|   ap_memory|         v50_2|         array|
|v50_2_address1    |  out|    5|   ap_memory|         v50_2|         array|
|v50_2_ce1         |  out|    1|   ap_memory|         v50_2|         array|
|v50_2_d1          |  out|   32|   ap_memory|         v50_2|         array|
|v50_2_q1          |   in|   32|   ap_memory|         v50_2|         array|
|v50_2_we1         |  out|    1|   ap_memory|         v50_2|         array|
|v50_3_address0    |  out|    5|   ap_memory|         v50_3|         array|
|v50_3_ce0         |  out|    1|   ap_memory|         v50_3|         array|
|v50_3_d0          |  out|   32|   ap_memory|         v50_3|         array|
|v50_3_q0          |   in|   32|   ap_memory|         v50_3|         array|
|v50_3_we0         |  out|    1|   ap_memory|         v50_3|         array|
|v50_3_address1    |  out|    5|   ap_memory|         v50_3|         array|
|v50_3_ce1         |  out|    1|   ap_memory|         v50_3|         array|
|v50_3_d1          |  out|   32|   ap_memory|         v50_3|         array|
|v50_3_q1          |   in|   32|   ap_memory|         v50_3|         array|
|v50_3_we1         |  out|    1|   ap_memory|         v50_3|         array|
|v50_4_address0    |  out|    5|   ap_memory|         v50_4|         array|
|v50_4_ce0         |  out|    1|   ap_memory|         v50_4|         array|
|v50_4_d0          |  out|   32|   ap_memory|         v50_4|         array|
|v50_4_q0          |   in|   32|   ap_memory|         v50_4|         array|
|v50_4_we0         |  out|    1|   ap_memory|         v50_4|         array|
|v50_4_address1    |  out|    5|   ap_memory|         v50_4|         array|
|v50_4_ce1         |  out|    1|   ap_memory|         v50_4|         array|
|v50_4_d1          |  out|   32|   ap_memory|         v50_4|         array|
|v50_4_q1          |   in|   32|   ap_memory|         v50_4|         array|
|v50_4_we1         |  out|    1|   ap_memory|         v50_4|         array|
|v50_5_address0    |  out|    5|   ap_memory|         v50_5|         array|
|v50_5_ce0         |  out|    1|   ap_memory|         v50_5|         array|
|v50_5_d0          |  out|   32|   ap_memory|         v50_5|         array|
|v50_5_q0          |   in|   32|   ap_memory|         v50_5|         array|
|v50_5_we0         |  out|    1|   ap_memory|         v50_5|         array|
|v50_5_address1    |  out|    5|   ap_memory|         v50_5|         array|
|v50_5_ce1         |  out|    1|   ap_memory|         v50_5|         array|
|v50_5_d1          |  out|   32|   ap_memory|         v50_5|         array|
|v50_5_q1          |   in|   32|   ap_memory|         v50_5|         array|
|v50_5_we1         |  out|    1|   ap_memory|         v50_5|         array|
|v50_6_address0    |  out|    5|   ap_memory|         v50_6|         array|
|v50_6_ce0         |  out|    1|   ap_memory|         v50_6|         array|
|v50_6_d0          |  out|   32|   ap_memory|         v50_6|         array|
|v50_6_q0          |   in|   32|   ap_memory|         v50_6|         array|
|v50_6_we0         |  out|    1|   ap_memory|         v50_6|         array|
|v50_6_address1    |  out|    5|   ap_memory|         v50_6|         array|
|v50_6_ce1         |  out|    1|   ap_memory|         v50_6|         array|
|v50_6_d1          |  out|   32|   ap_memory|         v50_6|         array|
|v50_6_q1          |   in|   32|   ap_memory|         v50_6|         array|
|v50_6_we1         |  out|    1|   ap_memory|         v50_6|         array|
|v50_7_address0    |  out|    5|   ap_memory|         v50_7|         array|
|v50_7_ce0         |  out|    1|   ap_memory|         v50_7|         array|
|v50_7_d0          |  out|   32|   ap_memory|         v50_7|         array|
|v50_7_q0          |   in|   32|   ap_memory|         v50_7|         array|
|v50_7_we0         |  out|    1|   ap_memory|         v50_7|         array|
|v50_7_address1    |  out|    5|   ap_memory|         v50_7|         array|
|v50_7_ce1         |  out|    1|   ap_memory|         v50_7|         array|
|v50_7_d1          |  out|   32|   ap_memory|         v50_7|         array|
|v50_7_q1          |   in|   32|   ap_memory|         v50_7|         array|
|v50_7_we1         |  out|    1|   ap_memory|         v50_7|         array|
|v50_8_address0    |  out|    5|   ap_memory|         v50_8|         array|
|v50_8_ce0         |  out|    1|   ap_memory|         v50_8|         array|
|v50_8_d0          |  out|   32|   ap_memory|         v50_8|         array|
|v50_8_q0          |   in|   32|   ap_memory|         v50_8|         array|
|v50_8_we0         |  out|    1|   ap_memory|         v50_8|         array|
|v50_8_address1    |  out|    5|   ap_memory|         v50_8|         array|
|v50_8_ce1         |  out|    1|   ap_memory|         v50_8|         array|
|v50_8_d1          |  out|   32|   ap_memory|         v50_8|         array|
|v50_8_q1          |   in|   32|   ap_memory|         v50_8|         array|
|v50_8_we1         |  out|    1|   ap_memory|         v50_8|         array|
|v50_9_address0    |  out|    5|   ap_memory|         v50_9|         array|
|v50_9_ce0         |  out|    1|   ap_memory|         v50_9|         array|
|v50_9_d0          |  out|   32|   ap_memory|         v50_9|         array|
|v50_9_q0          |   in|   32|   ap_memory|         v50_9|         array|
|v50_9_we0         |  out|    1|   ap_memory|         v50_9|         array|
|v50_9_address1    |  out|    5|   ap_memory|         v50_9|         array|
|v50_9_ce1         |  out|    1|   ap_memory|         v50_9|         array|
|v50_9_d1          |  out|   32|   ap_memory|         v50_9|         array|
|v50_9_q1          |   in|   32|   ap_memory|         v50_9|         array|
|v50_9_we1         |  out|    1|   ap_memory|         v50_9|         array|
|v51_0_address0    |  out|    6|   ap_memory|         v51_0|         array|
|v51_0_ce0         |  out|    1|   ap_memory|         v51_0|         array|
|v51_0_d0          |  out|   32|   ap_memory|         v51_0|         array|
|v51_0_q0          |   in|   32|   ap_memory|         v51_0|         array|
|v51_0_we0         |  out|    1|   ap_memory|         v51_0|         array|
|v51_0_address1    |  out|    6|   ap_memory|         v51_0|         array|
|v51_0_ce1         |  out|    1|   ap_memory|         v51_0|         array|
|v51_0_d1          |  out|   32|   ap_memory|         v51_0|         array|
|v51_0_q1          |   in|   32|   ap_memory|         v51_0|         array|
|v51_0_we1         |  out|    1|   ap_memory|         v51_0|         array|
|v51_1_address0    |  out|    6|   ap_memory|         v51_1|         array|
|v51_1_ce0         |  out|    1|   ap_memory|         v51_1|         array|
|v51_1_d0          |  out|   32|   ap_memory|         v51_1|         array|
|v51_1_q0          |   in|   32|   ap_memory|         v51_1|         array|
|v51_1_we0         |  out|    1|   ap_memory|         v51_1|         array|
|v51_1_address1    |  out|    6|   ap_memory|         v51_1|         array|
|v51_1_ce1         |  out|    1|   ap_memory|         v51_1|         array|
|v51_1_d1          |  out|   32|   ap_memory|         v51_1|         array|
|v51_1_q1          |   in|   32|   ap_memory|         v51_1|         array|
|v51_1_we1         |  out|    1|   ap_memory|         v51_1|         array|
|v51_2_address0    |  out|    6|   ap_memory|         v51_2|         array|
|v51_2_ce0         |  out|    1|   ap_memory|         v51_2|         array|
|v51_2_d0          |  out|   32|   ap_memory|         v51_2|         array|
|v51_2_q0          |   in|   32|   ap_memory|         v51_2|         array|
|v51_2_we0         |  out|    1|   ap_memory|         v51_2|         array|
|v51_2_address1    |  out|    6|   ap_memory|         v51_2|         array|
|v51_2_ce1         |  out|    1|   ap_memory|         v51_2|         array|
|v51_2_d1          |  out|   32|   ap_memory|         v51_2|         array|
|v51_2_q1          |   in|   32|   ap_memory|         v51_2|         array|
|v51_2_we1         |  out|    1|   ap_memory|         v51_2|         array|
|v51_3_address0    |  out|    6|   ap_memory|         v51_3|         array|
|v51_3_ce0         |  out|    1|   ap_memory|         v51_3|         array|
|v51_3_d0          |  out|   32|   ap_memory|         v51_3|         array|
|v51_3_q0          |   in|   32|   ap_memory|         v51_3|         array|
|v51_3_we0         |  out|    1|   ap_memory|         v51_3|         array|
|v51_3_address1    |  out|    6|   ap_memory|         v51_3|         array|
|v51_3_ce1         |  out|    1|   ap_memory|         v51_3|         array|
|v51_3_d1          |  out|   32|   ap_memory|         v51_3|         array|
|v51_3_q1          |   in|   32|   ap_memory|         v51_3|         array|
|v51_3_we1         |  out|    1|   ap_memory|         v51_3|         array|
|v51_4_address0    |  out|    6|   ap_memory|         v51_4|         array|
|v51_4_ce0         |  out|    1|   ap_memory|         v51_4|         array|
|v51_4_d0          |  out|   32|   ap_memory|         v51_4|         array|
|v51_4_q0          |   in|   32|   ap_memory|         v51_4|         array|
|v51_4_we0         |  out|    1|   ap_memory|         v51_4|         array|
|v51_4_address1    |  out|    6|   ap_memory|         v51_4|         array|
|v51_4_ce1         |  out|    1|   ap_memory|         v51_4|         array|
|v51_4_d1          |  out|   32|   ap_memory|         v51_4|         array|
|v51_4_q1          |   in|   32|   ap_memory|         v51_4|         array|
|v51_4_we1         |  out|    1|   ap_memory|         v51_4|         array|
|ap_clk            |   in|    1|  ap_ctrl_hs|       forward|  return value|
|ap_rst            |   in|    1|  ap_ctrl_hs|       forward|  return value|
|ap_start          |   in|    1|  ap_ctrl_hs|       forward|  return value|
|ap_done           |  out|    1|  ap_ctrl_hs|       forward|  return value|
|ap_ready          |  out|    1|  ap_ctrl_hs|       forward|  return value|
|ap_idle           |  out|    1|  ap_ctrl_hs|       forward|  return value|
+------------------+-----+-----+------------+--------------+--------------+

