

================================================================
== Vitis HLS Report for 'main_graph'
================================================================
* Date:           Thu Jul 17 19:30:10 2025

* Version:        2023.2 (Build 4023990 on Oct 11 2023)
* Project:        k3conv.prj
* Solution:       k3conv (Vivado IP Flow Target)
* Product family: virtexuplusHBM
* Target device:  xcu280-fsvh2892-2L-e


================================================================
== Performance Estimates
================================================================
+ Timing: 
    * Summary: 
    +--------+---------+----------+------------+
    |  Clock |  Target | Estimated| Uncertainty|
    +--------+---------+----------+------------+
    |ap_clk  |  5.00 ns|  3.863 ns|     1.35 ns|
    +--------+---------+----------+------------+

+ Latency: 
    * Summary: 
    +----------+----------+-----------+-----------+----------+----------+---------+
    |   Latency (cycles)  |   Latency (absolute)  |       Interval      | Pipeline|
    |    min   |    max   |    min    |    max    |    min   |    max   |   Type  |
    +----------+----------+-----------+-----------+----------+----------+---------+
    |  76365605|  76365605|  0.382 sec|  0.382 sec|  76365606|  76365606|       no|
    +----------+----------+-----------+-----------+----------+----------+---------+

    + Detail: 
        * Instance: 
        +----------------------------+------------------+----------+----------+-----------+-----------+----------+----------+---------+
        |                            |                  |   Latency (cycles)  |   Latency (absolute)  |       Interval      | Pipeline|
        |          Instance          |      Module      |    min   |    max   |    min    |    max    |    min   |    max   |   Type  |
        +----------------------------+------------------+----------+----------+-----------+-----------+----------+----------+---------+
        |grp_main_graph_node2_fu_54  |main_graph_node2  |    663022|    663022|   3.315 ms|   3.315 ms|    663022|    663022|       no|
        |grp_main_graph_node1_fu_64  |main_graph_node1  |  37851289|  37851289|  0.189 sec|  0.189 sec|  37851289|  37851289|       no|
        |grp_main_graph_node0_fu_72  |main_graph_node0  |  37851289|  37851289|  0.189 sec|  0.189 sec|  37851289|  37851289|       no|
        +----------------------------+------------------+----------+----------+-----------+-----------+----------+----------+---------+

        * Loop: 
        N/A



================================================================
== Utilization Estimates
================================================================
* Summary: 
+---------------------+---------+------+---------+---------+-----+
|         Name        | BRAM_18K|  DSP |    FF   |   LUT   | URAM|
+---------------------+---------+------+---------+---------+-----+
|DSP                  |        -|     -|        -|        -|    -|
|Expression           |        -|     -|        -|        -|    -|
|FIFO                 |        -|     -|        -|        -|    -|
|Instance             |      344|    10|     8078|    10660|    0|
|Memory               |      128|     -|        0|        0|    -|
|Multiplexer          |        -|     -|        -|      311|    -|
|Register             |        -|     -|        9|        -|    -|
+---------------------+---------+------+---------+---------+-----+
|Total                |      472|    10|     8087|    10971|    0|
+---------------------+---------+------+---------+---------+-----+
|Available SLR        |     1344|  3008|   869120|   434560|  320|
+---------------------+---------+------+---------+---------+-----+
|Utilization SLR (%)  |       35|    ~0|       ~0|        2|    0|
+---------------------+---------+------+---------+---------+-----+
|Available            |     4032|  9024|  2607360|  1303680|  960|
+---------------------+---------+------+---------+---------+-----+
|Utilization (%)      |       11|    ~0|       ~0|       ~0|    0|
+---------------------+---------+------+---------+---------+-----+

+ Detail: 
    * Instance: 
    +------------------------------------+--------------------------------+---------+----+------+------+-----+
    |              Instance              |             Module             | BRAM_18K| DSP|  FF  |  LUT | URAM|
    +------------------------------------+--------------------------------+---------+----+------+------+-----+
    |ctrl_s_axi_U                        |ctrl_s_axi                      |        0|   0|    36|    40|    0|
    |fadd_32ns_32ns_32_5_full_dsp_1_U89  |fadd_32ns_32ns_32_5_full_dsp_1  |        0|   2|   205|   220|    0|
    |fcmp_32ns_32ns_1_2_no_dsp_1_U91     |fcmp_32ns_32ns_1_2_no_dsp_1     |        0|   0|     0|     0|    0|
    |fmul_32ns_32ns_32_4_max_dsp_1_U90   |fmul_32ns_32ns_32_4_max_dsp_1   |        0|   3|   143|    78|    0|
    |grp_main_graph_node0_fu_72          |main_graph_node0                |      136|   0|  1063|  2758|    0|
    |grp_main_graph_node1_fu_64          |main_graph_node1                |      136|   0|  1063|  2749|    0|
    |grp_main_graph_node2_fu_54          |main_graph_node2                |       72|   5|  5568|  4815|    0|
    +------------------------------------+--------------------------------+---------+----+------+------+-----+
    |Total                               |                                |      344|  10|  8078| 10660|    0|
    +------------------------------------+--------------------------------+---------+----+------+------+-----+

    * DSP: 
    N/A

    * Memory: 
    +--------+----------------------------------------+---------+---+----+-----+-------+-----+------+-------------+
    | Memory |                 Module                 | BRAM_18K| FF| LUT| URAM| Words | Bits| Banks| W*Bits*Banks|
    +--------+----------------------------------------+---------+---+----+-----+-------+-----+------+-------------+
    |v116_U  |main_graph_node1_v50_RAM_T2P_BRAM_1R1W  |       64|  0|   0|    0|  32768|   32|     1|      1048576|
    |v117_U  |main_graph_node1_v50_RAM_T2P_BRAM_1R1W  |       64|  0|   0|    0|  32768|   32|     1|      1048576|
    +--------+----------------------------------------+---------+---+----+-----+-------+-----+------+-------------+
    |Total   |                                        |      128|  0|   0|    0|  65536|   64|     2|      2097152|
    +--------+----------------------------------------+---------+---+----+-----+-------+-----+------+-------------+

    * FIFO: 
    N/A

    * Expression: 
    N/A

    * Multiplexer: 
    +------------------+----+-----------+-----+-----------+
    |       Name       | LUT| Input Size| Bits| Total Bits|
    +------------------+----+-----------+-----+-----------+
    |ap_NS_fsm         |  37|          7|    1|          7|
    |grp_fu_81_ce      |  20|          4|    1|          4|
    |grp_fu_81_p0      |  20|          4|   32|        128|
    |grp_fu_81_p1      |  20|          4|   32|        128|
    |grp_fu_85_ce      |  20|          4|    1|          4|
    |grp_fu_85_p0      |  20|          4|   32|        128|
    |grp_fu_85_p1      |  20|          4|   32|        128|
    |grp_fu_89_ce      |  20|          4|    1|          4|
    |grp_fu_89_opcode  |  20|          4|    5|         20|
    |grp_fu_89_p0      |  20|          4|   32|        128|
    |grp_fu_89_p1      |  20|          4|   32|        128|
    |v116_address0     |  14|          3|   15|         45|
    |v116_ce0          |  14|          3|    1|          3|
    |v116_we0          |   9|          2|    1|          2|
    |v117_address0     |  14|          3|   15|         45|
    |v117_ce0          |  14|          3|    1|          3|
    |v117_we0          |   9|          2|    1|          2|
    +------------------+----+-----------+-----+-----------+
    |Total             | 311|         63|  235|        907|
    +------------------+----+-----------+-----+-----------+

    * Register: 
    +-----------------------------------------+---+----+-----+-----------+
    |                   Name                  | FF| LUT| Bits| Const Bits|
    +-----------------------------------------+---+----+-----+-----------+
    |ap_CS_fsm                                |  6|   0|    6|          0|
    |grp_main_graph_node0_fu_72_ap_start_reg  |  1|   0|    1|          0|
    |grp_main_graph_node1_fu_64_ap_start_reg  |  1|   0|    1|          0|
    |grp_main_graph_node2_fu_54_ap_start_reg  |  1|   0|    1|          0|
    +-----------------------------------------+---+----+-----+-----------+
    |Total                                    |  9|   0|    9|          0|
    +-----------------------------------------+---+----+-----+-----------+



================================================================
== Interface
================================================================
* Summary: 
+--------------------+-----+-----+------------+--------------+--------------+
|      RTL Ports     | Dir | Bits|  Protocol  | Source Object|    C Type    |
+--------------------+-----+-----+------------+--------------+--------------+
|s_axi_ctrl_AWVALID  |   in|    1|       s_axi|          ctrl|   return void|
|s_axi_ctrl_AWREADY  |  out|    1|       s_axi|          ctrl|   return void|
|s_axi_ctrl_AWADDR   |   in|    4|       s_axi|          ctrl|   return void|
|s_axi_ctrl_WVALID   |   in|    1|       s_axi|          ctrl|   return void|
|s_axi_ctrl_WREADY   |  out|    1|       s_axi|          ctrl|   return void|
|s_axi_ctrl_WDATA    |   in|   32|       s_axi|          ctrl|   return void|
|s_axi_ctrl_WSTRB    |   in|    4|       s_axi|          ctrl|   return void|
|s_axi_ctrl_ARVALID  |   in|    1|       s_axi|          ctrl|   return void|
|s_axi_ctrl_ARREADY  |  out|    1|       s_axi|          ctrl|   return void|
|s_axi_ctrl_ARADDR   |   in|    4|       s_axi|          ctrl|   return void|
|s_axi_ctrl_RVALID   |  out|    1|       s_axi|          ctrl|   return void|
|s_axi_ctrl_RREADY   |   in|    1|       s_axi|          ctrl|   return void|
|s_axi_ctrl_RDATA    |  out|   32|       s_axi|          ctrl|   return void|
|s_axi_ctrl_RRESP    |  out|    2|       s_axi|          ctrl|   return void|
|s_axi_ctrl_BVALID   |  out|    1|       s_axi|          ctrl|   return void|
|s_axi_ctrl_BREADY   |   in|    1|       s_axi|          ctrl|   return void|
|s_axi_ctrl_BRESP    |  out|    2|       s_axi|          ctrl|   return void|
|ap_clk              |   in|    1|  ap_ctrl_hs|    main_graph|  return value|
|ap_rst_n            |   in|    1|  ap_ctrl_hs|    main_graph|  return value|
|interrupt           |  out|    1|  ap_ctrl_hs|    main_graph|  return value|
|v111_Addr_A         |  out|   32|        bram|          v111|         array|
|v111_EN_A           |  out|    1|        bram|          v111|         array|
|v111_WEN_A          |  out|    4|        bram|          v111|         array|
|v111_Din_A          |  out|   32|        bram|          v111|         array|
|v111_Dout_A         |   in|   32|        bram|          v111|         array|
|v111_Clk_A          |  out|    1|        bram|          v111|         array|
|v111_Rst_A          |  out|    1|        bram|          v111|         array|
|v112_Addr_A         |  out|   32|        bram|          v112|         array|
|v112_EN_A           |  out|    1|        bram|          v112|         array|
|v112_WEN_A          |  out|    4|        bram|          v112|         array|
|v112_Din_A          |  out|   32|        bram|          v112|         array|
|v112_Dout_A         |   in|   32|        bram|          v112|         array|
|v112_Clk_A          |  out|    1|        bram|          v112|         array|
|v112_Rst_A          |  out|    1|        bram|          v112|         array|
|v112_Addr_B         |  out|   32|        bram|          v112|         array|
|v112_EN_B           |  out|    1|        bram|          v112|         array|
|v112_WEN_B          |  out|    4|        bram|          v112|         array|
|v112_Din_B          |  out|   32|        bram|          v112|         array|
|v112_Dout_B         |   in|   32|        bram|          v112|         array|
|v112_Clk_B          |  out|    1|        bram|          v112|         array|
|v112_Rst_B          |  out|    1|        bram|          v112|         array|
|v113_Addr_A         |  out|   32|        bram|          v113|         array|
|v113_EN_A           |  out|    1|        bram|          v113|         array|
|v113_WEN_A          |  out|    4|        bram|          v113|         array|
|v113_Din_A          |  out|   32|        bram|          v113|         array|
|v113_Dout_A         |   in|   32|        bram|          v113|         array|
|v113_Clk_A          |  out|    1|        bram|          v113|         array|
|v113_Rst_A          |  out|    1|        bram|          v113|         array|
|v114_Addr_A         |  out|   32|        bram|          v114|         array|
|v114_EN_A           |  out|    1|        bram|          v114|         array|
|v114_WEN_A          |  out|    4|        bram|          v114|         array|
|v114_Din_A          |  out|   32|        bram|          v114|         array|
|v114_Dout_A         |   in|   32|        bram|          v114|         array|
|v114_Clk_A          |  out|    1|        bram|          v114|         array|
|v114_Rst_A          |  out|    1|        bram|          v114|         array|
|v115_Addr_A         |  out|   32|        bram|          v115|         array|
|v115_EN_A           |  out|    1|        bram|          v115|         array|
|v115_WEN_A          |  out|    4|        bram|          v115|         array|
|v115_Din_A          |  out|   32|        bram|          v115|         array|
|v115_Dout_A         |   in|   32|        bram|          v115|         array|
|v115_Clk_A          |  out|    1|        bram|          v115|         array|
|v115_Rst_A          |  out|    1|        bram|          v115|         array|
+--------------------+-----+-----+------------+--------------+--------------+

