

================================================================
== Vitis HLS Report for 'main_graph'
================================================================
* Date:           Thu Jul 17 20:22:42 2025

* Version:        2023.2 (Build 4023990 on Oct 11 2023)
* Project:        atax.prj
* Solution:       atax (Vivado IP Flow Target)
* Product family: virtexuplusHBM
* Target device:  xcu280-fsvh2892-2L-e


================================================================
== Performance Estimates
================================================================
+ Timing: 
    * Summary: 
    +--------+---------+----------+------------+
    |  Clock |  Target | Estimated| Uncertainty|
    +--------+---------+----------+------------+
    |ap_clk  |  5.00 ns|  3.570 ns|     1.35 ns|
    +--------+---------+----------+------------+

+ Latency: 
    * Summary: 
    +---------+---------+----------+----------+---------+---------+---------+
    |  Latency (cycles) |  Latency (absolute) |      Interval     | Pipeline|
    |   min   |   max   |    min   |    max   |   min   |   max   |   Type  |
    +---------+---------+----------+----------+---------+---------+---------+
    |  1439542|  1439542|  7.198 ms|  7.198 ms|  1439543|  1439543|       no|
    +---------+---------+----------+----------+---------+---------+---------+

    + Detail: 
        * Instance: 
        +---------------------------------------------------------------+-----------------------------------------------------+---------+---------+----------+----------+--------+--------+---------+
        |                                                               |                                                     |  Latency (cycles) |  Latency (absolute) |     Interval    | Pipeline|
        |                            Instance                           |                        Module                       |   min   |   max   |    min   |    max   |   min  |   max  |   Type  |
        +---------------------------------------------------------------+-----------------------------------------------------+---------+---------+----------+----------+--------+--------+---------+
        |grp_main_graph_Pipeline_VITIS_LOOP_61_1_fu_54                  |main_graph_Pipeline_VITIS_LOOP_61_1                  |      392|      392|  1.960 us|  1.960 us|     392|     392|       no|
        |grp_main_graph_Pipeline_VITIS_LOOP_39_3_fu_60                  |main_graph_Pipeline_VITIS_LOOP_39_3                  |      412|      412|  2.060 us|  2.060 us|     412|     412|       no|
        |grp_main_graph_Pipeline_VITIS_LOOP_64_2_VITIS_LOOP_65_3_fu_66  |main_graph_Pipeline_VITIS_LOOP_64_2_VITIS_LOOP_65_3  |   639609|   639609|  3.198 ms|  3.198 ms|  639609|  639609|       no|
        |grp_main_graph_Pipeline_VITIS_LOOP_33_1_VITIS_LOOP_34_2_fu_75  |main_graph_Pipeline_VITIS_LOOP_33_1_VITIS_LOOP_34_2  |   159905|   159905|  0.800 ms|  0.800 ms|  159905|  159905|       no|
        |grp_main_graph_Pipeline_VITIS_LOOP_42_4_VITIS_LOOP_43_5_fu_82  |main_graph_Pipeline_VITIS_LOOP_42_4_VITIS_LOOP_43_5  |   639609|   639609|  3.198 ms|  3.198 ms|  639609|  639609|       no|
        +---------------------------------------------------------------+-----------------------------------------------------+---------+---------+----------+----------+--------+--------+---------+

        * Loop: 
        N/A



================================================================
== Utilization Estimates
================================================================
* Summary: 
+---------------------+---------+------+---------+---------+-----+
|         Name        | BRAM_18K|  DSP |    FF   |   LUT   | URAM|
+---------------------+---------+------+---------+---------+-----+
|DSP                  |        -|     -|        -|        -|    -|
|Expression           |        -|     -|        0|        2|    -|
|FIFO                 |        -|     -|        -|        -|    -|
|Instance             |        0|     7|     1251|     1528|    0|
|Memory               |      313|     -|        0|        0|    -|
|Multiplexer          |        -|     -|        -|      322|    -|
|Register             |        -|     -|       13|        -|    -|
+---------------------+---------+------+---------+---------+-----+
|Total                |      313|     7|     1264|     1852|    0|
+---------------------+---------+------+---------+---------+-----+
|Available SLR        |     1344|  3008|   869120|   434560|  320|
+---------------------+---------+------+---------+---------+-----+
|Utilization SLR (%)  |       23|    ~0|       ~0|       ~0|    0|
+---------------------+---------+------+---------+---------+-----+
|Available            |     4032|  9024|  2607360|  1303680|  960|
+---------------------+---------+------+---------+---------+-----+
|Utilization (%)      |        7|    ~0|       ~0|       ~0|    0|
+---------------------+---------+------+---------+---------+-----+

+ Detail: 
    * Instance: 
    +---------------------------------------------------------------+-----------------------------------------------------+---------+----+-----+-----+-----+
    |                            Instance                           |                        Module                       | BRAM_18K| DSP|  FF | LUT | URAM|
    +---------------------------------------------------------------+-----------------------------------------------------+---------+----+-----+-----+-----+
    |ctrl_s_axi_U                                                   |ctrl_s_axi                                           |        0|   0|   36|   40|    0|
    |fadd_32ns_32ns_32_5_full_dsp_1_U16                             |fadd_32ns_32ns_32_5_full_dsp_1                       |        0|   2|  205|  220|    0|
    |fmul_32ns_32ns_32_4_max_dsp_1_U17                              |fmul_32ns_32ns_32_4_max_dsp_1                        |        0|   3|  143|   78|    0|
    |grp_main_graph_Pipeline_VITIS_LOOP_33_1_VITIS_LOOP_34_2_fu_75  |main_graph_Pipeline_VITIS_LOOP_33_1_VITIS_LOOP_34_2  |        0|   2|  137|  204|    0|
    |grp_main_graph_Pipeline_VITIS_LOOP_39_3_fu_60                  |main_graph_Pipeline_VITIS_LOOP_39_3                  |        0|   0|   11|   68|    0|
    |grp_main_graph_Pipeline_VITIS_LOOP_42_4_VITIS_LOOP_43_5_fu_82  |main_graph_Pipeline_VITIS_LOOP_42_4_VITIS_LOOP_43_5  |        0|   0|  331|  417|    0|
    |grp_main_graph_Pipeline_VITIS_LOOP_61_1_fu_54                  |main_graph_Pipeline_VITIS_LOOP_61_1                  |        0|   0|   11|   59|    0|
    |grp_main_graph_Pipeline_VITIS_LOOP_64_2_VITIS_LOOP_65_3_fu_66  |main_graph_Pipeline_VITIS_LOOP_64_2_VITIS_LOOP_65_3  |        0|   0|  377|  442|    0|
    +---------------------------------------------------------------+-----------------------------------------------------+---------+----+-----+-----+-----+
    |Total                                                          |                                                     |        0|   7| 1251| 1528|    0|
    +---------------------------------------------------------------+-----------------------------------------------------+---------+----+-----+-----+-----+

    * DSP: 
    N/A

    * Memory: 
    +-------+-----------------------+---------+---+----+-----+--------+-----+------+-------------+
    | Memory|         Module        | BRAM_18K| FF| LUT| URAM|  Words | Bits| Banks| W*Bits*Banks|
    +-------+-----------------------+---------+---+----+-----+--------+-----+------+-------------+
    |v29_U  |v29_RAM_T2P_BRAM_1R1W  |        1|  0|   0|    0|     390|   32|     1|        12480|
    |v3_U   |v3_RAM_T2P_BRAM_1R1W   |      312|  0|   0|    0|  159900|   32|     1|      5116800|
    +-------+-----------------------+---------+---+----+-----+--------+-----+------+-------------+
    |Total  |                       |      313|  0|   0|    0|  160290|   64|     2|      5129280|
    +-------+-----------------------+---------+---+----+-----+--------+-----+------+-------------+

    * FIFO: 
    N/A

    * Expression: 
    +---------------------------------+----------+----+---+----+------------+------------+
    |          Variable Name          | Operation| DSP| FF| LUT| Bitwidth P0| Bitwidth P1|
    +---------------------------------+----------+----+---+----+------------+------------+
    |ap_block_state2_on_subcall_done  |        or|   0|  0|   2|           1|           1|
    +---------------------------------+----------+----+---+----+------------+------------+
    |Total                            |          |   0|  0|   2|           1|           1|
    +---------------------------------+----------+----+---+----+------------+------------+

    * Multiplexer: 
    +--------------+----+-----------+-----+-----------+
    |     Name     | LUT| Input Size| Bits| Total Bits|
    +--------------+----+-----------+-----+-----------+
    |ap_NS_fsm     |  49|          9|    1|          9|
    |grp_fu_90_ce  |  14|          3|    1|          3|
    |grp_fu_90_p0  |  14|          3|   32|         96|
    |grp_fu_90_p1  |  14|          3|   32|         96|
    |grp_fu_94_ce  |  14|          3|    1|          3|
    |grp_fu_94_p0  |  14|          3|   32|         96|
    |grp_fu_94_p1  |  14|          3|   32|         96|
    |v26_Addr_A    |  14|          3|   32|         96|
    |v26_EN_A      |  14|          3|    1|          3|
    |v28_Addr_A    |  14|          3|   32|         96|
    |v28_Din_A     |  14|          3|   32|         96|
    |v28_EN_A      |  14|          3|    1|          3|
    |v28_WEN_A     |  14|          3|    4|         12|
    |v29_address0  |  20|          4|    9|         36|
    |v29_ce0       |  20|          4|    1|          4|
    |v29_d0        |  14|          3|   32|         96|
    |v29_we0       |  14|          3|    1|          3|
    |v3_address0   |  14|          3|   18|         54|
    |v3_ce0        |  14|          3|    1|          3|
    |v3_we0        |   9|          2|    1|          2|
    +--------------+----+-----------+-----+-----------+
    |Total         | 322|         67|  296|        903|
    +--------------+----+-----------+-----+-----------+

    * Register: 
    +----------------------------------------------------------------------------+---+----+-----+-----------+
    |                                    Name                                    | FF| LUT| Bits| Const Bits|
    +----------------------------------------------------------------------------+---+----+-----+-----------+
    |ap_CS_fsm                                                                   |  8|   0|    8|          0|
    |grp_main_graph_Pipeline_VITIS_LOOP_33_1_VITIS_LOOP_34_2_fu_75_ap_start_reg  |  1|   0|    1|          0|
    |grp_main_graph_Pipeline_VITIS_LOOP_39_3_fu_60_ap_start_reg                  |  1|   0|    1|          0|
    |grp_main_graph_Pipeline_VITIS_LOOP_42_4_VITIS_LOOP_43_5_fu_82_ap_start_reg  |  1|   0|    1|          0|
    |grp_main_graph_Pipeline_VITIS_LOOP_61_1_fu_54_ap_start_reg                  |  1|   0|    1|          0|
    |grp_main_graph_Pipeline_VITIS_LOOP_64_2_VITIS_LOOP_65_3_fu_66_ap_start_reg  |  1|   0|    1|          0|
    +----------------------------------------------------------------------------+---+----+-----+-----------+
    |Total                                                                       | 13|   0|   13|          0|
    +----------------------------------------------------------------------------+---+----+-----+-----------+



================================================================
== Interface
================================================================
* Summary: 
+--------------------+-----+-----+------------+--------------+--------------+
|      RTL Ports     | Dir | Bits|  Protocol  | Source Object|    C Type    |
+--------------------+-----+-----+------------+--------------+--------------+
|s_axi_ctrl_AWVALID  |   in|    1|       s_axi|          ctrl|   return void|
|s_axi_ctrl_AWREADY  |  out|    1|       s_axi|          ctrl|   return void|
|s_axi_ctrl_AWADDR   |   in|    4|       s_axi|          ctrl|   return void|
|s_axi_ctrl_WVALID   |   in|    1|       s_axi|          ctrl|   return void|
|s_axi_ctrl_WREADY   |  out|    1|       s_axi|          ctrl|   return void|
|s_axi_ctrl_WDATA    |   in|   32|       s_axi|          ctrl|   return void|
|s_axi_ctrl_WSTRB    |   in|    4|       s_axi|          ctrl|   return void|
|s_axi_ctrl_ARVALID  |   in|    1|       s_axi|          ctrl|   return void|
|s_axi_ctrl_ARREADY  |  out|    1|       s_axi|          ctrl|   return void|
|s_axi_ctrl_ARADDR   |   in|    4|       s_axi|          ctrl|   return void|
|s_axi_ctrl_RVALID   |  out|    1|       s_axi|          ctrl|   return void|
|s_axi_ctrl_RREADY   |   in|    1|       s_axi|          ctrl|   return void|
|s_axi_ctrl_RDATA    |  out|   32|       s_axi|          ctrl|   return void|
|s_axi_ctrl_RRESP    |  out|    2|       s_axi|          ctrl|   return void|
|s_axi_ctrl_BVALID   |  out|    1|       s_axi|          ctrl|   return void|
|s_axi_ctrl_BREADY   |   in|    1|       s_axi|          ctrl|   return void|
|s_axi_ctrl_BRESP    |  out|    2|       s_axi|          ctrl|   return void|
|ap_clk              |   in|    1|  ap_ctrl_hs|    main_graph|  return value|
|ap_rst_n            |   in|    1|  ap_ctrl_hs|    main_graph|  return value|
|interrupt           |  out|    1|  ap_ctrl_hs|    main_graph|  return value|
|v26_Addr_A          |  out|   32|        bram|           v26|         array|
|v26_EN_A            |  out|    1|        bram|           v26|         array|
|v26_WEN_A           |  out|    4|        bram|           v26|         array|
|v26_Din_A           |  out|   32|        bram|           v26|         array|
|v26_Dout_A          |   in|   32|        bram|           v26|         array|
|v26_Clk_A           |  out|    1|        bram|           v26|         array|
|v26_Rst_A           |  out|    1|        bram|           v26|         array|
|v27_Addr_A          |  out|   32|        bram|           v27|         array|
|v27_EN_A            |  out|    1|        bram|           v27|         array|
|v27_WEN_A           |  out|    4|        bram|           v27|         array|
|v27_Din_A           |  out|   32|        bram|           v27|         array|
|v27_Dout_A          |   in|   32|        bram|           v27|         array|
|v27_Clk_A           |  out|    1|        bram|           v27|         array|
|v27_Rst_A           |  out|    1|        bram|           v27|         array|
|v28_Addr_A          |  out|   32|        bram|           v28|         array|
|v28_EN_A            |  out|    1|        bram|           v28|         array|
|v28_WEN_A           |  out|    4|        bram|           v28|         array|
|v28_Din_A           |  out|   32|        bram|           v28|         array|
|v28_Dout_A          |   in|   32|        bram|           v28|         array|
|v28_Clk_A           |  out|    1|        bram|           v28|         array|
|v28_Rst_A           |  out|    1|        bram|           v28|         array|
+--------------------+-----+-----+------------+--------------+--------------+

