

================================================================
== Vitis HLS Report for 'main_graph'
================================================================
* Date:           Thu Jul 17 19:27:48 2025

* Version:        2023.2 (Build 4023990 on Oct 11 2023)
* Project:        feedforward.prj
* Solution:       8 (Vivado IP Flow Target)
* Product family: virtexuplusHBM
* Target device:  xcu280-fsvh2892-2L-e


================================================================
== Performance Estimates
================================================================
+ Timing: 
    * Summary: 
    +--------+---------+----------+------------+
    |  Clock |  Target | Estimated| Uncertainty|
    +--------+---------+----------+------------+
    |ap_clk  |  5.00 ns|  3.576 ns|     1.35 ns|
    +--------+---------+----------+------------+

+ Latency: 
    * Summary: 
    +-----------+-----------+-----------+-----------+-----------+-----------+---------+
    |    Latency (cycles)   |   Latency (absolute)  |        Interval       | Pipeline|
    |    min    |    max    |    min    |    max    |    min    |    max    |   Type  |
    +-----------+-----------+-----------+-----------+-----------+-----------+---------+
    |  134545454|  134545454|  0.673 sec|  0.673 sec|  134545455|  134545455|       no|
    +-----------+-----------+-----------+-----------+-----------+-----------+---------+

    + Detail: 
        * Instance: 
        +--------------------------------------------------------------------------------------+---------------------------------------------------------------------------+----------+----------+-----------+-----------+----------+----------+---------+
        |                                                                                      |                                                                           |   Latency (cycles)  |   Latency (absolute)  |       Interval      | Pipeline|
        |                                       Instance                                       |                                   Module                                  |    min   |    max   |    min    |    max    |    min   |    max   |   Type  |
        +--------------------------------------------------------------------------------------+---------------------------------------------------------------------------+----------+----------+-----------+-----------+----------+----------+---------+
        |grp_main_graph_Pipeline_VITIS_LOOP_94_2_VITIS_LOOP_95_3_fu_84                         |main_graph_Pipeline_VITIS_LOOP_94_2_VITIS_LOOP_95_3                        |     65538|     65538|   0.328 ms|   0.328 ms|     65538|     65538|       no|
        |grp_main_graph_Pipeline_VITIS_LOOP_107_5_VITIS_LOOP_108_6_fu_92                       |main_graph_Pipeline_VITIS_LOOP_107_5_VITIS_LOOP_108_6                      |     32770|     32770|   0.164 ms|   0.164 ms|     32770|     32770|       no|
        |grp_main_graph_Pipeline_VITIS_LOOP_120_8_VITIS_LOOP_121_9_fu_100                      |main_graph_Pipeline_VITIS_LOOP_120_8_VITIS_LOOP_121_9                      |    131074|    131074|   0.655 ms|   0.655 ms|    131074|    131074|       no|
        |grp_main_graph_Pipeline_VITIS_LOOP_35_2_VITIS_LOOP_36_3_fu_106                        |main_graph_Pipeline_VITIS_LOOP_35_2_VITIS_LOOP_36_3                        |     32770|     32770|   0.164 ms|   0.164 ms|     32770|     32770|       no|
        |grp_main_graph_Pipeline_VITIS_LOOP_48_5_VITIS_LOOP_49_6_fu_114                        |main_graph_Pipeline_VITIS_LOOP_48_5_VITIS_LOOP_49_6                        |     65538|     65538|   0.328 ms|   0.328 ms|     65538|     65538|       no|
        |grp_main_graph_Pipeline_VITIS_LOOP_127_11_VITIS_LOOP_128_12_VITIS_LOOP_129_13_fu_120  |main_graph_Pipeline_VITIS_LOOP_127_11_VITIS_LOOP_128_12_VITIS_LOOP_129_13  |  67108873|  67108873|  0.336 sec|  0.336 sec|  67108873|  67108873|       no|
        |grp_main_graph_Pipeline_VITIS_LOOP_141_15_VITIS_LOOP_142_16_fu_127                    |main_graph_Pipeline_VITIS_LOOP_141_15_VITIS_LOOP_142_16                    |    131081|    131081|   0.655 ms|   0.655 ms|    131081|    131081|       no|
        |grp_main_graph_Pipeline_VITIS_LOOP_55_8_VITIS_LOOP_56_9_VITIS_LOOP_57_10_fu_135       |main_graph_Pipeline_VITIS_LOOP_55_8_VITIS_LOOP_56_9_VITIS_LOOP_57_10       |  67108873|  67108873|  0.336 sec|  0.336 sec|  67108873|  67108873|       no|
        |grp_main_graph_Pipeline_VITIS_LOOP_69_12_VITIS_LOOP_70_13_fu_142                      |main_graph_Pipeline_VITIS_LOOP_69_12_VITIS_LOOP_70_13                      |     65544|     65544|   0.328 ms|   0.328 ms|     65544|     65544|       no|
        +--------------------------------------------------------------------------------------+---------------------------------------------------------------------------+----------+----------+-----------+-----------+----------+----------+---------+

        * Loop: 
        N/A



================================================================
== Utilization Estimates
================================================================
* Summary: 
+---------------------+---------+------+---------+---------+-----+
|         Name        | BRAM_18K|  DSP |    FF   |   LUT   | URAM|
+---------------------+---------+------+---------+---------+-----+
|DSP                  |        -|     -|        -|        -|    -|
|Expression           |        -|     -|        0|        2|    -|
|FIFO                 |        -|     -|        -|        -|    -|
|Instance             |        0|     5|     2083|     3024|    0|
|Memory               |      896|     -|        0|        0|    -|
|Multiplexer          |        -|     -|        -|      463|    -|
|Register             |        -|     -|       19|        -|    -|
+---------------------+---------+------+---------+---------+-----+
|Total                |      896|     5|     2102|     3489|    0|
+---------------------+---------+------+---------+---------+-----+
|Available SLR        |     1344|  3008|   869120|   434560|  320|
+---------------------+---------+------+---------+---------+-----+
|Utilization SLR (%)  |       66|    ~0|       ~0|       ~0|    0|
+---------------------+---------+------+---------+---------+-----+
|Available            |     4032|  9024|  2607360|  1303680|  960|
+---------------------+---------+------+---------+---------+-----+
|Utilization (%)      |       22|    ~0|       ~0|       ~0|    0|
+---------------------+---------+------+---------+---------+-----+

+ Detail: 
    * Instance: 
    +--------------------------------------------------------------------------------------+---------------------------------------------------------------------------+---------+----+-----+-----+-----+
    |                                       Instance                                       |                                   Module                                  | BRAM_18K| DSP|  FF | LUT | URAM|
    +--------------------------------------------------------------------------------------+---------------------------------------------------------------------------+---------+----+-----+-----+-----+
    |ctrl_s_axi_U                                                                          |ctrl_s_axi                                                                 |        0|   0|   36|   40|    0|
    |fadd_32ns_32ns_32_5_full_dsp_1_U23                                                    |fadd_32ns_32ns_32_5_full_dsp_1                                             |        0|   2|  205|  220|    0|
    |fmul_32ns_32ns_32_4_max_dsp_1_U24                                                     |fmul_32ns_32ns_32_4_max_dsp_1                                              |        0|   3|  143|   78|    0|
    |grp_main_graph_Pipeline_VITIS_LOOP_107_5_VITIS_LOOP_108_6_fu_92                       |main_graph_Pipeline_VITIS_LOOP_107_5_VITIS_LOOP_108_6                      |        0|   0|   52|  190|    0|
    |grp_main_graph_Pipeline_VITIS_LOOP_120_8_VITIS_LOOP_121_9_fu_100                      |main_graph_Pipeline_VITIS_LOOP_120_8_VITIS_LOOP_121_9                      |        0|   0|   40|  191|    0|
    |grp_main_graph_Pipeline_VITIS_LOOP_127_11_VITIS_LOOP_128_12_VITIS_LOOP_129_13_fu_120  |main_graph_Pipeline_VITIS_LOOP_127_11_VITIS_LOOP_128_12_VITIS_LOOP_129_13  |        0|   0|  497|  594|    0|
    |grp_main_graph_Pipeline_VITIS_LOOP_141_15_VITIS_LOOP_142_16_fu_127                    |main_graph_Pipeline_VITIS_LOOP_141_15_VITIS_LOOP_142_16                    |        0|   0|  264|  313|    0|
    |grp_main_graph_Pipeline_VITIS_LOOP_35_2_VITIS_LOOP_36_3_fu_106                        |main_graph_Pipeline_VITIS_LOOP_35_2_VITIS_LOOP_36_3                        |        0|   0|   52|  189|    0|
    |grp_main_graph_Pipeline_VITIS_LOOP_48_5_VITIS_LOOP_49_6_fu_114                        |main_graph_Pipeline_VITIS_LOOP_48_5_VITIS_LOOP_49_6                        |        0|   0|   38|  185|    0|
    |grp_main_graph_Pipeline_VITIS_LOOP_55_8_VITIS_LOOP_56_9_VITIS_LOOP_57_10_fu_135       |main_graph_Pipeline_VITIS_LOOP_55_8_VITIS_LOOP_56_9_VITIS_LOOP_57_10       |        0|   0|  498|  595|    0|
    |grp_main_graph_Pipeline_VITIS_LOOP_69_12_VITIS_LOOP_70_13_fu_142                      |main_graph_Pipeline_VITIS_LOOP_69_12_VITIS_LOOP_70_13                      |        0|   0|  203|  235|    0|
    |grp_main_graph_Pipeline_VITIS_LOOP_94_2_VITIS_LOOP_95_3_fu_84                         |main_graph_Pipeline_VITIS_LOOP_94_2_VITIS_LOOP_95_3                        |        0|   0|   55|  194|    0|
    +--------------------------------------------------------------------------------------+---------------------------------------------------------------------------+---------+----+-----+-----+-----+
    |Total                                                                                 |                                                                           |        0|   5| 2083| 3024|    0|
    +--------------------------------------------------------------------------------------+---------------------------------------------------------------------------+---------+----+-----+-----+-----+

    * DSP: 
    N/A

    * Memory: 
    +-------+-----------------------+---------+---+----+-----+--------+-----+------+-------------+
    | Memory|         Module        | BRAM_18K| FF| LUT| URAM|  Words | Bits| Banks| W*Bits*Banks|
    +-------+-----------------------+---------+---+----+-----+--------+-----+------+-------------+
    |v42_U  |v42_RAM_T2P_BRAM_1R1W  |      256|  0|   0|    0|  131072|   32|     1|      4194304|
    |v69_U  |v42_RAM_T2P_BRAM_1R1W  |      256|  0|   0|    0|  131072|   32|     1|      4194304|
    |v4_U   |v4_RAM_T2P_BRAM_1R1W   |       64|  0|   0|    0|   32768|   32|     1|      1048576|
    |v37_U  |v4_RAM_T2P_BRAM_1R1W   |       64|  0|   0|    0|   32768|   32|     1|      1048576|
    |v9_U   |v9_RAM_T2P_BRAM_1R1W   |      128|  0|   0|    0|   65536|   32|     1|      2097152|
    |v32_U  |v9_RAM_T2P_BRAM_1R1W   |      128|  0|   0|    0|   65536|   32|     1|      2097152|
    +-------+-----------------------+---------+---+----+-----+--------+-----+------+-------------+
    |Total  |                       |      896|  0|   0|    0|  458752|  192|     6|     14680064|
    +-------+-----------------------+---------+---+----+-----+--------+-----+------+-------------+

    * FIFO: 
    N/A

    * Expression: 
    +---------------------------------+----------+----+---+----+------------+------------+
    |          Variable Name          | Operation| DSP| FF| LUT| Bitwidth P0| Bitwidth P1|
    +---------------------------------+----------+----+---+----+------------+------------+
    |ap_block_state2_on_subcall_done  |        or|   0|  0|   2|           1|           1|
    +---------------------------------+----------+----+---+----+------------+------------+
    |Total                            |          |   0|  0|   2|           1|           1|
    +---------------------------------+----------+----+---+----+------------+------------+

    * Multiplexer: 
    +---------------+----+-----------+-----+-----------+
    |      Name     | LUT| Input Size| Bits| Total Bits|
    +---------------+----+-----------+-----+-----------+
    |ap_NS_fsm      |  59|         11|    1|         11|
    |grp_fu_151_ce  |  26|          5|    1|          5|
    |grp_fu_151_p0  |  26|          5|   32|        160|
    |grp_fu_151_p1  |  26|          5|   32|        160|
    |grp_fu_155_ce  |  14|          3|    1|          3|
    |grp_fu_155_p0  |  14|          3|   32|         96|
    |grp_fu_155_p1  |  14|          3|   32|         96|
    |v32_address0   |  14|          3|   16|         48|
    |v32_ce0        |  14|          3|    1|          3|
    |v32_we0        |   9|          2|    1|          2|
    |v37_address0   |  14|          3|   15|         45|
    |v37_ce0        |  14|          3|    1|          3|
    |v37_we0        |   9|          2|    1|          2|
    |v42_address0   |  20|          4|   17|         68|
    |v42_ce0        |  20|          4|    1|          4|
    |v42_d0         |  14|          3|   32|         96|
    |v42_we0        |  14|          3|    1|          3|
    |v4_address0    |  14|          3|   15|         45|
    |v4_ce0         |  14|          3|    1|          3|
    |v4_we0         |   9|          2|    1|          2|
    |v69_address0   |  14|          3|   17|         51|
    |v69_ce0        |  14|          3|    1|          3|
    |v69_we0        |   9|          2|    1|          2|
    |v9_address0    |  20|          4|   16|         64|
    |v9_ce0         |  20|          4|    1|          4|
    |v9_d0          |  14|          3|   32|         96|
    |v9_we0         |  14|          3|    1|          3|
    +---------------+----+-----------+-----+-----------+
    |Total          | 463|         95|  303|       1078|
    +---------------+----+-----------+-----+-----------+

    * Register: 
    +---------------------------------------------------------------------------------------------------+----+----+-----+-----------+
    |                                                Name                                               | FF | LUT| Bits| Const Bits|
    +---------------------------------------------------------------------------------------------------+----+----+-----+-----------+
    |ap_CS_fsm                                                                                          |  10|   0|   10|          0|
    |grp_main_graph_Pipeline_VITIS_LOOP_107_5_VITIS_LOOP_108_6_fu_92_ap_start_reg                       |   1|   0|    1|          0|
    |grp_main_graph_Pipeline_VITIS_LOOP_120_8_VITIS_LOOP_121_9_fu_100_ap_start_reg                      |   1|   0|    1|          0|
    |grp_main_graph_Pipeline_VITIS_LOOP_127_11_VITIS_LOOP_128_12_VITIS_LOOP_129_13_fu_120_ap_start_reg  |   1|   0|    1|          0|
    |grp_main_graph_Pipeline_VITIS_LOOP_141_15_VITIS_LOOP_142_16_fu_127_ap_start_reg                    |   1|   0|    1|          0|
    |grp_main_graph_Pipeline_VITIS_LOOP_35_2_VITIS_LOOP_36_3_fu_106_ap_start_reg                        |   1|   0|    1|          0|
    |grp_main_graph_Pipeline_VITIS_LOOP_48_5_VITIS_LOOP_49_6_fu_114_ap_start_reg                        |   1|   0|    1|          0|
    |grp_main_graph_Pipeline_VITIS_LOOP_55_8_VITIS_LOOP_56_9_VITIS_LOOP_57_10_fu_135_ap_start_reg       |   1|   0|    1|          0|
    |grp_main_graph_Pipeline_VITIS_LOOP_69_12_VITIS_LOOP_70_13_fu_142_ap_start_reg                      |   1|   0|    1|          0|
    |grp_main_graph_Pipeline_VITIS_LOOP_94_2_VITIS_LOOP_95_3_fu_84_ap_start_reg                         |   1|   0|    1|          0|
    +---------------------------------------------------------------------------------------------------+----+----+-----+-----------+
    |Total                                                                                              |  19|   0|   19|          0|
    +---------------------------------------------------------------------------------------------------+----+----+-----+-----------+



================================================================
== Interface
================================================================
* Summary: 
+--------------------+-----+-----+------------+--------------+--------------+
|      RTL Ports     | Dir | Bits|  Protocol  | Source Object|    C Type    |
+--------------------+-----+-----+------------+--------------+--------------+
|s_axi_ctrl_AWVALID  |   in|    1|       s_axi|          ctrl|   return void|
|s_axi_ctrl_AWREADY  |  out|    1|       s_axi|          ctrl|   return void|
|s_axi_ctrl_AWADDR   |   in|    4|       s_axi|          ctrl|   return void|
|s_axi_ctrl_WVALID   |   in|    1|       s_axi|          ctrl|   return void|
|s_axi_ctrl_WREADY   |  out|    1|       s_axi|          ctrl|   return void|
|s_axi_ctrl_WDATA    |   in|   32|       s_axi|          ctrl|   return void|
|s_axi_ctrl_WSTRB    |   in|    4|       s_axi|          ctrl|   return void|
|s_axi_ctrl_ARVALID  |   in|    1|       s_axi|          ctrl|   return void|
|s_axi_ctrl_ARREADY  |  out|    1|       s_axi|          ctrl|   return void|
|s_axi_ctrl_ARADDR   |   in|    4|       s_axi|          ctrl|   return void|
|s_axi_ctrl_RVALID   |  out|    1|       s_axi|          ctrl|   return void|
|s_axi_ctrl_RREADY   |   in|    1|       s_axi|          ctrl|   return void|
|s_axi_ctrl_RDATA    |  out|   32|       s_axi|          ctrl|   return void|
|s_axi_ctrl_RRESP    |  out|    2|       s_axi|          ctrl|   return void|
|s_axi_ctrl_BVALID   |  out|    1|       s_axi|          ctrl|   return void|
|s_axi_ctrl_BREADY   |   in|    1|       s_axi|          ctrl|   return void|
|s_axi_ctrl_BRESP    |  out|    2|       s_axi|          ctrl|   return void|
|ap_clk              |   in|    1|  ap_ctrl_hs|    main_graph|  return value|
|ap_rst_n            |   in|    1|  ap_ctrl_hs|    main_graph|  return value|
|interrupt           |  out|    1|  ap_ctrl_hs|    main_graph|  return value|
|v63_Addr_A          |  out|   32|        bram|           v63|         array|
|v63_EN_A            |  out|    1|        bram|           v63|         array|
|v63_WEN_A           |  out|    4|        bram|           v63|         array|
|v63_Din_A           |  out|   32|        bram|           v63|         array|
|v63_Dout_A          |   in|   32|        bram|           v63|         array|
|v63_Clk_A           |  out|    1|        bram|           v63|         array|
|v63_Rst_A           |  out|    1|        bram|           v63|         array|
|v64_Addr_A          |  out|   32|        bram|           v64|         array|
|v64_EN_A            |  out|    1|        bram|           v64|         array|
|v64_WEN_A           |  out|    4|        bram|           v64|         array|
|v64_Din_A           |  out|   32|        bram|           v64|         array|
|v64_Dout_A          |   in|   32|        bram|           v64|         array|
|v64_Clk_A           |  out|    1|        bram|           v64|         array|
|v64_Rst_A           |  out|    1|        bram|           v64|         array|
|v65_Addr_A          |  out|   32|        bram|           v65|         array|
|v65_EN_A            |  out|    1|        bram|           v65|         array|
|v65_WEN_A           |  out|    4|        bram|           v65|         array|
|v65_Din_A           |  out|   32|        bram|           v65|         array|
|v65_Dout_A          |   in|   32|        bram|           v65|         array|
|v65_Clk_A           |  out|    1|        bram|           v65|         array|
|v65_Rst_A           |  out|    1|        bram|           v65|         array|
|v66_Addr_A          |  out|   32|        bram|           v66|         array|
|v66_EN_A            |  out|    1|        bram|           v66|         array|
|v66_WEN_A           |  out|    4|        bram|           v66|         array|
|v66_Din_A           |  out|   32|        bram|           v66|         array|
|v66_Dout_A          |   in|   32|        bram|           v66|         array|
|v66_Clk_A           |  out|    1|        bram|           v66|         array|
|v66_Rst_A           |  out|    1|        bram|           v66|         array|
|v67_Addr_A          |  out|   32|        bram|           v67|         array|
|v67_EN_A            |  out|    1|        bram|           v67|         array|
|v67_WEN_A           |  out|    4|        bram|           v67|         array|
|v67_Din_A           |  out|   32|        bram|           v67|         array|
|v67_Dout_A          |   in|   32|        bram|           v67|         array|
|v67_Clk_A           |  out|    1|        bram|           v67|         array|
|v67_Rst_A           |  out|    1|        bram|           v67|         array|
|v68_Addr_A          |  out|   32|        bram|           v68|         array|
|v68_EN_A            |  out|    1|        bram|           v68|         array|
|v68_WEN_A           |  out|    4|        bram|           v68|         array|
|v68_Din_A           |  out|   32|        bram|           v68|         array|
|v68_Dout_A          |   in|   32|        bram|           v68|         array|
|v68_Clk_A           |  out|    1|        bram|           v68|         array|
|v68_Rst_A           |  out|    1|        bram|           v68|         array|
+--------------------+-----+-----+------------+--------------+--------------+

