

================================================================
== Vitis HLS Report for 'forward'
================================================================
* Date:           Fri Jul 11 00:05:48 2025

* Version:        2023.2 (Build 4023990 on Oct 11 2023)
* Project:        residual-512-8.prj
* Solution:       small-16 (Vivado IP Flow Target)
* Product family: virtexuplusHBM
* Target device:  xcu280-fsvh2892-2L-e


================================================================
== Performance Estimates
================================================================
+ Timing: 
    * Summary: 
    +--------+---------+----------+------------+
    |  Clock |  Target | Estimated| Uncertainty|
    +--------+---------+----------+------------+
    |ap_clk  |  5.00 ns|  5.556 ns|     1.35 ns|
    +--------+---------+----------+------------+

+ Latency: 
    * Summary: 
    +---------+---------+-----------+-----------+---------+---------+---------+
    |  Latency (cycles) |   Latency (absolute)  |      Interval     | Pipeline|
    |   min   |   max   |    min    |    max    |   min   |   max   |   Type  |
    +---------+---------+-----------+-----------+---------+---------+---------+
    |  9361547|  9361547|  52.013 ms|  52.013 ms|  9361548|  9361548|       no|
    +---------+---------+-----------+-----------+---------+---------+---------+

    + Detail: 
        * Instance: 
        +--------------------------------------------------+---------------------------------------+---------+---------+-----------+-----------+---------+---------+---------+
        |                                                  |                                       |  Latency (cycles) |   Latency (absolute)  |      Interval     | Pipeline|
        |                     Instance                     |                 Module                |   min   |   max   |    min    |    max    |   min   |   max   |   Type  |
        +--------------------------------------------------+---------------------------------------+---------+---------+-----------+-----------+---------+---------+---------+
        |grp_forward_Pipeline_loop60_loop61_loop62_fu_498  |forward_Pipeline_loop60_loop61_loop62  |    51989|    51989|   0.260 ms|   0.260 ms|    51989|    51989|       no|
        |grp_forward_Pipeline_loop54_loop55_loop56_fu_518  |forward_Pipeline_loop54_loop55_loop56  |    50181|    50181|   0.251 ms|   0.251 ms|    50181|    50181|       no|
        |grp_node6_fu_546                                  |node6                                  |  7225365|  7225365|  40.144 ms|  40.144 ms|  7225365|  7225365|       no|
        |grp_forward_Pipeline_loop36_loop37_loop38_fu_598  |forward_Pipeline_loop36_loop37_loop38  |    50188|    50188|   0.251 ms|   0.251 ms|    50188|    50188|       no|
        |grp_forward_Pipeline_loop30_loop31_loop32_fu_618  |forward_Pipeline_loop30_loop31_loop32  |    51989|    51989|   0.260 ms|   0.260 ms|    51989|    51989|       no|
        |grp_forward_Pipeline_loop24_loop25_loop26_fu_630  |forward_Pipeline_loop24_loop25_loop26  |    50181|    50181|   0.251 ms|   0.251 ms|    50181|    50181|       no|
        |grp_node2_fu_650                                  |node2                                  |  1806354|  1806354|  10.036 ms|  10.036 ms|  1806354|  1806354|       no|
        |grp_node1_fu_694                                  |node1                                  |    50193|    50193|   0.251 ms|   0.251 ms|    50193|    50193|       no|
        |grp_forward_Pipeline_loop0_loop1_loop2_fu_746     |forward_Pipeline_loop0_loop1_loop2     |    25090|    25090|   0.125 ms|   0.125 ms|    25090|    25090|       no|
        +--------------------------------------------------+---------------------------------------+---------+---------+-----------+-----------+---------+---------+---------+

        * Loop: 
        N/A



================================================================
== Utilization Estimates
================================================================
* Summary: 
+---------------------+---------+------+---------+---------+-----+
|         Name        | BRAM_18K|  DSP |    FF   |   LUT   | URAM|
+---------------------+---------+------+---------+---------+-----+
|DSP                  |        -|     -|        -|        -|    -|
|Expression           |        -|     -|        -|        -|    -|
|FIFO                 |       48|     -|     4560|     3744|    -|
|Instance             |     1568|   232|    35966|    44616|    0|
|Memory               |     3264|     -|        0|        0|    0|
|Multiplexer          |        -|     -|        -|     4971|    -|
|Register             |        -|     -|       27|        -|    -|
+---------------------+---------+------+---------+---------+-----+
|Total                |     4880|   232|    40553|    53331|    0|
+---------------------+---------+------+---------+---------+-----+
|Available SLR        |     1344|  3008|   869120|   434560|  320|
+---------------------+---------+------+---------+---------+-----+
|Utilization SLR (%)  |      363|     7|        4|       12|    0|
+---------------------+---------+------+---------+---------+-----+
|Available            |     4032|  9024|  2607360|  1303680|  960|
+---------------------+---------+------+---------+---------+-----+
|Utilization (%)      |      121|     2|        1|        4|    0|
+---------------------+---------+------+---------+---------+-----+

+ Detail: 
    * Instance: 
    +--------------------------------------------------+---------------------------------------+---------+-----+-------+-------+-----+
    |                     Instance                     |                 Module                | BRAM_18K| DSP |   FF  |  LUT  | URAM|
    +--------------------------------------------------+---------------------------------------+---------+-----+-------+-------+-----+
    |fadd_32ns_32ns_32_4_no_dsp_1_U439                 |fadd_32ns_32ns_32_4_no_dsp_1           |        0|    0|    168|    338|    0|
    |fadd_32ns_32ns_32_4_no_dsp_1_U440                 |fadd_32ns_32ns_32_4_no_dsp_1           |        0|    0|    168|    338|    0|
    |fadd_32ns_32ns_32_4_no_dsp_1_U441                 |fadd_32ns_32ns_32_4_no_dsp_1           |        0|    0|    168|    338|    0|
    |fadd_32ns_32ns_32_4_no_dsp_1_U442                 |fadd_32ns_32ns_32_4_no_dsp_1           |        0|    0|    168|    338|    0|
    |fadd_32ns_32ns_32_4_no_dsp_1_U443                 |fadd_32ns_32ns_32_4_no_dsp_1           |        0|    0|    168|    338|    0|
    |fadd_32ns_32ns_32_4_no_dsp_1_U444                 |fadd_32ns_32ns_32_4_no_dsp_1           |        0|    0|    168|    338|    0|
    |fadd_32ns_32ns_32_4_no_dsp_1_U445                 |fadd_32ns_32ns_32_4_no_dsp_1           |        0|    0|    168|    338|    0|
    |fadd_32ns_32ns_32_4_no_dsp_1_U446                 |fadd_32ns_32ns_32_4_no_dsp_1           |        0|    0|    168|    338|    0|
    |fadd_32ns_32ns_32_4_no_dsp_1_U447                 |fadd_32ns_32ns_32_4_no_dsp_1           |        0|    0|    168|    338|    0|
    |fadd_32ns_32ns_32_4_no_dsp_1_U448                 |fadd_32ns_32ns_32_4_no_dsp_1           |        0|    0|    168|    338|    0|
    |fadd_32ns_32ns_32_4_no_dsp_1_U449                 |fadd_32ns_32ns_32_4_no_dsp_1           |        0|    0|    168|    338|    0|
    |fadd_32ns_32ns_32_4_no_dsp_1_U450                 |fadd_32ns_32ns_32_4_no_dsp_1           |        0|    0|    168|    338|    0|
    |fadd_32ns_32ns_32_4_no_dsp_1_U451                 |fadd_32ns_32ns_32_4_no_dsp_1           |        0|    0|    168|    338|    0|
    |fadd_32ns_32ns_32_4_no_dsp_1_U452                 |fadd_32ns_32ns_32_4_no_dsp_1           |        0|    0|    168|    338|    0|
    |fadd_32ns_32ns_32_4_no_dsp_1_U453                 |fadd_32ns_32ns_32_4_no_dsp_1           |        0|    0|    168|    338|    0|
    |fadd_32ns_32ns_32_4_no_dsp_1_U454                 |fadd_32ns_32ns_32_4_no_dsp_1           |        0|    0|    168|    338|    0|
    |fadd_32ns_32ns_32_5_full_dsp_1_U471               |fadd_32ns_32ns_32_5_full_dsp_1         |        0|    2|    205|    220|    0|
    |fadd_32ns_32ns_32_5_full_dsp_1_U472               |fadd_32ns_32ns_32_5_full_dsp_1         |        0|    2|    205|    220|    0|
    |fadd_32ns_32ns_32_5_full_dsp_1_U473               |fadd_32ns_32ns_32_5_full_dsp_1         |        0|    2|    205|    220|    0|
    |fadd_32ns_32ns_32_5_full_dsp_1_U474               |fadd_32ns_32ns_32_5_full_dsp_1         |        0|    2|    205|    220|    0|
    |fadd_32ns_32ns_32_5_full_dsp_1_U475               |fadd_32ns_32ns_32_5_full_dsp_1         |        0|    2|    205|    220|    0|
    |fadd_32ns_32ns_32_5_full_dsp_1_U476               |fadd_32ns_32ns_32_5_full_dsp_1         |        0|    2|    205|    220|    0|
    |fadd_32ns_32ns_32_5_full_dsp_1_U477               |fadd_32ns_32ns_32_5_full_dsp_1         |        0|    2|    205|    220|    0|
    |fadd_32ns_32ns_32_5_full_dsp_1_U478               |fadd_32ns_32ns_32_5_full_dsp_1         |        0|    2|    205|    220|    0|
    |fcmp_32ns_32ns_1_2_no_dsp_1_U479                  |fcmp_32ns_32ns_1_2_no_dsp_1            |        0|    0|      0|      0|    0|
    |fcmp_32ns_32ns_1_2_no_dsp_1_U480                  |fcmp_32ns_32ns_1_2_no_dsp_1            |        0|    0|      0|      0|    0|
    |fcmp_32ns_32ns_1_2_no_dsp_1_U481                  |fcmp_32ns_32ns_1_2_no_dsp_1            |        0|    0|      0|      0|    0|
    |fcmp_32ns_32ns_1_2_no_dsp_1_U482                  |fcmp_32ns_32ns_1_2_no_dsp_1            |        0|    0|      0|      0|    0|
    |fcmp_32ns_32ns_1_2_no_dsp_1_U483                  |fcmp_32ns_32ns_1_2_no_dsp_1            |        0|    0|      0|      0|    0|
    |fcmp_32ns_32ns_1_2_no_dsp_1_U484                  |fcmp_32ns_32ns_1_2_no_dsp_1            |        0|    0|      0|      0|    0|
    |fcmp_32ns_32ns_1_2_no_dsp_1_U485                  |fcmp_32ns_32ns_1_2_no_dsp_1            |        0|    0|      0|      0|    0|
    |fcmp_32ns_32ns_1_2_no_dsp_1_U486                  |fcmp_32ns_32ns_1_2_no_dsp_1            |        0|    0|      0|      0|    0|
    |fmul_32ns_32ns_32_4_max_dsp_1_U455                |fmul_32ns_32ns_32_4_max_dsp_1          |        0|    3|    143|     78|    0|
    |fmul_32ns_32ns_32_4_max_dsp_1_U456                |fmul_32ns_32ns_32_4_max_dsp_1          |        0|    3|    143|     78|    0|
    |fmul_32ns_32ns_32_4_max_dsp_1_U457                |fmul_32ns_32ns_32_4_max_dsp_1          |        0|    3|    143|     78|    0|
    |fmul_32ns_32ns_32_4_max_dsp_1_U458                |fmul_32ns_32ns_32_4_max_dsp_1          |        0|    3|    143|     78|    0|
    |fmul_32ns_32ns_32_4_max_dsp_1_U459                |fmul_32ns_32ns_32_4_max_dsp_1          |        0|    3|    143|     78|    0|
    |fmul_32ns_32ns_32_4_max_dsp_1_U460                |fmul_32ns_32ns_32_4_max_dsp_1          |        0|    3|    143|     78|    0|
    |fmul_32ns_32ns_32_4_max_dsp_1_U461                |fmul_32ns_32ns_32_4_max_dsp_1          |        0|    3|    143|     78|    0|
    |fmul_32ns_32ns_32_4_max_dsp_1_U462                |fmul_32ns_32ns_32_4_max_dsp_1          |        0|    3|    143|     78|    0|
    |fmul_32ns_32ns_32_4_max_dsp_1_U463                |fmul_32ns_32ns_32_4_max_dsp_1          |        0|    3|    143|     78|    0|
    |fmul_32ns_32ns_32_4_max_dsp_1_U464                |fmul_32ns_32ns_32_4_max_dsp_1          |        0|    3|    143|     78|    0|
    |fmul_32ns_32ns_32_4_max_dsp_1_U465                |fmul_32ns_32ns_32_4_max_dsp_1          |        0|    3|    143|     78|    0|
    |fmul_32ns_32ns_32_4_max_dsp_1_U466                |fmul_32ns_32ns_32_4_max_dsp_1          |        0|    3|    143|     78|    0|
    |fmul_32ns_32ns_32_4_max_dsp_1_U467                |fmul_32ns_32ns_32_4_max_dsp_1          |        0|    3|    143|     78|    0|
    |fmul_32ns_32ns_32_4_max_dsp_1_U468                |fmul_32ns_32ns_32_4_max_dsp_1          |        0|    3|    143|     78|    0|
    |fmul_32ns_32ns_32_4_max_dsp_1_U469                |fmul_32ns_32ns_32_4_max_dsp_1          |        0|    3|    143|     78|    0|
    |fmul_32ns_32ns_32_4_max_dsp_1_U470                |fmul_32ns_32ns_32_4_max_dsp_1          |        0|    3|    143|     78|    0|
    |grp_forward_Pipeline_loop0_loop1_loop2_fu_746     |forward_Pipeline_loop0_loop1_loop2     |        0|    0|     58|    458|    0|
    |grp_forward_Pipeline_loop24_loop25_loop26_fu_630  |forward_Pipeline_loop24_loop25_loop26  |        0|    2|    140|    444|    0|
    |grp_forward_Pipeline_loop30_loop31_loop32_fu_618  |forward_Pipeline_loop30_loop31_loop32  |        0|    1|    143|    320|    0|
    |grp_forward_Pipeline_loop36_loop37_loop38_fu_598  |forward_Pipeline_loop36_loop37_loop38  |        0|    0|    807|    882|    0|
    |grp_forward_Pipeline_loop54_loop55_loop56_fu_518  |forward_Pipeline_loop54_loop55_loop56  |        0|    2|    192|    427|    0|
    |grp_forward_Pipeline_loop60_loop61_loop62_fu_498  |forward_Pipeline_loop60_loop61_loop62  |        0|    1|    143|    320|    0|
    |grp_node1_fu_694                                  |node1                                  |        0|   16|   4323|   5007|    0|
    |grp_node2_fu_650                                  |node2                                  |      784|  144|  18954|  24724|    0|
    |grp_node6_fu_546                                  |node6                                  |      784|    2|   4590|   3618|    0|
    +--------------------------------------------------+---------------------------------------+---------+-----+-------+-------+-----+
    |Total                                             |                                       |     1568|  232|  35966|  44616|    0|
    +--------------------------------------------------+---------------------------------------+---------+-----+-------+-------+-----+

    * DSP: 
    N/A

    * Memory: 
    +----------+-------------------------+---------+---+----+-----+-------+-----+------+-------------+
    |  Memory  |          Module         | BRAM_18K| FF| LUT| URAM| Words | Bits| Banks| W*Bits*Banks|
    +----------+-------------------------+---------+---+----+-----+-------+-----+------+-------------+
    |v136_U    |v136_RAM_1WNR_AUTO_1R1W  |      306|  0|   0|    0|  51984|   32|     1|      1663488|
    |v136_1_U  |v136_RAM_1WNR_AUTO_1R1W  |      306|  0|   0|    0|  51984|   32|     1|      1663488|
    |v136_2_U  |v136_RAM_1WNR_AUTO_1R1W  |      306|  0|   0|    0|  51984|   32|     1|      1663488|
    |v136_3_U  |v136_RAM_1WNR_AUTO_1R1W  |      306|  0|   0|    0|  51984|   32|     1|      1663488|
    |v136_4_U  |v136_RAM_1WNR_AUTO_1R1W  |      306|  0|   0|    0|  51984|   32|     1|      1663488|
    |v136_5_U  |v136_RAM_1WNR_AUTO_1R1W  |      306|  0|   0|    0|  51984|   32|     1|      1663488|
    |v136_6_U  |v136_RAM_1WNR_AUTO_1R1W  |      306|  0|   0|    0|  51984|   32|     1|      1663488|
    |v136_7_U  |v136_RAM_1WNR_AUTO_1R1W  |      306|  0|   0|    0|  51984|   32|     1|      1663488|
    |v139_U    |v139_RAM_AUTO_1R1W       |      102|  0|   0|    0|  51984|   32|     1|      1663488|
    |v139_1_U  |v139_RAM_AUTO_1R1W       |      102|  0|   0|    0|  51984|   32|     1|      1663488|
    |v139_2_U  |v139_RAM_AUTO_1R1W       |      102|  0|   0|    0|  51984|   32|     1|      1663488|
    |v139_3_U  |v139_RAM_AUTO_1R1W       |      102|  0|   0|    0|  51984|   32|     1|      1663488|
    |v139_4_U  |v139_RAM_AUTO_1R1W       |      102|  0|   0|    0|  51984|   32|     1|      1663488|
    |v139_5_U  |v139_RAM_AUTO_1R1W       |      102|  0|   0|    0|  51984|   32|     1|      1663488|
    |v139_6_U  |v139_RAM_AUTO_1R1W       |      102|  0|   0|    0|  51984|   32|     1|      1663488|
    |v139_7_U  |v139_RAM_AUTO_1R1W       |      102|  0|   0|    0|  51984|   32|     1|      1663488|
    +----------+-------------------------+---------+---+----+-----+-------+-----+------+-------------+
    |Total     |                         |     3264|  0|   0|    0| 831744|  512|    16|     26615808|
    +----------+-------------------------+---------+---+----+-----+-------+-----+------+-------------+

    * FIFO: 
    +----------------+---------+----+----+-----+-------+-----+---------+
    |      Name      | BRAM_18K| FF | LUT| URAM| Depth | Bits| Size:D*B|
    +----------------+---------+----+----+-----+-------+-----+---------+
    |v134_10_fifo_U  |        1|  95|   0|    -|  25088|   32|   802816|
    |v134_11_fifo_U  |        1|  95|   0|    -|  25088|   32|   802816|
    |v134_12_fifo_U  |        1|  95|   0|    -|  25088|   32|   802816|
    |v134_13_fifo_U  |        1|  95|   0|    -|  25088|   32|   802816|
    |v134_14_fifo_U  |        1|  95|   0|    -|  25088|   32|   802816|
    |v134_15_fifo_U  |        1|  95|   0|    -|  25088|   32|   802816|
    |v134_1_fifo_U   |        1|  95|   0|    -|  25088|   32|   802816|
    |v134_2_fifo_U   |        1|  95|   0|    -|  25088|   32|   802816|
    |v134_3_fifo_U   |        1|  95|   0|    -|  25088|   32|   802816|
    |v134_4_fifo_U   |        1|  95|   0|    -|  25088|   32|   802816|
    |v134_5_fifo_U   |        1|  95|   0|    -|  25088|   32|   802816|
    |v134_6_fifo_U   |        1|  95|   0|    -|  25088|   32|   802816|
    |v134_7_fifo_U   |        1|  95|   0|    -|  25088|   32|   802816|
    |v134_8_fifo_U   |        1|  95|   0|    -|  25088|   32|   802816|
    |v134_9_fifo_U   |        1|  95|   0|    -|  25088|   32|   802816|
    |v134_fifo_U     |        1|  95|   0|    -|  25088|   32|   802816|
    |v135_10_fifo_U  |        1|  95|   0|    -|  25088|   32|   802816|
    |v135_11_fifo_U  |        1|  95|   0|    -|  25088|   32|   802816|
    |v135_12_fifo_U  |        1|  95|   0|    -|  25088|   32|   802816|
    |v135_13_fifo_U  |        1|  95|   0|    -|  25088|   32|   802816|
    |v135_14_fifo_U  |        1|  95|   0|    -|  25088|   32|   802816|
    |v135_15_fifo_U  |        1|  95|   0|    -|  25088|   32|   802816|
    |v135_1_fifo_U   |        1|  95|   0|    -|  25088|   32|   802816|
    |v135_2_fifo_U   |        1|  95|   0|    -|  25088|   32|   802816|
    |v135_3_fifo_U   |        1|  95|   0|    -|  25088|   32|   802816|
    |v135_4_fifo_U   |        1|  95|   0|    -|  25088|   32|   802816|
    |v135_5_fifo_U   |        1|  95|   0|    -|  25088|   32|   802816|
    |v135_6_fifo_U   |        1|  95|   0|    -|  25088|   32|   802816|
    |v135_7_fifo_U   |        1|  95|   0|    -|  25088|   32|   802816|
    |v135_8_fifo_U   |        1|  95|   0|    -|  25088|   32|   802816|
    |v135_9_fifo_U   |        1|  95|   0|    -|  25088|   32|   802816|
    |v135_fifo_U     |        1|  95|   0|    -|  25088|   32|   802816|
    |v137_10_fifo_U  |        1|  95|   0|    -|  50176|   32|  1605632|
    |v137_11_fifo_U  |        1|  95|   0|    -|  50176|   32|  1605632|
    |v137_12_fifo_U  |        1|  95|   0|    -|  50176|   32|  1605632|
    |v137_13_fifo_U  |        1|  95|   0|    -|  50176|   32|  1605632|
    |v137_14_fifo_U  |        1|  95|   0|    -|  50176|   32|  1605632|
    |v137_8_fifo_U   |        1|  95|   0|    -|  50176|   32|  1605632|
    |v137_9_fifo_U   |        1|  95|   0|    -|  50176|   32|  1605632|
    |v137_fifo_U     |        1|  95|   0|    -|  50176|   32|  1605632|
    |v138_1_fifo_U   |        1|  95|   0|    -|  50176|   32|  1605632|
    |v138_2_fifo_U   |        1|  95|   0|    -|  50176|   32|  1605632|
    |v138_3_fifo_U   |        1|  95|   0|    -|  50176|   32|  1605632|
    |v138_4_fifo_U   |        1|  95|   0|    -|  50176|   32|  1605632|
    |v138_5_fifo_U   |        1|  95|   0|    -|  50176|   32|  1605632|
    |v138_6_fifo_U   |        1|  95|   0|    -|  50176|   32|  1605632|
    |v138_7_fifo_U   |        1|  95|   0|    -|  50176|   32|  1605632|
    |v138_fifo_U     |        1|  95|   0|    -|  50176|   32|  1605632|
    +----------------+---------+----+----+-----+-------+-----+---------+
    |Total           |       48|4560|   0|    0|1605632| 1536| 51380224|
    +----------------+---------+----+----+-----+-------+-----+---------+

    * Expression: 
    N/A

    * Multiplexer: 
    +--------------------+----+-----------+-----+-----------+
    |        Name        | LUT| Input Size| Bits| Total Bits|
    +--------------------+----+-----------+-----+-----------+
    |ap_NS_fsm           |  91|         19|    1|         19|
    |grp_fu_1086_ce      |  14|          3|    1|          3|
    |grp_fu_1086_p0      |  14|          3|   32|         96|
    |grp_fu_1086_p1      |  14|          3|   32|         96|
    |grp_fu_1090_ce      |  14|          3|    1|          3|
    |grp_fu_1090_p0      |  14|          3|   32|         96|
    |grp_fu_1090_p1      |  14|          3|   32|         96|
    |grp_fu_1094_ce      |  14|          3|    1|          3|
    |grp_fu_1094_p0      |  14|          3|   32|         96|
    |grp_fu_1094_p1      |  14|          3|   32|         96|
    |grp_fu_1098_ce      |  14|          3|    1|          3|
    |grp_fu_1098_p0      |  14|          3|   32|         96|
    |grp_fu_1098_p1      |  14|          3|   32|         96|
    |grp_fu_1102_ce      |  14|          3|    1|          3|
    |grp_fu_1102_p0      |  14|          3|   32|         96|
    |grp_fu_1102_p1      |  14|          3|   32|         96|
    |grp_fu_1106_ce      |  14|          3|    1|          3|
    |grp_fu_1106_p0      |  14|          3|   32|         96|
    |grp_fu_1106_p1      |  14|          3|   32|         96|
    |grp_fu_1110_ce      |  14|          3|    1|          3|
    |grp_fu_1110_p0      |  14|          3|   32|         96|
    |grp_fu_1110_p1      |  14|          3|   32|         96|
    |grp_fu_1114_ce      |  14|          3|    1|          3|
    |grp_fu_1114_p0      |  14|          3|   32|         96|
    |grp_fu_1114_p1      |  14|          3|   32|         96|
    |grp_fu_1118_ce      |  14|          3|    1|          3|
    |grp_fu_1118_p0      |  14|          3|   32|         96|
    |grp_fu_1118_p1      |  14|          3|   32|         96|
    |grp_fu_1122_ce      |  14|          3|    1|          3|
    |grp_fu_1122_p0      |  14|          3|   32|         96|
    |grp_fu_1122_p1      |  14|          3|   32|         96|
    |grp_fu_1126_ce      |  14|          3|    1|          3|
    |grp_fu_1126_p0      |  14|          3|   32|         96|
    |grp_fu_1126_p1      |  14|          3|   32|         96|
    |grp_fu_1130_ce      |  14|          3|    1|          3|
    |grp_fu_1130_p0      |  14|          3|   32|         96|
    |grp_fu_1130_p1      |  14|          3|   32|         96|
    |grp_fu_1134_ce      |  14|          3|    1|          3|
    |grp_fu_1134_p0      |  14|          3|   32|         96|
    |grp_fu_1134_p1      |  14|          3|   32|         96|
    |grp_fu_1138_ce      |  14|          3|    1|          3|
    |grp_fu_1138_p0      |  14|          3|   32|         96|
    |grp_fu_1138_p1      |  14|          3|   32|         96|
    |grp_fu_1142_ce      |  14|          3|    1|          3|
    |grp_fu_1142_p0      |  14|          3|   32|         96|
    |grp_fu_1142_p1      |  14|          3|   32|         96|
    |grp_fu_1146_ce      |  14|          3|    1|          3|
    |grp_fu_1146_p0      |  14|          3|   32|         96|
    |grp_fu_1146_p1      |  14|          3|   32|         96|
    |grp_fu_1150_ce      |  26|          5|    1|          5|
    |grp_fu_1150_p0      |  26|          5|   32|        160|
    |grp_fu_1150_p1      |  26|          5|   32|        160|
    |grp_fu_1154_ce      |  26|          5|    1|          5|
    |grp_fu_1154_p0      |  26|          5|   32|        160|
    |grp_fu_1154_p1      |  26|          5|   32|        160|
    |grp_fu_1158_ce      |  26|          5|    1|          5|
    |grp_fu_1158_p0      |  26|          5|   32|        160|
    |grp_fu_1158_p1      |  26|          5|   32|        160|
    |grp_fu_1162_ce      |  26|          5|    1|          5|
    |grp_fu_1162_p0      |  26|          5|   32|        160|
    |grp_fu_1162_p1      |  26|          5|   32|        160|
    |grp_fu_1166_ce      |  26|          5|    1|          5|
    |grp_fu_1166_p0      |  26|          5|   32|        160|
    |grp_fu_1166_p1      |  26|          5|   32|        160|
    |grp_fu_1170_ce      |  26|          5|    1|          5|
    |grp_fu_1170_p0      |  26|          5|   32|        160|
    |grp_fu_1170_p1      |  26|          5|   32|        160|
    |grp_fu_1174_ce      |  26|          5|    1|          5|
    |grp_fu_1174_p0      |  26|          5|   32|        160|
    |grp_fu_1174_p1      |  26|          5|   32|        160|
    |grp_fu_1178_ce      |  26|          5|    1|          5|
    |grp_fu_1178_p0      |  26|          5|   32|        160|
    |grp_fu_1178_p1      |  26|          5|   32|        160|
    |grp_fu_1182_ce      |  14|          3|    1|          3|
    |grp_fu_1182_p0      |  14|          3|   32|         96|
    |grp_fu_1182_p1      |  14|          3|   32|         96|
    |grp_fu_1186_ce      |  14|          3|    1|          3|
    |grp_fu_1186_p0      |  14|          3|   32|         96|
    |grp_fu_1186_p1      |  14|          3|   32|         96|
    |grp_fu_1190_ce      |  14|          3|    1|          3|
    |grp_fu_1190_p0      |  14|          3|   32|         96|
    |grp_fu_1190_p1      |  14|          3|   32|         96|
    |grp_fu_1194_ce      |  14|          3|    1|          3|
    |grp_fu_1194_p0      |  14|          3|   32|         96|
    |grp_fu_1194_p1      |  14|          3|   32|         96|
    |grp_fu_1198_ce      |  14|          3|    1|          3|
    |grp_fu_1198_p0      |  14|          3|   32|         96|
    |grp_fu_1198_p1      |  14|          3|   32|         96|
    |grp_fu_1202_ce      |  14|          3|    1|          3|
    |grp_fu_1202_p0      |  14|          3|   32|         96|
    |grp_fu_1202_p1      |  14|          3|   32|         96|
    |grp_fu_1206_ce      |  14|          3|    1|          3|
    |grp_fu_1206_p0      |  14|          3|   32|         96|
    |grp_fu_1206_p1      |  14|          3|   32|         96|
    |grp_fu_1210_ce      |  14|          3|    1|          3|
    |grp_fu_1210_p0      |  14|          3|   32|         96|
    |grp_fu_1210_p1      |  14|          3|   32|         96|
    |grp_fu_1214_ce      |  14|          3|    1|          3|
    |grp_fu_1214_p0      |  14|          3|   32|         96|
    |grp_fu_1214_p1      |  14|          3|   32|         96|
    |grp_fu_1218_ce      |  14|          3|    1|          3|
    |grp_fu_1218_p0      |  14|          3|   32|         96|
    |grp_fu_1218_p1      |  14|          3|   32|         96|
    |grp_fu_1222_ce      |  14|          3|    1|          3|
    |grp_fu_1222_p0      |  14|          3|   32|         96|
    |grp_fu_1222_p1      |  14|          3|   32|         96|
    |grp_fu_1226_ce      |  14|          3|    1|          3|
    |grp_fu_1226_p0      |  14|          3|   32|         96|
    |grp_fu_1226_p1      |  14|          3|   32|         96|
    |grp_fu_1230_ce      |  14|          3|    1|          3|
    |grp_fu_1230_p0      |  14|          3|   32|         96|
    |grp_fu_1230_p1      |  14|          3|   32|         96|
    |grp_fu_1234_ce      |  14|          3|    1|          3|
    |grp_fu_1234_p0      |  14|          3|   32|         96|
    |grp_fu_1234_p1      |  14|          3|   32|         96|
    |grp_fu_1238_ce      |  14|          3|    1|          3|
    |grp_fu_1238_p0      |  14|          3|   32|         96|
    |grp_fu_1238_p1      |  14|          3|   32|         96|
    |grp_fu_1242_ce      |  14|          3|    1|          3|
    |grp_fu_1242_p0      |  14|          3|   32|         96|
    |grp_fu_1242_p1      |  14|          3|   32|         96|
    |grp_fu_1246_ce      |  14|          3|    1|          3|
    |grp_fu_1246_opcode  |  14|          3|    5|         15|
    |grp_fu_1246_p0      |  14|          3|   32|         96|
    |grp_fu_1246_p1      |  14|          3|   32|         96|
    |grp_fu_1250_ce      |  14|          3|    1|          3|
    |grp_fu_1250_opcode  |  14|          3|    5|         15|
    |grp_fu_1250_p0      |  14|          3|   32|         96|
    |grp_fu_1250_p1      |  14|          3|   32|         96|
    |grp_fu_1254_ce      |  14|          3|    1|          3|
    |grp_fu_1254_opcode  |  14|          3|    5|         15|
    |grp_fu_1254_p0      |  14|          3|   32|         96|
    |grp_fu_1254_p1      |  14|          3|   32|         96|
    |grp_fu_1258_ce      |  14|          3|    1|          3|
    |grp_fu_1258_opcode  |  14|          3|    5|         15|
    |grp_fu_1258_p0      |  14|          3|   32|         96|
    |grp_fu_1258_p1      |  14|          3|   32|         96|
    |grp_fu_1262_ce      |  14|          3|    1|          3|
    |grp_fu_1262_opcode  |  14|          3|    5|         15|
    |grp_fu_1262_p0      |  14|          3|   32|         96|
    |grp_fu_1262_p1      |  14|          3|   32|         96|
    |grp_fu_1266_ce      |  14|          3|    1|          3|
    |grp_fu_1266_opcode  |  14|          3|    5|         15|
    |grp_fu_1266_p0      |  14|          3|   32|         96|
    |grp_fu_1266_p1      |  14|          3|   32|         96|
    |grp_fu_1270_ce      |  14|          3|    1|          3|
    |grp_fu_1270_opcode  |  14|          3|    5|         15|
    |grp_fu_1270_p0      |  14|          3|   32|         96|
    |grp_fu_1270_p1      |  14|          3|   32|         96|
    |grp_fu_1274_ce      |  14|          3|    1|          3|
    |grp_fu_1274_opcode  |  14|          3|    5|         15|
    |grp_fu_1274_p0      |  14|          3|   32|         96|
    |grp_fu_1274_p1      |  14|          3|   32|         96|
    |v130_0_0_address0   |  14|          3|   16|         48|
    |v130_0_0_ce0        |  14|          3|    1|          3|
    |v130_0_0_ce1        |   9|          2|    1|          2|
    |v130_0_1_address0   |  14|          3|   16|         48|
    |v130_0_1_ce0        |  14|          3|    1|          3|
    |v130_0_1_ce1        |   9|          2|    1|          2|
    |v130_1_0_address0   |  14|          3|   16|         48|
    |v130_1_0_ce0        |  14|          3|    1|          3|
    |v130_1_0_ce1        |   9|          2|    1|          2|
    |v130_1_1_address0   |  14|          3|   16|         48|
    |v130_1_1_ce0        |  14|          3|    1|          3|
    |v130_1_1_ce1        |   9|          2|    1|          2|
    |v130_2_0_address0   |  14|          3|   16|         48|
    |v130_2_0_ce0        |  14|          3|    1|          3|
    |v130_2_0_ce1        |   9|          2|    1|          2|
    |v130_2_1_address0   |  14|          3|   16|         48|
    |v130_2_1_ce0        |  14|          3|    1|          3|
    |v130_2_1_ce1        |   9|          2|    1|          2|
    |v130_3_0_address0   |  14|          3|   16|         48|
    |v130_3_0_ce0        |  14|          3|    1|          3|
    |v130_3_0_ce1        |   9|          2|    1|          2|
    |v130_3_1_address0   |  14|          3|   16|         48|
    |v130_3_1_ce0        |  14|          3|    1|          3|
    |v130_3_1_ce1        |   9|          2|    1|          2|
    |v134_10_read        |   9|          2|    1|          2|
    |v134_10_write       |   9|          2|    1|          2|
    |v134_11_read        |   9|          2|    1|          2|
    |v134_11_write       |   9|          2|    1|          2|
    |v134_12_read        |   9|          2|    1|          2|
    |v134_12_write       |   9|          2|    1|          2|
    |v134_13_read        |   9|          2|    1|          2|
    |v134_13_write       |   9|          2|    1|          2|
    |v134_14_read        |   9|          2|    1|          2|
    |v134_14_write       |   9|          2|    1|          2|
    |v134_15_read        |   9|          2|    1|          2|
    |v134_15_write       |   9|          2|    1|          2|
    |v134_1_read         |   9|          2|    1|          2|
    |v134_1_write        |   9|          2|    1|          2|
    |v134_2_read         |   9|          2|    1|          2|
    |v134_2_write        |   9|          2|    1|          2|
    |v134_3_read         |   9|          2|    1|          2|
    |v134_3_write        |   9|          2|    1|          2|
    |v134_4_read         |   9|          2|    1|          2|
    |v134_4_write        |   9|          2|    1|          2|
    |v134_5_read         |   9|          2|    1|          2|
    |v134_5_write        |   9|          2|    1|          2|
    |v134_6_read         |   9|          2|    1|          2|
    |v134_6_write        |   9|          2|    1|          2|
    |v134_7_read         |   9|          2|    1|          2|
    |v134_7_write        |   9|          2|    1|          2|
    |v134_8_read         |   9|          2|    1|          2|
    |v134_8_write        |   9|          2|    1|          2|
    |v134_9_read         |   9|          2|    1|          2|
    |v134_9_write        |   9|          2|    1|          2|
    |v134_read           |   9|          2|    1|          2|
    |v134_write          |   9|          2|    1|          2|
    |v135_10_read        |   9|          2|    1|          2|
    |v135_10_write       |   9|          2|    1|          2|
    |v135_11_read        |   9|          2|    1|          2|
    |v135_11_write       |   9|          2|    1|          2|
    |v135_12_read        |   9|          2|    1|          2|
    |v135_12_write       |   9|          2|    1|          2|
    |v135_13_read        |   9|          2|    1|          2|
    |v135_13_write       |   9|          2|    1|          2|
    |v135_14_read        |   9|          2|    1|          2|
    |v135_14_write       |   9|          2|    1|          2|
    |v135_15_read        |   9|          2|    1|          2|
    |v135_15_write       |   9|          2|    1|          2|
    |v135_1_read         |   9|          2|    1|          2|
    |v135_1_write        |   9|          2|    1|          2|
    |v135_2_read         |   9|          2|    1|          2|
    |v135_2_write        |   9|          2|    1|          2|
    |v135_3_read         |   9|          2|    1|          2|
    |v135_3_write        |   9|          2|    1|          2|
    |v135_4_read         |   9|          2|    1|          2|
    |v135_4_write        |   9|          2|    1|          2|
    |v135_5_read         |   9|          2|    1|          2|
    |v135_5_write        |   9|          2|    1|          2|
    |v135_6_read         |   9|          2|    1|          2|
    |v135_6_write        |   9|          2|    1|          2|
    |v135_7_read         |   9|          2|    1|          2|
    |v135_7_write        |   9|          2|    1|          2|
    |v135_8_read         |   9|          2|    1|          2|
    |v135_8_write        |   9|          2|    1|          2|
    |v135_9_read         |   9|          2|    1|          2|
    |v135_9_write        |   9|          2|    1|          2|
    |v135_read           |   9|          2|    1|          2|
    |v135_write          |   9|          2|    1|          2|
    |v136_1_address0     |  20|          4|   16|         64|
    |v136_1_ce0          |  20|          4|    1|          4|
    |v136_1_ce1          |   9|          2|    1|          2|
    |v136_1_ce2          |   9|          2|    1|          2|
    |v136_1_ce3          |   9|          2|    1|          2|
    |v136_1_d0           |  14|          3|   32|         96|
    |v136_1_we0          |  14|          3|    1|          3|
    |v136_2_address0     |  20|          4|   16|         64|
    |v136_2_ce0          |  20|          4|    1|          4|
    |v136_2_ce1          |   9|          2|    1|          2|
    |v136_2_ce2          |   9|          2|    1|          2|
    |v136_2_ce3          |   9|          2|    1|          2|
    |v136_2_d0           |  14|          3|   32|         96|
    |v136_2_we0          |  14|          3|    1|          3|
    |v136_3_address0     |  20|          4|   16|         64|
    |v136_3_ce0          |  20|          4|    1|          4|
    |v136_3_ce1          |   9|          2|    1|          2|
    |v136_3_ce2          |   9|          2|    1|          2|
    |v136_3_ce3          |   9|          2|    1|          2|
    |v136_3_d0           |  14|          3|   32|         96|
    |v136_3_we0          |  14|          3|    1|          3|
    |v136_4_address0     |  20|          4|   16|         64|
    |v136_4_ce0          |  20|          4|    1|          4|
    |v136_4_ce1          |   9|          2|    1|          2|
    |v136_4_ce2          |   9|          2|    1|          2|
    |v136_4_ce3          |   9|          2|    1|          2|
    |v136_4_d0           |  14|          3|   32|         96|
    |v136_4_we0          |  14|          3|    1|          3|
    |v136_5_address0     |  20|          4|   16|         64|
    |v136_5_ce0          |  20|          4|    1|          4|
    |v136_5_ce1          |   9|          2|    1|          2|
    |v136_5_ce2          |   9|          2|    1|          2|
    |v136_5_ce3          |   9|          2|    1|          2|
    |v136_5_d0           |  14|          3|   32|         96|
    |v136_5_we0          |  14|          3|    1|          3|
    |v136_6_address0     |  20|          4|   16|         64|
    |v136_6_ce0          |  20|          4|    1|          4|
    |v136_6_ce1          |   9|          2|    1|          2|
    |v136_6_ce2          |   9|          2|    1|          2|
    |v136_6_ce3          |   9|          2|    1|          2|
    |v136_6_d0           |  14|          3|   32|         96|
    |v136_6_we0          |  14|          3|    1|          3|
    |v136_7_address0     |  20|          4|   16|         64|
    |v136_7_ce0          |  20|          4|    1|          4|
    |v136_7_ce1          |   9|          2|    1|          2|
    |v136_7_ce2          |   9|          2|    1|          2|
    |v136_7_ce3          |   9|          2|    1|          2|
    |v136_7_d0           |  14|          3|   32|         96|
    |v136_7_we0          |  14|          3|    1|          3|
    |v136_address0       |  20|          4|   16|         64|
    |v136_ce0            |  20|          4|    1|          4|
    |v136_ce1            |   9|          2|    1|          2|
    |v136_ce2            |   9|          2|    1|          2|
    |v136_ce3            |   9|          2|    1|          2|
    |v136_d0             |  14|          3|   32|         96|
    |v136_we0            |  14|          3|    1|          3|
    |v137_10_read        |   9|          2|    1|          2|
    |v137_10_write       |   9|          2|    1|          2|
    |v137_11_read        |   9|          2|    1|          2|
    |v137_11_write       |   9|          2|    1|          2|
    |v137_12_read        |   9|          2|    1|          2|
    |v137_12_write       |   9|          2|    1|          2|
    |v137_13_read        |   9|          2|    1|          2|
    |v137_13_write       |   9|          2|    1|          2|
    |v137_14_read        |   9|          2|    1|          2|
    |v137_14_write       |   9|          2|    1|          2|
    |v137_8_read         |   9|          2|    1|          2|
    |v137_8_write        |   9|          2|    1|          2|
    |v137_9_read         |   9|          2|    1|          2|
    |v137_9_write        |   9|          2|    1|          2|
    |v137_read           |   9|          2|    1|          2|
    |v137_write          |   9|          2|    1|          2|
    |v138_1_read         |   9|          2|    1|          2|
    |v138_1_write        |   9|          2|    1|          2|
    |v138_2_read         |   9|          2|    1|          2|
    |v138_2_write        |   9|          2|    1|          2|
    |v138_3_read         |   9|          2|    1|          2|
    |v138_3_write        |   9|          2|    1|          2|
    |v138_4_read         |   9|          2|    1|          2|
    |v138_4_write        |   9|          2|    1|          2|
    |v138_5_read         |   9|          2|    1|          2|
    |v138_5_write        |   9|          2|    1|          2|
    |v138_6_read         |   9|          2|    1|          2|
    |v138_6_write        |   9|          2|    1|          2|
    |v138_7_read         |   9|          2|    1|          2|
    |v138_7_write        |   9|          2|    1|          2|
    |v138_read           |   9|          2|    1|          2|
    |v138_write          |   9|          2|    1|          2|
    |v139_1_address0     |  20|          4|   16|         64|
    |v139_1_ce0          |  20|          4|    1|          4|
    |v139_1_d0           |  14|          3|   32|         96|
    |v139_1_we0          |  14|          3|    1|          3|
    |v139_2_address0     |  20|          4|   16|         64|
    |v139_2_ce0          |  20|          4|    1|          4|
    |v139_2_d0           |  14|          3|   32|         96|
    |v139_2_we0          |  14|          3|    1|          3|
    |v139_3_address0     |  20|          4|   16|         64|
    |v139_3_ce0          |  20|          4|    1|          4|
    |v139_3_d0           |  14|          3|   32|         96|
    |v139_3_we0          |  14|          3|    1|          3|
    |v139_4_address0     |  20|          4|   16|         64|
    |v139_4_ce0          |  20|          4|    1|          4|
    |v139_4_d0           |  14|          3|   32|         96|
    |v139_4_we0          |  14|          3|    1|          3|
    |v139_5_address0     |  20|          4|   16|         64|
    |v139_5_ce0          |  20|          4|    1|          4|
    |v139_5_d0           |  14|          3|   32|         96|
    |v139_5_we0          |  14|          3|    1|          3|
    |v139_6_address0     |  20|          4|   16|         64|
    |v139_6_ce0          |  20|          4|    1|          4|
    |v139_6_d0           |  14|          3|   32|         96|
    |v139_6_we0          |  14|          3|    1|          3|
    |v139_7_address0     |  20|          4|   16|         64|
    |v139_7_ce0          |  20|          4|    1|          4|
    |v139_7_d0           |  14|          3|   32|         96|
    |v139_7_we0          |  14|          3|    1|          3|
    |v139_address0       |  20|          4|   16|         64|
    |v139_ce0            |  20|          4|    1|          4|
    |v139_d0             |  14|          3|   32|         96|
    |v139_we0            |  14|          3|    1|          3|
    +--------------------+----+-----------+-----+-----------+
    |Total               |4971|       1051| 4225|      13875|
    +--------------------+----+-----------+-----+-----------+

    * Register: 
    +---------------------------------------------------------------+----+----+-----+-----------+
    |                              Name                             | FF | LUT| Bits| Const Bits|
    +---------------------------------------------------------------+----+----+-----+-----------+
    |ap_CS_fsm                                                      |  18|   0|   18|          0|
    |grp_forward_Pipeline_loop0_loop1_loop2_fu_746_ap_start_reg     |   1|   0|    1|          0|
    |grp_forward_Pipeline_loop24_loop25_loop26_fu_630_ap_start_reg  |   1|   0|    1|          0|
    |grp_forward_Pipeline_loop30_loop31_loop32_fu_618_ap_start_reg  |   1|   0|    1|          0|
    |grp_forward_Pipeline_loop36_loop37_loop38_fu_598_ap_start_reg  |   1|   0|    1|          0|
    |grp_forward_Pipeline_loop54_loop55_loop56_fu_518_ap_start_reg  |   1|   0|    1|          0|
    |grp_forward_Pipeline_loop60_loop61_loop62_fu_498_ap_start_reg  |   1|   0|    1|          0|
    |grp_node1_fu_694_ap_start_reg                                  |   1|   0|    1|          0|
    |grp_node2_fu_650_ap_start_reg                                  |   1|   0|    1|          0|
    |grp_node6_fu_546_ap_start_reg                                  |   1|   0|    1|          0|
    +---------------------------------------------------------------+----+----+-----+-----------+
    |Total                                                          |  27|   0|   27|          0|
    +---------------------------------------------------------------+----+----+-----+-----------+



================================================================
== Interface
================================================================
* Summary: 
+---------------------+-----+-----+------------+--------------+--------------+
|      RTL Ports      | Dir | Bits|  Protocol  | Source Object|    C Type    |
+---------------------+-----+-----+------------+--------------+--------------+
|ap_clk               |   in|    1|  ap_ctrl_hs|       forward|  return value|
|ap_rst               |   in|    1|  ap_ctrl_hs|       forward|  return value|
|ap_start             |   in|    1|  ap_ctrl_hs|       forward|  return value|
|ap_done              |  out|    1|  ap_ctrl_hs|       forward|  return value|
|ap_idle              |  out|    1|  ap_ctrl_hs|       forward|  return value|
|ap_ready             |  out|    1|  ap_ctrl_hs|       forward|  return value|
|v130_0_0_address0    |  out|   16|   ap_memory|      v130_0_0|         array|
|v130_0_0_ce0         |  out|    1|   ap_memory|      v130_0_0|         array|
|v130_0_0_q0          |   in|   32|   ap_memory|      v130_0_0|         array|
|v130_0_0_address1    |  out|   16|   ap_memory|      v130_0_0|         array|
|v130_0_0_ce1         |  out|    1|   ap_memory|      v130_0_0|         array|
|v130_0_0_q1          |   in|   32|   ap_memory|      v130_0_0|         array|
|v130_0_1_address0    |  out|   16|   ap_memory|      v130_0_1|         array|
|v130_0_1_ce0         |  out|    1|   ap_memory|      v130_0_1|         array|
|v130_0_1_q0          |   in|   32|   ap_memory|      v130_0_1|         array|
|v130_0_1_address1    |  out|   16|   ap_memory|      v130_0_1|         array|
|v130_0_1_ce1         |  out|    1|   ap_memory|      v130_0_1|         array|
|v130_0_1_q1          |   in|   32|   ap_memory|      v130_0_1|         array|
|v130_1_0_address0    |  out|   16|   ap_memory|      v130_1_0|         array|
|v130_1_0_ce0         |  out|    1|   ap_memory|      v130_1_0|         array|
|v130_1_0_q0          |   in|   32|   ap_memory|      v130_1_0|         array|
|v130_1_0_address1    |  out|   16|   ap_memory|      v130_1_0|         array|
|v130_1_0_ce1         |  out|    1|   ap_memory|      v130_1_0|         array|
|v130_1_0_q1          |   in|   32|   ap_memory|      v130_1_0|         array|
|v130_1_1_address0    |  out|   16|   ap_memory|      v130_1_1|         array|
|v130_1_1_ce0         |  out|    1|   ap_memory|      v130_1_1|         array|
|v130_1_1_q0          |   in|   32|   ap_memory|      v130_1_1|         array|
|v130_1_1_address1    |  out|   16|   ap_memory|      v130_1_1|         array|
|v130_1_1_ce1         |  out|    1|   ap_memory|      v130_1_1|         array|
|v130_1_1_q1          |   in|   32|   ap_memory|      v130_1_1|         array|
|v130_2_0_address0    |  out|   16|   ap_memory|      v130_2_0|         array|
|v130_2_0_ce0         |  out|    1|   ap_memory|      v130_2_0|         array|
|v130_2_0_q0          |   in|   32|   ap_memory|      v130_2_0|         array|
|v130_2_0_address1    |  out|   16|   ap_memory|      v130_2_0|         array|
|v130_2_0_ce1         |  out|    1|   ap_memory|      v130_2_0|         array|
|v130_2_0_q1          |   in|   32|   ap_memory|      v130_2_0|         array|
|v130_2_1_address0    |  out|   16|   ap_memory|      v130_2_1|         array|
|v130_2_1_ce0         |  out|    1|   ap_memory|      v130_2_1|         array|
|v130_2_1_q0          |   in|   32|   ap_memory|      v130_2_1|         array|
|v130_2_1_address1    |  out|   16|   ap_memory|      v130_2_1|         array|
|v130_2_1_ce1         |  out|    1|   ap_memory|      v130_2_1|         array|
|v130_2_1_q1          |   in|   32|   ap_memory|      v130_2_1|         array|
|v130_3_0_address0    |  out|   16|   ap_memory|      v130_3_0|         array|
|v130_3_0_ce0         |  out|    1|   ap_memory|      v130_3_0|         array|
|v130_3_0_q0          |   in|   32|   ap_memory|      v130_3_0|         array|
|v130_3_0_address1    |  out|   16|   ap_memory|      v130_3_0|         array|
|v130_3_0_ce1         |  out|    1|   ap_memory|      v130_3_0|         array|
|v130_3_0_q1          |   in|   32|   ap_memory|      v130_3_0|         array|
|v130_3_1_address0    |  out|   16|   ap_memory|      v130_3_1|         array|
|v130_3_1_ce0         |  out|    1|   ap_memory|      v130_3_1|         array|
|v130_3_1_q0          |   in|   32|   ap_memory|      v130_3_1|         array|
|v130_3_1_address1    |  out|   16|   ap_memory|      v130_3_1|         array|
|v130_3_1_ce1         |  out|    1|   ap_memory|      v130_3_1|         array|
|v130_3_1_q1          |   in|   32|   ap_memory|      v130_3_1|         array|
|v131_0_0_address0    |  out|   10|   ap_memory|      v131_0_0|         array|
|v131_0_0_ce0         |  out|    1|   ap_memory|      v131_0_0|         array|
|v131_0_0_q0          |   in|   32|   ap_memory|      v131_0_0|         array|
|v131_0_1_address0    |  out|   10|   ap_memory|      v131_0_1|         array|
|v131_0_1_ce0         |  out|    1|   ap_memory|      v131_0_1|         array|
|v131_0_1_q0          |   in|   32|   ap_memory|      v131_0_1|         array|
|v131_0_2_address0    |  out|   10|   ap_memory|      v131_0_2|         array|
|v131_0_2_ce0         |  out|    1|   ap_memory|      v131_0_2|         array|
|v131_0_2_q0          |   in|   32|   ap_memory|      v131_0_2|         array|
|v131_0_3_address0    |  out|   10|   ap_memory|      v131_0_3|         array|
|v131_0_3_ce0         |  out|    1|   ap_memory|      v131_0_3|         array|
|v131_0_3_q0          |   in|   32|   ap_memory|      v131_0_3|         array|
|v131_1_0_address0    |  out|   10|   ap_memory|      v131_1_0|         array|
|v131_1_0_ce0         |  out|    1|   ap_memory|      v131_1_0|         array|
|v131_1_0_q0          |   in|   32|   ap_memory|      v131_1_0|         array|
|v131_1_1_address0    |  out|   10|   ap_memory|      v131_1_1|         array|
|v131_1_1_ce0         |  out|    1|   ap_memory|      v131_1_1|         array|
|v131_1_1_q0          |   in|   32|   ap_memory|      v131_1_1|         array|
|v131_1_2_address0    |  out|   10|   ap_memory|      v131_1_2|         array|
|v131_1_2_ce0         |  out|    1|   ap_memory|      v131_1_2|         array|
|v131_1_2_q0          |   in|   32|   ap_memory|      v131_1_2|         array|
|v131_1_3_address0    |  out|   10|   ap_memory|      v131_1_3|         array|
|v131_1_3_ce0         |  out|    1|   ap_memory|      v131_1_3|         array|
|v131_1_3_q0          |   in|   32|   ap_memory|      v131_1_3|         array|
|v131_2_0_address0    |  out|   10|   ap_memory|      v131_2_0|         array|
|v131_2_0_ce0         |  out|    1|   ap_memory|      v131_2_0|         array|
|v131_2_0_q0          |   in|   32|   ap_memory|      v131_2_0|         array|
|v131_2_1_address0    |  out|   10|   ap_memory|      v131_2_1|         array|
|v131_2_1_ce0         |  out|    1|   ap_memory|      v131_2_1|         array|
|v131_2_1_q0          |   in|   32|   ap_memory|      v131_2_1|         array|
|v131_2_2_address0    |  out|   10|   ap_memory|      v131_2_2|         array|
|v131_2_2_ce0         |  out|    1|   ap_memory|      v131_2_2|         array|
|v131_2_2_q0          |   in|   32|   ap_memory|      v131_2_2|         array|
|v131_2_3_address0    |  out|   10|   ap_memory|      v131_2_3|         array|
|v131_2_3_ce0         |  out|    1|   ap_memory|      v131_2_3|         array|
|v131_2_3_q0          |   in|   32|   ap_memory|      v131_2_3|         array|
|v131_3_0_address0    |  out|   10|   ap_memory|      v131_3_0|         array|
|v131_3_0_ce0         |  out|    1|   ap_memory|      v131_3_0|         array|
|v131_3_0_q0          |   in|   32|   ap_memory|      v131_3_0|         array|
|v131_3_1_address0    |  out|   10|   ap_memory|      v131_3_1|         array|
|v131_3_1_ce0         |  out|    1|   ap_memory|      v131_3_1|         array|
|v131_3_1_q0          |   in|   32|   ap_memory|      v131_3_1|         array|
|v131_3_2_address0    |  out|   10|   ap_memory|      v131_3_2|         array|
|v131_3_2_ce0         |  out|    1|   ap_memory|      v131_3_2|         array|
|v131_3_2_q0          |   in|   32|   ap_memory|      v131_3_2|         array|
|v131_3_3_address0    |  out|   10|   ap_memory|      v131_3_3|         array|
|v131_3_3_ce0         |  out|    1|   ap_memory|      v131_3_3|         array|
|v131_3_3_q0          |   in|   32|   ap_memory|      v131_3_3|         array|
|v132_0_0_address0    |  out|   11|   ap_memory|      v132_0_0|         array|
|v132_0_0_ce0         |  out|    1|   ap_memory|      v132_0_0|         array|
|v132_0_0_q0          |   in|   32|   ap_memory|      v132_0_0|         array|
|v132_0_1_address0    |  out|   11|   ap_memory|      v132_0_1|         array|
|v132_0_1_ce0         |  out|    1|   ap_memory|      v132_0_1|         array|
|v132_0_1_q0          |   in|   32|   ap_memory|      v132_0_1|         array|
|v132_0_2_address0    |  out|   11|   ap_memory|      v132_0_2|         array|
|v132_0_2_ce0         |  out|    1|   ap_memory|      v132_0_2|         array|
|v132_0_2_q0          |   in|   32|   ap_memory|      v132_0_2|         array|
|v132_0_3_address0    |  out|   11|   ap_memory|      v132_0_3|         array|
|v132_0_3_ce0         |  out|    1|   ap_memory|      v132_0_3|         array|
|v132_0_3_q0          |   in|   32|   ap_memory|      v132_0_3|         array|
|v132_1_0_address0    |  out|   11|   ap_memory|      v132_1_0|         array|
|v132_1_0_ce0         |  out|    1|   ap_memory|      v132_1_0|         array|
|v132_1_0_q0          |   in|   32|   ap_memory|      v132_1_0|         array|
|v132_1_1_address0    |  out|   11|   ap_memory|      v132_1_1|         array|
|v132_1_1_ce0         |  out|    1|   ap_memory|      v132_1_1|         array|
|v132_1_1_q0          |   in|   32|   ap_memory|      v132_1_1|         array|
|v132_1_2_address0    |  out|   11|   ap_memory|      v132_1_2|         array|
|v132_1_2_ce0         |  out|    1|   ap_memory|      v132_1_2|         array|
|v132_1_2_q0          |   in|   32|   ap_memory|      v132_1_2|         array|
|v132_1_3_address0    |  out|   11|   ap_memory|      v132_1_3|         array|
|v132_1_3_ce0         |  out|    1|   ap_memory|      v132_1_3|         array|
|v132_1_3_q0          |   in|   32|   ap_memory|      v132_1_3|         array|
|v133_0_0_0_address0  |  out|   15|   ap_memory|    v133_0_0_0|         array|
|v133_0_0_0_ce0       |  out|    1|   ap_memory|    v133_0_0_0|         array|
|v133_0_0_0_we0       |  out|    1|   ap_memory|    v133_0_0_0|         array|
|v133_0_0_0_d0        |  out|   32|   ap_memory|    v133_0_0_0|         array|
|v133_0_0_1_address0  |  out|   15|   ap_memory|    v133_0_0_1|         array|
|v133_0_0_1_ce0       |  out|    1|   ap_memory|    v133_0_0_1|         array|
|v133_0_0_1_we0       |  out|    1|   ap_memory|    v133_0_0_1|         array|
|v133_0_0_1_d0        |  out|   32|   ap_memory|    v133_0_0_1|         array|
|v133_0_0_2_address0  |  out|   15|   ap_memory|    v133_0_0_2|         array|
|v133_0_0_2_ce0       |  out|    1|   ap_memory|    v133_0_0_2|         array|
|v133_0_0_2_we0       |  out|    1|   ap_memory|    v133_0_0_2|         array|
|v133_0_0_2_d0        |  out|   32|   ap_memory|    v133_0_0_2|         array|
|v133_0_0_3_address0  |  out|   15|   ap_memory|    v133_0_0_3|         array|
|v133_0_0_3_ce0       |  out|    1|   ap_memory|    v133_0_0_3|         array|
|v133_0_0_3_we0       |  out|    1|   ap_memory|    v133_0_0_3|         array|
|v133_0_0_3_d0        |  out|   32|   ap_memory|    v133_0_0_3|         array|
|v133_0_1_0_address0  |  out|   15|   ap_memory|    v133_0_1_0|         array|
|v133_0_1_0_ce0       |  out|    1|   ap_memory|    v133_0_1_0|         array|
|v133_0_1_0_we0       |  out|    1|   ap_memory|    v133_0_1_0|         array|
|v133_0_1_0_d0        |  out|   32|   ap_memory|    v133_0_1_0|         array|
|v133_0_1_1_address0  |  out|   15|   ap_memory|    v133_0_1_1|         array|
|v133_0_1_1_ce0       |  out|    1|   ap_memory|    v133_0_1_1|         array|
|v133_0_1_1_we0       |  out|    1|   ap_memory|    v133_0_1_1|         array|
|v133_0_1_1_d0        |  out|   32|   ap_memory|    v133_0_1_1|         array|
|v133_0_1_2_address0  |  out|   15|   ap_memory|    v133_0_1_2|         array|
|v133_0_1_2_ce0       |  out|    1|   ap_memory|    v133_0_1_2|         array|
|v133_0_1_2_we0       |  out|    1|   ap_memory|    v133_0_1_2|         array|
|v133_0_1_2_d0        |  out|   32|   ap_memory|    v133_0_1_2|         array|
|v133_0_1_3_address0  |  out|   15|   ap_memory|    v133_0_1_3|         array|
|v133_0_1_3_ce0       |  out|    1|   ap_memory|    v133_0_1_3|         array|
|v133_0_1_3_we0       |  out|    1|   ap_memory|    v133_0_1_3|         array|
|v133_0_1_3_d0        |  out|   32|   ap_memory|    v133_0_1_3|         array|
|v133_1_0_0_address0  |  out|   15|   ap_memory|    v133_1_0_0|         array|
|v133_1_0_0_ce0       |  out|    1|   ap_memory|    v133_1_0_0|         array|
|v133_1_0_0_we0       |  out|    1|   ap_memory|    v133_1_0_0|         array|
|v133_1_0_0_d0        |  out|   32|   ap_memory|    v133_1_0_0|         array|
|v133_1_0_1_address0  |  out|   15|   ap_memory|    v133_1_0_1|         array|
|v133_1_0_1_ce0       |  out|    1|   ap_memory|    v133_1_0_1|         array|
|v133_1_0_1_we0       |  out|    1|   ap_memory|    v133_1_0_1|         array|
|v133_1_0_1_d0        |  out|   32|   ap_memory|    v133_1_0_1|         array|
|v133_1_0_2_address0  |  out|   15|   ap_memory|    v133_1_0_2|         array|
|v133_1_0_2_ce0       |  out|    1|   ap_memory|    v133_1_0_2|         array|
|v133_1_0_2_we0       |  out|    1|   ap_memory|    v133_1_0_2|         array|
|v133_1_0_2_d0        |  out|   32|   ap_memory|    v133_1_0_2|         array|
|v133_1_0_3_address0  |  out|   15|   ap_memory|    v133_1_0_3|         array|
|v133_1_0_3_ce0       |  out|    1|   ap_memory|    v133_1_0_3|         array|
|v133_1_0_3_we0       |  out|    1|   ap_memory|    v133_1_0_3|         array|
|v133_1_0_3_d0        |  out|   32|   ap_memory|    v133_1_0_3|         array|
|v133_1_1_0_address0  |  out|   15|   ap_memory|    v133_1_1_0|         array|
|v133_1_1_0_ce0       |  out|    1|   ap_memory|    v133_1_1_0|         array|
|v133_1_1_0_we0       |  out|    1|   ap_memory|    v133_1_1_0|         array|
|v133_1_1_0_d0        |  out|   32|   ap_memory|    v133_1_1_0|         array|
|v133_1_1_1_address0  |  out|   15|   ap_memory|    v133_1_1_1|         array|
|v133_1_1_1_ce0       |  out|    1|   ap_memory|    v133_1_1_1|         array|
|v133_1_1_1_we0       |  out|    1|   ap_memory|    v133_1_1_1|         array|
|v133_1_1_1_d0        |  out|   32|   ap_memory|    v133_1_1_1|         array|
|v133_1_1_2_address0  |  out|   15|   ap_memory|    v133_1_1_2|         array|
|v133_1_1_2_ce0       |  out|    1|   ap_memory|    v133_1_1_2|         array|
|v133_1_1_2_we0       |  out|    1|   ap_memory|    v133_1_1_2|         array|
|v133_1_1_2_d0        |  out|   32|   ap_memory|    v133_1_1_2|         array|
|v133_1_1_3_address0  |  out|   15|   ap_memory|    v133_1_1_3|         array|
|v133_1_1_3_ce0       |  out|    1|   ap_memory|    v133_1_1_3|         array|
|v133_1_1_3_we0       |  out|    1|   ap_memory|    v133_1_1_3|         array|
|v133_1_1_3_d0        |  out|   32|   ap_memory|    v133_1_1_3|         array|
+---------------------+-----+-----+------------+--------------+--------------+

