

================================================================
== Vitis HLS Report for 'kernel_gesummv'
================================================================
* Date:           Thu Jul 17 18:21:18 2025

* Version:        2023.2 (Build 4023990 on Oct 11 2023)
* Project:        kernel_gesummv.prj
* Solution:       kernel_gesummv (Vitis Kernel Flow Target)
* Product family: virtexuplusHBM
* Target device:  xcu280-fsvh2892-2L-e


================================================================
== Performance Estimates
================================================================
+ Timing: 
    * Summary: 
    +--------+---------+----------+------------+
    |  Clock |  Target | Estimated| Uncertainty|
    +--------+---------+----------+------------+
    |ap_clk  |  5.00 ns|  3.570 ns|     1.35 ns|
    +--------+---------+----------+------------+

+ Latency: 
    * Summary: 
    +---------+---------+-----------+-----------+------+------+---------+
    |  Latency (cycles) |   Latency (absolute)  |   Interval  | Pipeline|
    |   min   |   max   |    min    |    max    |  min |  max |   Type  |
    +---------+---------+-----------+-----------+------+------+---------+
    |     6273|     6273|  31.365 us|  31.365 us|  6274|  6274|       no|
    +---------+---------+-----------+-----------+------+------+---------+

    + Detail: 
        * Instance: 
        N/A

        * Loop: 
        +-----------------------------------+---------+---------+----------+-----------+-----------+------+----------+
        |                                   |  Latency (cycles) | Iteration|  Initiation Interval  | Trip |          |
        |             Loop Name             |   min   |   max   |  Latency |  achieved |   target  | Count| Pipelined|
        +-----------------------------------+---------+---------+----------+-----------+-----------+------+----------+
        |- VITIS_LOOP_51_1_VITIS_LOOP_52_2  |     6271|     6271|        23|          1|          1|  6250|       yes|
        +-----------------------------------+---------+---------+----------+-----------+-----------+------+----------+



================================================================
== Utilization Estimates
================================================================
* Summary: 
+---------------------+---------+------+---------+---------+-----+
|         Name        | BRAM_18K|  DSP |    FF   |   LUT   | URAM|
+---------------------+---------+------+---------+---------+-----+
|DSP                  |        -|     1|        -|        -|    -|
|Expression           |        -|     -|        0|     1094|    -|
|FIFO                 |        -|     -|        -|        -|    -|
|Instance             |        0|   180|    12020|     9952|    0|
|Memory               |        -|     -|        -|        -|    -|
|Multiplexer          |        -|     -|        -|      225|    -|
|Register             |        -|     -|     5354|     1120|    -|
+---------------------+---------+------+---------+---------+-----+
|Total                |        0|   181|    17374|    12391|    0|
+---------------------+---------+------+---------+---------+-----+
|Available SLR        |     1344|  3008|   869120|   434560|  320|
+---------------------+---------+------+---------+---------+-----+
|Utilization SLR (%)  |        0|     6|        1|        2|    0|
+---------------------+---------+------+---------+---------+-----+
|Available            |     4032|  9024|  2607360|  1303680|  960|
+---------------------+---------+------+---------+---------+-----+
|Utilization (%)      |        0|     2|       ~0|       ~0|    0|
+---------------------+---------+------+---------+---------+-----+

+ Detail: 
    * Instance: 
    +------------------------------------+--------------------------------+---------+----+-----+-----+-----+
    |              Instance              |             Module             | BRAM_18K| DSP|  FF | LUT | URAM|
    +------------------------------------+--------------------------------+---------+----+-----+-----+-----+
    |ctrl_s_axi_U                        |ctrl_s_axi                      |        0|   0|  150|  232|    0|
    |fadd_32ns_32ns_32_5_full_dsp_1_U1   |fadd_32ns_32ns_32_5_full_dsp_1  |        0|   2|  205|  220|    0|
    |fadd_32ns_32ns_32_5_full_dsp_1_U2   |fadd_32ns_32ns_32_5_full_dsp_1  |        0|   2|  205|  220|    0|
    |fadd_32ns_32ns_32_5_full_dsp_1_U3   |fadd_32ns_32ns_32_5_full_dsp_1  |        0|   2|  205|  220|    0|
    |fadd_32ns_32ns_32_5_full_dsp_1_U4   |fadd_32ns_32ns_32_5_full_dsp_1  |        0|   2|  205|  220|    0|
    |fadd_32ns_32ns_32_5_full_dsp_1_U5   |fadd_32ns_32ns_32_5_full_dsp_1  |        0|   2|  205|  220|    0|
    |fadd_32ns_32ns_32_5_full_dsp_1_U6   |fadd_32ns_32ns_32_5_full_dsp_1  |        0|   2|  205|  220|    0|
    |fadd_32ns_32ns_32_5_full_dsp_1_U7   |fadd_32ns_32ns_32_5_full_dsp_1  |        0|   2|  205|  220|    0|
    |fadd_32ns_32ns_32_5_full_dsp_1_U8   |fadd_32ns_32ns_32_5_full_dsp_1  |        0|   2|  205|  220|    0|
    |fadd_32ns_32ns_32_5_full_dsp_1_U9   |fadd_32ns_32ns_32_5_full_dsp_1  |        0|   2|  205|  220|    0|
    |fadd_32ns_32ns_32_5_full_dsp_1_U10  |fadd_32ns_32ns_32_5_full_dsp_1  |        0|   2|  205|  220|    0|
    |fadd_32ns_32ns_32_5_full_dsp_1_U11  |fadd_32ns_32ns_32_5_full_dsp_1  |        0|   2|  205|  220|    0|
    |fadd_32ns_32ns_32_5_full_dsp_1_U12  |fadd_32ns_32ns_32_5_full_dsp_1  |        0|   2|  205|  220|    0|
    |fadd_32ns_32ns_32_5_full_dsp_1_U13  |fadd_32ns_32ns_32_5_full_dsp_1  |        0|   2|  205|  220|    0|
    |fadd_32ns_32ns_32_5_full_dsp_1_U14  |fadd_32ns_32ns_32_5_full_dsp_1  |        0|   2|  205|  220|    0|
    |fadd_32ns_32ns_32_5_full_dsp_1_U15  |fadd_32ns_32ns_32_5_full_dsp_1  |        0|   2|  205|  220|    0|
    |fadd_32ns_32ns_32_5_full_dsp_1_U16  |fadd_32ns_32ns_32_5_full_dsp_1  |        0|   2|  205|  220|    0|
    |fadd_32ns_32ns_32_5_full_dsp_1_U17  |fadd_32ns_32ns_32_5_full_dsp_1  |        0|   2|  205|  220|    0|
    |fadd_32ns_32ns_32_5_full_dsp_1_U18  |fadd_32ns_32ns_32_5_full_dsp_1  |        0|   2|  205|  220|    0|
    |fadd_32ns_32ns_32_5_full_dsp_1_U19  |fadd_32ns_32ns_32_5_full_dsp_1  |        0|   2|  205|  220|    0|
    |fadd_32ns_32ns_32_5_full_dsp_1_U20  |fadd_32ns_32ns_32_5_full_dsp_1  |        0|   2|  205|  220|    0|
    |fadd_32ns_32ns_32_5_full_dsp_1_U21  |fadd_32ns_32ns_32_5_full_dsp_1  |        0|   2|  205|  220|    0|
    |fadd_32ns_32ns_32_5_full_dsp_1_U22  |fadd_32ns_32ns_32_5_full_dsp_1  |        0|   2|  205|  220|    0|
    |fadd_32ns_32ns_32_5_full_dsp_1_U23  |fadd_32ns_32ns_32_5_full_dsp_1  |        0|   2|  205|  220|    0|
    |fadd_32ns_32ns_32_5_full_dsp_1_U24  |fadd_32ns_32ns_32_5_full_dsp_1  |        0|   2|  205|  220|    0|
    |fadd_32ns_32ns_32_5_full_dsp_1_U25  |fadd_32ns_32ns_32_5_full_dsp_1  |        0|   2|  205|  220|    0|
    |fadd_32ns_32ns_32_5_full_dsp_1_U26  |fadd_32ns_32ns_32_5_full_dsp_1  |        0|   2|  205|  220|    0|
    |fadd_32ns_32ns_32_5_full_dsp_1_U27  |fadd_32ns_32ns_32_5_full_dsp_1  |        0|   2|  205|  220|    0|
    |fadd_32ns_32ns_32_5_full_dsp_1_U28  |fadd_32ns_32ns_32_5_full_dsp_1  |        0|   2|  205|  220|    0|
    |fadd_32ns_32ns_32_5_full_dsp_1_U29  |fadd_32ns_32ns_32_5_full_dsp_1  |        0|   2|  205|  220|    0|
    |fadd_32ns_32ns_32_5_full_dsp_1_U30  |fadd_32ns_32ns_32_5_full_dsp_1  |        0|   2|  205|  220|    0|
    |fmul_32ns_32ns_32_4_max_dsp_1_U31   |fmul_32ns_32ns_32_4_max_dsp_1   |        0|   3|  143|   78|    0|
    |fmul_32ns_32ns_32_4_max_dsp_1_U32   |fmul_32ns_32ns_32_4_max_dsp_1   |        0|   3|  143|   78|    0|
    |fmul_32ns_32ns_32_4_max_dsp_1_U33   |fmul_32ns_32ns_32_4_max_dsp_1   |        0|   3|  143|   78|    0|
    |fmul_32ns_32ns_32_4_max_dsp_1_U34   |fmul_32ns_32ns_32_4_max_dsp_1   |        0|   3|  143|   78|    0|
    |fmul_32ns_32ns_32_4_max_dsp_1_U35   |fmul_32ns_32ns_32_4_max_dsp_1   |        0|   3|  143|   78|    0|
    |fmul_32ns_32ns_32_4_max_dsp_1_U36   |fmul_32ns_32ns_32_4_max_dsp_1   |        0|   3|  143|   78|    0|
    |fmul_32ns_32ns_32_4_max_dsp_1_U37   |fmul_32ns_32ns_32_4_max_dsp_1   |        0|   3|  143|   78|    0|
    |fmul_32ns_32ns_32_4_max_dsp_1_U38   |fmul_32ns_32ns_32_4_max_dsp_1   |        0|   3|  143|   78|    0|
    |fmul_32ns_32ns_32_4_max_dsp_1_U39   |fmul_32ns_32ns_32_4_max_dsp_1   |        0|   3|  143|   78|    0|
    |fmul_32ns_32ns_32_4_max_dsp_1_U40   |fmul_32ns_32ns_32_4_max_dsp_1   |        0|   3|  143|   78|    0|
    |fmul_32ns_32ns_32_4_max_dsp_1_U41   |fmul_32ns_32ns_32_4_max_dsp_1   |        0|   3|  143|   78|    0|
    |fmul_32ns_32ns_32_4_max_dsp_1_U42   |fmul_32ns_32ns_32_4_max_dsp_1   |        0|   3|  143|   78|    0|
    |fmul_32ns_32ns_32_4_max_dsp_1_U43   |fmul_32ns_32ns_32_4_max_dsp_1   |        0|   3|  143|   78|    0|
    |fmul_32ns_32ns_32_4_max_dsp_1_U44   |fmul_32ns_32ns_32_4_max_dsp_1   |        0|   3|  143|   78|    0|
    |fmul_32ns_32ns_32_4_max_dsp_1_U45   |fmul_32ns_32ns_32_4_max_dsp_1   |        0|   3|  143|   78|    0|
    |fmul_32ns_32ns_32_4_max_dsp_1_U46   |fmul_32ns_32ns_32_4_max_dsp_1   |        0|   3|  143|   78|    0|
    |fmul_32ns_32ns_32_4_max_dsp_1_U47   |fmul_32ns_32ns_32_4_max_dsp_1   |        0|   3|  143|   78|    0|
    |fmul_32ns_32ns_32_4_max_dsp_1_U48   |fmul_32ns_32ns_32_4_max_dsp_1   |        0|   3|  143|   78|    0|
    |fmul_32ns_32ns_32_4_max_dsp_1_U49   |fmul_32ns_32ns_32_4_max_dsp_1   |        0|   3|  143|   78|    0|
    |fmul_32ns_32ns_32_4_max_dsp_1_U50   |fmul_32ns_32ns_32_4_max_dsp_1   |        0|   3|  143|   78|    0|
    |fmul_32ns_32ns_32_4_max_dsp_1_U51   |fmul_32ns_32ns_32_4_max_dsp_1   |        0|   3|  143|   78|    0|
    |fmul_32ns_32ns_32_4_max_dsp_1_U52   |fmul_32ns_32ns_32_4_max_dsp_1   |        0|   3|  143|   78|    0|
    |fmul_32ns_32ns_32_4_max_dsp_1_U53   |fmul_32ns_32ns_32_4_max_dsp_1   |        0|   3|  143|   78|    0|
    |fmul_32ns_32ns_32_4_max_dsp_1_U54   |fmul_32ns_32ns_32_4_max_dsp_1   |        0|   3|  143|   78|    0|
    |fmul_32ns_32ns_32_4_max_dsp_1_U55   |fmul_32ns_32ns_32_4_max_dsp_1   |        0|   3|  143|   78|    0|
    |fmul_32ns_32ns_32_4_max_dsp_1_U56   |fmul_32ns_32ns_32_4_max_dsp_1   |        0|   3|  143|   78|    0|
    |fmul_32ns_32ns_32_4_max_dsp_1_U57   |fmul_32ns_32ns_32_4_max_dsp_1   |        0|   3|  143|   78|    0|
    |fmul_32ns_32ns_32_4_max_dsp_1_U58   |fmul_32ns_32ns_32_4_max_dsp_1   |        0|   3|  143|   78|    0|
    |fmul_32ns_32ns_32_4_max_dsp_1_U59   |fmul_32ns_32ns_32_4_max_dsp_1   |        0|   3|  143|   78|    0|
    |fmul_32ns_32ns_32_4_max_dsp_1_U60   |fmul_32ns_32ns_32_4_max_dsp_1   |        0|   3|  143|   78|    0|
    |fmul_32ns_32ns_32_4_max_dsp_1_U61   |fmul_32ns_32ns_32_4_max_dsp_1   |        0|   3|  143|   78|    0|
    |fmul_32ns_32ns_32_4_max_dsp_1_U62   |fmul_32ns_32ns_32_4_max_dsp_1   |        0|   3|  143|   78|    0|
    |fmul_32ns_32ns_32_4_max_dsp_1_U63   |fmul_32ns_32ns_32_4_max_dsp_1   |        0|   3|  143|   78|    0|
    |fmul_32ns_32ns_32_4_max_dsp_1_U64   |fmul_32ns_32ns_32_4_max_dsp_1   |        0|   3|  143|   78|    0|
    |fmul_32ns_32ns_32_4_max_dsp_1_U65   |fmul_32ns_32ns_32_4_max_dsp_1   |        0|   3|  143|   78|    0|
    |fmul_32ns_32ns_32_4_max_dsp_1_U66   |fmul_32ns_32ns_32_4_max_dsp_1   |        0|   3|  143|   78|    0|
    |fmul_32ns_32ns_32_4_max_dsp_1_U67   |fmul_32ns_32ns_32_4_max_dsp_1   |        0|   3|  143|   78|    0|
    |fmul_32ns_32ns_32_4_max_dsp_1_U68   |fmul_32ns_32ns_32_4_max_dsp_1   |        0|   3|  143|   78|    0|
    |fmul_32ns_32ns_32_4_max_dsp_1_U69   |fmul_32ns_32ns_32_4_max_dsp_1   |        0|   3|  143|   78|    0|
    |fmul_32ns_32ns_32_4_max_dsp_1_U70   |fmul_32ns_32ns_32_4_max_dsp_1   |        0|   3|  143|   78|    0|
    +------------------------------------+--------------------------------+---------+----+-----+-----+-----+
    |Total                               |                                |        0| 180|12020| 9952|    0|
    +------------------------------------+--------------------------------+---------+----+-----+-----+-----+

    * DSP: 
    +-----------------------------------+-------------------------------+--------------+
    |              Instance             |             Module            |  Expression  |
    +-----------------------------------+-------------------------------+--------------+
    |mac_muladd_5ns_8ns_8ns_13_4_1_U71  |mac_muladd_5ns_8ns_8ns_13_4_1  |  i0 * i1 + i2|
    +-----------------------------------+-------------------------------+--------------+

    * Memory: 
    N/A

    * FIFO: 
    N/A

    * Expression: 
    +----------------------------------+----------+----+---+----+------------+------------+
    |           Variable Name          | Operation| DSP| FF| LUT| Bitwidth P0| Bitwidth P1|
    +----------------------------------+----------+----+---+----+------------+------------+
    |add_ln51_1_fu_1097_p2             |         +|   0|  0|  20|          13|           1|
    |add_ln51_fu_1143_p2               |         +|   0|  0|  15|           8|           1|
    |add_ln52_fu_1124_p2               |         +|   0|  0|  12|           5|           1|
    |ap_condition_1899                 |       and|   0|  0|   2|           1|           1|
    |ap_condition_frp_pvb_no_bkwd_prs  |       and|   0|  0|   2|           1|           1|
    |ap_condition_frp_pvb_pf_start     |       and|   0|  0|   2|           1|           1|
    |pf_all_done                       |       and|   0|  0|   2|           1|           1|
    |pf_sync_continue                  |       and|   0|  0|   2|           1|           1|
    |cmp37_fu_1174_p2                  |      icmp|   0|  0|  15|           8|           4|
    |cmp6_fu_1169_p2                   |      icmp|   0|  0|  15|           8|           1|
    |icmp_ln51_fu_1091_p2              |      icmp|   0|  0|  20|          13|          12|
    |icmp_ln52_fu_1106_p2              |      icmp|   0|  0|  12|           5|           4|
    |select_ln51_1_fu_1149_p3          |    select|   0|  0|   8|           1|           8|
    |select_ln51_fu_1112_p3            |    select|   0|  0|   5|           1|           1|
    |v108_fu_1645_p3                   |    select|   0|  0|  32|           1|          32|
    |v110_fu_1441_p3                   |    select|   0|  0|  32|           1|           1|
    |v112_fu_1540_p3                   |    select|   0|  0|  32|           1|           1|
    |v11_fu_1353_p3                    |    select|   0|  0|  32|           1|           1|
    |v122_fu_1651_p3                   |    select|   0|  0|  32|           1|          32|
    |v124_fu_1452_p3                   |    select|   0|  0|  32|           1|           1|
    |v126_fu_1551_p3                   |    select|   0|  0|  32|           1|           1|
    |v136_fu_1657_p3                   |    select|   0|  0|  32|           1|          32|
    |v138_fu_1463_p3                   |    select|   0|  0|  32|           1|           1|
    |v13_fu_1364_p3                    |    select|   0|  0|  32|           1|           1|
    |v140_fu_1562_p3                   |    select|   0|  0|  32|           1|           1|
    |v150_fu_1663_p3                   |    select|   0|  0|  32|           1|          32|
    |v24_fu_1609_p3                    |    select|   0|  0|  32|           1|          32|
    |v26_1_fu_1375_p3                  |    select|   0|  0|  32|           1|           1|
    |v28_fu_1474_p3                    |    select|   0|  0|  32|           1|           1|
    |v38_fu_1615_p3                    |    select|   0|  0|  32|           1|          32|
    |v40_1_fu_1386_p3                  |    select|   0|  0|  32|           1|           1|
    |v42_fu_1485_p3                    |    select|   0|  0|  32|           1|           1|
    |v52_fu_1621_p3                    |    select|   0|  0|  32|           1|          32|
    |v54_1_fu_1397_p3                  |    select|   0|  0|  32|           1|           1|
    |v56_fu_1496_p3                    |    select|   0|  0|  32|           1|           1|
    |v66_fu_1627_p3                    |    select|   0|  0|  32|           1|          32|
    |v68_1_fu_1408_p3                  |    select|   0|  0|  32|           1|           1|
    |v70_1_fu_1507_p3                  |    select|   0|  0|  32|           1|           1|
    |v80_1_fu_1633_p3                  |    select|   0|  0|  32|           1|          32|
    |v82_1_fu_1419_p3                  |    select|   0|  0|  32|           1|           1|
    |v84_1_fu_1518_p3                  |    select|   0|  0|  32|           1|           1|
    |v94_fu_1639_p3                    |    select|   0|  0|  32|           1|          32|
    |v96_fu_1430_p3                    |    select|   0|  0|  32|           1|           1|
    |v98_fu_1529_p3                    |    select|   0|  0|  32|           1|           1|
    |ap_enable_pp0                     |       xor|   0|  0|   2|           1|           2|
    +----------------------------------+----------+----+---+----+------------+------------+
    |Total                             |          |   0|  0|1094|          98|         380|
    +----------------------------------+----------+----+---+----+------------+------------+

    * Multiplexer: 
    +--------------------------------------+----+-----------+-----+-----------+
    |                 Name                 | LUT| Input Size| Bits| Total Bits|
    +--------------------------------------+----+-----------+-----+-----------+
    |ap_sig_allocacmp_indvar_flatten_load  |   9|          2|   13|         26|
    |ap_sig_allocacmp_v9_load              |   9|          2|    5|         10|
    |indvar_flatten_fu_164                 |   9|          2|   13|         26|
    |v5_0_WEN_A                            |   9|          2|    4|          8|
    |v5_1_WEN_A                            |   9|          2|    4|          8|
    |v5_2_WEN_A                            |   9|          2|    4|          8|
    |v5_3_WEN_A                            |   9|          2|    4|          8|
    |v5_4_WEN_A                            |   9|          2|    4|          8|
    |v5_5_WEN_A                            |   9|          2|    4|          8|
    |v5_6_WEN_A                            |   9|          2|    4|          8|
    |v5_7_WEN_A                            |   9|          2|    4|          8|
    |v5_8_WEN_A                            |   9|          2|    4|          8|
    |v5_9_WEN_A                            |   9|          2|    4|          8|
    |v7_0_WEN_A                            |   9|          2|    4|          8|
    |v7_1_WEN_A                            |   9|          2|    4|          8|
    |v7_2_WEN_A                            |   9|          2|    4|          8|
    |v7_3_WEN_A                            |   9|          2|    4|          8|
    |v7_4_WEN_A                            |   9|          2|    4|          8|
    |v7_5_WEN_A                            |   9|          2|    4|          8|
    |v7_6_WEN_A                            |   9|          2|    4|          8|
    |v7_7_WEN_A                            |   9|          2|    4|          8|
    |v7_8_WEN_A                            |   9|          2|    4|          8|
    |v7_9_WEN_A                            |   9|          2|    4|          8|
    |v8_fu_160                             |   9|          2|    8|         16|
    |v9_fu_156                             |   9|          2|    5|         10|
    +--------------------------------------+----+-----------+-----+-----------+
    |Total                                 | 225|         50|  124|        248|
    +--------------------------------------+----+-----------+-----+-----------+

    * Register: 
    +-----------------------------------+----+----+-----+-----------+
    |                Name               | FF | LUT| Bits| Const Bits|
    +-----------------------------------+----+----+-----+-----------+
    |ap_CS_fsm                          |   1|   0|    1|          0|
    |ap_done_reg                        |   1|   0|    1|          0|
    |ap_loop_exit_ready_pp0_iter10_reg  |   1|   0|    1|          0|
    |ap_loop_exit_ready_pp0_iter11_reg  |   1|   0|    1|          0|
    |ap_loop_exit_ready_pp0_iter12_reg  |   1|   0|    1|          0|
    |ap_loop_exit_ready_pp0_iter13_reg  |   1|   0|    1|          0|
    |ap_loop_exit_ready_pp0_iter14_reg  |   1|   0|    1|          0|
    |ap_loop_exit_ready_pp0_iter15_reg  |   1|   0|    1|          0|
    |ap_loop_exit_ready_pp0_iter16_reg  |   1|   0|    1|          0|
    |ap_loop_exit_ready_pp0_iter17_reg  |   1|   0|    1|          0|
    |ap_loop_exit_ready_pp0_iter18_reg  |   1|   0|    1|          0|
    |ap_loop_exit_ready_pp0_iter19_reg  |   1|   0|    1|          0|
    |ap_loop_exit_ready_pp0_iter1_reg   |   1|   0|    1|          0|
    |ap_loop_exit_ready_pp0_iter20_reg  |   1|   0|    1|          0|
    |ap_loop_exit_ready_pp0_iter21_reg  |   1|   0|    1|          0|
    |ap_loop_exit_ready_pp0_iter2_reg   |   1|   0|    1|          0|
    |ap_loop_exit_ready_pp0_iter3_reg   |   1|   0|    1|          0|
    |ap_loop_exit_ready_pp0_iter4_reg   |   1|   0|    1|          0|
    |ap_loop_exit_ready_pp0_iter5_reg   |   1|   0|    1|          0|
    |ap_loop_exit_ready_pp0_iter6_reg   |   1|   0|    1|          0|
    |ap_loop_exit_ready_pp0_iter7_reg   |   1|   0|    1|          0|
    |ap_loop_exit_ready_pp0_iter8_reg   |   1|   0|    1|          0|
    |ap_loop_exit_ready_pp0_iter9_reg   |   1|   0|    1|          0|
    |ap_rst_n_inv                       |   1|   0|    1|          0|
    |ap_rst_reg_1                       |   1|   0|    1|          0|
    |ap_rst_reg_2                       |   1|   0|    1|          0|
    |cmp37_reg_1827                     |   1|   0|    1|          0|
    |cmp6_reg_1798                      |   1|   0|    1|          0|
    |icmp_ln52_reg_1771                 |   1|   0|    1|          0|
    |icmp_ln52_reg_1771_pp0_iter1_reg   |   1|   0|    1|          0|
    |indvar_flatten_fu_164              |  13|   0|   13|          0|
    |pf_all_done                        |   1|   0|    1|          0|
    |select_ln51_1_reg_1786             |   8|   0|    8|          0|
    |select_ln51_reg_1776               |   5|   0|    5|          0|
    |v100_reg_2256                      |  32|   0|   32|          0|
    |v101_reg_2436                      |  32|   0|   32|          0|
    |v103_reg_2261                      |  32|   0|   32|          0|
    |v104_reg_2485                      |  32|   0|   32|          0|
    |v105_reg_2540                      |  32|   0|   32|          0|
    |v106_reg_2585                      |  32|   0|   32|          0|
    |v108_reg_2635                      |  32|   0|   32|          0|
    |v110_reg_2326                      |  32|   0|   32|          0|
    |v112_reg_2377                      |  32|   0|   32|          0|
    |v114_reg_2266                      |  32|   0|   32|          0|
    |v115_reg_2442                      |  32|   0|   32|          0|
    |v117_reg_2271                      |  32|   0|   32|          0|
    |v118_reg_2490                      |  32|   0|   32|          0|
    |v119_reg_2545                      |  32|   0|   32|          0|
    |v11_reg_2185                       |  32|   0|   32|          0|
    |v120_reg_2590                      |  32|   0|   32|          0|
    |v122_reg_2640                      |  32|   0|   32|          0|
    |v124_reg_2331                      |  32|   0|   32|          0|
    |v126_reg_2383                      |  32|   0|   32|          0|
    |v128_reg_2276                      |  32|   0|   32|          0|
    |v129_reg_2448                      |  32|   0|   32|          0|
    |v131_reg_2281                      |  32|   0|   32|          0|
    |v132_reg_2495                      |  32|   0|   32|          0|
    |v133_reg_2550                      |  32|   0|   32|          0|
    |v134_reg_2595                      |  32|   0|   32|          0|
    |v136_reg_2645                      |  32|   0|   32|          0|
    |v138_reg_2336                      |  32|   0|   32|          0|
    |v13_reg_2190                       |  32|   0|   32|          0|
    |v140_reg_2389                      |  32|   0|   32|          0|
    |v142_reg_2286                      |  32|   0|   32|          0|
    |v143_reg_2454                      |  32|   0|   32|          0|
    |v145_reg_2291                      |  32|   0|   32|          0|
    |v146_reg_2500                      |  32|   0|   32|          0|
    |v147_reg_2555                      |  32|   0|   32|          0|
    |v148_reg_2600                      |  32|   0|   32|          0|
    |v150_reg_2650                      |  32|   0|   32|          0|
    |v16_reg_2196                       |  32|   0|   32|          0|
    |v17_reg_2395                       |  32|   0|   32|          0|
    |v19_reg_2201                       |  32|   0|   32|          0|
    |v1_read_reg_1753                   |  32|   0|   32|          0|
    |v20_reg_2401                       |  32|   0|   32|          0|
    |v21_reg_2505                       |  32|   0|   32|          0|
    |v22_reg_2510                       |  32|   0|   32|          0|
    |v24_reg_2605                       |  32|   0|   32|          0|
    |v26_1_reg_2296                     |  32|   0|   32|          0|
    |v28_reg_2341                       |  32|   0|   32|          0|
    |v2_read_reg_1739                   |  32|   0|   32|          0|
    |v30_reg_2206                       |  32|   0|   32|          0|
    |v31_1_reg_2406                     |  32|   0|   32|          0|
    |v33_reg_2211                       |  32|   0|   32|          0|
    |v34_reg_2460                       |  32|   0|   32|          0|
    |v35_1_reg_2515                     |  32|   0|   32|          0|
    |v36_reg_2560                       |  32|   0|   32|          0|
    |v38_reg_2610                       |  32|   0|   32|          0|
    |v40_1_reg_2301                     |  32|   0|   32|          0|
    |v42_reg_2347                       |  32|   0|   32|          0|
    |v44_reg_2216                       |  32|   0|   32|          0|
    |v45_1_reg_2412                     |  32|   0|   32|          0|
    |v47_reg_2221                       |  32|   0|   32|          0|
    |v48_reg_2465                       |  32|   0|   32|          0|
    |v49_1_reg_2520                     |  32|   0|   32|          0|
    |v50_reg_2565                       |  32|   0|   32|          0|
    |v52_reg_2615                       |  32|   0|   32|          0|
    |v54_1_reg_2306                     |  32|   0|   32|          0|
    |v56_reg_2353                       |  32|   0|   32|          0|
    |v58_reg_2226                       |  32|   0|   32|          0|
    |v59_1_reg_2418                     |  32|   0|   32|          0|
    |v5_0_addr_reg_2065                 |   5|   0|    5|          0|
    |v5_1_addr_reg_2077                 |   5|   0|    5|          0|
    |v5_2_addr_reg_2083                 |   5|   0|    5|          0|
    |v5_3_addr_reg_2089                 |   5|   0|    5|          0|
    |v5_4_addr_reg_2095                 |   5|   0|    5|          0|
    |v5_5_addr_reg_2101                 |   5|   0|    5|          0|
    |v5_6_addr_reg_2107                 |   5|   0|    5|          0|
    |v5_7_addr_reg_2113                 |   5|   0|    5|          0|
    |v5_8_addr_reg_2119                 |   5|   0|    5|          0|
    |v5_9_addr_reg_2125                 |   5|   0|    5|          0|
    |v61_reg_2231                       |  32|   0|   32|          0|
    |v62_reg_2470                       |  32|   0|   32|          0|
    |v63_1_reg_2525                     |  32|   0|   32|          0|
    |v64_reg_2570                       |  32|   0|   32|          0|
    |v66_reg_2620                       |  32|   0|   32|          0|
    |v68_1_reg_2311                     |  32|   0|   32|          0|
    |v70_1_reg_2359                     |  32|   0|   32|          0|
    |v72_reg_2236                       |  32|   0|   32|          0|
    |v73_1_reg_2424                     |  32|   0|   32|          0|
    |v75_reg_2241                       |  32|   0|   32|          0|
    |v76_1_reg_2475                     |  32|   0|   32|          0|
    |v77_1_reg_2530                     |  32|   0|   32|          0|
    |v78_1_reg_2575                     |  32|   0|   32|          0|
    |v7_0_addr_reg_2071                 |   5|   0|    5|          0|
    |v7_1_addr_reg_2131                 |   5|   0|    5|          0|
    |v7_2_addr_reg_2137                 |   5|   0|    5|          0|
    |v7_3_addr_reg_2143                 |   5|   0|    5|          0|
    |v7_4_addr_reg_2149                 |   5|   0|    5|          0|
    |v7_5_addr_reg_2155                 |   5|   0|    5|          0|
    |v7_6_addr_reg_2161                 |   5|   0|    5|          0|
    |v7_7_addr_reg_2167                 |   5|   0|    5|          0|
    |v7_8_addr_reg_2173                 |   5|   0|    5|          0|
    |v7_9_addr_reg_2179                 |   5|   0|    5|          0|
    |v80_1_reg_2625                     |  32|   0|   32|          0|
    |v82_1_reg_2316                     |  32|   0|   32|          0|
    |v84_1_reg_2365                     |  32|   0|   32|          0|
    |v86_reg_2246                       |  32|   0|   32|          0|
    |v87_1_reg_2430                     |  32|   0|   32|          0|
    |v89_reg_2251                       |  32|   0|   32|          0|
    |v8_fu_160                          |   8|   0|    8|          0|
    |v90_1_reg_2480                     |  32|   0|   32|          0|
    |v91_1_reg_2535                     |  32|   0|   32|          0|
    |v92_1_reg_2580                     |  32|   0|   32|          0|
    |v94_reg_2630                       |  32|   0|   32|          0|
    |v96_reg_2321                       |  32|   0|   32|          0|
    |v98_reg_2371                       |  32|   0|   32|          0|
    |v9_fu_156                          |   5|   0|    5|          0|
    |cmp37_reg_1827                     |  64|  32|    1|          0|
    |cmp6_reg_1798                      |  64|  32|    1|          0|
    |select_ln51_reg_1776               |  64|  32|    5|          0|
    |v112_reg_2377                      |  64|  32|   32|          0|
    |v126_reg_2383                      |  64|  32|   32|          0|
    |v13_reg_2190                       |  64|  32|   32|          0|
    |v140_reg_2389                      |  64|  32|   32|          0|
    |v1_read_reg_1753                   |  64|  32|   32|          0|
    |v28_reg_2341                       |  64|  32|   32|          0|
    |v2_read_reg_1739                   |  64|  32|   32|          0|
    |v42_reg_2347                       |  64|  32|   32|          0|
    |v56_reg_2353                       |  64|  32|   32|          0|
    |v5_0_addr_reg_2065                 |  64|  32|    5|          0|
    |v5_1_addr_reg_2077                 |  64|  32|    5|          0|
    |v5_2_addr_reg_2083                 |  64|  32|    5|          0|
    |v5_3_addr_reg_2089                 |  64|  32|    5|          0|
    |v5_4_addr_reg_2095                 |  64|  32|    5|          0|
    |v5_5_addr_reg_2101                 |  64|  32|    5|          0|
    |v5_6_addr_reg_2107                 |  64|  32|    5|          0|
    |v5_7_addr_reg_2113                 |  64|  32|    5|          0|
    |v5_8_addr_reg_2119                 |  64|  32|    5|          0|
    |v5_9_addr_reg_2125                 |  64|  32|    5|          0|
    |v70_1_reg_2359                     |  64|  32|   32|          0|
    |v7_0_addr_reg_2071                 |  64|  32|    5|          0|
    |v7_1_addr_reg_2131                 |  64|  32|    5|          0|
    |v7_2_addr_reg_2137                 |  64|  32|    5|          0|
    |v7_3_addr_reg_2143                 |  64|  32|    5|          0|
    |v7_4_addr_reg_2149                 |  64|  32|    5|          0|
    |v7_5_addr_reg_2155                 |  64|  32|    5|          0|
    |v7_6_addr_reg_2161                 |  64|  32|    5|          0|
    |v7_7_addr_reg_2167                 |  64|  32|    5|          0|
    |v7_8_addr_reg_2173                 |  64|  32|    5|          0|
    |v7_9_addr_reg_2179                 |  64|  32|    5|          0|
    |v84_1_reg_2365                     |  64|  32|   32|          0|
    |v98_reg_2371                       |  64|  32|   32|          0|
    +-----------------------------------+----+----+-----+-----------+
    |Total                              |5354|1120| 3605|          0|
    +-----------------------------------+----+----+-----+-----------+



================================================================
== Interface
================================================================
* Summary: 
+--------------------+-----+-----+---------------+----------------+--------------+
|      RTL Ports     | Dir | Bits|    Protocol   |  Source Object |    C Type    |
+--------------------+-----+-----+---------------+----------------+--------------+
|s_axi_ctrl_AWVALID  |   in|    1|          s_axi|            ctrl|        scalar|
|s_axi_ctrl_AWREADY  |  out|    1|          s_axi|            ctrl|        scalar|
|s_axi_ctrl_AWADDR   |   in|    6|          s_axi|            ctrl|        scalar|
|s_axi_ctrl_WVALID   |   in|    1|          s_axi|            ctrl|        scalar|
|s_axi_ctrl_WREADY   |  out|    1|          s_axi|            ctrl|        scalar|
|s_axi_ctrl_WDATA    |   in|   32|          s_axi|            ctrl|        scalar|
|s_axi_ctrl_WSTRB    |   in|    4|          s_axi|            ctrl|        scalar|
|s_axi_ctrl_ARVALID  |   in|    1|          s_axi|            ctrl|        scalar|
|s_axi_ctrl_ARREADY  |  out|    1|          s_axi|            ctrl|        scalar|
|s_axi_ctrl_ARADDR   |   in|    6|          s_axi|            ctrl|        scalar|
|s_axi_ctrl_RVALID   |  out|    1|          s_axi|            ctrl|        scalar|
|s_axi_ctrl_RREADY   |   in|    1|          s_axi|            ctrl|        scalar|
|s_axi_ctrl_RDATA    |  out|   32|          s_axi|            ctrl|        scalar|
|s_axi_ctrl_RRESP    |  out|    2|          s_axi|            ctrl|        scalar|
|s_axi_ctrl_BVALID   |  out|    1|          s_axi|            ctrl|        scalar|
|s_axi_ctrl_BREADY   |   in|    1|          s_axi|            ctrl|        scalar|
|s_axi_ctrl_BRESP    |  out|    2|          s_axi|            ctrl|        scalar|
|ap_clk              |   in|    1|  ap_ctrl_chain|  kernel_gesummv|  return value|
|ap_rst_n            |   in|    1|  ap_ctrl_chain|  kernel_gesummv|  return value|
|interrupt           |  out|    1|  ap_ctrl_chain|  kernel_gesummv|  return value|
|v3_0_Addr_A         |  out|   32|           bram|            v3_0|         array|
|v3_0_EN_A           |  out|    1|           bram|            v3_0|         array|
|v3_0_WEN_A          |  out|    4|           bram|            v3_0|         array|
|v3_0_Din_A          |  out|   32|           bram|            v3_0|         array|
|v3_0_Dout_A         |   in|   32|           bram|            v3_0|         array|
|v3_0_Clk_A          |  out|    1|           bram|            v3_0|         array|
|v3_0_Rst_A          |  out|    1|           bram|            v3_0|         array|
|v3_1_Addr_A         |  out|   32|           bram|            v3_1|         array|
|v3_1_EN_A           |  out|    1|           bram|            v3_1|         array|
|v3_1_WEN_A          |  out|    4|           bram|            v3_1|         array|
|v3_1_Din_A          |  out|   32|           bram|            v3_1|         array|
|v3_1_Dout_A         |   in|   32|           bram|            v3_1|         array|
|v3_1_Clk_A          |  out|    1|           bram|            v3_1|         array|
|v3_1_Rst_A          |  out|    1|           bram|            v3_1|         array|
|v3_2_Addr_A         |  out|   32|           bram|            v3_2|         array|
|v3_2_EN_A           |  out|    1|           bram|            v3_2|         array|
|v3_2_WEN_A          |  out|    4|           bram|            v3_2|         array|
|v3_2_Din_A          |  out|   32|           bram|            v3_2|         array|
|v3_2_Dout_A         |   in|   32|           bram|            v3_2|         array|
|v3_2_Clk_A          |  out|    1|           bram|            v3_2|         array|
|v3_2_Rst_A          |  out|    1|           bram|            v3_2|         array|
|v3_3_Addr_A         |  out|   32|           bram|            v3_3|         array|
|v3_3_EN_A           |  out|    1|           bram|            v3_3|         array|
|v3_3_WEN_A          |  out|    4|           bram|            v3_3|         array|
|v3_3_Din_A          |  out|   32|           bram|            v3_3|         array|
|v3_3_Dout_A         |   in|   32|           bram|            v3_3|         array|
|v3_3_Clk_A          |  out|    1|           bram|            v3_3|         array|
|v3_3_Rst_A          |  out|    1|           bram|            v3_3|         array|
|v3_4_Addr_A         |  out|   32|           bram|            v3_4|         array|
|v3_4_EN_A           |  out|    1|           bram|            v3_4|         array|
|v3_4_WEN_A          |  out|    4|           bram|            v3_4|         array|
|v3_4_Din_A          |  out|   32|           bram|            v3_4|         array|
|v3_4_Dout_A         |   in|   32|           bram|            v3_4|         array|
|v3_4_Clk_A          |  out|    1|           bram|            v3_4|         array|
|v3_4_Rst_A          |  out|    1|           bram|            v3_4|         array|
|v3_5_Addr_A         |  out|   32|           bram|            v3_5|         array|
|v3_5_EN_A           |  out|    1|           bram|            v3_5|         array|
|v3_5_WEN_A          |  out|    4|           bram|            v3_5|         array|
|v3_5_Din_A          |  out|   32|           bram|            v3_5|         array|
|v3_5_Dout_A         |   in|   32|           bram|            v3_5|         array|
|v3_5_Clk_A          |  out|    1|           bram|            v3_5|         array|
|v3_5_Rst_A          |  out|    1|           bram|            v3_5|         array|
|v3_6_Addr_A         |  out|   32|           bram|            v3_6|         array|
|v3_6_EN_A           |  out|    1|           bram|            v3_6|         array|
|v3_6_WEN_A          |  out|    4|           bram|            v3_6|         array|
|v3_6_Din_A          |  out|   32|           bram|            v3_6|         array|
|v3_6_Dout_A         |   in|   32|           bram|            v3_6|         array|
|v3_6_Clk_A          |  out|    1|           bram|            v3_6|         array|
|v3_6_Rst_A          |  out|    1|           bram|            v3_6|         array|
|v3_7_Addr_A         |  out|   32|           bram|            v3_7|         array|
|v3_7_EN_A           |  out|    1|           bram|            v3_7|         array|
|v3_7_WEN_A          |  out|    4|           bram|            v3_7|         array|
|v3_7_Din_A          |  out|   32|           bram|            v3_7|         array|
|v3_7_Dout_A         |   in|   32|           bram|            v3_7|         array|
|v3_7_Clk_A          |  out|    1|           bram|            v3_7|         array|
|v3_7_Rst_A          |  out|    1|           bram|            v3_7|         array|
|v3_8_Addr_A         |  out|   32|           bram|            v3_8|         array|
|v3_8_EN_A           |  out|    1|           bram|            v3_8|         array|
|v3_8_WEN_A          |  out|    4|           bram|            v3_8|         array|
|v3_8_Din_A          |  out|   32|           bram|            v3_8|         array|
|v3_8_Dout_A         |   in|   32|           bram|            v3_8|         array|
|v3_8_Clk_A          |  out|    1|           bram|            v3_8|         array|
|v3_8_Rst_A          |  out|    1|           bram|            v3_8|         array|
|v3_9_Addr_A         |  out|   32|           bram|            v3_9|         array|
|v3_9_EN_A           |  out|    1|           bram|            v3_9|         array|
|v3_9_WEN_A          |  out|    4|           bram|            v3_9|         array|
|v3_9_Din_A          |  out|   32|           bram|            v3_9|         array|
|v3_9_Dout_A         |   in|   32|           bram|            v3_9|         array|
|v3_9_Clk_A          |  out|    1|           bram|            v3_9|         array|
|v3_9_Rst_A          |  out|    1|           bram|            v3_9|         array|
|v4_0_Addr_A         |  out|   32|           bram|            v4_0|         array|
|v4_0_EN_A           |  out|    1|           bram|            v4_0|         array|
|v4_0_WEN_A          |  out|    4|           bram|            v4_0|         array|
|v4_0_Din_A          |  out|   32|           bram|            v4_0|         array|
|v4_0_Dout_A         |   in|   32|           bram|            v4_0|         array|
|v4_0_Clk_A          |  out|    1|           bram|            v4_0|         array|
|v4_0_Rst_A          |  out|    1|           bram|            v4_0|         array|
|v4_1_Addr_A         |  out|   32|           bram|            v4_1|         array|
|v4_1_EN_A           |  out|    1|           bram|            v4_1|         array|
|v4_1_WEN_A          |  out|    4|           bram|            v4_1|         array|
|v4_1_Din_A          |  out|   32|           bram|            v4_1|         array|
|v4_1_Dout_A         |   in|   32|           bram|            v4_1|         array|
|v4_1_Clk_A          |  out|    1|           bram|            v4_1|         array|
|v4_1_Rst_A          |  out|    1|           bram|            v4_1|         array|
|v4_2_Addr_A         |  out|   32|           bram|            v4_2|         array|
|v4_2_EN_A           |  out|    1|           bram|            v4_2|         array|
|v4_2_WEN_A          |  out|    4|           bram|            v4_2|         array|
|v4_2_Din_A          |  out|   32|           bram|            v4_2|         array|
|v4_2_Dout_A         |   in|   32|           bram|            v4_2|         array|
|v4_2_Clk_A          |  out|    1|           bram|            v4_2|         array|
|v4_2_Rst_A          |  out|    1|           bram|            v4_2|         array|
|v4_3_Addr_A         |  out|   32|           bram|            v4_3|         array|
|v4_3_EN_A           |  out|    1|           bram|            v4_3|         array|
|v4_3_WEN_A          |  out|    4|           bram|            v4_3|         array|
|v4_3_Din_A          |  out|   32|           bram|            v4_3|         array|
|v4_3_Dout_A         |   in|   32|           bram|            v4_3|         array|
|v4_3_Clk_A          |  out|    1|           bram|            v4_3|         array|
|v4_3_Rst_A          |  out|    1|           bram|            v4_3|         array|
|v4_4_Addr_A         |  out|   32|           bram|            v4_4|         array|
|v4_4_EN_A           |  out|    1|           bram|            v4_4|         array|
|v4_4_WEN_A          |  out|    4|           bram|            v4_4|         array|
|v4_4_Din_A          |  out|   32|           bram|            v4_4|         array|
|v4_4_Dout_A         |   in|   32|           bram|            v4_4|         array|
|v4_4_Clk_A          |  out|    1|           bram|            v4_4|         array|
|v4_4_Rst_A          |  out|    1|           bram|            v4_4|         array|
|v4_5_Addr_A         |  out|   32|           bram|            v4_5|         array|
|v4_5_EN_A           |  out|    1|           bram|            v4_5|         array|
|v4_5_WEN_A          |  out|    4|           bram|            v4_5|         array|
|v4_5_Din_A          |  out|   32|           bram|            v4_5|         array|
|v4_5_Dout_A         |   in|   32|           bram|            v4_5|         array|
|v4_5_Clk_A          |  out|    1|           bram|            v4_5|         array|
|v4_5_Rst_A          |  out|    1|           bram|            v4_5|         array|
|v4_6_Addr_A         |  out|   32|           bram|            v4_6|         array|
|v4_6_EN_A           |  out|    1|           bram|            v4_6|         array|
|v4_6_WEN_A          |  out|    4|           bram|            v4_6|         array|
|v4_6_Din_A          |  out|   32|           bram|            v4_6|         array|
|v4_6_Dout_A         |   in|   32|           bram|            v4_6|         array|
|v4_6_Clk_A          |  out|    1|           bram|            v4_6|         array|
|v4_6_Rst_A          |  out|    1|           bram|            v4_6|         array|
|v4_7_Addr_A         |  out|   32|           bram|            v4_7|         array|
|v4_7_EN_A           |  out|    1|           bram|            v4_7|         array|
|v4_7_WEN_A          |  out|    4|           bram|            v4_7|         array|
|v4_7_Din_A          |  out|   32|           bram|            v4_7|         array|
|v4_7_Dout_A         |   in|   32|           bram|            v4_7|         array|
|v4_7_Clk_A          |  out|    1|           bram|            v4_7|         array|
|v4_7_Rst_A          |  out|    1|           bram|            v4_7|         array|
|v4_8_Addr_A         |  out|   32|           bram|            v4_8|         array|
|v4_8_EN_A           |  out|    1|           bram|            v4_8|         array|
|v4_8_WEN_A          |  out|    4|           bram|            v4_8|         array|
|v4_8_Din_A          |  out|   32|           bram|            v4_8|         array|
|v4_8_Dout_A         |   in|   32|           bram|            v4_8|         array|
|v4_8_Clk_A          |  out|    1|           bram|            v4_8|         array|
|v4_8_Rst_A          |  out|    1|           bram|            v4_8|         array|
|v4_9_Addr_A         |  out|   32|           bram|            v4_9|         array|
|v4_9_EN_A           |  out|    1|           bram|            v4_9|         array|
|v4_9_WEN_A          |  out|    4|           bram|            v4_9|         array|
|v4_9_Din_A          |  out|   32|           bram|            v4_9|         array|
|v4_9_Dout_A         |   in|   32|           bram|            v4_9|         array|
|v4_9_Clk_A          |  out|    1|           bram|            v4_9|         array|
|v4_9_Rst_A          |  out|    1|           bram|            v4_9|         array|
|v5_0_Addr_A         |  out|   32|           bram|            v5_0|         array|
|v5_0_EN_A           |  out|    1|           bram|            v5_0|         array|
|v5_0_WEN_A          |  out|    4|           bram|            v5_0|         array|
|v5_0_Din_A          |  out|   32|           bram|            v5_0|         array|
|v5_0_Dout_A         |   in|   32|           bram|            v5_0|         array|
|v5_0_Clk_A          |  out|    1|           bram|            v5_0|         array|
|v5_0_Rst_A          |  out|    1|           bram|            v5_0|         array|
|v5_0_Addr_B         |  out|   32|           bram|            v5_0|         array|
|v5_0_EN_B           |  out|    1|           bram|            v5_0|         array|
|v5_0_WEN_B          |  out|    4|           bram|            v5_0|         array|
|v5_0_Din_B          |  out|   32|           bram|            v5_0|         array|
|v5_0_Dout_B         |   in|   32|           bram|            v5_0|         array|
|v5_0_Clk_B          |  out|    1|           bram|            v5_0|         array|
|v5_0_Rst_B          |  out|    1|           bram|            v5_0|         array|
|v5_1_Addr_A         |  out|   32|           bram|            v5_1|         array|
|v5_1_EN_A           |  out|    1|           bram|            v5_1|         array|
|v5_1_WEN_A          |  out|    4|           bram|            v5_1|         array|
|v5_1_Din_A          |  out|   32|           bram|            v5_1|         array|
|v5_1_Dout_A         |   in|   32|           bram|            v5_1|         array|
|v5_1_Clk_A          |  out|    1|           bram|            v5_1|         array|
|v5_1_Rst_A          |  out|    1|           bram|            v5_1|         array|
|v5_1_Addr_B         |  out|   32|           bram|            v5_1|         array|
|v5_1_EN_B           |  out|    1|           bram|            v5_1|         array|
|v5_1_WEN_B          |  out|    4|           bram|            v5_1|         array|
|v5_1_Din_B          |  out|   32|           bram|            v5_1|         array|
|v5_1_Dout_B         |   in|   32|           bram|            v5_1|         array|
|v5_1_Clk_B          |  out|    1|           bram|            v5_1|         array|
|v5_1_Rst_B          |  out|    1|           bram|            v5_1|         array|
|v5_2_Addr_A         |  out|   32|           bram|            v5_2|         array|
|v5_2_EN_A           |  out|    1|           bram|            v5_2|         array|
|v5_2_WEN_A          |  out|    4|           bram|            v5_2|         array|
|v5_2_Din_A          |  out|   32|           bram|            v5_2|         array|
|v5_2_Dout_A         |   in|   32|           bram|            v5_2|         array|
|v5_2_Clk_A          |  out|    1|           bram|            v5_2|         array|
|v5_2_Rst_A          |  out|    1|           bram|            v5_2|         array|
|v5_2_Addr_B         |  out|   32|           bram|            v5_2|         array|
|v5_2_EN_B           |  out|    1|           bram|            v5_2|         array|
|v5_2_WEN_B          |  out|    4|           bram|            v5_2|         array|
|v5_2_Din_B          |  out|   32|           bram|            v5_2|         array|
|v5_2_Dout_B         |   in|   32|           bram|            v5_2|         array|
|v5_2_Clk_B          |  out|    1|           bram|            v5_2|         array|
|v5_2_Rst_B          |  out|    1|           bram|            v5_2|         array|
|v5_3_Addr_A         |  out|   32|           bram|            v5_3|         array|
|v5_3_EN_A           |  out|    1|           bram|            v5_3|         array|
|v5_3_WEN_A          |  out|    4|           bram|            v5_3|         array|
|v5_3_Din_A          |  out|   32|           bram|            v5_3|         array|
|v5_3_Dout_A         |   in|   32|           bram|            v5_3|         array|
|v5_3_Clk_A          |  out|    1|           bram|            v5_3|         array|
|v5_3_Rst_A          |  out|    1|           bram|            v5_3|         array|
|v5_3_Addr_B         |  out|   32|           bram|            v5_3|         array|
|v5_3_EN_B           |  out|    1|           bram|            v5_3|         array|
|v5_3_WEN_B          |  out|    4|           bram|            v5_3|         array|
|v5_3_Din_B          |  out|   32|           bram|            v5_3|         array|
|v5_3_Dout_B         |   in|   32|           bram|            v5_3|         array|
|v5_3_Clk_B          |  out|    1|           bram|            v5_3|         array|
|v5_3_Rst_B          |  out|    1|           bram|            v5_3|         array|
|v5_4_Addr_A         |  out|   32|           bram|            v5_4|         array|
|v5_4_EN_A           |  out|    1|           bram|            v5_4|         array|
|v5_4_WEN_A          |  out|    4|           bram|            v5_4|         array|
|v5_4_Din_A          |  out|   32|           bram|            v5_4|         array|
|v5_4_Dout_A         |   in|   32|           bram|            v5_4|         array|
|v5_4_Clk_A          |  out|    1|           bram|            v5_4|         array|
|v5_4_Rst_A          |  out|    1|           bram|            v5_4|         array|
|v5_4_Addr_B         |  out|   32|           bram|            v5_4|         array|
|v5_4_EN_B           |  out|    1|           bram|            v5_4|         array|
|v5_4_WEN_B          |  out|    4|           bram|            v5_4|         array|
|v5_4_Din_B          |  out|   32|           bram|            v5_4|         array|
|v5_4_Dout_B         |   in|   32|           bram|            v5_4|         array|
|v5_4_Clk_B          |  out|    1|           bram|            v5_4|         array|
|v5_4_Rst_B          |  out|    1|           bram|            v5_4|         array|
|v5_5_Addr_A         |  out|   32|           bram|            v5_5|         array|
|v5_5_EN_A           |  out|    1|           bram|            v5_5|         array|
|v5_5_WEN_A          |  out|    4|           bram|            v5_5|         array|
|v5_5_Din_A          |  out|   32|           bram|            v5_5|         array|
|v5_5_Dout_A         |   in|   32|           bram|            v5_5|         array|
|v5_5_Clk_A          |  out|    1|           bram|            v5_5|         array|
|v5_5_Rst_A          |  out|    1|           bram|            v5_5|         array|
|v5_5_Addr_B         |  out|   32|           bram|            v5_5|         array|
|v5_5_EN_B           |  out|    1|           bram|            v5_5|         array|
|v5_5_WEN_B          |  out|    4|           bram|            v5_5|         array|
|v5_5_Din_B          |  out|   32|           bram|            v5_5|         array|
|v5_5_Dout_B         |   in|   32|           bram|            v5_5|         array|
|v5_5_Clk_B          |  out|    1|           bram|            v5_5|         array|
|v5_5_Rst_B          |  out|    1|           bram|            v5_5|         array|
|v5_6_Addr_A         |  out|   32|           bram|            v5_6|         array|
|v5_6_EN_A           |  out|    1|           bram|            v5_6|         array|
|v5_6_WEN_A          |  out|    4|           bram|            v5_6|         array|
|v5_6_Din_A          |  out|   32|           bram|            v5_6|         array|
|v5_6_Dout_A         |   in|   32|           bram|            v5_6|         array|
|v5_6_Clk_A          |  out|    1|           bram|            v5_6|         array|
|v5_6_Rst_A          |  out|    1|           bram|            v5_6|         array|
|v5_6_Addr_B         |  out|   32|           bram|            v5_6|         array|
|v5_6_EN_B           |  out|    1|           bram|            v5_6|         array|
|v5_6_WEN_B          |  out|    4|           bram|            v5_6|         array|
|v5_6_Din_B          |  out|   32|           bram|            v5_6|         array|
|v5_6_Dout_B         |   in|   32|           bram|            v5_6|         array|
|v5_6_Clk_B          |  out|    1|           bram|            v5_6|         array|
|v5_6_Rst_B          |  out|    1|           bram|            v5_6|         array|
|v5_7_Addr_A         |  out|   32|           bram|            v5_7|         array|
|v5_7_EN_A           |  out|    1|           bram|            v5_7|         array|
|v5_7_WEN_A          |  out|    4|           bram|            v5_7|         array|
|v5_7_Din_A          |  out|   32|           bram|            v5_7|         array|
|v5_7_Dout_A         |   in|   32|           bram|            v5_7|         array|
|v5_7_Clk_A          |  out|    1|           bram|            v5_7|         array|
|v5_7_Rst_A          |  out|    1|           bram|            v5_7|         array|
|v5_7_Addr_B         |  out|   32|           bram|            v5_7|         array|
|v5_7_EN_B           |  out|    1|           bram|            v5_7|         array|
|v5_7_WEN_B          |  out|    4|           bram|            v5_7|         array|
|v5_7_Din_B          |  out|   32|           bram|            v5_7|         array|
|v5_7_Dout_B         |   in|   32|           bram|            v5_7|         array|
|v5_7_Clk_B          |  out|    1|           bram|            v5_7|         array|
|v5_7_Rst_B          |  out|    1|           bram|            v5_7|         array|
|v5_8_Addr_A         |  out|   32|           bram|            v5_8|         array|
|v5_8_EN_A           |  out|    1|           bram|            v5_8|         array|
|v5_8_WEN_A          |  out|    4|           bram|            v5_8|         array|
|v5_8_Din_A          |  out|   32|           bram|            v5_8|         array|
|v5_8_Dout_A         |   in|   32|           bram|            v5_8|         array|
|v5_8_Clk_A          |  out|    1|           bram|            v5_8|         array|
|v5_8_Rst_A          |  out|    1|           bram|            v5_8|         array|
|v5_8_Addr_B         |  out|   32|           bram|            v5_8|         array|
|v5_8_EN_B           |  out|    1|           bram|            v5_8|         array|
|v5_8_WEN_B          |  out|    4|           bram|            v5_8|         array|
|v5_8_Din_B          |  out|   32|           bram|            v5_8|         array|
|v5_8_Dout_B         |   in|   32|           bram|            v5_8|         array|
|v5_8_Clk_B          |  out|    1|           bram|            v5_8|         array|
|v5_8_Rst_B          |  out|    1|           bram|            v5_8|         array|
|v5_9_Addr_A         |  out|   32|           bram|            v5_9|         array|
|v5_9_EN_A           |  out|    1|           bram|            v5_9|         array|
|v5_9_WEN_A          |  out|    4|           bram|            v5_9|         array|
|v5_9_Din_A          |  out|   32|           bram|            v5_9|         array|
|v5_9_Dout_A         |   in|   32|           bram|            v5_9|         array|
|v5_9_Clk_A          |  out|    1|           bram|            v5_9|         array|
|v5_9_Rst_A          |  out|    1|           bram|            v5_9|         array|
|v5_9_Addr_B         |  out|   32|           bram|            v5_9|         array|
|v5_9_EN_B           |  out|    1|           bram|            v5_9|         array|
|v5_9_WEN_B          |  out|    4|           bram|            v5_9|         array|
|v5_9_Din_B          |  out|   32|           bram|            v5_9|         array|
|v5_9_Dout_B         |   in|   32|           bram|            v5_9|         array|
|v5_9_Clk_B          |  out|    1|           bram|            v5_9|         array|
|v5_9_Rst_B          |  out|    1|           bram|            v5_9|         array|
|v6_Addr_A           |  out|   32|           bram|              v6|         array|
|v6_EN_A             |  out|    1|           bram|              v6|         array|
|v6_WEN_A            |  out|    4|           bram|              v6|         array|
|v6_Din_A            |  out|   32|           bram|              v6|         array|
|v6_Dout_A           |   in|   32|           bram|              v6|         array|
|v6_Clk_A            |  out|    1|           bram|              v6|         array|
|v6_Rst_A            |  out|    1|           bram|              v6|         array|
|v7_0_Addr_A         |  out|   32|           bram|            v7_0|         array|
|v7_0_EN_A           |  out|    1|           bram|            v7_0|         array|
|v7_0_WEN_A          |  out|    4|           bram|            v7_0|         array|
|v7_0_Din_A          |  out|   32|           bram|            v7_0|         array|
|v7_0_Dout_A         |   in|   32|           bram|            v7_0|         array|
|v7_0_Clk_A          |  out|    1|           bram|            v7_0|         array|
|v7_0_Rst_A          |  out|    1|           bram|            v7_0|         array|
|v7_0_Addr_B         |  out|   32|           bram|            v7_0|         array|
|v7_0_EN_B           |  out|    1|           bram|            v7_0|         array|
|v7_0_WEN_B          |  out|    4|           bram|            v7_0|         array|
|v7_0_Din_B          |  out|   32|           bram|            v7_0|         array|
|v7_0_Dout_B         |   in|   32|           bram|            v7_0|         array|
|v7_0_Clk_B          |  out|    1|           bram|            v7_0|         array|
|v7_0_Rst_B          |  out|    1|           bram|            v7_0|         array|
|v7_1_Addr_A         |  out|   32|           bram|            v7_1|         array|
|v7_1_EN_A           |  out|    1|           bram|            v7_1|         array|
|v7_1_WEN_A          |  out|    4|           bram|            v7_1|         array|
|v7_1_Din_A          |  out|   32|           bram|            v7_1|         array|
|v7_1_Dout_A         |   in|   32|           bram|            v7_1|         array|
|v7_1_Clk_A          |  out|    1|           bram|            v7_1|         array|
|v7_1_Rst_A          |  out|    1|           bram|            v7_1|         array|
|v7_1_Addr_B         |  out|   32|           bram|            v7_1|         array|
|v7_1_EN_B           |  out|    1|           bram|            v7_1|         array|
|v7_1_WEN_B          |  out|    4|           bram|            v7_1|         array|
|v7_1_Din_B          |  out|   32|           bram|            v7_1|         array|
|v7_1_Dout_B         |   in|   32|           bram|            v7_1|         array|
|v7_1_Clk_B          |  out|    1|           bram|            v7_1|         array|
|v7_1_Rst_B          |  out|    1|           bram|            v7_1|         array|
|v7_2_Addr_A         |  out|   32|           bram|            v7_2|         array|
|v7_2_EN_A           |  out|    1|           bram|            v7_2|         array|
|v7_2_WEN_A          |  out|    4|           bram|            v7_2|         array|
|v7_2_Din_A          |  out|   32|           bram|            v7_2|         array|
|v7_2_Dout_A         |   in|   32|           bram|            v7_2|         array|
|v7_2_Clk_A          |  out|    1|           bram|            v7_2|         array|
|v7_2_Rst_A          |  out|    1|           bram|            v7_2|         array|
|v7_2_Addr_B         |  out|   32|           bram|            v7_2|         array|
|v7_2_EN_B           |  out|    1|           bram|            v7_2|         array|
|v7_2_WEN_B          |  out|    4|           bram|            v7_2|         array|
|v7_2_Din_B          |  out|   32|           bram|            v7_2|         array|
|v7_2_Dout_B         |   in|   32|           bram|            v7_2|         array|
|v7_2_Clk_B          |  out|    1|           bram|            v7_2|         array|
|v7_2_Rst_B          |  out|    1|           bram|            v7_2|         array|
|v7_3_Addr_A         |  out|   32|           bram|            v7_3|         array|
|v7_3_EN_A           |  out|    1|           bram|            v7_3|         array|
|v7_3_WEN_A          |  out|    4|           bram|            v7_3|         array|
|v7_3_Din_A          |  out|   32|           bram|            v7_3|         array|
|v7_3_Dout_A         |   in|   32|           bram|            v7_3|         array|
|v7_3_Clk_A          |  out|    1|           bram|            v7_3|         array|
|v7_3_Rst_A          |  out|    1|           bram|            v7_3|         array|
|v7_3_Addr_B         |  out|   32|           bram|            v7_3|         array|
|v7_3_EN_B           |  out|    1|           bram|            v7_3|         array|
|v7_3_WEN_B          |  out|    4|           bram|            v7_3|         array|
|v7_3_Din_B          |  out|   32|           bram|            v7_3|         array|
|v7_3_Dout_B         |   in|   32|           bram|            v7_3|         array|
|v7_3_Clk_B          |  out|    1|           bram|            v7_3|         array|
|v7_3_Rst_B          |  out|    1|           bram|            v7_3|         array|
|v7_4_Addr_A         |  out|   32|           bram|            v7_4|         array|
|v7_4_EN_A           |  out|    1|           bram|            v7_4|         array|
|v7_4_WEN_A          |  out|    4|           bram|            v7_4|         array|
|v7_4_Din_A          |  out|   32|           bram|            v7_4|         array|
|v7_4_Dout_A         |   in|   32|           bram|            v7_4|         array|
|v7_4_Clk_A          |  out|    1|           bram|            v7_4|         array|
|v7_4_Rst_A          |  out|    1|           bram|            v7_4|         array|
|v7_4_Addr_B         |  out|   32|           bram|            v7_4|         array|
|v7_4_EN_B           |  out|    1|           bram|            v7_4|         array|
|v7_4_WEN_B          |  out|    4|           bram|            v7_4|         array|
|v7_4_Din_B          |  out|   32|           bram|            v7_4|         array|
|v7_4_Dout_B         |   in|   32|           bram|            v7_4|         array|
|v7_4_Clk_B          |  out|    1|           bram|            v7_4|         array|
|v7_4_Rst_B          |  out|    1|           bram|            v7_4|         array|
|v7_5_Addr_A         |  out|   32|           bram|            v7_5|         array|
|v7_5_EN_A           |  out|    1|           bram|            v7_5|         array|
|v7_5_WEN_A          |  out|    4|           bram|            v7_5|         array|
|v7_5_Din_A          |  out|   32|           bram|            v7_5|         array|
|v7_5_Dout_A         |   in|   32|           bram|            v7_5|         array|
|v7_5_Clk_A          |  out|    1|           bram|            v7_5|         array|
|v7_5_Rst_A          |  out|    1|           bram|            v7_5|         array|
|v7_5_Addr_B         |  out|   32|           bram|            v7_5|         array|
|v7_5_EN_B           |  out|    1|           bram|            v7_5|         array|
|v7_5_WEN_B          |  out|    4|           bram|            v7_5|         array|
|v7_5_Din_B          |  out|   32|           bram|            v7_5|         array|
|v7_5_Dout_B         |   in|   32|           bram|            v7_5|         array|
|v7_5_Clk_B          |  out|    1|           bram|            v7_5|         array|
|v7_5_Rst_B          |  out|    1|           bram|            v7_5|         array|
|v7_6_Addr_A         |  out|   32|           bram|            v7_6|         array|
|v7_6_EN_A           |  out|    1|           bram|            v7_6|         array|
|v7_6_WEN_A          |  out|    4|           bram|            v7_6|         array|
|v7_6_Din_A          |  out|   32|           bram|            v7_6|         array|
|v7_6_Dout_A         |   in|   32|           bram|            v7_6|         array|
|v7_6_Clk_A          |  out|    1|           bram|            v7_6|         array|
|v7_6_Rst_A          |  out|    1|           bram|            v7_6|         array|
|v7_6_Addr_B         |  out|   32|           bram|            v7_6|         array|
|v7_6_EN_B           |  out|    1|           bram|            v7_6|         array|
|v7_6_WEN_B          |  out|    4|           bram|            v7_6|         array|
|v7_6_Din_B          |  out|   32|           bram|            v7_6|         array|
|v7_6_Dout_B         |   in|   32|           bram|            v7_6|         array|
|v7_6_Clk_B          |  out|    1|           bram|            v7_6|         array|
|v7_6_Rst_B          |  out|    1|           bram|            v7_6|         array|
|v7_7_Addr_A         |  out|   32|           bram|            v7_7|         array|
|v7_7_EN_A           |  out|    1|           bram|            v7_7|         array|
|v7_7_WEN_A          |  out|    4|           bram|            v7_7|         array|
|v7_7_Din_A          |  out|   32|           bram|            v7_7|         array|
|v7_7_Dout_A         |   in|   32|           bram|            v7_7|         array|
|v7_7_Clk_A          |  out|    1|           bram|            v7_7|         array|
|v7_7_Rst_A          |  out|    1|           bram|            v7_7|         array|
|v7_7_Addr_B         |  out|   32|           bram|            v7_7|         array|
|v7_7_EN_B           |  out|    1|           bram|            v7_7|         array|
|v7_7_WEN_B          |  out|    4|           bram|            v7_7|         array|
|v7_7_Din_B          |  out|   32|           bram|            v7_7|         array|
|v7_7_Dout_B         |   in|   32|           bram|            v7_7|         array|
|v7_7_Clk_B          |  out|    1|           bram|            v7_7|         array|
|v7_7_Rst_B          |  out|    1|           bram|            v7_7|         array|
|v7_8_Addr_A         |  out|   32|           bram|            v7_8|         array|
|v7_8_EN_A           |  out|    1|           bram|            v7_8|         array|
|v7_8_WEN_A          |  out|    4|           bram|            v7_8|         array|
|v7_8_Din_A          |  out|   32|           bram|            v7_8|         array|
|v7_8_Dout_A         |   in|   32|           bram|            v7_8|         array|
|v7_8_Clk_A          |  out|    1|           bram|            v7_8|         array|
|v7_8_Rst_A          |  out|    1|           bram|            v7_8|         array|
|v7_8_Addr_B         |  out|   32|           bram|            v7_8|         array|
|v7_8_EN_B           |  out|    1|           bram|            v7_8|         array|
|v7_8_WEN_B          |  out|    4|           bram|            v7_8|         array|
|v7_8_Din_B          |  out|   32|           bram|            v7_8|         array|
|v7_8_Dout_B         |   in|   32|           bram|            v7_8|         array|
|v7_8_Clk_B          |  out|    1|           bram|            v7_8|         array|
|v7_8_Rst_B          |  out|    1|           bram|            v7_8|         array|
|v7_9_Addr_A         |  out|   32|           bram|            v7_9|         array|
|v7_9_EN_A           |  out|    1|           bram|            v7_9|         array|
|v7_9_WEN_A          |  out|    4|           bram|            v7_9|         array|
|v7_9_Din_A          |  out|   32|           bram|            v7_9|         array|
|v7_9_Dout_A         |   in|   32|           bram|            v7_9|         array|
|v7_9_Clk_A          |  out|    1|           bram|            v7_9|         array|
|v7_9_Rst_A          |  out|    1|           bram|            v7_9|         array|
|v7_9_Addr_B         |  out|   32|           bram|            v7_9|         array|
|v7_9_EN_B           |  out|    1|           bram|            v7_9|         array|
|v7_9_WEN_B          |  out|    4|           bram|            v7_9|         array|
|v7_9_Din_B          |  out|   32|           bram|            v7_9|         array|
|v7_9_Dout_B         |   in|   32|           bram|            v7_9|         array|
|v7_9_Clk_B          |  out|    1|           bram|            v7_9|         array|
|v7_9_Rst_B          |  out|    1|           bram|            v7_9|         array|
+--------------------+-----+-----+---------------+----------------+--------------+

