

================================================================
== Vitis HLS Report for 'forward'
================================================================
* Date:           Fri Jul 18 14:43:22 2025

* Version:        2023.2 (Build 4023990 on Oct 11 2023)
* Project:        atax.prj
* Solution:       atax (Vivado IP Flow Target)
* Product family: virtexuplusHBM
* Target device:  xcu280-fsvh2892-2L-e


================================================================
== Performance Estimates
================================================================
+ Timing: 
    * Summary: 
    +--------+---------+----------+------------+
    |  Clock |  Target | Estimated| Uncertainty|
    +--------+---------+----------+------------+
    |ap_clk  |  5.00 ns|  3.902 ns|     1.35 ns|
    +--------+---------+----------+------------+

+ Latency: 
    * Summary: 
    +---------+---------+-----------+-----------+------+------+----------+
    |  Latency (cycles) |   Latency (absolute)  |   Interval  | Pipeline |
    |   min   |   max   |    min    |    max    |  min |  max |   Type   |
    +---------+---------+-----------+-----------+------+------+----------+
    |     2249|     2249|  11.245 us|  11.245 us|  2215|  2215|  dataflow|
    +---------+---------+-----------+-----------+------+------+----------+

    + Detail: 
        * Instance: 
        +----------+-------+---------+---------+-----------+-----------+------+------+---------+
        |          |       |  Latency (cycles) |   Latency (absolute)  |   Interval  | Pipeline|
        | Instance | Module|   min   |   max   |    min    |    max    |  min |  max |   Type  |
        +----------+-------+---------+---------+-----------+-----------+------+------+---------+
        |node3_U0  |node3  |     2167|     2167|  10.835 us|  10.835 us|  2167|  2167|       no|
        |node2_U0  |node2  |     2137|     2137|  10.685 us|  10.685 us|  2137|  2137|       no|
        |node1_U0  |node1  |     2214|     2214|  11.070 us|  11.070 us|  2214|  2214|       no|
        |node0_U0  |node0  |       84|       84|   0.420 us|   0.420 us|    84|    84|       no|
        +----------+-------+---------+---------+-----------+-----------+------+------+---------+

        * Loop: 
        N/A



================================================================
== Utilization Estimates
================================================================
* Summary: 
+---------------------+---------+------+---------+---------+-----+
|         Name        | BRAM_18K|  DSP |    FF   |   LUT   | URAM|
+---------------------+---------+------+---------+---------+-----+
|DSP                  |        -|     -|        -|        -|    -|
|Expression           |        -|     -|        0|       12|    -|
|FIFO                 |       75|     -|     7850|     7495|    -|
|Instance             |        0|   752|    78642|    52539|    0|
|Memory               |        -|     -|        -|        -|    -|
|Multiplexer          |        -|     -|        -|       18|    -|
|Register             |        -|     -|        2|        -|    -|
+---------------------+---------+------+---------+---------+-----+
|Total                |       75|   752|    86494|    60064|    0|
+---------------------+---------+------+---------+---------+-----+
|Available SLR        |     1344|  3008|   869120|   434560|  320|
+---------------------+---------+------+---------+---------+-----+
|Utilization SLR (%)  |        5|    25|        9|       13|    0|
+---------------------+---------+------+---------+---------+-----+
|Available            |     4032|  9024|  2607360|  1303680|  960|
+---------------------+---------+------+---------+---------+-----+
|Utilization (%)      |        1|     8|        3|        4|    0|
+---------------------+---------+------+---------+---------+-----+

+ Detail: 
    * Instance: 
    +----------+-------+---------+-----+-------+-------+-----+
    | Instance | Module| BRAM_18K| DSP |   FF  |  LUT  | URAM|
    +----------+-------+---------+-----+-------+-------+-----+
    |node0_U0  |node0  |        0|    0|     17|    117|    0|
    |node1_U0  |node1  |        0|  375|  42785|  27088|    0|
    |node2_U0  |node2  |        0|    1|     49|    845|    0|
    |node3_U0  |node3  |        0|  376|  35791|  24489|    0|
    +----------+-------+---------+-----+-------+-------+-----+
    |Total     |       |        0|  752|  78642|  52539|    0|
    +----------+-------+---------+-----+-------+-------+-----+

    * DSP: 
    N/A

    * Memory: 
    N/A

    * FIFO: 
    +----------+---------+-----+----+-----+------+-----+---------+
    |   Name   | BRAM_18K|  FF | LUT| URAM| Depth| Bits| Size:D*B|
    +----------+---------+-----+----+-----+------+-----+---------+
    |v47_1_U   |        0|  121|   0|    -|    82|   32|     2624|
    |v47_2_U   |        0|  121|   0|    -|    82|   32|     2624|
    |v47_3_U   |        0|  121|   0|    -|    82|   32|     2624|
    |v47_4_U   |        0|  121|   0|    -|    82|   32|     2624|
    |v47_U     |        0|  121|   0|    -|    82|   32|     2624|
    |v48_10_U  |        1|   95|   0|    -|  2132|   32|    68224|
    |v48_11_U  |        1|   95|   0|    -|  2132|   32|    68224|
    |v48_12_U  |        1|   95|   0|    -|  2132|   32|    68224|
    |v48_13_U  |        1|   95|   0|    -|  2132|   32|    68224|
    |v48_14_U  |        1|   95|   0|    -|  2132|   32|    68224|
    |v48_15_U  |        1|   95|   0|    -|  2132|   32|    68224|
    |v48_16_U  |        1|   95|   0|    -|  2132|   32|    68224|
    |v48_17_U  |        1|   95|   0|    -|  2132|   32|    68224|
    |v48_18_U  |        1|   95|   0|    -|  2132|   32|    68224|
    |v48_19_U  |        1|   95|   0|    -|  2132|   32|    68224|
    |v48_1_U   |        1|   95|   0|    -|  2132|   32|    68224|
    |v48_20_U  |        1|   95|   0|    -|  2132|   32|    68224|
    |v48_21_U  |        1|   95|   0|    -|  2132|   32|    68224|
    |v48_22_U  |        1|   95|   0|    -|  2132|   32|    68224|
    |v48_23_U  |        1|   95|   0|    -|  2132|   32|    68224|
    |v48_24_U  |        1|   95|   0|    -|  2132|   32|    68224|
    |v48_25_U  |        1|   95|   0|    -|  2132|   32|    68224|
    |v48_26_U  |        1|   95|   0|    -|  2132|   32|    68224|
    |v48_27_U  |        1|   95|   0|    -|  2132|   32|    68224|
    |v48_28_U  |        1|   95|   0|    -|  2132|   32|    68224|
    |v48_29_U  |        1|   95|   0|    -|  2132|   32|    68224|
    |v48_2_U   |        1|   95|   0|    -|  2132|   32|    68224|
    |v48_30_U  |        1|   95|   0|    -|  2132|   32|    68224|
    |v48_31_U  |        1|   95|   0|    -|  2132|   32|    68224|
    |v48_32_U  |        1|   95|   0|    -|  2132|   32|    68224|
    |v48_33_U  |        1|   95|   0|    -|  2132|   32|    68224|
    |v48_34_U  |        1|   95|   0|    -|  2132|   32|    68224|
    |v48_35_U  |        1|   95|   0|    -|  2132|   32|    68224|
    |v48_36_U  |        1|   95|   0|    -|  2132|   32|    68224|
    |v48_37_U  |        1|   95|   0|    -|  2132|   32|    68224|
    |v48_38_U  |        1|   95|   0|    -|  2132|   32|    68224|
    |v48_39_U  |        1|   95|   0|    -|  2132|   32|    68224|
    |v48_3_U   |        1|   95|   0|    -|  2132|   32|    68224|
    |v48_40_U  |        1|   95|   0|    -|  2132|   32|    68224|
    |v48_41_U  |        1|   95|   0|    -|  2132|   32|    68224|
    |v48_42_U  |        1|   95|   0|    -|  2132|   32|    68224|
    |v48_43_U  |        1|   95|   0|    -|  2132|   32|    68224|
    |v48_44_U  |        1|   95|   0|    -|  2132|   32|    68224|
    |v48_45_U  |        1|   95|   0|    -|  2132|   32|    68224|
    |v48_46_U  |        1|   95|   0|    -|  2132|   32|    68224|
    |v48_47_U  |        1|   95|   0|    -|  2132|   32|    68224|
    |v48_48_U  |        1|   95|   0|    -|  2132|   32|    68224|
    |v48_49_U  |        1|   95|   0|    -|  2132|   32|    68224|
    |v48_4_U   |        1|   95|   0|    -|  2132|   32|    68224|
    |v48_50_U  |        1|   95|   0|    -|  2132|   32|    68224|
    |v48_51_U  |        1|   95|   0|    -|  2132|   32|    68224|
    |v48_52_U  |        1|   95|   0|    -|  2132|   32|    68224|
    |v48_53_U  |        1|   95|   0|    -|  2132|   32|    68224|
    |v48_54_U  |        1|   95|   0|    -|  2132|   32|    68224|
    |v48_55_U  |        1|   95|   0|    -|  2132|   32|    68224|
    |v48_56_U  |        1|   95|   0|    -|  2132|   32|    68224|
    |v48_57_U  |        1|   95|   0|    -|  2132|   32|    68224|
    |v48_58_U  |        1|   95|   0|    -|  2132|   32|    68224|
    |v48_59_U  |        1|   95|   0|    -|  2132|   32|    68224|
    |v48_5_U   |        1|   95|   0|    -|  2132|   32|    68224|
    |v48_60_U  |        1|   95|   0|    -|  2132|   32|    68224|
    |v48_61_U  |        1|   95|   0|    -|  2132|   32|    68224|
    |v48_62_U  |        1|   95|   0|    -|  2132|   32|    68224|
    |v48_63_U  |        1|   95|   0|    -|  2132|   32|    68224|
    |v48_64_U  |        1|   95|   0|    -|  2132|   32|    68224|
    |v48_65_U  |        1|   95|   0|    -|  2132|   32|    68224|
    |v48_66_U  |        1|   95|   0|    -|  2132|   32|    68224|
    |v48_67_U  |        1|   95|   0|    -|  2132|   32|    68224|
    |v48_68_U  |        1|   95|   0|    -|  2132|   32|    68224|
    |v48_69_U  |        1|   95|   0|    -|  2132|   32|    68224|
    |v48_6_U   |        1|   95|   0|    -|  2132|   32|    68224|
    |v48_70_U  |        1|   95|   0|    -|  2132|   32|    68224|
    |v48_71_U  |        1|   95|   0|    -|  2132|   32|    68224|
    |v48_72_U  |        1|   95|   0|    -|  2132|   32|    68224|
    |v48_73_U  |        1|   95|   0|    -|  2132|   32|    68224|
    |v48_74_U  |        1|   95|   0|    -|  2132|   32|    68224|
    |v48_7_U   |        1|   95|   0|    -|  2132|   32|    68224|
    |v48_8_U   |        1|   95|   0|    -|  2132|   32|    68224|
    |v48_9_U   |        1|   95|   0|    -|  2132|   32|    68224|
    |v48_U     |        1|   95|   0|    -|  2132|   32|    68224|
    |v49_10_U  |        0|    8|   0|    -|    26|   32|      832|
    |v49_11_U  |        0|    8|   0|    -|    26|   32|      832|
    |v49_12_U  |        0|    8|   0|    -|    26|   32|      832|
    |v49_13_U  |        0|    8|   0|    -|    26|   32|      832|
    |v49_14_U  |        0|    8|   0|    -|    26|   32|      832|
    |v49_1_U   |        0|    8|   0|    -|    26|   32|      832|
    |v49_2_U   |        0|    8|   0|    -|    26|   32|      832|
    |v49_3_U   |        0|    8|   0|    -|    26|   32|      832|
    |v49_4_U   |        0|    8|   0|    -|    26|   32|      832|
    |v49_5_U   |        0|    8|   0|    -|    26|   32|      832|
    |v49_6_U   |        0|    8|   0|    -|    26|   32|      832|
    |v49_7_U   |        0|    8|   0|    -|    26|   32|      832|
    |v49_8_U   |        0|    8|   0|    -|    26|   32|      832|
    |v49_9_U   |        0|    8|   0|    -|    26|   32|      832|
    |v49_U     |        0|    8|   0|    -|    26|   32|      832|
    +----------+---------+-----+----+-----+------+-----+---------+
    |Total     |       75| 7850|   0|    0|160700| 3040|  5142400|
    +----------+---------+-----+----+-----+------+-----+---------+

    * Expression: 
    +---------------------------+----------+----+---+----+------------+------------+
    |       Variable Name       | Operation| DSP| FF| LUT| Bitwidth P0| Bitwidth P1|
    +---------------------------+----------+----+---+----+------------+------------+
    |ap_idle                    |       and|   0|  0|   2|           1|           1|
    |ap_sync_ready              |       and|   0|  0|   2|           1|           1|
    |node2_U0_ap_start          |       and|   0|  0|   2|           1|           1|
    |node3_U0_ap_start          |       and|   0|  0|   2|           1|           1|
    |ap_sync_node2_U0_ap_ready  |        or|   0|  0|   2|           1|           1|
    |ap_sync_node3_U0_ap_ready  |        or|   0|  0|   2|           1|           1|
    +---------------------------+----------+----+---+----+------------+------------+
    |Total                      |          |   0|  0|  12|           6|           6|
    +---------------------------+----------+----+---+----+------------+------------+

    * Multiplexer: 
    +-------------------------------+----+-----------+-----+-----------+
    |              Name             | LUT| Input Size| Bits| Total Bits|
    +-------------------------------+----+-----------+-----+-----------+
    |ap_sync_reg_node2_U0_ap_ready  |   9|          2|    1|          2|
    |ap_sync_reg_node3_U0_ap_ready  |   9|          2|    1|          2|
    +-------------------------------+----+-----------+-----+-----------+
    |Total                          |  18|          4|    2|          4|
    +-------------------------------+----+-----------+-----+-----------+

    * Register: 
    +-------------------------------+---+----+-----+-----------+
    |              Name             | FF| LUT| Bits| Const Bits|
    +-------------------------------+---+----+-----+-----------+
    |ap_sync_reg_node2_U0_ap_ready  |  1|   0|    1|          0|
    |ap_sync_reg_node3_U0_ap_ready  |  1|   0|    1|          0|
    +-------------------------------+---+----+-----+-----------+
    |Total                          |  2|   0|    2|          0|
    +-------------------------------+---+----+-----+-----------+



================================================================
== Interface
================================================================
* Summary: 
+-------------------+-----+-----+------------+--------------+--------------+
|     RTL Ports     | Dir | Bits|  Protocol  | Source Object|    C Type    |
+-------------------+-----+-----+------------+--------------+--------------+
|v44_0_0_address0   |  out|   12|   ap_memory|       v44_0_0|         array|
|v44_0_0_ce0        |  out|    1|   ap_memory|       v44_0_0|         array|
|v44_0_0_d0         |  out|   32|   ap_memory|       v44_0_0|         array|
|v44_0_0_q0         |   in|   32|   ap_memory|       v44_0_0|         array|
|v44_0_0_we0        |  out|    1|   ap_memory|       v44_0_0|         array|
|v44_0_0_address1   |  out|   12|   ap_memory|       v44_0_0|         array|
|v44_0_0_ce1        |  out|    1|   ap_memory|       v44_0_0|         array|
|v44_0_0_d1         |  out|   32|   ap_memory|       v44_0_0|         array|
|v44_0_0_q1         |   in|   32|   ap_memory|       v44_0_0|         array|
|v44_0_0_we1        |  out|    1|   ap_memory|       v44_0_0|         array|
|v44_0_1_address0   |  out|   12|   ap_memory|       v44_0_1|         array|
|v44_0_1_ce0        |  out|    1|   ap_memory|       v44_0_1|         array|
|v44_0_1_d0         |  out|   32|   ap_memory|       v44_0_1|         array|
|v44_0_1_q0         |   in|   32|   ap_memory|       v44_0_1|         array|
|v44_0_1_we0        |  out|    1|   ap_memory|       v44_0_1|         array|
|v44_0_1_address1   |  out|   12|   ap_memory|       v44_0_1|         array|
|v44_0_1_ce1        |  out|    1|   ap_memory|       v44_0_1|         array|
|v44_0_1_d1         |  out|   32|   ap_memory|       v44_0_1|         array|
|v44_0_1_q1         |   in|   32|   ap_memory|       v44_0_1|         array|
|v44_0_1_we1        |  out|    1|   ap_memory|       v44_0_1|         array|
|v44_0_2_address0   |  out|   12|   ap_memory|       v44_0_2|         array|
|v44_0_2_ce0        |  out|    1|   ap_memory|       v44_0_2|         array|
|v44_0_2_d0         |  out|   32|   ap_memory|       v44_0_2|         array|
|v44_0_2_q0         |   in|   32|   ap_memory|       v44_0_2|         array|
|v44_0_2_we0        |  out|    1|   ap_memory|       v44_0_2|         array|
|v44_0_2_address1   |  out|   12|   ap_memory|       v44_0_2|         array|
|v44_0_2_ce1        |  out|    1|   ap_memory|       v44_0_2|         array|
|v44_0_2_d1         |  out|   32|   ap_memory|       v44_0_2|         array|
|v44_0_2_q1         |   in|   32|   ap_memory|       v44_0_2|         array|
|v44_0_2_we1        |  out|    1|   ap_memory|       v44_0_2|         array|
|v44_0_3_address0   |  out|   12|   ap_memory|       v44_0_3|         array|
|v44_0_3_ce0        |  out|    1|   ap_memory|       v44_0_3|         array|
|v44_0_3_d0         |  out|   32|   ap_memory|       v44_0_3|         array|
|v44_0_3_q0         |   in|   32|   ap_memory|       v44_0_3|         array|
|v44_0_3_we0        |  out|    1|   ap_memory|       v44_0_3|         array|
|v44_0_3_address1   |  out|   12|   ap_memory|       v44_0_3|         array|
|v44_0_3_ce1        |  out|    1|   ap_memory|       v44_0_3|         array|
|v44_0_3_d1         |  out|   32|   ap_memory|       v44_0_3|         array|
|v44_0_3_q1         |   in|   32|   ap_memory|       v44_0_3|         array|
|v44_0_3_we1        |  out|    1|   ap_memory|       v44_0_3|         array|
|v44_0_4_address0   |  out|   12|   ap_memory|       v44_0_4|         array|
|v44_0_4_ce0        |  out|    1|   ap_memory|       v44_0_4|         array|
|v44_0_4_d0         |  out|   32|   ap_memory|       v44_0_4|         array|
|v44_0_4_q0         |   in|   32|   ap_memory|       v44_0_4|         array|
|v44_0_4_we0        |  out|    1|   ap_memory|       v44_0_4|         array|
|v44_0_4_address1   |  out|   12|   ap_memory|       v44_0_4|         array|
|v44_0_4_ce1        |  out|    1|   ap_memory|       v44_0_4|         array|
|v44_0_4_d1         |  out|   32|   ap_memory|       v44_0_4|         array|
|v44_0_4_q1         |   in|   32|   ap_memory|       v44_0_4|         array|
|v44_0_4_we1        |  out|    1|   ap_memory|       v44_0_4|         array|
|v44_1_0_address0   |  out|   12|   ap_memory|       v44_1_0|         array|
|v44_1_0_ce0        |  out|    1|   ap_memory|       v44_1_0|         array|
|v44_1_0_d0         |  out|   32|   ap_memory|       v44_1_0|         array|
|v44_1_0_q0         |   in|   32|   ap_memory|       v44_1_0|         array|
|v44_1_0_we0        |  out|    1|   ap_memory|       v44_1_0|         array|
|v44_1_0_address1   |  out|   12|   ap_memory|       v44_1_0|         array|
|v44_1_0_ce1        |  out|    1|   ap_memory|       v44_1_0|         array|
|v44_1_0_d1         |  out|   32|   ap_memory|       v44_1_0|         array|
|v44_1_0_q1         |   in|   32|   ap_memory|       v44_1_0|         array|
|v44_1_0_we1        |  out|    1|   ap_memory|       v44_1_0|         array|
|v44_1_1_address0   |  out|   12|   ap_memory|       v44_1_1|         array|
|v44_1_1_ce0        |  out|    1|   ap_memory|       v44_1_1|         array|
|v44_1_1_d0         |  out|   32|   ap_memory|       v44_1_1|         array|
|v44_1_1_q0         |   in|   32|   ap_memory|       v44_1_1|         array|
|v44_1_1_we0        |  out|    1|   ap_memory|       v44_1_1|         array|
|v44_1_1_address1   |  out|   12|   ap_memory|       v44_1_1|         array|
|v44_1_1_ce1        |  out|    1|   ap_memory|       v44_1_1|         array|
|v44_1_1_d1         |  out|   32|   ap_memory|       v44_1_1|         array|
|v44_1_1_q1         |   in|   32|   ap_memory|       v44_1_1|         array|
|v44_1_1_we1        |  out|    1|   ap_memory|       v44_1_1|         array|
|v44_1_2_address0   |  out|   12|   ap_memory|       v44_1_2|         array|
|v44_1_2_ce0        |  out|    1|   ap_memory|       v44_1_2|         array|
|v44_1_2_d0         |  out|   32|   ap_memory|       v44_1_2|         array|
|v44_1_2_q0         |   in|   32|   ap_memory|       v44_1_2|         array|
|v44_1_2_we0        |  out|    1|   ap_memory|       v44_1_2|         array|
|v44_1_2_address1   |  out|   12|   ap_memory|       v44_1_2|         array|
|v44_1_2_ce1        |  out|    1|   ap_memory|       v44_1_2|         array|
|v44_1_2_d1         |  out|   32|   ap_memory|       v44_1_2|         array|
|v44_1_2_q1         |   in|   32|   ap_memory|       v44_1_2|         array|
|v44_1_2_we1        |  out|    1|   ap_memory|       v44_1_2|         array|
|v44_1_3_address0   |  out|   12|   ap_memory|       v44_1_3|         array|
|v44_1_3_ce0        |  out|    1|   ap_memory|       v44_1_3|         array|
|v44_1_3_d0         |  out|   32|   ap_memory|       v44_1_3|         array|
|v44_1_3_q0         |   in|   32|   ap_memory|       v44_1_3|         array|
|v44_1_3_we0        |  out|    1|   ap_memory|       v44_1_3|         array|
|v44_1_3_address1   |  out|   12|   ap_memory|       v44_1_3|         array|
|v44_1_3_ce1        |  out|    1|   ap_memory|       v44_1_3|         array|
|v44_1_3_d1         |  out|   32|   ap_memory|       v44_1_3|         array|
|v44_1_3_q1         |   in|   32|   ap_memory|       v44_1_3|         array|
|v44_1_3_we1        |  out|    1|   ap_memory|       v44_1_3|         array|
|v44_1_4_address0   |  out|   12|   ap_memory|       v44_1_4|         array|
|v44_1_4_ce0        |  out|    1|   ap_memory|       v44_1_4|         array|
|v44_1_4_d0         |  out|   32|   ap_memory|       v44_1_4|         array|
|v44_1_4_q0         |   in|   32|   ap_memory|       v44_1_4|         array|
|v44_1_4_we0        |  out|    1|   ap_memory|       v44_1_4|         array|
|v44_1_4_address1   |  out|   12|   ap_memory|       v44_1_4|         array|
|v44_1_4_ce1        |  out|    1|   ap_memory|       v44_1_4|         array|
|v44_1_4_d1         |  out|   32|   ap_memory|       v44_1_4|         array|
|v44_1_4_q1         |   in|   32|   ap_memory|       v44_1_4|         array|
|v44_1_4_we1        |  out|    1|   ap_memory|       v44_1_4|         array|
|v44_2_0_address0   |  out|   12|   ap_memory|       v44_2_0|         array|
|v44_2_0_ce0        |  out|    1|   ap_memory|       v44_2_0|         array|
|v44_2_0_d0         |  out|   32|   ap_memory|       v44_2_0|         array|
|v44_2_0_q0         |   in|   32|   ap_memory|       v44_2_0|         array|
|v44_2_0_we0        |  out|    1|   ap_memory|       v44_2_0|         array|
|v44_2_0_address1   |  out|   12|   ap_memory|       v44_2_0|         array|
|v44_2_0_ce1        |  out|    1|   ap_memory|       v44_2_0|         array|
|v44_2_0_d1         |  out|   32|   ap_memory|       v44_2_0|         array|
|v44_2_0_q1         |   in|   32|   ap_memory|       v44_2_0|         array|
|v44_2_0_we1        |  out|    1|   ap_memory|       v44_2_0|         array|
|v44_2_1_address0   |  out|   12|   ap_memory|       v44_2_1|         array|
|v44_2_1_ce0        |  out|    1|   ap_memory|       v44_2_1|         array|
|v44_2_1_d0         |  out|   32|   ap_memory|       v44_2_1|         array|
|v44_2_1_q0         |   in|   32|   ap_memory|       v44_2_1|         array|
|v44_2_1_we0        |  out|    1|   ap_memory|       v44_2_1|         array|
|v44_2_1_address1   |  out|   12|   ap_memory|       v44_2_1|         array|
|v44_2_1_ce1        |  out|    1|   ap_memory|       v44_2_1|         array|
|v44_2_1_d1         |  out|   32|   ap_memory|       v44_2_1|         array|
|v44_2_1_q1         |   in|   32|   ap_memory|       v44_2_1|         array|
|v44_2_1_we1        |  out|    1|   ap_memory|       v44_2_1|         array|
|v44_2_2_address0   |  out|   12|   ap_memory|       v44_2_2|         array|
|v44_2_2_ce0        |  out|    1|   ap_memory|       v44_2_2|         array|
|v44_2_2_d0         |  out|   32|   ap_memory|       v44_2_2|         array|
|v44_2_2_q0         |   in|   32|   ap_memory|       v44_2_2|         array|
|v44_2_2_we0        |  out|    1|   ap_memory|       v44_2_2|         array|
|v44_2_2_address1   |  out|   12|   ap_memory|       v44_2_2|         array|
|v44_2_2_ce1        |  out|    1|   ap_memory|       v44_2_2|         array|
|v44_2_2_d1         |  out|   32|   ap_memory|       v44_2_2|         array|
|v44_2_2_q1         |   in|   32|   ap_memory|       v44_2_2|         array|
|v44_2_2_we1        |  out|    1|   ap_memory|       v44_2_2|         array|
|v44_2_3_address0   |  out|   12|   ap_memory|       v44_2_3|         array|
|v44_2_3_ce0        |  out|    1|   ap_memory|       v44_2_3|         array|
|v44_2_3_d0         |  out|   32|   ap_memory|       v44_2_3|         array|
|v44_2_3_q0         |   in|   32|   ap_memory|       v44_2_3|         array|
|v44_2_3_we0        |  out|    1|   ap_memory|       v44_2_3|         array|
|v44_2_3_address1   |  out|   12|   ap_memory|       v44_2_3|         array|
|v44_2_3_ce1        |  out|    1|   ap_memory|       v44_2_3|         array|
|v44_2_3_d1         |  out|   32|   ap_memory|       v44_2_3|         array|
|v44_2_3_q1         |   in|   32|   ap_memory|       v44_2_3|         array|
|v44_2_3_we1        |  out|    1|   ap_memory|       v44_2_3|         array|
|v44_2_4_address0   |  out|   12|   ap_memory|       v44_2_4|         array|
|v44_2_4_ce0        |  out|    1|   ap_memory|       v44_2_4|         array|
|v44_2_4_d0         |  out|   32|   ap_memory|       v44_2_4|         array|
|v44_2_4_q0         |   in|   32|   ap_memory|       v44_2_4|         array|
|v44_2_4_we0        |  out|    1|   ap_memory|       v44_2_4|         array|
|v44_2_4_address1   |  out|   12|   ap_memory|       v44_2_4|         array|
|v44_2_4_ce1        |  out|    1|   ap_memory|       v44_2_4|         array|
|v44_2_4_d1         |  out|   32|   ap_memory|       v44_2_4|         array|
|v44_2_4_q1         |   in|   32|   ap_memory|       v44_2_4|         array|
|v44_2_4_we1        |  out|    1|   ap_memory|       v44_2_4|         array|
|v44_3_0_address0   |  out|   12|   ap_memory|       v44_3_0|         array|
|v44_3_0_ce0        |  out|    1|   ap_memory|       v44_3_0|         array|
|v44_3_0_d0         |  out|   32|   ap_memory|       v44_3_0|         array|
|v44_3_0_q0         |   in|   32|   ap_memory|       v44_3_0|         array|
|v44_3_0_we0        |  out|    1|   ap_memory|       v44_3_0|         array|
|v44_3_0_address1   |  out|   12|   ap_memory|       v44_3_0|         array|
|v44_3_0_ce1        |  out|    1|   ap_memory|       v44_3_0|         array|
|v44_3_0_d1         |  out|   32|   ap_memory|       v44_3_0|         array|
|v44_3_0_q1         |   in|   32|   ap_memory|       v44_3_0|         array|
|v44_3_0_we1        |  out|    1|   ap_memory|       v44_3_0|         array|
|v44_3_1_address0   |  out|   12|   ap_memory|       v44_3_1|         array|
|v44_3_1_ce0        |  out|    1|   ap_memory|       v44_3_1|         array|
|v44_3_1_d0         |  out|   32|   ap_memory|       v44_3_1|         array|
|v44_3_1_q0         |   in|   32|   ap_memory|       v44_3_1|         array|
|v44_3_1_we0        |  out|    1|   ap_memory|       v44_3_1|         array|
|v44_3_1_address1   |  out|   12|   ap_memory|       v44_3_1|         array|
|v44_3_1_ce1        |  out|    1|   ap_memory|       v44_3_1|         array|
|v44_3_1_d1         |  out|   32|   ap_memory|       v44_3_1|         array|
|v44_3_1_q1         |   in|   32|   ap_memory|       v44_3_1|         array|
|v44_3_1_we1        |  out|    1|   ap_memory|       v44_3_1|         array|
|v44_3_2_address0   |  out|   12|   ap_memory|       v44_3_2|         array|
|v44_3_2_ce0        |  out|    1|   ap_memory|       v44_3_2|         array|
|v44_3_2_d0         |  out|   32|   ap_memory|       v44_3_2|         array|
|v44_3_2_q0         |   in|   32|   ap_memory|       v44_3_2|         array|
|v44_3_2_we0        |  out|    1|   ap_memory|       v44_3_2|         array|
|v44_3_2_address1   |  out|   12|   ap_memory|       v44_3_2|         array|
|v44_3_2_ce1        |  out|    1|   ap_memory|       v44_3_2|         array|
|v44_3_2_d1         |  out|   32|   ap_memory|       v44_3_2|         array|
|v44_3_2_q1         |   in|   32|   ap_memory|       v44_3_2|         array|
|v44_3_2_we1        |  out|    1|   ap_memory|       v44_3_2|         array|
|v44_3_3_address0   |  out|   12|   ap_memory|       v44_3_3|         array|
|v44_3_3_ce0        |  out|    1|   ap_memory|       v44_3_3|         array|
|v44_3_3_d0         |  out|   32|   ap_memory|       v44_3_3|         array|
|v44_3_3_q0         |   in|   32|   ap_memory|       v44_3_3|         array|
|v44_3_3_we0        |  out|    1|   ap_memory|       v44_3_3|         array|
|v44_3_3_address1   |  out|   12|   ap_memory|       v44_3_3|         array|
|v44_3_3_ce1        |  out|    1|   ap_memory|       v44_3_3|         array|
|v44_3_3_d1         |  out|   32|   ap_memory|       v44_3_3|         array|
|v44_3_3_q1         |   in|   32|   ap_memory|       v44_3_3|         array|
|v44_3_3_we1        |  out|    1|   ap_memory|       v44_3_3|         array|
|v44_3_4_address0   |  out|   12|   ap_memory|       v44_3_4|         array|
|v44_3_4_ce0        |  out|    1|   ap_memory|       v44_3_4|         array|
|v44_3_4_d0         |  out|   32|   ap_memory|       v44_3_4|         array|
|v44_3_4_q0         |   in|   32|   ap_memory|       v44_3_4|         array|
|v44_3_4_we0        |  out|    1|   ap_memory|       v44_3_4|         array|
|v44_3_4_address1   |  out|   12|   ap_memory|       v44_3_4|         array|
|v44_3_4_ce1        |  out|    1|   ap_memory|       v44_3_4|         array|
|v44_3_4_d1         |  out|   32|   ap_memory|       v44_3_4|         array|
|v44_3_4_q1         |   in|   32|   ap_memory|       v44_3_4|         array|
|v44_3_4_we1        |  out|    1|   ap_memory|       v44_3_4|         array|
|v44_4_0_address0   |  out|   12|   ap_memory|       v44_4_0|         array|
|v44_4_0_ce0        |  out|    1|   ap_memory|       v44_4_0|         array|
|v44_4_0_d0         |  out|   32|   ap_memory|       v44_4_0|         array|
|v44_4_0_q0         |   in|   32|   ap_memory|       v44_4_0|         array|
|v44_4_0_we0        |  out|    1|   ap_memory|       v44_4_0|         array|
|v44_4_0_address1   |  out|   12|   ap_memory|       v44_4_0|         array|
|v44_4_0_ce1        |  out|    1|   ap_memory|       v44_4_0|         array|
|v44_4_0_d1         |  out|   32|   ap_memory|       v44_4_0|         array|
|v44_4_0_q1         |   in|   32|   ap_memory|       v44_4_0|         array|
|v44_4_0_we1        |  out|    1|   ap_memory|       v44_4_0|         array|
|v44_4_1_address0   |  out|   12|   ap_memory|       v44_4_1|         array|
|v44_4_1_ce0        |  out|    1|   ap_memory|       v44_4_1|         array|
|v44_4_1_d0         |  out|   32|   ap_memory|       v44_4_1|         array|
|v44_4_1_q0         |   in|   32|   ap_memory|       v44_4_1|         array|
|v44_4_1_we0        |  out|    1|   ap_memory|       v44_4_1|         array|
|v44_4_1_address1   |  out|   12|   ap_memory|       v44_4_1|         array|
|v44_4_1_ce1        |  out|    1|   ap_memory|       v44_4_1|         array|
|v44_4_1_d1         |  out|   32|   ap_memory|       v44_4_1|         array|
|v44_4_1_q1         |   in|   32|   ap_memory|       v44_4_1|         array|
|v44_4_1_we1        |  out|    1|   ap_memory|       v44_4_1|         array|
|v44_4_2_address0   |  out|   12|   ap_memory|       v44_4_2|         array|
|v44_4_2_ce0        |  out|    1|   ap_memory|       v44_4_2|         array|
|v44_4_2_d0         |  out|   32|   ap_memory|       v44_4_2|         array|
|v44_4_2_q0         |   in|   32|   ap_memory|       v44_4_2|         array|
|v44_4_2_we0        |  out|    1|   ap_memory|       v44_4_2|         array|
|v44_4_2_address1   |  out|   12|   ap_memory|       v44_4_2|         array|
|v44_4_2_ce1        |  out|    1|   ap_memory|       v44_4_2|         array|
|v44_4_2_d1         |  out|   32|   ap_memory|       v44_4_2|         array|
|v44_4_2_q1         |   in|   32|   ap_memory|       v44_4_2|         array|
|v44_4_2_we1        |  out|    1|   ap_memory|       v44_4_2|         array|
|v44_4_3_address0   |  out|   12|   ap_memory|       v44_4_3|         array|
|v44_4_3_ce0        |  out|    1|   ap_memory|       v44_4_3|         array|
|v44_4_3_d0         |  out|   32|   ap_memory|       v44_4_3|         array|
|v44_4_3_q0         |   in|   32|   ap_memory|       v44_4_3|         array|
|v44_4_3_we0        |  out|    1|   ap_memory|       v44_4_3|         array|
|v44_4_3_address1   |  out|   12|   ap_memory|       v44_4_3|         array|
|v44_4_3_ce1        |  out|    1|   ap_memory|       v44_4_3|         array|
|v44_4_3_d1         |  out|   32|   ap_memory|       v44_4_3|         array|
|v44_4_3_q1         |   in|   32|   ap_memory|       v44_4_3|         array|
|v44_4_3_we1        |  out|    1|   ap_memory|       v44_4_3|         array|
|v44_4_4_address0   |  out|   12|   ap_memory|       v44_4_4|         array|
|v44_4_4_ce0        |  out|    1|   ap_memory|       v44_4_4|         array|
|v44_4_4_d0         |  out|   32|   ap_memory|       v44_4_4|         array|
|v44_4_4_q0         |   in|   32|   ap_memory|       v44_4_4|         array|
|v44_4_4_we0        |  out|    1|   ap_memory|       v44_4_4|         array|
|v44_4_4_address1   |  out|   12|   ap_memory|       v44_4_4|         array|
|v44_4_4_ce1        |  out|    1|   ap_memory|       v44_4_4|         array|
|v44_4_4_d1         |  out|   32|   ap_memory|       v44_4_4|         array|
|v44_4_4_q1         |   in|   32|   ap_memory|       v44_4_4|         array|
|v44_4_4_we1        |  out|    1|   ap_memory|       v44_4_4|         array|
|v44_5_0_address0   |  out|   12|   ap_memory|       v44_5_0|         array|
|v44_5_0_ce0        |  out|    1|   ap_memory|       v44_5_0|         array|
|v44_5_0_d0         |  out|   32|   ap_memory|       v44_5_0|         array|
|v44_5_0_q0         |   in|   32|   ap_memory|       v44_5_0|         array|
|v44_5_0_we0        |  out|    1|   ap_memory|       v44_5_0|         array|
|v44_5_0_address1   |  out|   12|   ap_memory|       v44_5_0|         array|
|v44_5_0_ce1        |  out|    1|   ap_memory|       v44_5_0|         array|
|v44_5_0_d1         |  out|   32|   ap_memory|       v44_5_0|         array|
|v44_5_0_q1         |   in|   32|   ap_memory|       v44_5_0|         array|
|v44_5_0_we1        |  out|    1|   ap_memory|       v44_5_0|         array|
|v44_5_1_address0   |  out|   12|   ap_memory|       v44_5_1|         array|
|v44_5_1_ce0        |  out|    1|   ap_memory|       v44_5_1|         array|
|v44_5_1_d0         |  out|   32|   ap_memory|       v44_5_1|         array|
|v44_5_1_q0         |   in|   32|   ap_memory|       v44_5_1|         array|
|v44_5_1_we0        |  out|    1|   ap_memory|       v44_5_1|         array|
|v44_5_1_address1   |  out|   12|   ap_memory|       v44_5_1|         array|
|v44_5_1_ce1        |  out|    1|   ap_memory|       v44_5_1|         array|
|v44_5_1_d1         |  out|   32|   ap_memory|       v44_5_1|         array|
|v44_5_1_q1         |   in|   32|   ap_memory|       v44_5_1|         array|
|v44_5_1_we1        |  out|    1|   ap_memory|       v44_5_1|         array|
|v44_5_2_address0   |  out|   12|   ap_memory|       v44_5_2|         array|
|v44_5_2_ce0        |  out|    1|   ap_memory|       v44_5_2|         array|
|v44_5_2_d0         |  out|   32|   ap_memory|       v44_5_2|         array|
|v44_5_2_q0         |   in|   32|   ap_memory|       v44_5_2|         array|
|v44_5_2_we0        |  out|    1|   ap_memory|       v44_5_2|         array|
|v44_5_2_address1   |  out|   12|   ap_memory|       v44_5_2|         array|
|v44_5_2_ce1        |  out|    1|   ap_memory|       v44_5_2|         array|
|v44_5_2_d1         |  out|   32|   ap_memory|       v44_5_2|         array|
|v44_5_2_q1         |   in|   32|   ap_memory|       v44_5_2|         array|
|v44_5_2_we1        |  out|    1|   ap_memory|       v44_5_2|         array|
|v44_5_3_address0   |  out|   12|   ap_memory|       v44_5_3|         array|
|v44_5_3_ce0        |  out|    1|   ap_memory|       v44_5_3|         array|
|v44_5_3_d0         |  out|   32|   ap_memory|       v44_5_3|         array|
|v44_5_3_q0         |   in|   32|   ap_memory|       v44_5_3|         array|
|v44_5_3_we0        |  out|    1|   ap_memory|       v44_5_3|         array|
|v44_5_3_address1   |  out|   12|   ap_memory|       v44_5_3|         array|
|v44_5_3_ce1        |  out|    1|   ap_memory|       v44_5_3|         array|
|v44_5_3_d1         |  out|   32|   ap_memory|       v44_5_3|         array|
|v44_5_3_q1         |   in|   32|   ap_memory|       v44_5_3|         array|
|v44_5_3_we1        |  out|    1|   ap_memory|       v44_5_3|         array|
|v44_5_4_address0   |  out|   12|   ap_memory|       v44_5_4|         array|
|v44_5_4_ce0        |  out|    1|   ap_memory|       v44_5_4|         array|
|v44_5_4_d0         |  out|   32|   ap_memory|       v44_5_4|         array|
|v44_5_4_q0         |   in|   32|   ap_memory|       v44_5_4|         array|
|v44_5_4_we0        |  out|    1|   ap_memory|       v44_5_4|         array|
|v44_5_4_address1   |  out|   12|   ap_memory|       v44_5_4|         array|
|v44_5_4_ce1        |  out|    1|   ap_memory|       v44_5_4|         array|
|v44_5_4_d1         |  out|   32|   ap_memory|       v44_5_4|         array|
|v44_5_4_q1         |   in|   32|   ap_memory|       v44_5_4|         array|
|v44_5_4_we1        |  out|    1|   ap_memory|       v44_5_4|         array|
|v44_6_0_address0   |  out|   12|   ap_memory|       v44_6_0|         array|
|v44_6_0_ce0        |  out|    1|   ap_memory|       v44_6_0|         array|
|v44_6_0_d0         |  out|   32|   ap_memory|       v44_6_0|         array|
|v44_6_0_q0         |   in|   32|   ap_memory|       v44_6_0|         array|
|v44_6_0_we0        |  out|    1|   ap_memory|       v44_6_0|         array|
|v44_6_0_address1   |  out|   12|   ap_memory|       v44_6_0|         array|
|v44_6_0_ce1        |  out|    1|   ap_memory|       v44_6_0|         array|
|v44_6_0_d1         |  out|   32|   ap_memory|       v44_6_0|         array|
|v44_6_0_q1         |   in|   32|   ap_memory|       v44_6_0|         array|
|v44_6_0_we1        |  out|    1|   ap_memory|       v44_6_0|         array|
|v44_6_1_address0   |  out|   12|   ap_memory|       v44_6_1|         array|
|v44_6_1_ce0        |  out|    1|   ap_memory|       v44_6_1|         array|
|v44_6_1_d0         |  out|   32|   ap_memory|       v44_6_1|         array|
|v44_6_1_q0         |   in|   32|   ap_memory|       v44_6_1|         array|
|v44_6_1_we0        |  out|    1|   ap_memory|       v44_6_1|         array|
|v44_6_1_address1   |  out|   12|   ap_memory|       v44_6_1|         array|
|v44_6_1_ce1        |  out|    1|   ap_memory|       v44_6_1|         array|
|v44_6_1_d1         |  out|   32|   ap_memory|       v44_6_1|         array|
|v44_6_1_q1         |   in|   32|   ap_memory|       v44_6_1|         array|
|v44_6_1_we1        |  out|    1|   ap_memory|       v44_6_1|         array|
|v44_6_2_address0   |  out|   12|   ap_memory|       v44_6_2|         array|
|v44_6_2_ce0        |  out|    1|   ap_memory|       v44_6_2|         array|
|v44_6_2_d0         |  out|   32|   ap_memory|       v44_6_2|         array|
|v44_6_2_q0         |   in|   32|   ap_memory|       v44_6_2|         array|
|v44_6_2_we0        |  out|    1|   ap_memory|       v44_6_2|         array|
|v44_6_2_address1   |  out|   12|   ap_memory|       v44_6_2|         array|
|v44_6_2_ce1        |  out|    1|   ap_memory|       v44_6_2|         array|
|v44_6_2_d1         |  out|   32|   ap_memory|       v44_6_2|         array|
|v44_6_2_q1         |   in|   32|   ap_memory|       v44_6_2|         array|
|v44_6_2_we1        |  out|    1|   ap_memory|       v44_6_2|         array|
|v44_6_3_address0   |  out|   12|   ap_memory|       v44_6_3|         array|
|v44_6_3_ce0        |  out|    1|   ap_memory|       v44_6_3|         array|
|v44_6_3_d0         |  out|   32|   ap_memory|       v44_6_3|         array|
|v44_6_3_q0         |   in|   32|   ap_memory|       v44_6_3|         array|
|v44_6_3_we0        |  out|    1|   ap_memory|       v44_6_3|         array|
|v44_6_3_address1   |  out|   12|   ap_memory|       v44_6_3|         array|
|v44_6_3_ce1        |  out|    1|   ap_memory|       v44_6_3|         array|
|v44_6_3_d1         |  out|   32|   ap_memory|       v44_6_3|         array|
|v44_6_3_q1         |   in|   32|   ap_memory|       v44_6_3|         array|
|v44_6_3_we1        |  out|    1|   ap_memory|       v44_6_3|         array|
|v44_6_4_address0   |  out|   12|   ap_memory|       v44_6_4|         array|
|v44_6_4_ce0        |  out|    1|   ap_memory|       v44_6_4|         array|
|v44_6_4_d0         |  out|   32|   ap_memory|       v44_6_4|         array|
|v44_6_4_q0         |   in|   32|   ap_memory|       v44_6_4|         array|
|v44_6_4_we0        |  out|    1|   ap_memory|       v44_6_4|         array|
|v44_6_4_address1   |  out|   12|   ap_memory|       v44_6_4|         array|
|v44_6_4_ce1        |  out|    1|   ap_memory|       v44_6_4|         array|
|v44_6_4_d1         |  out|   32|   ap_memory|       v44_6_4|         array|
|v44_6_4_q1         |   in|   32|   ap_memory|       v44_6_4|         array|
|v44_6_4_we1        |  out|    1|   ap_memory|       v44_6_4|         array|
|v44_7_0_address0   |  out|   12|   ap_memory|       v44_7_0|         array|
|v44_7_0_ce0        |  out|    1|   ap_memory|       v44_7_0|         array|
|v44_7_0_d0         |  out|   32|   ap_memory|       v44_7_0|         array|
|v44_7_0_q0         |   in|   32|   ap_memory|       v44_7_0|         array|
|v44_7_0_we0        |  out|    1|   ap_memory|       v44_7_0|         array|
|v44_7_0_address1   |  out|   12|   ap_memory|       v44_7_0|         array|
|v44_7_0_ce1        |  out|    1|   ap_memory|       v44_7_0|         array|
|v44_7_0_d1         |  out|   32|   ap_memory|       v44_7_0|         array|
|v44_7_0_q1         |   in|   32|   ap_memory|       v44_7_0|         array|
|v44_7_0_we1        |  out|    1|   ap_memory|       v44_7_0|         array|
|v44_7_1_address0   |  out|   12|   ap_memory|       v44_7_1|         array|
|v44_7_1_ce0        |  out|    1|   ap_memory|       v44_7_1|         array|
|v44_7_1_d0         |  out|   32|   ap_memory|       v44_7_1|         array|
|v44_7_1_q0         |   in|   32|   ap_memory|       v44_7_1|         array|
|v44_7_1_we0        |  out|    1|   ap_memory|       v44_7_1|         array|
|v44_7_1_address1   |  out|   12|   ap_memory|       v44_7_1|         array|
|v44_7_1_ce1        |  out|    1|   ap_memory|       v44_7_1|         array|
|v44_7_1_d1         |  out|   32|   ap_memory|       v44_7_1|         array|
|v44_7_1_q1         |   in|   32|   ap_memory|       v44_7_1|         array|
|v44_7_1_we1        |  out|    1|   ap_memory|       v44_7_1|         array|
|v44_7_2_address0   |  out|   12|   ap_memory|       v44_7_2|         array|
|v44_7_2_ce0        |  out|    1|   ap_memory|       v44_7_2|         array|
|v44_7_2_d0         |  out|   32|   ap_memory|       v44_7_2|         array|
|v44_7_2_q0         |   in|   32|   ap_memory|       v44_7_2|         array|
|v44_7_2_we0        |  out|    1|   ap_memory|       v44_7_2|         array|
|v44_7_2_address1   |  out|   12|   ap_memory|       v44_7_2|         array|
|v44_7_2_ce1        |  out|    1|   ap_memory|       v44_7_2|         array|
|v44_7_2_d1         |  out|   32|   ap_memory|       v44_7_2|         array|
|v44_7_2_q1         |   in|   32|   ap_memory|       v44_7_2|         array|
|v44_7_2_we1        |  out|    1|   ap_memory|       v44_7_2|         array|
|v44_7_3_address0   |  out|   12|   ap_memory|       v44_7_3|         array|
|v44_7_3_ce0        |  out|    1|   ap_memory|       v44_7_3|         array|
|v44_7_3_d0         |  out|   32|   ap_memory|       v44_7_3|         array|
|v44_7_3_q0         |   in|   32|   ap_memory|       v44_7_3|         array|
|v44_7_3_we0        |  out|    1|   ap_memory|       v44_7_3|         array|
|v44_7_3_address1   |  out|   12|   ap_memory|       v44_7_3|         array|
|v44_7_3_ce1        |  out|    1|   ap_memory|       v44_7_3|         array|
|v44_7_3_d1         |  out|   32|   ap_memory|       v44_7_3|         array|
|v44_7_3_q1         |   in|   32|   ap_memory|       v44_7_3|         array|
|v44_7_3_we1        |  out|    1|   ap_memory|       v44_7_3|         array|
|v44_7_4_address0   |  out|   12|   ap_memory|       v44_7_4|         array|
|v44_7_4_ce0        |  out|    1|   ap_memory|       v44_7_4|         array|
|v44_7_4_d0         |  out|   32|   ap_memory|       v44_7_4|         array|
|v44_7_4_q0         |   in|   32|   ap_memory|       v44_7_4|         array|
|v44_7_4_we0        |  out|    1|   ap_memory|       v44_7_4|         array|
|v44_7_4_address1   |  out|   12|   ap_memory|       v44_7_4|         array|
|v44_7_4_ce1        |  out|    1|   ap_memory|       v44_7_4|         array|
|v44_7_4_d1         |  out|   32|   ap_memory|       v44_7_4|         array|
|v44_7_4_q1         |   in|   32|   ap_memory|       v44_7_4|         array|
|v44_7_4_we1        |  out|    1|   ap_memory|       v44_7_4|         array|
|v44_8_0_address0   |  out|   12|   ap_memory|       v44_8_0|         array|
|v44_8_0_ce0        |  out|    1|   ap_memory|       v44_8_0|         array|
|v44_8_0_d0         |  out|   32|   ap_memory|       v44_8_0|         array|
|v44_8_0_q0         |   in|   32|   ap_memory|       v44_8_0|         array|
|v44_8_0_we0        |  out|    1|   ap_memory|       v44_8_0|         array|
|v44_8_0_address1   |  out|   12|   ap_memory|       v44_8_0|         array|
|v44_8_0_ce1        |  out|    1|   ap_memory|       v44_8_0|         array|
|v44_8_0_d1         |  out|   32|   ap_memory|       v44_8_0|         array|
|v44_8_0_q1         |   in|   32|   ap_memory|       v44_8_0|         array|
|v44_8_0_we1        |  out|    1|   ap_memory|       v44_8_0|         array|
|v44_8_1_address0   |  out|   12|   ap_memory|       v44_8_1|         array|
|v44_8_1_ce0        |  out|    1|   ap_memory|       v44_8_1|         array|
|v44_8_1_d0         |  out|   32|   ap_memory|       v44_8_1|         array|
|v44_8_1_q0         |   in|   32|   ap_memory|       v44_8_1|         array|
|v44_8_1_we0        |  out|    1|   ap_memory|       v44_8_1|         array|
|v44_8_1_address1   |  out|   12|   ap_memory|       v44_8_1|         array|
|v44_8_1_ce1        |  out|    1|   ap_memory|       v44_8_1|         array|
|v44_8_1_d1         |  out|   32|   ap_memory|       v44_8_1|         array|
|v44_8_1_q1         |   in|   32|   ap_memory|       v44_8_1|         array|
|v44_8_1_we1        |  out|    1|   ap_memory|       v44_8_1|         array|
|v44_8_2_address0   |  out|   12|   ap_memory|       v44_8_2|         array|
|v44_8_2_ce0        |  out|    1|   ap_memory|       v44_8_2|         array|
|v44_8_2_d0         |  out|   32|   ap_memory|       v44_8_2|         array|
|v44_8_2_q0         |   in|   32|   ap_memory|       v44_8_2|         array|
|v44_8_2_we0        |  out|    1|   ap_memory|       v44_8_2|         array|
|v44_8_2_address1   |  out|   12|   ap_memory|       v44_8_2|         array|
|v44_8_2_ce1        |  out|    1|   ap_memory|       v44_8_2|         array|
|v44_8_2_d1         |  out|   32|   ap_memory|       v44_8_2|         array|
|v44_8_2_q1         |   in|   32|   ap_memory|       v44_8_2|         array|
|v44_8_2_we1        |  out|    1|   ap_memory|       v44_8_2|         array|
|v44_8_3_address0   |  out|   12|   ap_memory|       v44_8_3|         array|
|v44_8_3_ce0        |  out|    1|   ap_memory|       v44_8_3|         array|
|v44_8_3_d0         |  out|   32|   ap_memory|       v44_8_3|         array|
|v44_8_3_q0         |   in|   32|   ap_memory|       v44_8_3|         array|
|v44_8_3_we0        |  out|    1|   ap_memory|       v44_8_3|         array|
|v44_8_3_address1   |  out|   12|   ap_memory|       v44_8_3|         array|
|v44_8_3_ce1        |  out|    1|   ap_memory|       v44_8_3|         array|
|v44_8_3_d1         |  out|   32|   ap_memory|       v44_8_3|         array|
|v44_8_3_q1         |   in|   32|   ap_memory|       v44_8_3|         array|
|v44_8_3_we1        |  out|    1|   ap_memory|       v44_8_3|         array|
|v44_8_4_address0   |  out|   12|   ap_memory|       v44_8_4|         array|
|v44_8_4_ce0        |  out|    1|   ap_memory|       v44_8_4|         array|
|v44_8_4_d0         |  out|   32|   ap_memory|       v44_8_4|         array|
|v44_8_4_q0         |   in|   32|   ap_memory|       v44_8_4|         array|
|v44_8_4_we0        |  out|    1|   ap_memory|       v44_8_4|         array|
|v44_8_4_address1   |  out|   12|   ap_memory|       v44_8_4|         array|
|v44_8_4_ce1        |  out|    1|   ap_memory|       v44_8_4|         array|
|v44_8_4_d1         |  out|   32|   ap_memory|       v44_8_4|         array|
|v44_8_4_q1         |   in|   32|   ap_memory|       v44_8_4|         array|
|v44_8_4_we1        |  out|    1|   ap_memory|       v44_8_4|         array|
|v44_9_0_address0   |  out|   12|   ap_memory|       v44_9_0|         array|
|v44_9_0_ce0        |  out|    1|   ap_memory|       v44_9_0|         array|
|v44_9_0_d0         |  out|   32|   ap_memory|       v44_9_0|         array|
|v44_9_0_q0         |   in|   32|   ap_memory|       v44_9_0|         array|
|v44_9_0_we0        |  out|    1|   ap_memory|       v44_9_0|         array|
|v44_9_0_address1   |  out|   12|   ap_memory|       v44_9_0|         array|
|v44_9_0_ce1        |  out|    1|   ap_memory|       v44_9_0|         array|
|v44_9_0_d1         |  out|   32|   ap_memory|       v44_9_0|         array|
|v44_9_0_q1         |   in|   32|   ap_memory|       v44_9_0|         array|
|v44_9_0_we1        |  out|    1|   ap_memory|       v44_9_0|         array|
|v44_9_1_address0   |  out|   12|   ap_memory|       v44_9_1|         array|
|v44_9_1_ce0        |  out|    1|   ap_memory|       v44_9_1|         array|
|v44_9_1_d0         |  out|   32|   ap_memory|       v44_9_1|         array|
|v44_9_1_q0         |   in|   32|   ap_memory|       v44_9_1|         array|
|v44_9_1_we0        |  out|    1|   ap_memory|       v44_9_1|         array|
|v44_9_1_address1   |  out|   12|   ap_memory|       v44_9_1|         array|
|v44_9_1_ce1        |  out|    1|   ap_memory|       v44_9_1|         array|
|v44_9_1_d1         |  out|   32|   ap_memory|       v44_9_1|         array|
|v44_9_1_q1         |   in|   32|   ap_memory|       v44_9_1|         array|
|v44_9_1_we1        |  out|    1|   ap_memory|       v44_9_1|         array|
|v44_9_2_address0   |  out|   12|   ap_memory|       v44_9_2|         array|
|v44_9_2_ce0        |  out|    1|   ap_memory|       v44_9_2|         array|
|v44_9_2_d0         |  out|   32|   ap_memory|       v44_9_2|         array|
|v44_9_2_q0         |   in|   32|   ap_memory|       v44_9_2|         array|
|v44_9_2_we0        |  out|    1|   ap_memory|       v44_9_2|         array|
|v44_9_2_address1   |  out|   12|   ap_memory|       v44_9_2|         array|
|v44_9_2_ce1        |  out|    1|   ap_memory|       v44_9_2|         array|
|v44_9_2_d1         |  out|   32|   ap_memory|       v44_9_2|         array|
|v44_9_2_q1         |   in|   32|   ap_memory|       v44_9_2|         array|
|v44_9_2_we1        |  out|    1|   ap_memory|       v44_9_2|         array|
|v44_9_3_address0   |  out|   12|   ap_memory|       v44_9_3|         array|
|v44_9_3_ce0        |  out|    1|   ap_memory|       v44_9_3|         array|
|v44_9_3_d0         |  out|   32|   ap_memory|       v44_9_3|         array|
|v44_9_3_q0         |   in|   32|   ap_memory|       v44_9_3|         array|
|v44_9_3_we0        |  out|    1|   ap_memory|       v44_9_3|         array|
|v44_9_3_address1   |  out|   12|   ap_memory|       v44_9_3|         array|
|v44_9_3_ce1        |  out|    1|   ap_memory|       v44_9_3|         array|
|v44_9_3_d1         |  out|   32|   ap_memory|       v44_9_3|         array|
|v44_9_3_q1         |   in|   32|   ap_memory|       v44_9_3|         array|
|v44_9_3_we1        |  out|    1|   ap_memory|       v44_9_3|         array|
|v44_9_4_address0   |  out|   12|   ap_memory|       v44_9_4|         array|
|v44_9_4_ce0        |  out|    1|   ap_memory|       v44_9_4|         array|
|v44_9_4_d0         |  out|   32|   ap_memory|       v44_9_4|         array|
|v44_9_4_q0         |   in|   32|   ap_memory|       v44_9_4|         array|
|v44_9_4_we0        |  out|    1|   ap_memory|       v44_9_4|         array|
|v44_9_4_address1   |  out|   12|   ap_memory|       v44_9_4|         array|
|v44_9_4_ce1        |  out|    1|   ap_memory|       v44_9_4|         array|
|v44_9_4_d1         |  out|   32|   ap_memory|       v44_9_4|         array|
|v44_9_4_q1         |   in|   32|   ap_memory|       v44_9_4|         array|
|v44_9_4_we1        |  out|    1|   ap_memory|       v44_9_4|         array|
|v44_10_0_address0  |  out|   12|   ap_memory|      v44_10_0|         array|
|v44_10_0_ce0       |  out|    1|   ap_memory|      v44_10_0|         array|
|v44_10_0_d0        |  out|   32|   ap_memory|      v44_10_0|         array|
|v44_10_0_q0        |   in|   32|   ap_memory|      v44_10_0|         array|
|v44_10_0_we0       |  out|    1|   ap_memory|      v44_10_0|         array|
|v44_10_0_address1  |  out|   12|   ap_memory|      v44_10_0|         array|
|v44_10_0_ce1       |  out|    1|   ap_memory|      v44_10_0|         array|
|v44_10_0_d1        |  out|   32|   ap_memory|      v44_10_0|         array|
|v44_10_0_q1        |   in|   32|   ap_memory|      v44_10_0|         array|
|v44_10_0_we1       |  out|    1|   ap_memory|      v44_10_0|         array|
|v44_10_1_address0  |  out|   12|   ap_memory|      v44_10_1|         array|
|v44_10_1_ce0       |  out|    1|   ap_memory|      v44_10_1|         array|
|v44_10_1_d0        |  out|   32|   ap_memory|      v44_10_1|         array|
|v44_10_1_q0        |   in|   32|   ap_memory|      v44_10_1|         array|
|v44_10_1_we0       |  out|    1|   ap_memory|      v44_10_1|         array|
|v44_10_1_address1  |  out|   12|   ap_memory|      v44_10_1|         array|
|v44_10_1_ce1       |  out|    1|   ap_memory|      v44_10_1|         array|
|v44_10_1_d1        |  out|   32|   ap_memory|      v44_10_1|         array|
|v44_10_1_q1        |   in|   32|   ap_memory|      v44_10_1|         array|
|v44_10_1_we1       |  out|    1|   ap_memory|      v44_10_1|         array|
|v44_10_2_address0  |  out|   12|   ap_memory|      v44_10_2|         array|
|v44_10_2_ce0       |  out|    1|   ap_memory|      v44_10_2|         array|
|v44_10_2_d0        |  out|   32|   ap_memory|      v44_10_2|         array|
|v44_10_2_q0        |   in|   32|   ap_memory|      v44_10_2|         array|
|v44_10_2_we0       |  out|    1|   ap_memory|      v44_10_2|         array|
|v44_10_2_address1  |  out|   12|   ap_memory|      v44_10_2|         array|
|v44_10_2_ce1       |  out|    1|   ap_memory|      v44_10_2|         array|
|v44_10_2_d1        |  out|   32|   ap_memory|      v44_10_2|         array|
|v44_10_2_q1        |   in|   32|   ap_memory|      v44_10_2|         array|
|v44_10_2_we1       |  out|    1|   ap_memory|      v44_10_2|         array|
|v44_10_3_address0  |  out|   12|   ap_memory|      v44_10_3|         array|
|v44_10_3_ce0       |  out|    1|   ap_memory|      v44_10_3|         array|
|v44_10_3_d0        |  out|   32|   ap_memory|      v44_10_3|         array|
|v44_10_3_q0        |   in|   32|   ap_memory|      v44_10_3|         array|
|v44_10_3_we0       |  out|    1|   ap_memory|      v44_10_3|         array|
|v44_10_3_address1  |  out|   12|   ap_memory|      v44_10_3|         array|
|v44_10_3_ce1       |  out|    1|   ap_memory|      v44_10_3|         array|
|v44_10_3_d1        |  out|   32|   ap_memory|      v44_10_3|         array|
|v44_10_3_q1        |   in|   32|   ap_memory|      v44_10_3|         array|
|v44_10_3_we1       |  out|    1|   ap_memory|      v44_10_3|         array|
|v44_10_4_address0  |  out|   12|   ap_memory|      v44_10_4|         array|
|v44_10_4_ce0       |  out|    1|   ap_memory|      v44_10_4|         array|
|v44_10_4_d0        |  out|   32|   ap_memory|      v44_10_4|         array|
|v44_10_4_q0        |   in|   32|   ap_memory|      v44_10_4|         array|
|v44_10_4_we0       |  out|    1|   ap_memory|      v44_10_4|         array|
|v44_10_4_address1  |  out|   12|   ap_memory|      v44_10_4|         array|
|v44_10_4_ce1       |  out|    1|   ap_memory|      v44_10_4|         array|
|v44_10_4_d1        |  out|   32|   ap_memory|      v44_10_4|         array|
|v44_10_4_q1        |   in|   32|   ap_memory|      v44_10_4|         array|
|v44_10_4_we1       |  out|    1|   ap_memory|      v44_10_4|         array|
|v44_11_0_address0  |  out|   12|   ap_memory|      v44_11_0|         array|
|v44_11_0_ce0       |  out|    1|   ap_memory|      v44_11_0|         array|
|v44_11_0_d0        |  out|   32|   ap_memory|      v44_11_0|         array|
|v44_11_0_q0        |   in|   32|   ap_memory|      v44_11_0|         array|
|v44_11_0_we0       |  out|    1|   ap_memory|      v44_11_0|         array|
|v44_11_0_address1  |  out|   12|   ap_memory|      v44_11_0|         array|
|v44_11_0_ce1       |  out|    1|   ap_memory|      v44_11_0|         array|
|v44_11_0_d1        |  out|   32|   ap_memory|      v44_11_0|         array|
|v44_11_0_q1        |   in|   32|   ap_memory|      v44_11_0|         array|
|v44_11_0_we1       |  out|    1|   ap_memory|      v44_11_0|         array|
|v44_11_1_address0  |  out|   12|   ap_memory|      v44_11_1|         array|
|v44_11_1_ce0       |  out|    1|   ap_memory|      v44_11_1|         array|
|v44_11_1_d0        |  out|   32|   ap_memory|      v44_11_1|         array|
|v44_11_1_q0        |   in|   32|   ap_memory|      v44_11_1|         array|
|v44_11_1_we0       |  out|    1|   ap_memory|      v44_11_1|         array|
|v44_11_1_address1  |  out|   12|   ap_memory|      v44_11_1|         array|
|v44_11_1_ce1       |  out|    1|   ap_memory|      v44_11_1|         array|
|v44_11_1_d1        |  out|   32|   ap_memory|      v44_11_1|         array|
|v44_11_1_q1        |   in|   32|   ap_memory|      v44_11_1|         array|
|v44_11_1_we1       |  out|    1|   ap_memory|      v44_11_1|         array|
|v44_11_2_address0  |  out|   12|   ap_memory|      v44_11_2|         array|
|v44_11_2_ce0       |  out|    1|   ap_memory|      v44_11_2|         array|
|v44_11_2_d0        |  out|   32|   ap_memory|      v44_11_2|         array|
|v44_11_2_q0        |   in|   32|   ap_memory|      v44_11_2|         array|
|v44_11_2_we0       |  out|    1|   ap_memory|      v44_11_2|         array|
|v44_11_2_address1  |  out|   12|   ap_memory|      v44_11_2|         array|
|v44_11_2_ce1       |  out|    1|   ap_memory|      v44_11_2|         array|
|v44_11_2_d1        |  out|   32|   ap_memory|      v44_11_2|         array|
|v44_11_2_q1        |   in|   32|   ap_memory|      v44_11_2|         array|
|v44_11_2_we1       |  out|    1|   ap_memory|      v44_11_2|         array|
|v44_11_3_address0  |  out|   12|   ap_memory|      v44_11_3|         array|
|v44_11_3_ce0       |  out|    1|   ap_memory|      v44_11_3|         array|
|v44_11_3_d0        |  out|   32|   ap_memory|      v44_11_3|         array|
|v44_11_3_q0        |   in|   32|   ap_memory|      v44_11_3|         array|
|v44_11_3_we0       |  out|    1|   ap_memory|      v44_11_3|         array|
|v44_11_3_address1  |  out|   12|   ap_memory|      v44_11_3|         array|
|v44_11_3_ce1       |  out|    1|   ap_memory|      v44_11_3|         array|
|v44_11_3_d1        |  out|   32|   ap_memory|      v44_11_3|         array|
|v44_11_3_q1        |   in|   32|   ap_memory|      v44_11_3|         array|
|v44_11_3_we1       |  out|    1|   ap_memory|      v44_11_3|         array|
|v44_11_4_address0  |  out|   12|   ap_memory|      v44_11_4|         array|
|v44_11_4_ce0       |  out|    1|   ap_memory|      v44_11_4|         array|
|v44_11_4_d0        |  out|   32|   ap_memory|      v44_11_4|         array|
|v44_11_4_q0        |   in|   32|   ap_memory|      v44_11_4|         array|
|v44_11_4_we0       |  out|    1|   ap_memory|      v44_11_4|         array|
|v44_11_4_address1  |  out|   12|   ap_memory|      v44_11_4|         array|
|v44_11_4_ce1       |  out|    1|   ap_memory|      v44_11_4|         array|
|v44_11_4_d1        |  out|   32|   ap_memory|      v44_11_4|         array|
|v44_11_4_q1        |   in|   32|   ap_memory|      v44_11_4|         array|
|v44_11_4_we1       |  out|    1|   ap_memory|      v44_11_4|         array|
|v44_12_0_address0  |  out|   12|   ap_memory|      v44_12_0|         array|
|v44_12_0_ce0       |  out|    1|   ap_memory|      v44_12_0|         array|
|v44_12_0_d0        |  out|   32|   ap_memory|      v44_12_0|         array|
|v44_12_0_q0        |   in|   32|   ap_memory|      v44_12_0|         array|
|v44_12_0_we0       |  out|    1|   ap_memory|      v44_12_0|         array|
|v44_12_0_address1  |  out|   12|   ap_memory|      v44_12_0|         array|
|v44_12_0_ce1       |  out|    1|   ap_memory|      v44_12_0|         array|
|v44_12_0_d1        |  out|   32|   ap_memory|      v44_12_0|         array|
|v44_12_0_q1        |   in|   32|   ap_memory|      v44_12_0|         array|
|v44_12_0_we1       |  out|    1|   ap_memory|      v44_12_0|         array|
|v44_12_1_address0  |  out|   12|   ap_memory|      v44_12_1|         array|
|v44_12_1_ce0       |  out|    1|   ap_memory|      v44_12_1|         array|
|v44_12_1_d0        |  out|   32|   ap_memory|      v44_12_1|         array|
|v44_12_1_q0        |   in|   32|   ap_memory|      v44_12_1|         array|
|v44_12_1_we0       |  out|    1|   ap_memory|      v44_12_1|         array|
|v44_12_1_address1  |  out|   12|   ap_memory|      v44_12_1|         array|
|v44_12_1_ce1       |  out|    1|   ap_memory|      v44_12_1|         array|
|v44_12_1_d1        |  out|   32|   ap_memory|      v44_12_1|         array|
|v44_12_1_q1        |   in|   32|   ap_memory|      v44_12_1|         array|
|v44_12_1_we1       |  out|    1|   ap_memory|      v44_12_1|         array|
|v44_12_2_address0  |  out|   12|   ap_memory|      v44_12_2|         array|
|v44_12_2_ce0       |  out|    1|   ap_memory|      v44_12_2|         array|
|v44_12_2_d0        |  out|   32|   ap_memory|      v44_12_2|         array|
|v44_12_2_q0        |   in|   32|   ap_memory|      v44_12_2|         array|
|v44_12_2_we0       |  out|    1|   ap_memory|      v44_12_2|         array|
|v44_12_2_address1  |  out|   12|   ap_memory|      v44_12_2|         array|
|v44_12_2_ce1       |  out|    1|   ap_memory|      v44_12_2|         array|
|v44_12_2_d1        |  out|   32|   ap_memory|      v44_12_2|         array|
|v44_12_2_q1        |   in|   32|   ap_memory|      v44_12_2|         array|
|v44_12_2_we1       |  out|    1|   ap_memory|      v44_12_2|         array|
|v44_12_3_address0  |  out|   12|   ap_memory|      v44_12_3|         array|
|v44_12_3_ce0       |  out|    1|   ap_memory|      v44_12_3|         array|
|v44_12_3_d0        |  out|   32|   ap_memory|      v44_12_3|         array|
|v44_12_3_q0        |   in|   32|   ap_memory|      v44_12_3|         array|
|v44_12_3_we0       |  out|    1|   ap_memory|      v44_12_3|         array|
|v44_12_3_address1  |  out|   12|   ap_memory|      v44_12_3|         array|
|v44_12_3_ce1       |  out|    1|   ap_memory|      v44_12_3|         array|
|v44_12_3_d1        |  out|   32|   ap_memory|      v44_12_3|         array|
|v44_12_3_q1        |   in|   32|   ap_memory|      v44_12_3|         array|
|v44_12_3_we1       |  out|    1|   ap_memory|      v44_12_3|         array|
|v44_12_4_address0  |  out|   12|   ap_memory|      v44_12_4|         array|
|v44_12_4_ce0       |  out|    1|   ap_memory|      v44_12_4|         array|
|v44_12_4_d0        |  out|   32|   ap_memory|      v44_12_4|         array|
|v44_12_4_q0        |   in|   32|   ap_memory|      v44_12_4|         array|
|v44_12_4_we0       |  out|    1|   ap_memory|      v44_12_4|         array|
|v44_12_4_address1  |  out|   12|   ap_memory|      v44_12_4|         array|
|v44_12_4_ce1       |  out|    1|   ap_memory|      v44_12_4|         array|
|v44_12_4_d1        |  out|   32|   ap_memory|      v44_12_4|         array|
|v44_12_4_q1        |   in|   32|   ap_memory|      v44_12_4|         array|
|v44_12_4_we1       |  out|    1|   ap_memory|      v44_12_4|         array|
|v44_13_0_address0  |  out|   12|   ap_memory|      v44_13_0|         array|
|v44_13_0_ce0       |  out|    1|   ap_memory|      v44_13_0|         array|
|v44_13_0_d0        |  out|   32|   ap_memory|      v44_13_0|         array|
|v44_13_0_q0        |   in|   32|   ap_memory|      v44_13_0|         array|
|v44_13_0_we0       |  out|    1|   ap_memory|      v44_13_0|         array|
|v44_13_0_address1  |  out|   12|   ap_memory|      v44_13_0|         array|
|v44_13_0_ce1       |  out|    1|   ap_memory|      v44_13_0|         array|
|v44_13_0_d1        |  out|   32|   ap_memory|      v44_13_0|         array|
|v44_13_0_q1        |   in|   32|   ap_memory|      v44_13_0|         array|
|v44_13_0_we1       |  out|    1|   ap_memory|      v44_13_0|         array|
|v44_13_1_address0  |  out|   12|   ap_memory|      v44_13_1|         array|
|v44_13_1_ce0       |  out|    1|   ap_memory|      v44_13_1|         array|
|v44_13_1_d0        |  out|   32|   ap_memory|      v44_13_1|         array|
|v44_13_1_q0        |   in|   32|   ap_memory|      v44_13_1|         array|
|v44_13_1_we0       |  out|    1|   ap_memory|      v44_13_1|         array|
|v44_13_1_address1  |  out|   12|   ap_memory|      v44_13_1|         array|
|v44_13_1_ce1       |  out|    1|   ap_memory|      v44_13_1|         array|
|v44_13_1_d1        |  out|   32|   ap_memory|      v44_13_1|         array|
|v44_13_1_q1        |   in|   32|   ap_memory|      v44_13_1|         array|
|v44_13_1_we1       |  out|    1|   ap_memory|      v44_13_1|         array|
|v44_13_2_address0  |  out|   12|   ap_memory|      v44_13_2|         array|
|v44_13_2_ce0       |  out|    1|   ap_memory|      v44_13_2|         array|
|v44_13_2_d0        |  out|   32|   ap_memory|      v44_13_2|         array|
|v44_13_2_q0        |   in|   32|   ap_memory|      v44_13_2|         array|
|v44_13_2_we0       |  out|    1|   ap_memory|      v44_13_2|         array|
|v44_13_2_address1  |  out|   12|   ap_memory|      v44_13_2|         array|
|v44_13_2_ce1       |  out|    1|   ap_memory|      v44_13_2|         array|
|v44_13_2_d1        |  out|   32|   ap_memory|      v44_13_2|         array|
|v44_13_2_q1        |   in|   32|   ap_memory|      v44_13_2|         array|
|v44_13_2_we1       |  out|    1|   ap_memory|      v44_13_2|         array|
|v44_13_3_address0  |  out|   12|   ap_memory|      v44_13_3|         array|
|v44_13_3_ce0       |  out|    1|   ap_memory|      v44_13_3|         array|
|v44_13_3_d0        |  out|   32|   ap_memory|      v44_13_3|         array|
|v44_13_3_q0        |   in|   32|   ap_memory|      v44_13_3|         array|
|v44_13_3_we0       |  out|    1|   ap_memory|      v44_13_3|         array|
|v44_13_3_address1  |  out|   12|   ap_memory|      v44_13_3|         array|
|v44_13_3_ce1       |  out|    1|   ap_memory|      v44_13_3|         array|
|v44_13_3_d1        |  out|   32|   ap_memory|      v44_13_3|         array|
|v44_13_3_q1        |   in|   32|   ap_memory|      v44_13_3|         array|
|v44_13_3_we1       |  out|    1|   ap_memory|      v44_13_3|         array|
|v44_13_4_address0  |  out|   12|   ap_memory|      v44_13_4|         array|
|v44_13_4_ce0       |  out|    1|   ap_memory|      v44_13_4|         array|
|v44_13_4_d0        |  out|   32|   ap_memory|      v44_13_4|         array|
|v44_13_4_q0        |   in|   32|   ap_memory|      v44_13_4|         array|
|v44_13_4_we0       |  out|    1|   ap_memory|      v44_13_4|         array|
|v44_13_4_address1  |  out|   12|   ap_memory|      v44_13_4|         array|
|v44_13_4_ce1       |  out|    1|   ap_memory|      v44_13_4|         array|
|v44_13_4_d1        |  out|   32|   ap_memory|      v44_13_4|         array|
|v44_13_4_q1        |   in|   32|   ap_memory|      v44_13_4|         array|
|v44_13_4_we1       |  out|    1|   ap_memory|      v44_13_4|         array|
|v44_14_0_address0  |  out|   12|   ap_memory|      v44_14_0|         array|
|v44_14_0_ce0       |  out|    1|   ap_memory|      v44_14_0|         array|
|v44_14_0_d0        |  out|   32|   ap_memory|      v44_14_0|         array|
|v44_14_0_q0        |   in|   32|   ap_memory|      v44_14_0|         array|
|v44_14_0_we0       |  out|    1|   ap_memory|      v44_14_0|         array|
|v44_14_0_address1  |  out|   12|   ap_memory|      v44_14_0|         array|
|v44_14_0_ce1       |  out|    1|   ap_memory|      v44_14_0|         array|
|v44_14_0_d1        |  out|   32|   ap_memory|      v44_14_0|         array|
|v44_14_0_q1        |   in|   32|   ap_memory|      v44_14_0|         array|
|v44_14_0_we1       |  out|    1|   ap_memory|      v44_14_0|         array|
|v44_14_1_address0  |  out|   12|   ap_memory|      v44_14_1|         array|
|v44_14_1_ce0       |  out|    1|   ap_memory|      v44_14_1|         array|
|v44_14_1_d0        |  out|   32|   ap_memory|      v44_14_1|         array|
|v44_14_1_q0        |   in|   32|   ap_memory|      v44_14_1|         array|
|v44_14_1_we0       |  out|    1|   ap_memory|      v44_14_1|         array|
|v44_14_1_address1  |  out|   12|   ap_memory|      v44_14_1|         array|
|v44_14_1_ce1       |  out|    1|   ap_memory|      v44_14_1|         array|
|v44_14_1_d1        |  out|   32|   ap_memory|      v44_14_1|         array|
|v44_14_1_q1        |   in|   32|   ap_memory|      v44_14_1|         array|
|v44_14_1_we1       |  out|    1|   ap_memory|      v44_14_1|         array|
|v44_14_2_address0  |  out|   12|   ap_memory|      v44_14_2|         array|
|v44_14_2_ce0       |  out|    1|   ap_memory|      v44_14_2|         array|
|v44_14_2_d0        |  out|   32|   ap_memory|      v44_14_2|         array|
|v44_14_2_q0        |   in|   32|   ap_memory|      v44_14_2|         array|
|v44_14_2_we0       |  out|    1|   ap_memory|      v44_14_2|         array|
|v44_14_2_address1  |  out|   12|   ap_memory|      v44_14_2|         array|
|v44_14_2_ce1       |  out|    1|   ap_memory|      v44_14_2|         array|
|v44_14_2_d1        |  out|   32|   ap_memory|      v44_14_2|         array|
|v44_14_2_q1        |   in|   32|   ap_memory|      v44_14_2|         array|
|v44_14_2_we1       |  out|    1|   ap_memory|      v44_14_2|         array|
|v44_14_3_address0  |  out|   12|   ap_memory|      v44_14_3|         array|
|v44_14_3_ce0       |  out|    1|   ap_memory|      v44_14_3|         array|
|v44_14_3_d0        |  out|   32|   ap_memory|      v44_14_3|         array|
|v44_14_3_q0        |   in|   32|   ap_memory|      v44_14_3|         array|
|v44_14_3_we0       |  out|    1|   ap_memory|      v44_14_3|         array|
|v44_14_3_address1  |  out|   12|   ap_memory|      v44_14_3|         array|
|v44_14_3_ce1       |  out|    1|   ap_memory|      v44_14_3|         array|
|v44_14_3_d1        |  out|   32|   ap_memory|      v44_14_3|         array|
|v44_14_3_q1        |   in|   32|   ap_memory|      v44_14_3|         array|
|v44_14_3_we1       |  out|    1|   ap_memory|      v44_14_3|         array|
|v44_14_4_address0  |  out|   12|   ap_memory|      v44_14_4|         array|
|v44_14_4_ce0       |  out|    1|   ap_memory|      v44_14_4|         array|
|v44_14_4_d0        |  out|   32|   ap_memory|      v44_14_4|         array|
|v44_14_4_q0        |   in|   32|   ap_memory|      v44_14_4|         array|
|v44_14_4_we0       |  out|    1|   ap_memory|      v44_14_4|         array|
|v44_14_4_address1  |  out|   12|   ap_memory|      v44_14_4|         array|
|v44_14_4_ce1       |  out|    1|   ap_memory|      v44_14_4|         array|
|v44_14_4_d1        |  out|   32|   ap_memory|      v44_14_4|         array|
|v44_14_4_q1        |   in|   32|   ap_memory|      v44_14_4|         array|
|v44_14_4_we1       |  out|    1|   ap_memory|      v44_14_4|         array|
|v45_0_address0     |  out|    7|   ap_memory|         v45_0|         array|
|v45_0_ce0          |  out|    1|   ap_memory|         v45_0|         array|
|v45_0_d0           |  out|   32|   ap_memory|         v45_0|         array|
|v45_0_q0           |   in|   32|   ap_memory|         v45_0|         array|
|v45_0_we0          |  out|    1|   ap_memory|         v45_0|         array|
|v45_0_address1     |  out|    7|   ap_memory|         v45_0|         array|
|v45_0_ce1          |  out|    1|   ap_memory|         v45_0|         array|
|v45_0_d1           |  out|   32|   ap_memory|         v45_0|         array|
|v45_0_q1           |   in|   32|   ap_memory|         v45_0|         array|
|v45_0_we1          |  out|    1|   ap_memory|         v45_0|         array|
|v45_1_address0     |  out|    7|   ap_memory|         v45_1|         array|
|v45_1_ce0          |  out|    1|   ap_memory|         v45_1|         array|
|v45_1_d0           |  out|   32|   ap_memory|         v45_1|         array|
|v45_1_q0           |   in|   32|   ap_memory|         v45_1|         array|
|v45_1_we0          |  out|    1|   ap_memory|         v45_1|         array|
|v45_1_address1     |  out|    7|   ap_memory|         v45_1|         array|
|v45_1_ce1          |  out|    1|   ap_memory|         v45_1|         array|
|v45_1_d1           |  out|   32|   ap_memory|         v45_1|         array|
|v45_1_q1           |   in|   32|   ap_memory|         v45_1|         array|
|v45_1_we1          |  out|    1|   ap_memory|         v45_1|         array|
|v45_2_address0     |  out|    7|   ap_memory|         v45_2|         array|
|v45_2_ce0          |  out|    1|   ap_memory|         v45_2|         array|
|v45_2_d0           |  out|   32|   ap_memory|         v45_2|         array|
|v45_2_q0           |   in|   32|   ap_memory|         v45_2|         array|
|v45_2_we0          |  out|    1|   ap_memory|         v45_2|         array|
|v45_2_address1     |  out|    7|   ap_memory|         v45_2|         array|
|v45_2_ce1          |  out|    1|   ap_memory|         v45_2|         array|
|v45_2_d1           |  out|   32|   ap_memory|         v45_2|         array|
|v45_2_q1           |   in|   32|   ap_memory|         v45_2|         array|
|v45_2_we1          |  out|    1|   ap_memory|         v45_2|         array|
|v45_3_address0     |  out|    7|   ap_memory|         v45_3|         array|
|v45_3_ce0          |  out|    1|   ap_memory|         v45_3|         array|
|v45_3_d0           |  out|   32|   ap_memory|         v45_3|         array|
|v45_3_q0           |   in|   32|   ap_memory|         v45_3|         array|
|v45_3_we0          |  out|    1|   ap_memory|         v45_3|         array|
|v45_3_address1     |  out|    7|   ap_memory|         v45_3|         array|
|v45_3_ce1          |  out|    1|   ap_memory|         v45_3|         array|
|v45_3_d1           |  out|   32|   ap_memory|         v45_3|         array|
|v45_3_q1           |   in|   32|   ap_memory|         v45_3|         array|
|v45_3_we1          |  out|    1|   ap_memory|         v45_3|         array|
|v45_4_address0     |  out|    7|   ap_memory|         v45_4|         array|
|v45_4_ce0          |  out|    1|   ap_memory|         v45_4|         array|
|v45_4_d0           |  out|   32|   ap_memory|         v45_4|         array|
|v45_4_q0           |   in|   32|   ap_memory|         v45_4|         array|
|v45_4_we0          |  out|    1|   ap_memory|         v45_4|         array|
|v45_4_address1     |  out|    7|   ap_memory|         v45_4|         array|
|v45_4_ce1          |  out|    1|   ap_memory|         v45_4|         array|
|v45_4_d1           |  out|   32|   ap_memory|         v45_4|         array|
|v45_4_q1           |   in|   32|   ap_memory|         v45_4|         array|
|v45_4_we1          |  out|    1|   ap_memory|         v45_4|         array|
|v46_0_address0     |  out|    7|   ap_memory|         v46_0|         array|
|v46_0_ce0          |  out|    1|   ap_memory|         v46_0|         array|
|v46_0_d0           |  out|   32|   ap_memory|         v46_0|         array|
|v46_0_q0           |   in|   32|   ap_memory|         v46_0|         array|
|v46_0_we0          |  out|    1|   ap_memory|         v46_0|         array|
|v46_0_address1     |  out|    7|   ap_memory|         v46_0|         array|
|v46_0_ce1          |  out|    1|   ap_memory|         v46_0|         array|
|v46_0_d1           |  out|   32|   ap_memory|         v46_0|         array|
|v46_0_q1           |   in|   32|   ap_memory|         v46_0|         array|
|v46_0_we1          |  out|    1|   ap_memory|         v46_0|         array|
|v46_1_address0     |  out|    7|   ap_memory|         v46_1|         array|
|v46_1_ce0          |  out|    1|   ap_memory|         v46_1|         array|
|v46_1_d0           |  out|   32|   ap_memory|         v46_1|         array|
|v46_1_q0           |   in|   32|   ap_memory|         v46_1|         array|
|v46_1_we0          |  out|    1|   ap_memory|         v46_1|         array|
|v46_1_address1     |  out|    7|   ap_memory|         v46_1|         array|
|v46_1_ce1          |  out|    1|   ap_memory|         v46_1|         array|
|v46_1_d1           |  out|   32|   ap_memory|         v46_1|         array|
|v46_1_q1           |   in|   32|   ap_memory|         v46_1|         array|
|v46_1_we1          |  out|    1|   ap_memory|         v46_1|         array|
|v46_2_address0     |  out|    7|   ap_memory|         v46_2|         array|
|v46_2_ce0          |  out|    1|   ap_memory|         v46_2|         array|
|v46_2_d0           |  out|   32|   ap_memory|         v46_2|         array|
|v46_2_q0           |   in|   32|   ap_memory|         v46_2|         array|
|v46_2_we0          |  out|    1|   ap_memory|         v46_2|         array|
|v46_2_address1     |  out|    7|   ap_memory|         v46_2|         array|
|v46_2_ce1          |  out|    1|   ap_memory|         v46_2|         array|
|v46_2_d1           |  out|   32|   ap_memory|         v46_2|         array|
|v46_2_q1           |   in|   32|   ap_memory|         v46_2|         array|
|v46_2_we1          |  out|    1|   ap_memory|         v46_2|         array|
|v46_3_address0     |  out|    7|   ap_memory|         v46_3|         array|
|v46_3_ce0          |  out|    1|   ap_memory|         v46_3|         array|
|v46_3_d0           |  out|   32|   ap_memory|         v46_3|         array|
|v46_3_q0           |   in|   32|   ap_memory|         v46_3|         array|
|v46_3_we0          |  out|    1|   ap_memory|         v46_3|         array|
|v46_3_address1     |  out|    7|   ap_memory|         v46_3|         array|
|v46_3_ce1          |  out|    1|   ap_memory|         v46_3|         array|
|v46_3_d1           |  out|   32|   ap_memory|         v46_3|         array|
|v46_3_q1           |   in|   32|   ap_memory|         v46_3|         array|
|v46_3_we1          |  out|    1|   ap_memory|         v46_3|         array|
|v46_4_address0     |  out|    7|   ap_memory|         v46_4|         array|
|v46_4_ce0          |  out|    1|   ap_memory|         v46_4|         array|
|v46_4_d0           |  out|   32|   ap_memory|         v46_4|         array|
|v46_4_q0           |   in|   32|   ap_memory|         v46_4|         array|
|v46_4_we0          |  out|    1|   ap_memory|         v46_4|         array|
|v46_4_address1     |  out|    7|   ap_memory|         v46_4|         array|
|v46_4_ce1          |  out|    1|   ap_memory|         v46_4|         array|
|v46_4_d1           |  out|   32|   ap_memory|         v46_4|         array|
|v46_4_q1           |   in|   32|   ap_memory|         v46_4|         array|
|v46_4_we1          |  out|    1|   ap_memory|         v46_4|         array|
|ap_clk             |   in|    1|  ap_ctrl_hs|       forward|  return value|
|ap_rst             |   in|    1|  ap_ctrl_hs|       forward|  return value|
|ap_start           |   in|    1|  ap_ctrl_hs|       forward|  return value|
|ap_done            |  out|    1|  ap_ctrl_hs|       forward|  return value|
|ap_ready           |  out|    1|  ap_ctrl_hs|       forward|  return value|
|ap_idle            |  out|    1|  ap_ctrl_hs|       forward|  return value|
+-------------------+-----+-----+------------+--------------+--------------+

