

================================================================
== Vitis HLS Report for 'main_graph'
================================================================
* Date:           Thu Jul 17 19:25:45 2025

* Version:        2023.2 (Build 4023990 on Oct 11 2023)
* Project:        mlp.prj
* Solution:       solution3 (Vivado IP Flow Target)
* Product family: virtexuplusHBM
* Target device:  xcu280-fsvh2892-2L-e


================================================================
== Performance Estimates
================================================================
+ Timing: 
    * Summary: 
    +--------+---------+----------+------------+
    |  Clock |  Target | Estimated| Uncertainty|
    +--------+---------+----------+------------+
    |ap_clk  |  5.00 ns|  3.570 ns|     1.35 ns|
    +--------+---------+----------+------------+

+ Latency: 
    * Summary: 
    +-----------+-----------+-----------+-----------+-----------+-----------+---------+
    |    Latency (cycles)   |   Latency (absolute)  |        Interval       | Pipeline|
    |    min    |    max    |    min    |    max    |    min    |    max    |   Type  |
    +-----------+-----------+-----------+-----------+-----------+-----------+---------+
    |  927281502|  927281502|  4.636 sec|  4.636 sec|  927281503|  927281503|       no|
    +-----------+-----------+-----------+-----------+-----------+-----------+---------+

    + Detail: 
        * Instance: 
        +----------------------------+------------------+-----------+-----------+-----------+-----------+-----------+-----------+---------+
        |                            |                  |    Latency (cycles)   |   Latency (absolute)  |        Interval       | Pipeline|
        |          Instance          |      Module      |    min    |    max    |    min    |    max    |    min    |    max    |   Type  |
        +----------------------------+------------------+-----------+-----------+-----------+-----------+-----------+-----------+---------+
        |grp_main_graph_node1_fu_46  |main_graph_node1  |  463640747|  463640747|  2.318 sec|  2.318 sec|  463640747|  463640747|       no|
        |grp_main_graph_node0_fu_56  |main_graph_node0  |  463640752|  463640752|  2.318 sec|  2.318 sec|  463640752|  463640752|       no|
        +----------------------------+------------------+-----------+-----------+-----------+-----------+-----------+-----------+---------+

        * Loop: 
        N/A



================================================================
== Utilization Estimates
================================================================
* Summary: 
+---------------------+---------+------+---------+---------+-----+
|         Name        | BRAM_18K|  DSP |    FF   |   LUT   | URAM|
+---------------------+---------+------+---------+---------+-----+
|DSP                  |        -|     -|        -|        -|    -|
|Expression           |        -|     -|        -|        -|    -|
|FIFO                 |        -|     -|        -|        -|    -|
|Instance             |     3192|    13|     3621|     6837|    0|
|Memory               |      784|     -|        0|        0|    -|
|Multiplexer          |        -|     -|        -|      231|    -|
|Register             |        -|     -|        6|        -|    -|
+---------------------+---------+------+---------+---------+-----+
|Total                |     3976|    13|     3627|     7068|    0|
+---------------------+---------+------+---------+---------+-----+
|Available SLR        |     1344|  3008|   869120|   434560|  320|
+---------------------+---------+------+---------+---------+-----+
|Utilization SLR (%)  |      295|    ~0|       ~0|        1|    0|
+---------------------+---------+------+---------+---------+-----+
|Available            |     4032|  9024|  2607360|  1303680|  960|
+---------------------+---------+------+---------+---------+-----+
|Utilization (%)      |       98|    ~0|       ~0|       ~0|    0|
+---------------------+---------+------+---------+---------+-----+

+ Detail: 
    * Instance: 
    +------------------------------------+--------------------------------+---------+----+------+------+-----+
    |              Instance              |             Module             | BRAM_18K| DSP|  FF  |  LUT | URAM|
    +------------------------------------+--------------------------------+---------+----+------+------+-----+
    |ctrl_s_axi_U                        |ctrl_s_axi                      |        0|   0|    36|    40|    0|
    |fadd_32ns_32ns_32_5_full_dsp_1_U50  |fadd_32ns_32ns_32_5_full_dsp_1  |        0|   2|   205|   220|    0|
    |fcmp_32ns_32ns_1_2_no_dsp_1_U52     |fcmp_32ns_32ns_1_2_no_dsp_1     |        0|   0|     0|     0|    0|
    |fmul_32ns_32ns_32_4_max_dsp_1_U51   |fmul_32ns_32ns_32_4_max_dsp_1   |        0|   3|   143|    78|    0|
    |grp_main_graph_node0_fu_56          |main_graph_node0                |     1596|   5|  1758|  3364|    0|
    |grp_main_graph_node1_fu_46          |main_graph_node1                |     1596|   3|  1479|  3135|    0|
    +------------------------------------+--------------------------------+---------+----+------+------+-----+
    |Total                               |                                |     3192|  13|  3621|  6837|    0|
    +------------------------------------+--------------------------------+---------+----+------+------+-----+

    * DSP: 
    N/A

    * Memory: 
    +-------+----------------------------------------+---------+---+----+-----+--------+-----+------+-------------+
    | Memory|                 Module                 | BRAM_18K| FF| LUT| URAM|  Words | Bits| Banks| W*Bits*Banks|
    +-------+----------------------------------------+---------+---+----+-----+--------+-----+------+-------------+
    |v91_U  |main_graph_node1_v58_RAM_T2P_BRAM_1R1W  |      784|  0|   0|    0|  401408|   32|     1|     12845056|
    +-------+----------------------------------------+---------+---+----+-----+--------+-----+------+-------------+
    |Total  |                                        |      784|  0|   0|    0|  401408|   32|     1|     12845056|
    +-------+----------------------------------------+---------+---+----+-----+--------+-----+------+-------------+

    * FIFO: 
    N/A

    * Expression: 
    N/A

    * Multiplexer: 
    +------------------+----+-----------+-----+-----------+
    |       Name       | LUT| Input Size| Bits| Total Bits|
    +------------------+----+-----------+-----+-----------+
    |ap_NS_fsm         |  26|          5|    1|          5|
    |grp_fu_67_ce      |  14|          3|    1|          3|
    |grp_fu_67_p0      |  14|          3|   32|         96|
    |grp_fu_67_p1      |  14|          3|   32|         96|
    |grp_fu_71_ce      |  14|          3|    1|          3|
    |grp_fu_71_p0      |  14|          3|   32|         96|
    |grp_fu_71_p1      |  14|          3|   32|         96|
    |grp_fu_75_ce      |  14|          3|    1|          3|
    |grp_fu_75_opcode  |  14|          3|    5|         15|
    |grp_fu_75_p0      |  14|          3|   32|         96|
    |grp_fu_75_p1      |  14|          3|   32|         96|
    |v87_Addr_A        |  14|          3|   32|         96|
    |v87_EN_A          |  14|          3|    1|          3|
    |v91_address0      |  14|          3|   19|         57|
    |v91_ce0           |  14|          3|    1|          3|
    |v91_we0           |   9|          2|    1|          2|
    +------------------+----+-----------+-----+-----------+
    |Total             | 231|         49|  255|        766|
    +------------------+----+-----------+-----+-----------+

    * Register: 
    +-----------------------------------------+---+----+-----+-----------+
    |                   Name                  | FF| LUT| Bits| Const Bits|
    +-----------------------------------------+---+----+-----+-----------+
    |ap_CS_fsm                                |  4|   0|    4|          0|
    |grp_main_graph_node0_fu_56_ap_start_reg  |  1|   0|    1|          0|
    |grp_main_graph_node1_fu_46_ap_start_reg  |  1|   0|    1|          0|
    +-----------------------------------------+---+----+-----+-----------+
    |Total                                    |  6|   0|    6|          0|
    +-----------------------------------------+---+----+-----+-----------+



================================================================
== Interface
================================================================
* Summary: 
+--------------------+-----+-----+------------+--------------+--------------+
|      RTL Ports     | Dir | Bits|  Protocol  | Source Object|    C Type    |
+--------------------+-----+-----+------------+--------------+--------------+
|s_axi_ctrl_AWVALID  |   in|    1|       s_axi|          ctrl|   return void|
|s_axi_ctrl_AWREADY  |  out|    1|       s_axi|          ctrl|   return void|
|s_axi_ctrl_AWADDR   |   in|    4|       s_axi|          ctrl|   return void|
|s_axi_ctrl_WVALID   |   in|    1|       s_axi|          ctrl|   return void|
|s_axi_ctrl_WREADY   |  out|    1|       s_axi|          ctrl|   return void|
|s_axi_ctrl_WDATA    |   in|   32|       s_axi|          ctrl|   return void|
|s_axi_ctrl_WSTRB    |   in|    4|       s_axi|          ctrl|   return void|
|s_axi_ctrl_ARVALID  |   in|    1|       s_axi|          ctrl|   return void|
|s_axi_ctrl_ARREADY  |  out|    1|       s_axi|          ctrl|   return void|
|s_axi_ctrl_ARADDR   |   in|    4|       s_axi|          ctrl|   return void|
|s_axi_ctrl_RVALID   |  out|    1|       s_axi|          ctrl|   return void|
|s_axi_ctrl_RREADY   |   in|    1|       s_axi|          ctrl|   return void|
|s_axi_ctrl_RDATA    |  out|   32|       s_axi|          ctrl|   return void|
|s_axi_ctrl_RRESP    |  out|    2|       s_axi|          ctrl|   return void|
|s_axi_ctrl_BVALID   |  out|    1|       s_axi|          ctrl|   return void|
|s_axi_ctrl_BREADY   |   in|    1|       s_axi|          ctrl|   return void|
|s_axi_ctrl_BRESP    |  out|    2|       s_axi|          ctrl|   return void|
|ap_clk              |   in|    1|  ap_ctrl_hs|    main_graph|  return value|
|ap_rst_n            |   in|    1|  ap_ctrl_hs|    main_graph|  return value|
|interrupt           |  out|    1|  ap_ctrl_hs|    main_graph|  return value|
|v87_Addr_A          |  out|   32|        bram|           v87|         array|
|v87_EN_A            |  out|    1|        bram|           v87|         array|
|v87_WEN_A           |  out|    4|        bram|           v87|         array|
|v87_Din_A           |  out|   32|        bram|           v87|         array|
|v87_Dout_A          |   in|   32|        bram|           v87|         array|
|v87_Clk_A           |  out|    1|        bram|           v87|         array|
|v87_Rst_A           |  out|    1|        bram|           v87|         array|
|v88_Addr_A          |  out|   32|        bram|           v88|         array|
|v88_EN_A            |  out|    1|        bram|           v88|         array|
|v88_WEN_A           |  out|    4|        bram|           v88|         array|
|v88_Din_A           |  out|   32|        bram|           v88|         array|
|v88_Dout_A          |   in|   32|        bram|           v88|         array|
|v88_Clk_A           |  out|    1|        bram|           v88|         array|
|v88_Rst_A           |  out|    1|        bram|           v88|         array|
|v89_Addr_A          |  out|   32|        bram|           v89|         array|
|v89_EN_A            |  out|    1|        bram|           v89|         array|
|v89_WEN_A           |  out|    4|        bram|           v89|         array|
|v89_Din_A           |  out|   32|        bram|           v89|         array|
|v89_Dout_A          |   in|   32|        bram|           v89|         array|
|v89_Clk_A           |  out|    1|        bram|           v89|         array|
|v89_Rst_A           |  out|    1|        bram|           v89|         array|
|v90_Addr_A          |  out|   32|        bram|           v90|         array|
|v90_EN_A            |  out|    1|        bram|           v90|         array|
|v90_WEN_A           |  out|    4|        bram|           v90|         array|
|v90_Din_A           |  out|   32|        bram|           v90|         array|
|v90_Dout_A          |   in|   32|        bram|           v90|         array|
|v90_Clk_A           |  out|    1|        bram|           v90|         array|
|v90_Rst_A           |  out|    1|        bram|           v90|         array|
+--------------------+-----+-----+------------+--------------+--------------+

