

================================================================
== Vitis HLS Report for 'forward'
================================================================
* Date:           Wed Jul 16 15:22:01 2025

* Version:        2023.2 (Build 4023990 on Oct 11 2023)
* Project:        FeedForward.prj
* Solution:       FeedForward (Vitis Kernel Flow Target)
* Product family: virtexuplusHBM
* Target device:  xcu280-fsvh2892-2L-e


================================================================
== Performance Estimates
================================================================
+ Timing: 
    * Summary: 
    +--------+---------+----------+------------+
    |  Clock |  Target | Estimated| Uncertainty|
    +--------+---------+----------+------------+
    |ap_clk  |  5.00 ns|  3.650 ns|     1.35 ns|
    +--------+---------+----------+------------+

+ Latency: 
    * Summary: 
    +----------+----------+-----------+-----------+----------+----------+---------+
    |   Latency (cycles)  |   Latency (absolute)  |       Interval      | Pipeline|
    |    min   |    max   |    min    |    max    |    min   |    max   |   Type  |
    +----------+----------+-----------+-----------+----------+----------+---------+
    |  34950798|  35016334|  0.175 sec|  0.175 sec|  34950799|  35016335|       no|
    +----------+----------+-----------+-----------+----------+----------+---------+

    + Detail: 
        * Instance: 
        +---------------------------------------------------+----------------------------------------+---------+---------+----------+----------+-------+-------+---------+
        |                                                   |                                        |  Latency (cycles) |  Latency (absolute) |    Interval   | Pipeline|
        |                      Instance                     |                 Module                 |   min   |   max   |    min   |    max   |  min  |  max  |   Type  |
        +---------------------------------------------------+----------------------------------------+---------+---------+----------+----------+-------+-------+---------+
        |grp_forward_Pipeline_l_S_j_init_0_j_init_fu_208    |forward_Pipeline_l_S_j_init_0_j_init    |      258|      258|  1.290 us|  1.290 us|    258|    258|       no|
        |grp_forward_Pipeline_l_S_j_back_3_j_back_fu_213    |forward_Pipeline_l_S_j_back_3_j_back    |      264|      264|  1.320 us|  1.320 us|    264|    264|       no|
        |grp_forward_Pipeline_l_S_j_1_j_fu_222              |forward_Pipeline_l_S_j_1_j              |      267|      267|  1.335 us|  1.335 us|    267|    267|       no|
        |grp_forward_Pipeline_l_S_j_init_0_j_init1_fu_231   |forward_Pipeline_l_S_j_init_0_j_init1   |      130|      130|  0.650 us|  0.650 us|    130|    130|       no|
        |grp_forward_Pipeline_l_S_k_1_k1_l_S_j_1_j1_fu_236  |forward_Pipeline_l_S_k_1_k1_l_S_j_1_j1  |    32778|    32778|  0.164 ms|  0.164 ms|  32778|  32778|       no|
        |grp_forward_Pipeline_l_S_j_back_3_j_back1_fu_245   |forward_Pipeline_l_S_j_back_3_j_back1   |      135|      135|  0.675 us|  0.675 us|    135|    135|       no|
        +---------------------------------------------------+----------------------------------------+---------+---------+----------+----------+-------+-------+---------+

        * Loop: 
        +--------------+----------+----------+---------------+-----------+-----------+------+----------+
        |              |   Latency (cycles)  |   Iteration   |  Initiation Interval  | Trip |          |
        |   Loop Name  |    min   |    max   |    Latency    |  achieved |   target  | Count| Pipelined|
        +--------------+----------+----------+---------------+-----------+-----------+------+----------+
        |- l_S_i_0_i   |  18029568|  18095104|  35214 ~ 35342|          -|          -|   512|        no|
        | + l_S_k_1_k  |     34688|     34816|      271 ~ 272|          -|          -|   128|        no|
        |- l_S_i_0_i1  |  16921088|  16921088|          33049|          -|          -|   512|        no|
        +--------------+----------+----------+---------------+-----------+-----------+------+----------+



================================================================
== Utilization Estimates
================================================================
* Summary: 
+---------------------+---------+------+---------+---------+-----+
|         Name        | BRAM_18K|  DSP |    FF   |   LUT   | URAM|
+---------------------+---------+------+---------+---------+-----+
|DSP                  |        -|     -|        -|        -|    -|
|Expression           |        -|     -|        0|      117|    -|
|FIFO                 |        -|     -|        -|        -|    -|
|Instance             |      159|     5|     5243|     4490|    0|
|Memory               |      257|     -|       32|       65|    0|
|Multiplexer          |        -|     -|        -|     1289|    -|
|Register             |        -|     -|     2387|        -|    -|
+---------------------+---------+------+---------+---------+-----+
|Total                |      416|     5|     7662|     5961|    0|
+---------------------+---------+------+---------+---------+-----+
|Available SLR        |     1344|  3008|   869120|   434560|  320|
+---------------------+---------+------+---------+---------+-----+
|Utilization SLR (%)  |       30|    ~0|       ~0|        1|    0|
+---------------------+---------+------+---------+---------+-----+
|Available            |     4032|  9024|  2607360|  1303680|  960|
+---------------------+---------+------+---------+---------+-----+
|Utilization (%)      |       10|    ~0|       ~0|       ~0|    0|
+---------------------+---------+------+---------+---------+-----+

+ Detail: 
    * Instance: 
    +---------------------------------------------------+----------------------------------------+---------+----+------+------+-----+
    |                      Instance                     |                 Module                 | BRAM_18K| DSP|  FF  |  LUT | URAM|
    +---------------------------------------------------+----------------------------------------+---------+----+------+------+-----+
    |control_s_axi_U                                    |control_s_axi                           |        0|   0|   176|   296|    0|
    |fadd_32ns_32ns_32_5_full_dsp_1_U25                 |fadd_32ns_32ns_32_5_full_dsp_1          |        0|   2|   205|   220|    0|
    |fmul_32ns_32ns_32_4_max_dsp_1_U26                  |fmul_32ns_32ns_32_4_max_dsp_1           |        0|   3|   143|    78|    0|
    |grp_forward_Pipeline_l_S_j_1_j_fu_222              |forward_Pipeline_l_S_j_1_j              |       64|   0|   198|   103|    0|
    |grp_forward_Pipeline_l_S_j_back_3_j_back_fu_213    |forward_Pipeline_l_S_j_back_3_j_back    |        1|   0|   193|   127|    0|
    |grp_forward_Pipeline_l_S_j_back_3_j_back1_fu_245   |forward_Pipeline_l_S_j_back_3_j_back1   |        0|   0|   630|   608|    0|
    |grp_forward_Pipeline_l_S_j_init_0_j_init_fu_208    |forward_Pipeline_l_S_j_init_0_j_init    |        0|   0|    11|    60|    0|
    |grp_forward_Pipeline_l_S_j_init_0_j_init1_fu_231   |forward_Pipeline_l_S_j_init_0_j_init1   |        0|   0|    10|    58|    0|
    |grp_forward_Pipeline_l_S_k_1_k1_l_S_j_1_j1_fu_236  |forward_Pipeline_l_S_k_1_k1_l_S_j_1_j1  |       64|   0|   156|   245|    0|
    |gmem_m_axi_U                                       |gmem_m_axi                              |       30|   0|  3521|  2695|    0|
    +---------------------------------------------------+----------------------------------------+---------+----+------+------+-----+
    |Total                                              |                                        |      159|   5|  5243|  4490|    0|
    +---------------------------------------------------+----------------------------------------+---------+----+------+------+-----+

    * DSP: 
    N/A

    * Memory: 
    +---------+---------------------+---------+----+----+-----+--------+-----+------+-------------+
    |  Memory |        Module       | BRAM_18K| FF | LUT| URAM|  Words | Bits| Banks| W*Bits*Banks|
    +---------+---------------------+---------+----+----+-----+--------+-----+------+-------------+
    |buf1_U   |buf1_RAM_AUTO_1R1W   |        0|  32|  65|    0|     128|   32|     1|         4096|
    |buf_U    |buf_RAM_AUTO_1R1W    |        1|   0|   0|    0|     256|   32|     1|         8192|
    |v48_0_U  |v48_0_RAM_AUTO_1R1W  |      256|   0|   0|    0|  131072|   32|     1|      4194304|
    +---------+---------------------+---------+----+----+-----+--------+-----+------+-------------+
    |Total    |                     |      257|  32|  65|    0|  131456|   96|     3|      4206592|
    +---------+---------------------+---------+----+----+-----+--------+-----+------+-------------+

    * FIFO: 
    N/A

    * Expression: 
    +---------------------+----------+----+---+----+------------+------------+
    |    Variable Name    | Operation| DSP| FF| LUT| Bitwidth P0| Bitwidth P1|
    +---------------------+----------+----+---+----+------------+------------+
    |add_ln28_fu_293_p2   |         +|   0|  0|  17|          10|           1|
    |add_ln33_fu_326_p2   |         +|   0|  0|  15|           8|           1|
    |add_ln66_fu_396_p2   |         +|   0|  0|  17|          10|           1|
    |ap_block_state76     |       and|   0|  0|   2|           1|           1|
    |icmp_ln28_fu_287_p2  |      icmp|   0|  0|  18|          10|          11|
    |icmp_ln33_fu_320_p2  |      icmp|   0|  0|  16|           8|           9|
    |icmp_ln34_fu_340_p2  |      icmp|   0|  0|  12|           4|           1|
    |icmp_ln66_fu_390_p2  |      icmp|   0|  0|  18|          10|          11|
    |ap_block_state1      |        or|   0|  0|   2|           1|           1|
    +---------------------+----------+----+---+----+------------+------------+
    |Total                |          |   0|  0| 117|          62|          37|
    +---------------------+----------+----+---+----+------------+------------+

    * Multiplexer: 
    +-------------------+-----+-----------+-----+-----------+
    |        Name       | LUT | Input Size| Bits| Total Bits|
    +-------------------+-----+-----------+-----+-----------+
    |ap_NS_fsm          |  823|        156|    1|        156|
    |ap_done            |    9|          2|    1|          2|
    |buf1_address0      |   20|          4|    7|         28|
    |buf1_ce0           |   20|          4|    1|          4|
    |buf1_ce1           |    9|          2|    1|          2|
    |buf1_d0            |   14|          3|   32|         96|
    |buf1_we0           |   14|          3|    1|          3|
    |buf_address0       |   20|          4|    8|         32|
    |buf_ce0            |   20|          4|    1|          4|
    |buf_ce1            |    9|          2|    1|          2|
    |buf_d0             |   14|          3|   32|         96|
    |buf_we0            |   14|          3|    1|          3|
    |empty_28_reg_199   |    9|          2|  512|       1024|
    |gmem_AWADDR        |   14|          3|   64|        192|
    |gmem_AWLEN         |   14|          3|   32|         96|
    |gmem_AWVALID       |   14|          3|    1|          3|
    |gmem_BREADY        |   14|          3|    1|          3|
    |gmem_WVALID        |    9|          2|    1|          2|
    |gmem_blk_n_AR      |    9|          2|    1|          2|
    |gmem_blk_n_AW      |    9|          2|    1|          2|
    |gmem_blk_n_B       |    9|          2|    1|          2|
    |gmem_blk_n_R       |    9|          2|    1|          2|
    |grp_fu_524_ce      |   26|          5|    1|          5|
    |grp_fu_524_p0      |   26|          5|   32|        160|
    |grp_fu_524_p1      |   26|          5|   32|        160|
    |grp_fu_528_ce      |   14|          3|    1|          3|
    |grp_fu_528_p0      |   14|          3|   32|         96|
    |grp_fu_528_p1      |   14|          3|   32|         96|
    |i1_fu_140          |    9|          2|   10|         20|
    |i_fu_124           |    9|          2|   10|         20|
    |k_reg_176          |    9|          2|    8|         16|
    |shiftreg6_reg_187  |    9|          2|  480|        960|
    |v48_0_address0     |   14|          3|   17|         51|
    |v48_0_ce0          |   14|          3|    1|          3|
    |v48_0_we0          |    9|          2|    1|          2|
    +-------------------+-----+-----------+-----+-----------+
    |Total              | 1289|        254| 1359|       3348|
    +-------------------+-----+-----------+-----+-----------+

    * Register: 
    +----------------------------------------------------------------+-----+----+-----+-----------+
    |                              Name                              |  FF | LUT| Bits| Const Bits|
    +----------------------------------------------------------------+-----+----+-----+-----------+
    |add_ln28_reg_446                                                |   10|   0|   10|          0|
    |add_ln33_reg_472                                                |    8|   0|    8|          0|
    |ap_CS_fsm                                                       |  155|   0|  155|          0|
    |ap_done_reg                                                     |    1|   0|    1|          0|
    |ap_rst_n_inv                                                    |    1|   0|    1|          0|
    |ap_rst_reg_1                                                    |    1|   0|    1|          0|
    |ap_rst_reg_2                                                    |    1|   0|    1|          0|
    |empty_28_reg_199                                                |  512|   0|  512|          0|
    |gmem_addr_read_reg_491                                          |  512|   0|  512|          0|
    |grp_forward_Pipeline_l_S_j_1_j_fu_222_ap_start_reg              |    1|   0|    1|          0|
    |grp_forward_Pipeline_l_S_j_back_3_j_back1_fu_245_ap_start_reg   |    1|   0|    1|          0|
    |grp_forward_Pipeline_l_S_j_back_3_j_back_fu_213_ap_start_reg    |    1|   0|    1|          0|
    |grp_forward_Pipeline_l_S_j_init_0_j_init1_fu_231_ap_start_reg   |    1|   0|    1|          0|
    |grp_forward_Pipeline_l_S_j_init_0_j_init_fu_208_ap_start_reg    |    1|   0|    1|          0|
    |grp_forward_Pipeline_l_S_k_1_k1_l_S_j_1_j1_fu_236_ap_start_reg  |    1|   0|    1|          0|
    |i1_fu_140                                                       |   10|   0|   10|          0|
    |i_fu_124                                                        |   10|   0|   10|          0|
    |icmp_ln34_reg_482                                               |    1|   0|    1|          0|
    |k_reg_176                                                       |    8|   0|    8|          0|
    |shiftreg6_reg_187                                               |  480|   0|  480|          0|
    |tmp_1_reg_519                                                   |    9|   0|   17|          8|
    |tmp_reg_464                                                     |    9|   0|   17|          8|
    |trunc_ln1_reg_458                                               |   58|   0|   58|          0|
    |trunc_ln28_reg_438                                              |    9|   0|    9|          0|
    |trunc_ln33_1_reg_501                                            |  480|   0|  480|          0|
    |trunc_ln33_reg_477                                              |    7|   0|    7|          0|
    |trunc_ln66_reg_511                                              |    9|   0|    9|          0|
    |trunc_ln_reg_422                                                |   58|   0|   58|          0|
    |v9_reg_496                                                      |   32|   0|   32|          0|
    +----------------------------------------------------------------+-----+----+-----+-----------+
    |Total                                                           | 2387|   0| 2403|         16|
    +----------------------------------------------------------------+-----+----+-----+-----------+



================================================================
== Interface
================================================================
* Summary: 
+-----------------------+-----+-----+---------------+--------------+--------------+
|       RTL Ports       | Dir | Bits|    Protocol   | Source Object|    C Type    |
+-----------------------+-----+-----+---------------+--------------+--------------+
|s_axi_control_AWVALID  |   in|    1|          s_axi|       control|        scalar|
|s_axi_control_AWREADY  |  out|    1|          s_axi|       control|        scalar|
|s_axi_control_AWADDR   |   in|    6|          s_axi|       control|        scalar|
|s_axi_control_WVALID   |   in|    1|          s_axi|       control|        scalar|
|s_axi_control_WREADY   |  out|    1|          s_axi|       control|        scalar|
|s_axi_control_WDATA    |   in|   32|          s_axi|       control|        scalar|
|s_axi_control_WSTRB    |   in|    4|          s_axi|       control|        scalar|
|s_axi_control_ARVALID  |   in|    1|          s_axi|       control|        scalar|
|s_axi_control_ARREADY  |  out|    1|          s_axi|       control|        scalar|
|s_axi_control_ARADDR   |   in|    6|          s_axi|       control|        scalar|
|s_axi_control_RVALID   |  out|    1|          s_axi|       control|        scalar|
|s_axi_control_RREADY   |   in|    1|          s_axi|       control|        scalar|
|s_axi_control_RDATA    |  out|   32|          s_axi|       control|        scalar|
|s_axi_control_RRESP    |  out|    2|          s_axi|       control|        scalar|
|s_axi_control_BVALID   |  out|    1|          s_axi|       control|        scalar|
|s_axi_control_BREADY   |   in|    1|          s_axi|       control|        scalar|
|s_axi_control_BRESP    |  out|    2|          s_axi|       control|        scalar|
|ap_clk                 |   in|    1|  ap_ctrl_chain|       forward|  return value|
|ap_rst_n               |   in|    1|  ap_ctrl_chain|       forward|  return value|
|interrupt              |  out|    1|  ap_ctrl_chain|       forward|  return value|
|m_axi_gmem_AWVALID     |  out|    1|          m_axi|          gmem|       pointer|
|m_axi_gmem_AWREADY     |   in|    1|          m_axi|          gmem|       pointer|
|m_axi_gmem_AWADDR      |  out|   64|          m_axi|          gmem|       pointer|
|m_axi_gmem_AWID        |  out|    1|          m_axi|          gmem|       pointer|
|m_axi_gmem_AWLEN       |  out|    8|          m_axi|          gmem|       pointer|
|m_axi_gmem_AWSIZE      |  out|    3|          m_axi|          gmem|       pointer|
|m_axi_gmem_AWBURST     |  out|    2|          m_axi|          gmem|       pointer|
|m_axi_gmem_AWLOCK      |  out|    2|          m_axi|          gmem|       pointer|
|m_axi_gmem_AWCACHE     |  out|    4|          m_axi|          gmem|       pointer|
|m_axi_gmem_AWPROT      |  out|    3|          m_axi|          gmem|       pointer|
|m_axi_gmem_AWQOS       |  out|    4|          m_axi|          gmem|       pointer|
|m_axi_gmem_AWREGION    |  out|    4|          m_axi|          gmem|       pointer|
|m_axi_gmem_AWUSER      |  out|    1|          m_axi|          gmem|       pointer|
|m_axi_gmem_WVALID      |  out|    1|          m_axi|          gmem|       pointer|
|m_axi_gmem_WREADY      |   in|    1|          m_axi|          gmem|       pointer|
|m_axi_gmem_WDATA       |  out|  512|          m_axi|          gmem|       pointer|
|m_axi_gmem_WSTRB       |  out|   64|          m_axi|          gmem|       pointer|
|m_axi_gmem_WLAST       |  out|    1|          m_axi|          gmem|       pointer|
|m_axi_gmem_WID         |  out|    1|          m_axi|          gmem|       pointer|
|m_axi_gmem_WUSER       |  out|    1|          m_axi|          gmem|       pointer|
|m_axi_gmem_ARVALID     |  out|    1|          m_axi|          gmem|       pointer|
|m_axi_gmem_ARREADY     |   in|    1|          m_axi|          gmem|       pointer|
|m_axi_gmem_ARADDR      |  out|   64|          m_axi|          gmem|       pointer|
|m_axi_gmem_ARID        |  out|    1|          m_axi|          gmem|       pointer|
|m_axi_gmem_ARLEN       |  out|    8|          m_axi|          gmem|       pointer|
|m_axi_gmem_ARSIZE      |  out|    3|          m_axi|          gmem|       pointer|
|m_axi_gmem_ARBURST     |  out|    2|          m_axi|          gmem|       pointer|
|m_axi_gmem_ARLOCK      |  out|    2|          m_axi|          gmem|       pointer|
|m_axi_gmem_ARCACHE     |  out|    4|          m_axi|          gmem|       pointer|
|m_axi_gmem_ARPROT      |  out|    3|          m_axi|          gmem|       pointer|
|m_axi_gmem_ARQOS       |  out|    4|          m_axi|          gmem|       pointer|
|m_axi_gmem_ARREGION    |  out|    4|          m_axi|          gmem|       pointer|
|m_axi_gmem_ARUSER      |  out|    1|          m_axi|          gmem|       pointer|
|m_axi_gmem_RVALID      |   in|    1|          m_axi|          gmem|       pointer|
|m_axi_gmem_RREADY      |  out|    1|          m_axi|          gmem|       pointer|
|m_axi_gmem_RDATA       |   in|  512|          m_axi|          gmem|       pointer|
|m_axi_gmem_RLAST       |   in|    1|          m_axi|          gmem|       pointer|
|m_axi_gmem_RID         |   in|    1|          m_axi|          gmem|       pointer|
|m_axi_gmem_RUSER       |   in|    1|          m_axi|          gmem|       pointer|
|m_axi_gmem_RRESP       |   in|    2|          m_axi|          gmem|       pointer|
|m_axi_gmem_BVALID      |   in|    1|          m_axi|          gmem|       pointer|
|m_axi_gmem_BREADY      |  out|    1|          m_axi|          gmem|       pointer|
|m_axi_gmem_BRESP       |   in|    2|          m_axi|          gmem|       pointer|
|m_axi_gmem_BID         |   in|    1|          m_axi|          gmem|       pointer|
|m_axi_gmem_BUSER       |   in|    1|          m_axi|          gmem|       pointer|
+-----------------------+-----+-----+---------------+--------------+--------------+

