

================================================================
== Vitis HLS Report for 'forward'
================================================================
* Date:           Mon Jul 14 13:32:21 2025

* Version:        2023.2 (Build 4023990 on Oct 11 2023)
* Project:        residual-512-8.prj
* Solution:       small-16 (Vivado IP Flow Target)
* Product family: virtexuplusHBM
* Target device:  xcu280-fsvh2892-2L-e


================================================================
== Performance Estimates
================================================================
+ Timing: 
    * Summary: 
    +--------+---------+----------+------------+
    |  Clock |  Target | Estimated| Uncertainty|
    +--------+---------+----------+------------+
    |ap_clk  |  5.00 ns|  3.650 ns|     1.35 ns|
    +--------+---------+----------+------------+

+ Latency: 
    * Summary: 
    +---------+---------+-----------+-----------+---------+---------+---------+
    |  Latency (cycles) |   Latency (absolute)  |      Interval     | Pipeline|
    |   min   |   max   |    min    |    max    |   min   |   max   |   Type  |
    +---------+---------+-----------+-----------+---------+---------+---------+
    |  7258613|  7258613|  36.293 ms|  36.293 ms|  7258614|  7258614|       no|
    +---------+---------+-----------+-----------+---------+---------+---------+

    + Detail: 
        * Instance: 
        +--------------------------+---------------+---------+---------+-----------+-----------+---------+---------+---------+
        |                          |               |  Latency (cycles) |   Latency (absolute)  |      Interval     | Pipeline|
        |         Instance         |     Module    |   min   |   max   |    min    |    max    |   min   |   max   |   Type  |
        +--------------------------+---------------+---------+---------+-----------+-----------+---------+---------+---------+
        |grp_forward_node8_fu_190  |forward_node8  |  7246049|  7246049|  36.230 ms|  36.230 ms|  7246049|  7246049|       no|
        |grp_forward_node0_fu_214  |forward_node0  |  7258612|  7258612|  36.293 ms|  36.293 ms|  7258612|  7258612|       no|
        +--------------------------+---------------+---------+---------+-----------+-----------+---------+---------+---------+

        * Loop: 
        N/A



================================================================
== Utilization Estimates
================================================================
* Summary: 
+---------------------+---------+------+---------+---------+-----+
|         Name        | BRAM_18K|  DSP |    FF   |   LUT   | URAM|
+---------------------+---------+------+---------+---------+-----+
|DSP                  |        -|     -|        -|        -|    -|
|Expression           |        -|     -|        0|       10|    -|
|FIFO                 |        -|     -|        -|        -|    -|
|Instance             |       22|   713|   108534|   235348|    0|
|Memory               |        -|     -|        -|        -|    -|
|Multiplexer          |        -|     -|        -|      239|    -|
|Register             |        -|     -|      712|        -|    -|
+---------------------+---------+------+---------+---------+-----+
|Total                |       22|   713|   109246|   235597|    0|
+---------------------+---------+------+---------+---------+-----+
|Available SLR        |     1344|  3008|   869120|   434560|  320|
+---------------------+---------+------+---------+---------+-----+
|Utilization SLR (%)  |        1|    23|       12|       54|    0|
+---------------------+---------+------+---------+---------+-----+
|Available            |     4032|  9024|  2607360|  1303680|  960|
+---------------------+---------+------+---------+---------+-----+
|Utilization (%)      |       ~0|     7|        4|       18|    0|
+---------------------+---------+------+---------+---------+-----+

+ Detail: 
    * Instance: 
    +--------------------------+---------------+---------+-----+-------+--------+-----+
    |         Instance         |     Module    | BRAM_18K| DSP |   FF  |   LUT  | URAM|
    +--------------------------+---------------+---------+-----+-------+--------+-----+
    |axi_0_m_axi_U             |axi_0_m_axi    |        2|    0|    696|     720|    0|
    |axi_10_m_axi_U            |axi_10_m_axi   |        2|    0|    696|     720|    0|
    |axi_1_m_axi_U             |axi_1_m_axi    |        2|    0|    696|     720|    0|
    |axi_2_m_axi_U             |axi_2_m_axi    |        2|    0|    696|     720|    0|
    |axi_3_m_axi_U             |axi_3_m_axi    |        2|    0|    696|     720|    0|
    |axi_4_m_axi_U             |axi_4_m_axi    |        2|    0|    696|     720|    0|
    |axi_5_m_axi_U             |axi_5_m_axi    |        2|    0|    696|     720|    0|
    |axi_6_m_axi_U             |axi_6_m_axi    |        2|    0|    696|     720|    0|
    |axi_7_m_axi_U             |axi_7_m_axi    |        2|    0|    696|     720|    0|
    |axi_8_m_axi_U             |axi_8_m_axi    |        2|    0|    696|     720|    0|
    |axi_9_m_axi_U             |axi_9_m_axi    |        2|    0|    696|     720|    0|
    |control_s_axi_U           |control_s_axi  |        0|    0|    800|    1448|    0|
    |ctrl_s_axi_U              |ctrl_s_axi     |        0|    0|     36|      40|    0|
    |grp_forward_node0_fu_214  |forward_node0  |        0|  389|  54664|  124201|    0|
    |grp_forward_node8_fu_190  |forward_node8  |        0|  324|  45378|  101739|    0|
    +--------------------------+---------------+---------+-----+-------+--------+-----+
    |Total                     |               |       22|  713| 108534|  235348|    0|
    +--------------------------+---------------+---------+-----+-------+--------+-----+

    * DSP: 
    N/A

    * Memory: 
    N/A

    * FIFO: 
    N/A

    * Expression: 
    +-------------------------------------------+----------+----+---+----+------------+------------+
    |               Variable Name               | Operation| DSP| FF| LUT| Bitwidth P0| Bitwidth P1|
    +-------------------------------------------+----------+----+---+----+------------+------------+
    |ap_block_state2_on_subcall_done            |        or|   0|  0|   2|           1|           1|
    |ap_sync_grp_forward_node0_fu_214_ap_done   |        or|   0|  0|   2|           1|           1|
    |ap_sync_grp_forward_node0_fu_214_ap_ready  |        or|   0|  0|   2|           1|           1|
    |ap_sync_grp_forward_node8_fu_190_ap_done   |        or|   0|  0|   2|           1|           1|
    |ap_sync_grp_forward_node8_fu_190_ap_ready  |        or|   0|  0|   2|           1|           1|
    +-------------------------------------------+----------+----+---+----+------------+------------+
    |Total                                      |          |   0|  0|  10|           5|           5|
    +-------------------------------------------+----------+----+---+----+------------+------------+

    * Multiplexer: 
    +----------------+----+-----------+-----+-----------+
    |      Name      | LUT| Input Size| Bits| Total Bits|
    +----------------+----+-----------+-----+-----------+
    |ap_NS_fsm       |  14|          3|    1|          3|
    |axi_0_ARVALID   |   9|          2|    1|          2|
    |axi_0_RREADY    |   9|          2|    1|          2|
    |axi_10_ARVALID  |   9|          2|    1|          2|
    |axi_10_RREADY   |   9|          2|    1|          2|
    |axi_1_ARVALID   |   9|          2|    1|          2|
    |axi_1_RREADY    |   9|          2|    1|          2|
    |axi_2_AWVALID   |   9|          2|    1|          2|
    |axi_2_BREADY    |   9|          2|    1|          2|
    |axi_2_WVALID    |   9|          2|    1|          2|
    |axi_3_ARVALID   |   9|          2|    1|          2|
    |axi_3_RREADY    |   9|          2|    1|          2|
    |axi_4_ARVALID   |   9|          2|    1|          2|
    |axi_4_RREADY    |   9|          2|    1|          2|
    |axi_5_ARVALID   |   9|          2|    1|          2|
    |axi_5_RREADY    |   9|          2|    1|          2|
    |axi_6_AWVALID   |   9|          2|    1|          2|
    |axi_6_BREADY    |   9|          2|    1|          2|
    |axi_6_WVALID    |   9|          2|    1|          2|
    |axi_7_ARVALID   |   9|          2|    1|          2|
    |axi_7_RREADY    |   9|          2|    1|          2|
    |axi_8_AWVALID   |   9|          2|    1|          2|
    |axi_8_BREADY    |   9|          2|    1|          2|
    |axi_8_WVALID    |   9|          2|    1|          2|
    |axi_9_ARVALID   |   9|          2|    1|          2|
    |axi_9_RREADY    |   9|          2|    1|          2|
    +----------------+----+-----------+-----+-----------+
    |Total           | 239|         53|   26|         53|
    +----------------+----+-----------+-----+-----------+

    * Register: 
    +-----------------------------------------------+----+----+-----+-----------+
    |                      Name                     | FF | LUT| Bits| Const Bits|
    +-----------------------------------------------+----+----+-----+-----------+
    |ap_CS_fsm                                      |   2|   0|    2|          0|
    |ap_sync_reg_grp_forward_node0_fu_214_ap_done   |   1|   0|    1|          0|
    |ap_sync_reg_grp_forward_node0_fu_214_ap_ready  |   1|   0|    1|          0|
    |ap_sync_reg_grp_forward_node8_fu_190_ap_done   |   1|   0|    1|          0|
    |ap_sync_reg_grp_forward_node8_fu_190_ap_ready  |   1|   0|    1|          0|
    |grp_forward_node0_fu_214_ap_start_reg          |   1|   0|    1|          0|
    |grp_forward_node8_fu_190_ap_start_reg          |   1|   0|    1|          0|
    |v1137_read_reg_292                             |  64|   0|   64|          0|
    |v1138_read_reg_287                             |  64|   0|   64|          0|
    |v1139_read_reg_282                             |  64|   0|   64|          0|
    |v1140_read_reg_277                             |  64|   0|   64|          0|
    |v1141_read_reg_272                             |  64|   0|   64|          0|
    |v1142_read_reg_267                             |  64|   0|   64|          0|
    |v1143_read_reg_262                             |  64|   0|   64|          0|
    |v1144_read_reg_257                             |  64|   0|   64|          0|
    |v1145_read_reg_252                             |  64|   0|   64|          0|
    |v1146_read_reg_247                             |  64|   0|   64|          0|
    |v1147_read_reg_242                             |  64|   0|   64|          0|
    +-----------------------------------------------+----+----+-----+-----------+
    |Total                                          | 712|   0|  712|          0|
    +-----------------------------------------------+----+----+-----+-----------+



================================================================
== Interface
================================================================
* Summary: 
+-----------------------+-----+-----+------------+--------------+--------------+
|       RTL Ports       | Dir | Bits|  Protocol  | Source Object|    C Type    |
+-----------------------+-----+-----+------------+--------------+--------------+
|s_axi_control_AWVALID  |   in|    1|       s_axi|       control|        scalar|
|s_axi_control_AWREADY  |  out|    1|       s_axi|       control|        scalar|
|s_axi_control_AWADDR   |   in|    8|       s_axi|       control|        scalar|
|s_axi_control_WVALID   |   in|    1|       s_axi|       control|        scalar|
|s_axi_control_WREADY   |  out|    1|       s_axi|       control|        scalar|
|s_axi_control_WDATA    |   in|   32|       s_axi|       control|        scalar|
|s_axi_control_WSTRB    |   in|    4|       s_axi|       control|        scalar|
|s_axi_control_ARVALID  |   in|    1|       s_axi|       control|        scalar|
|s_axi_control_ARREADY  |  out|    1|       s_axi|       control|        scalar|
|s_axi_control_ARADDR   |   in|    8|       s_axi|       control|        scalar|
|s_axi_control_RVALID   |  out|    1|       s_axi|       control|        scalar|
|s_axi_control_RREADY   |   in|    1|       s_axi|       control|        scalar|
|s_axi_control_RDATA    |  out|   32|       s_axi|       control|        scalar|
|s_axi_control_RRESP    |  out|    2|       s_axi|       control|        scalar|
|s_axi_control_BVALID   |  out|    1|       s_axi|       control|        scalar|
|s_axi_control_BREADY   |   in|    1|       s_axi|       control|        scalar|
|s_axi_control_BRESP    |  out|    2|       s_axi|       control|        scalar|
|s_axi_ctrl_AWVALID     |   in|    1|       s_axi|          ctrl|   return void|
|s_axi_ctrl_AWREADY     |  out|    1|       s_axi|          ctrl|   return void|
|s_axi_ctrl_AWADDR      |   in|    4|       s_axi|          ctrl|   return void|
|s_axi_ctrl_WVALID      |   in|    1|       s_axi|          ctrl|   return void|
|s_axi_ctrl_WREADY      |  out|    1|       s_axi|          ctrl|   return void|
|s_axi_ctrl_WDATA       |   in|   32|       s_axi|          ctrl|   return void|
|s_axi_ctrl_WSTRB       |   in|    4|       s_axi|          ctrl|   return void|
|s_axi_ctrl_ARVALID     |   in|    1|       s_axi|          ctrl|   return void|
|s_axi_ctrl_ARREADY     |  out|    1|       s_axi|          ctrl|   return void|
|s_axi_ctrl_ARADDR      |   in|    4|       s_axi|          ctrl|   return void|
|s_axi_ctrl_RVALID      |  out|    1|       s_axi|          ctrl|   return void|
|s_axi_ctrl_RREADY      |   in|    1|       s_axi|          ctrl|   return void|
|s_axi_ctrl_RDATA       |  out|   32|       s_axi|          ctrl|   return void|
|s_axi_ctrl_RRESP       |  out|    2|       s_axi|          ctrl|   return void|
|s_axi_ctrl_BVALID      |  out|    1|       s_axi|          ctrl|   return void|
|s_axi_ctrl_BREADY      |   in|    1|       s_axi|          ctrl|   return void|
|s_axi_ctrl_BRESP       |  out|    2|       s_axi|          ctrl|   return void|
|ap_clk                 |   in|    1|  ap_ctrl_hs|       forward|  return value|
|ap_rst_n               |   in|    1|  ap_ctrl_hs|       forward|  return value|
|interrupt              |  out|    1|  ap_ctrl_hs|       forward|  return value|
|m_axi_axi_0_AWVALID    |  out|    1|       m_axi|         axi_0|       pointer|
|m_axi_axi_0_AWREADY    |   in|    1|       m_axi|         axi_0|       pointer|
|m_axi_axi_0_AWADDR     |  out|   64|       m_axi|         axi_0|       pointer|
|m_axi_axi_0_AWID       |  out|    1|       m_axi|         axi_0|       pointer|
|m_axi_axi_0_AWLEN      |  out|    8|       m_axi|         axi_0|       pointer|
|m_axi_axi_0_AWSIZE     |  out|    3|       m_axi|         axi_0|       pointer|
|m_axi_axi_0_AWBURST    |  out|    2|       m_axi|         axi_0|       pointer|
|m_axi_axi_0_AWLOCK     |  out|    2|       m_axi|         axi_0|       pointer|
|m_axi_axi_0_AWCACHE    |  out|    4|       m_axi|         axi_0|       pointer|
|m_axi_axi_0_AWPROT     |  out|    3|       m_axi|         axi_0|       pointer|
|m_axi_axi_0_AWQOS      |  out|    4|       m_axi|         axi_0|       pointer|
|m_axi_axi_0_AWREGION   |  out|    4|       m_axi|         axi_0|       pointer|
|m_axi_axi_0_AWUSER     |  out|    1|       m_axi|         axi_0|       pointer|
|m_axi_axi_0_WVALID     |  out|    1|       m_axi|         axi_0|       pointer|
|m_axi_axi_0_WREADY     |   in|    1|       m_axi|         axi_0|       pointer|
|m_axi_axi_0_WDATA      |  out|   32|       m_axi|         axi_0|       pointer|
|m_axi_axi_0_WSTRB      |  out|    4|       m_axi|         axi_0|       pointer|
|m_axi_axi_0_WLAST      |  out|    1|       m_axi|         axi_0|       pointer|
|m_axi_axi_0_WID        |  out|    1|       m_axi|         axi_0|       pointer|
|m_axi_axi_0_WUSER      |  out|    1|       m_axi|         axi_0|       pointer|
|m_axi_axi_0_ARVALID    |  out|    1|       m_axi|         axi_0|       pointer|
|m_axi_axi_0_ARREADY    |   in|    1|       m_axi|         axi_0|       pointer|
|m_axi_axi_0_ARADDR     |  out|   64|       m_axi|         axi_0|       pointer|
|m_axi_axi_0_ARID       |  out|    1|       m_axi|         axi_0|       pointer|
|m_axi_axi_0_ARLEN      |  out|    8|       m_axi|         axi_0|       pointer|
|m_axi_axi_0_ARSIZE     |  out|    3|       m_axi|         axi_0|       pointer|
|m_axi_axi_0_ARBURST    |  out|    2|       m_axi|         axi_0|       pointer|
|m_axi_axi_0_ARLOCK     |  out|    2|       m_axi|         axi_0|       pointer|
|m_axi_axi_0_ARCACHE    |  out|    4|       m_axi|         axi_0|       pointer|
|m_axi_axi_0_ARPROT     |  out|    3|       m_axi|         axi_0|       pointer|
|m_axi_axi_0_ARQOS      |  out|    4|       m_axi|         axi_0|       pointer|
|m_axi_axi_0_ARREGION   |  out|    4|       m_axi|         axi_0|       pointer|
|m_axi_axi_0_ARUSER     |  out|    1|       m_axi|         axi_0|       pointer|
|m_axi_axi_0_RVALID     |   in|    1|       m_axi|         axi_0|       pointer|
|m_axi_axi_0_RREADY     |  out|    1|       m_axi|         axi_0|       pointer|
|m_axi_axi_0_RDATA      |   in|   32|       m_axi|         axi_0|       pointer|
|m_axi_axi_0_RLAST      |   in|    1|       m_axi|         axi_0|       pointer|
|m_axi_axi_0_RID        |   in|    1|       m_axi|         axi_0|       pointer|
|m_axi_axi_0_RUSER      |   in|    1|       m_axi|         axi_0|       pointer|
|m_axi_axi_0_RRESP      |   in|    2|       m_axi|         axi_0|       pointer|
|m_axi_axi_0_BVALID     |   in|    1|       m_axi|         axi_0|       pointer|
|m_axi_axi_0_BREADY     |  out|    1|       m_axi|         axi_0|       pointer|
|m_axi_axi_0_BRESP      |   in|    2|       m_axi|         axi_0|       pointer|
|m_axi_axi_0_BID        |   in|    1|       m_axi|         axi_0|       pointer|
|m_axi_axi_0_BUSER      |   in|    1|       m_axi|         axi_0|       pointer|
|m_axi_axi_1_AWVALID    |  out|    1|       m_axi|         axi_1|       pointer|
|m_axi_axi_1_AWREADY    |   in|    1|       m_axi|         axi_1|       pointer|
|m_axi_axi_1_AWADDR     |  out|   64|       m_axi|         axi_1|       pointer|
|m_axi_axi_1_AWID       |  out|    1|       m_axi|         axi_1|       pointer|
|m_axi_axi_1_AWLEN      |  out|    8|       m_axi|         axi_1|       pointer|
|m_axi_axi_1_AWSIZE     |  out|    3|       m_axi|         axi_1|       pointer|
|m_axi_axi_1_AWBURST    |  out|    2|       m_axi|         axi_1|       pointer|
|m_axi_axi_1_AWLOCK     |  out|    2|       m_axi|         axi_1|       pointer|
|m_axi_axi_1_AWCACHE    |  out|    4|       m_axi|         axi_1|       pointer|
|m_axi_axi_1_AWPROT     |  out|    3|       m_axi|         axi_1|       pointer|
|m_axi_axi_1_AWQOS      |  out|    4|       m_axi|         axi_1|       pointer|
|m_axi_axi_1_AWREGION   |  out|    4|       m_axi|         axi_1|       pointer|
|m_axi_axi_1_AWUSER     |  out|    1|       m_axi|         axi_1|       pointer|
|m_axi_axi_1_WVALID     |  out|    1|       m_axi|         axi_1|       pointer|
|m_axi_axi_1_WREADY     |   in|    1|       m_axi|         axi_1|       pointer|
|m_axi_axi_1_WDATA      |  out|   32|       m_axi|         axi_1|       pointer|
|m_axi_axi_1_WSTRB      |  out|    4|       m_axi|         axi_1|       pointer|
|m_axi_axi_1_WLAST      |  out|    1|       m_axi|         axi_1|       pointer|
|m_axi_axi_1_WID        |  out|    1|       m_axi|         axi_1|       pointer|
|m_axi_axi_1_WUSER      |  out|    1|       m_axi|         axi_1|       pointer|
|m_axi_axi_1_ARVALID    |  out|    1|       m_axi|         axi_1|       pointer|
|m_axi_axi_1_ARREADY    |   in|    1|       m_axi|         axi_1|       pointer|
|m_axi_axi_1_ARADDR     |  out|   64|       m_axi|         axi_1|       pointer|
|m_axi_axi_1_ARID       |  out|    1|       m_axi|         axi_1|       pointer|
|m_axi_axi_1_ARLEN      |  out|    8|       m_axi|         axi_1|       pointer|
|m_axi_axi_1_ARSIZE     |  out|    3|       m_axi|         axi_1|       pointer|
|m_axi_axi_1_ARBURST    |  out|    2|       m_axi|         axi_1|       pointer|
|m_axi_axi_1_ARLOCK     |  out|    2|       m_axi|         axi_1|       pointer|
|m_axi_axi_1_ARCACHE    |  out|    4|       m_axi|         axi_1|       pointer|
|m_axi_axi_1_ARPROT     |  out|    3|       m_axi|         axi_1|       pointer|
|m_axi_axi_1_ARQOS      |  out|    4|       m_axi|         axi_1|       pointer|
|m_axi_axi_1_ARREGION   |  out|    4|       m_axi|         axi_1|       pointer|
|m_axi_axi_1_ARUSER     |  out|    1|       m_axi|         axi_1|       pointer|
|m_axi_axi_1_RVALID     |   in|    1|       m_axi|         axi_1|       pointer|
|m_axi_axi_1_RREADY     |  out|    1|       m_axi|         axi_1|       pointer|
|m_axi_axi_1_RDATA      |   in|   32|       m_axi|         axi_1|       pointer|
|m_axi_axi_1_RLAST      |   in|    1|       m_axi|         axi_1|       pointer|
|m_axi_axi_1_RID        |   in|    1|       m_axi|         axi_1|       pointer|
|m_axi_axi_1_RUSER      |   in|    1|       m_axi|         axi_1|       pointer|
|m_axi_axi_1_RRESP      |   in|    2|       m_axi|         axi_1|       pointer|
|m_axi_axi_1_BVALID     |   in|    1|       m_axi|         axi_1|       pointer|
|m_axi_axi_1_BREADY     |  out|    1|       m_axi|         axi_1|       pointer|
|m_axi_axi_1_BRESP      |   in|    2|       m_axi|         axi_1|       pointer|
|m_axi_axi_1_BID        |   in|    1|       m_axi|         axi_1|       pointer|
|m_axi_axi_1_BUSER      |   in|    1|       m_axi|         axi_1|       pointer|
|m_axi_axi_2_AWVALID    |  out|    1|       m_axi|         axi_2|       pointer|
|m_axi_axi_2_AWREADY    |   in|    1|       m_axi|         axi_2|       pointer|
|m_axi_axi_2_AWADDR     |  out|   64|       m_axi|         axi_2|       pointer|
|m_axi_axi_2_AWID       |  out|    1|       m_axi|         axi_2|       pointer|
|m_axi_axi_2_AWLEN      |  out|    8|       m_axi|         axi_2|       pointer|
|m_axi_axi_2_AWSIZE     |  out|    3|       m_axi|         axi_2|       pointer|
|m_axi_axi_2_AWBURST    |  out|    2|       m_axi|         axi_2|       pointer|
|m_axi_axi_2_AWLOCK     |  out|    2|       m_axi|         axi_2|       pointer|
|m_axi_axi_2_AWCACHE    |  out|    4|       m_axi|         axi_2|       pointer|
|m_axi_axi_2_AWPROT     |  out|    3|       m_axi|         axi_2|       pointer|
|m_axi_axi_2_AWQOS      |  out|    4|       m_axi|         axi_2|       pointer|
|m_axi_axi_2_AWREGION   |  out|    4|       m_axi|         axi_2|       pointer|
|m_axi_axi_2_AWUSER     |  out|    1|       m_axi|         axi_2|       pointer|
|m_axi_axi_2_WVALID     |  out|    1|       m_axi|         axi_2|       pointer|
|m_axi_axi_2_WREADY     |   in|    1|       m_axi|         axi_2|       pointer|
|m_axi_axi_2_WDATA      |  out|   32|       m_axi|         axi_2|       pointer|
|m_axi_axi_2_WSTRB      |  out|    4|       m_axi|         axi_2|       pointer|
|m_axi_axi_2_WLAST      |  out|    1|       m_axi|         axi_2|       pointer|
|m_axi_axi_2_WID        |  out|    1|       m_axi|         axi_2|       pointer|
|m_axi_axi_2_WUSER      |  out|    1|       m_axi|         axi_2|       pointer|
|m_axi_axi_2_ARVALID    |  out|    1|       m_axi|         axi_2|       pointer|
|m_axi_axi_2_ARREADY    |   in|    1|       m_axi|         axi_2|       pointer|
|m_axi_axi_2_ARADDR     |  out|   64|       m_axi|         axi_2|       pointer|
|m_axi_axi_2_ARID       |  out|    1|       m_axi|         axi_2|       pointer|
|m_axi_axi_2_ARLEN      |  out|    8|       m_axi|         axi_2|       pointer|
|m_axi_axi_2_ARSIZE     |  out|    3|       m_axi|         axi_2|       pointer|
|m_axi_axi_2_ARBURST    |  out|    2|       m_axi|         axi_2|       pointer|
|m_axi_axi_2_ARLOCK     |  out|    2|       m_axi|         axi_2|       pointer|
|m_axi_axi_2_ARCACHE    |  out|    4|       m_axi|         axi_2|       pointer|
|m_axi_axi_2_ARPROT     |  out|    3|       m_axi|         axi_2|       pointer|
|m_axi_axi_2_ARQOS      |  out|    4|       m_axi|         axi_2|       pointer|
|m_axi_axi_2_ARREGION   |  out|    4|       m_axi|         axi_2|       pointer|
|m_axi_axi_2_ARUSER     |  out|    1|       m_axi|         axi_2|       pointer|
|m_axi_axi_2_RVALID     |   in|    1|       m_axi|         axi_2|       pointer|
|m_axi_axi_2_RREADY     |  out|    1|       m_axi|         axi_2|       pointer|
|m_axi_axi_2_RDATA      |   in|   32|       m_axi|         axi_2|       pointer|
|m_axi_axi_2_RLAST      |   in|    1|       m_axi|         axi_2|       pointer|
|m_axi_axi_2_RID        |   in|    1|       m_axi|         axi_2|       pointer|
|m_axi_axi_2_RUSER      |   in|    1|       m_axi|         axi_2|       pointer|
|m_axi_axi_2_RRESP      |   in|    2|       m_axi|         axi_2|       pointer|
|m_axi_axi_2_BVALID     |   in|    1|       m_axi|         axi_2|       pointer|
|m_axi_axi_2_BREADY     |  out|    1|       m_axi|         axi_2|       pointer|
|m_axi_axi_2_BRESP      |   in|    2|       m_axi|         axi_2|       pointer|
|m_axi_axi_2_BID        |   in|    1|       m_axi|         axi_2|       pointer|
|m_axi_axi_2_BUSER      |   in|    1|       m_axi|         axi_2|       pointer|
|m_axi_axi_3_AWVALID    |  out|    1|       m_axi|         axi_3|       pointer|
|m_axi_axi_3_AWREADY    |   in|    1|       m_axi|         axi_3|       pointer|
|m_axi_axi_3_AWADDR     |  out|   64|       m_axi|         axi_3|       pointer|
|m_axi_axi_3_AWID       |  out|    1|       m_axi|         axi_3|       pointer|
|m_axi_axi_3_AWLEN      |  out|    8|       m_axi|         axi_3|       pointer|
|m_axi_axi_3_AWSIZE     |  out|    3|       m_axi|         axi_3|       pointer|
|m_axi_axi_3_AWBURST    |  out|    2|       m_axi|         axi_3|       pointer|
|m_axi_axi_3_AWLOCK     |  out|    2|       m_axi|         axi_3|       pointer|
|m_axi_axi_3_AWCACHE    |  out|    4|       m_axi|         axi_3|       pointer|
|m_axi_axi_3_AWPROT     |  out|    3|       m_axi|         axi_3|       pointer|
|m_axi_axi_3_AWQOS      |  out|    4|       m_axi|         axi_3|       pointer|
|m_axi_axi_3_AWREGION   |  out|    4|       m_axi|         axi_3|       pointer|
|m_axi_axi_3_AWUSER     |  out|    1|       m_axi|         axi_3|       pointer|
|m_axi_axi_3_WVALID     |  out|    1|       m_axi|         axi_3|       pointer|
|m_axi_axi_3_WREADY     |   in|    1|       m_axi|         axi_3|       pointer|
|m_axi_axi_3_WDATA      |  out|   32|       m_axi|         axi_3|       pointer|
|m_axi_axi_3_WSTRB      |  out|    4|       m_axi|         axi_3|       pointer|
|m_axi_axi_3_WLAST      |  out|    1|       m_axi|         axi_3|       pointer|
|m_axi_axi_3_WID        |  out|    1|       m_axi|         axi_3|       pointer|
|m_axi_axi_3_WUSER      |  out|    1|       m_axi|         axi_3|       pointer|
|m_axi_axi_3_ARVALID    |  out|    1|       m_axi|         axi_3|       pointer|
|m_axi_axi_3_ARREADY    |   in|    1|       m_axi|         axi_3|       pointer|
|m_axi_axi_3_ARADDR     |  out|   64|       m_axi|         axi_3|       pointer|
|m_axi_axi_3_ARID       |  out|    1|       m_axi|         axi_3|       pointer|
|m_axi_axi_3_ARLEN      |  out|    8|       m_axi|         axi_3|       pointer|
|m_axi_axi_3_ARSIZE     |  out|    3|       m_axi|         axi_3|       pointer|
|m_axi_axi_3_ARBURST    |  out|    2|       m_axi|         axi_3|       pointer|
|m_axi_axi_3_ARLOCK     |  out|    2|       m_axi|         axi_3|       pointer|
|m_axi_axi_3_ARCACHE    |  out|    4|       m_axi|         axi_3|       pointer|
|m_axi_axi_3_ARPROT     |  out|    3|       m_axi|         axi_3|       pointer|
|m_axi_axi_3_ARQOS      |  out|    4|       m_axi|         axi_3|       pointer|
|m_axi_axi_3_ARREGION   |  out|    4|       m_axi|         axi_3|       pointer|
|m_axi_axi_3_ARUSER     |  out|    1|       m_axi|         axi_3|       pointer|
|m_axi_axi_3_RVALID     |   in|    1|       m_axi|         axi_3|       pointer|
|m_axi_axi_3_RREADY     |  out|    1|       m_axi|         axi_3|       pointer|
|m_axi_axi_3_RDATA      |   in|   32|       m_axi|         axi_3|       pointer|
|m_axi_axi_3_RLAST      |   in|    1|       m_axi|         axi_3|       pointer|
|m_axi_axi_3_RID        |   in|    1|       m_axi|         axi_3|       pointer|
|m_axi_axi_3_RUSER      |   in|    1|       m_axi|         axi_3|       pointer|
|m_axi_axi_3_RRESP      |   in|    2|       m_axi|         axi_3|       pointer|
|m_axi_axi_3_BVALID     |   in|    1|       m_axi|         axi_3|       pointer|
|m_axi_axi_3_BREADY     |  out|    1|       m_axi|         axi_3|       pointer|
|m_axi_axi_3_BRESP      |   in|    2|       m_axi|         axi_3|       pointer|
|m_axi_axi_3_BID        |   in|    1|       m_axi|         axi_3|       pointer|
|m_axi_axi_3_BUSER      |   in|    1|       m_axi|         axi_3|       pointer|
|m_axi_axi_4_AWVALID    |  out|    1|       m_axi|         axi_4|       pointer|
|m_axi_axi_4_AWREADY    |   in|    1|       m_axi|         axi_4|       pointer|
|m_axi_axi_4_AWADDR     |  out|   64|       m_axi|         axi_4|       pointer|
|m_axi_axi_4_AWID       |  out|    1|       m_axi|         axi_4|       pointer|
|m_axi_axi_4_AWLEN      |  out|    8|       m_axi|         axi_4|       pointer|
|m_axi_axi_4_AWSIZE     |  out|    3|       m_axi|         axi_4|       pointer|
|m_axi_axi_4_AWBURST    |  out|    2|       m_axi|         axi_4|       pointer|
|m_axi_axi_4_AWLOCK     |  out|    2|       m_axi|         axi_4|       pointer|
|m_axi_axi_4_AWCACHE    |  out|    4|       m_axi|         axi_4|       pointer|
|m_axi_axi_4_AWPROT     |  out|    3|       m_axi|         axi_4|       pointer|
|m_axi_axi_4_AWQOS      |  out|    4|       m_axi|         axi_4|       pointer|
|m_axi_axi_4_AWREGION   |  out|    4|       m_axi|         axi_4|       pointer|
|m_axi_axi_4_AWUSER     |  out|    1|       m_axi|         axi_4|       pointer|
|m_axi_axi_4_WVALID     |  out|    1|       m_axi|         axi_4|       pointer|
|m_axi_axi_4_WREADY     |   in|    1|       m_axi|         axi_4|       pointer|
|m_axi_axi_4_WDATA      |  out|   32|       m_axi|         axi_4|       pointer|
|m_axi_axi_4_WSTRB      |  out|    4|       m_axi|         axi_4|       pointer|
|m_axi_axi_4_WLAST      |  out|    1|       m_axi|         axi_4|       pointer|
|m_axi_axi_4_WID        |  out|    1|       m_axi|         axi_4|       pointer|
|m_axi_axi_4_WUSER      |  out|    1|       m_axi|         axi_4|       pointer|
|m_axi_axi_4_ARVALID    |  out|    1|       m_axi|         axi_4|       pointer|
|m_axi_axi_4_ARREADY    |   in|    1|       m_axi|         axi_4|       pointer|
|m_axi_axi_4_ARADDR     |  out|   64|       m_axi|         axi_4|       pointer|
|m_axi_axi_4_ARID       |  out|    1|       m_axi|         axi_4|       pointer|
|m_axi_axi_4_ARLEN      |  out|    8|       m_axi|         axi_4|       pointer|
|m_axi_axi_4_ARSIZE     |  out|    3|       m_axi|         axi_4|       pointer|
|m_axi_axi_4_ARBURST    |  out|    2|       m_axi|         axi_4|       pointer|
|m_axi_axi_4_ARLOCK     |  out|    2|       m_axi|         axi_4|       pointer|
|m_axi_axi_4_ARCACHE    |  out|    4|       m_axi|         axi_4|       pointer|
|m_axi_axi_4_ARPROT     |  out|    3|       m_axi|         axi_4|       pointer|
|m_axi_axi_4_ARQOS      |  out|    4|       m_axi|         axi_4|       pointer|
|m_axi_axi_4_ARREGION   |  out|    4|       m_axi|         axi_4|       pointer|
|m_axi_axi_4_ARUSER     |  out|    1|       m_axi|         axi_4|       pointer|
|m_axi_axi_4_RVALID     |   in|    1|       m_axi|         axi_4|       pointer|
|m_axi_axi_4_RREADY     |  out|    1|       m_axi|         axi_4|       pointer|
|m_axi_axi_4_RDATA      |   in|   32|       m_axi|         axi_4|       pointer|
|m_axi_axi_4_RLAST      |   in|    1|       m_axi|         axi_4|       pointer|
|m_axi_axi_4_RID        |   in|    1|       m_axi|         axi_4|       pointer|
|m_axi_axi_4_RUSER      |   in|    1|       m_axi|         axi_4|       pointer|
|m_axi_axi_4_RRESP      |   in|    2|       m_axi|         axi_4|       pointer|
|m_axi_axi_4_BVALID     |   in|    1|       m_axi|         axi_4|       pointer|
|m_axi_axi_4_BREADY     |  out|    1|       m_axi|         axi_4|       pointer|
|m_axi_axi_4_BRESP      |   in|    2|       m_axi|         axi_4|       pointer|
|m_axi_axi_4_BID        |   in|    1|       m_axi|         axi_4|       pointer|
|m_axi_axi_4_BUSER      |   in|    1|       m_axi|         axi_4|       pointer|
|m_axi_axi_5_AWVALID    |  out|    1|       m_axi|         axi_5|       pointer|
|m_axi_axi_5_AWREADY    |   in|    1|       m_axi|         axi_5|       pointer|
|m_axi_axi_5_AWADDR     |  out|   64|       m_axi|         axi_5|       pointer|
|m_axi_axi_5_AWID       |  out|    1|       m_axi|         axi_5|       pointer|
|m_axi_axi_5_AWLEN      |  out|    8|       m_axi|         axi_5|       pointer|
|m_axi_axi_5_AWSIZE     |  out|    3|       m_axi|         axi_5|       pointer|
|m_axi_axi_5_AWBURST    |  out|    2|       m_axi|         axi_5|       pointer|
|m_axi_axi_5_AWLOCK     |  out|    2|       m_axi|         axi_5|       pointer|
|m_axi_axi_5_AWCACHE    |  out|    4|       m_axi|         axi_5|       pointer|
|m_axi_axi_5_AWPROT     |  out|    3|       m_axi|         axi_5|       pointer|
|m_axi_axi_5_AWQOS      |  out|    4|       m_axi|         axi_5|       pointer|
|m_axi_axi_5_AWREGION   |  out|    4|       m_axi|         axi_5|       pointer|
|m_axi_axi_5_AWUSER     |  out|    1|       m_axi|         axi_5|       pointer|
|m_axi_axi_5_WVALID     |  out|    1|       m_axi|         axi_5|       pointer|
|m_axi_axi_5_WREADY     |   in|    1|       m_axi|         axi_5|       pointer|
|m_axi_axi_5_WDATA      |  out|   32|       m_axi|         axi_5|       pointer|
|m_axi_axi_5_WSTRB      |  out|    4|       m_axi|         axi_5|       pointer|
|m_axi_axi_5_WLAST      |  out|    1|       m_axi|         axi_5|       pointer|
|m_axi_axi_5_WID        |  out|    1|       m_axi|         axi_5|       pointer|
|m_axi_axi_5_WUSER      |  out|    1|       m_axi|         axi_5|       pointer|
|m_axi_axi_5_ARVALID    |  out|    1|       m_axi|         axi_5|       pointer|
|m_axi_axi_5_ARREADY    |   in|    1|       m_axi|         axi_5|       pointer|
|m_axi_axi_5_ARADDR     |  out|   64|       m_axi|         axi_5|       pointer|
|m_axi_axi_5_ARID       |  out|    1|       m_axi|         axi_5|       pointer|
|m_axi_axi_5_ARLEN      |  out|    8|       m_axi|         axi_5|       pointer|
|m_axi_axi_5_ARSIZE     |  out|    3|       m_axi|         axi_5|       pointer|
|m_axi_axi_5_ARBURST    |  out|    2|       m_axi|         axi_5|       pointer|
|m_axi_axi_5_ARLOCK     |  out|    2|       m_axi|         axi_5|       pointer|
|m_axi_axi_5_ARCACHE    |  out|    4|       m_axi|         axi_5|       pointer|
|m_axi_axi_5_ARPROT     |  out|    3|       m_axi|         axi_5|       pointer|
|m_axi_axi_5_ARQOS      |  out|    4|       m_axi|         axi_5|       pointer|
|m_axi_axi_5_ARREGION   |  out|    4|       m_axi|         axi_5|       pointer|
|m_axi_axi_5_ARUSER     |  out|    1|       m_axi|         axi_5|       pointer|
|m_axi_axi_5_RVALID     |   in|    1|       m_axi|         axi_5|       pointer|
|m_axi_axi_5_RREADY     |  out|    1|       m_axi|         axi_5|       pointer|
|m_axi_axi_5_RDATA      |   in|   32|       m_axi|         axi_5|       pointer|
|m_axi_axi_5_RLAST      |   in|    1|       m_axi|         axi_5|       pointer|
|m_axi_axi_5_RID        |   in|    1|       m_axi|         axi_5|       pointer|
|m_axi_axi_5_RUSER      |   in|    1|       m_axi|         axi_5|       pointer|
|m_axi_axi_5_RRESP      |   in|    2|       m_axi|         axi_5|       pointer|
|m_axi_axi_5_BVALID     |   in|    1|       m_axi|         axi_5|       pointer|
|m_axi_axi_5_BREADY     |  out|    1|       m_axi|         axi_5|       pointer|
|m_axi_axi_5_BRESP      |   in|    2|       m_axi|         axi_5|       pointer|
|m_axi_axi_5_BID        |   in|    1|       m_axi|         axi_5|       pointer|
|m_axi_axi_5_BUSER      |   in|    1|       m_axi|         axi_5|       pointer|
|m_axi_axi_6_AWVALID    |  out|    1|       m_axi|         axi_6|       pointer|
|m_axi_axi_6_AWREADY    |   in|    1|       m_axi|         axi_6|       pointer|
|m_axi_axi_6_AWADDR     |  out|   64|       m_axi|         axi_6|       pointer|
|m_axi_axi_6_AWID       |  out|    1|       m_axi|         axi_6|       pointer|
|m_axi_axi_6_AWLEN      |  out|    8|       m_axi|         axi_6|       pointer|
|m_axi_axi_6_AWSIZE     |  out|    3|       m_axi|         axi_6|       pointer|
|m_axi_axi_6_AWBURST    |  out|    2|       m_axi|         axi_6|       pointer|
|m_axi_axi_6_AWLOCK     |  out|    2|       m_axi|         axi_6|       pointer|
|m_axi_axi_6_AWCACHE    |  out|    4|       m_axi|         axi_6|       pointer|
|m_axi_axi_6_AWPROT     |  out|    3|       m_axi|         axi_6|       pointer|
|m_axi_axi_6_AWQOS      |  out|    4|       m_axi|         axi_6|       pointer|
|m_axi_axi_6_AWREGION   |  out|    4|       m_axi|         axi_6|       pointer|
|m_axi_axi_6_AWUSER     |  out|    1|       m_axi|         axi_6|       pointer|
|m_axi_axi_6_WVALID     |  out|    1|       m_axi|         axi_6|       pointer|
|m_axi_axi_6_WREADY     |   in|    1|       m_axi|         axi_6|       pointer|
|m_axi_axi_6_WDATA      |  out|   32|       m_axi|         axi_6|       pointer|
|m_axi_axi_6_WSTRB      |  out|    4|       m_axi|         axi_6|       pointer|
|m_axi_axi_6_WLAST      |  out|    1|       m_axi|         axi_6|       pointer|
|m_axi_axi_6_WID        |  out|    1|       m_axi|         axi_6|       pointer|
|m_axi_axi_6_WUSER      |  out|    1|       m_axi|         axi_6|       pointer|
|m_axi_axi_6_ARVALID    |  out|    1|       m_axi|         axi_6|       pointer|
|m_axi_axi_6_ARREADY    |   in|    1|       m_axi|         axi_6|       pointer|
|m_axi_axi_6_ARADDR     |  out|   64|       m_axi|         axi_6|       pointer|
|m_axi_axi_6_ARID       |  out|    1|       m_axi|         axi_6|       pointer|
|m_axi_axi_6_ARLEN      |  out|    8|       m_axi|         axi_6|       pointer|
|m_axi_axi_6_ARSIZE     |  out|    3|       m_axi|         axi_6|       pointer|
|m_axi_axi_6_ARBURST    |  out|    2|       m_axi|         axi_6|       pointer|
|m_axi_axi_6_ARLOCK     |  out|    2|       m_axi|         axi_6|       pointer|
|m_axi_axi_6_ARCACHE    |  out|    4|       m_axi|         axi_6|       pointer|
|m_axi_axi_6_ARPROT     |  out|    3|       m_axi|         axi_6|       pointer|
|m_axi_axi_6_ARQOS      |  out|    4|       m_axi|         axi_6|       pointer|
|m_axi_axi_6_ARREGION   |  out|    4|       m_axi|         axi_6|       pointer|
|m_axi_axi_6_ARUSER     |  out|    1|       m_axi|         axi_6|       pointer|
|m_axi_axi_6_RVALID     |   in|    1|       m_axi|         axi_6|       pointer|
|m_axi_axi_6_RREADY     |  out|    1|       m_axi|         axi_6|       pointer|
|m_axi_axi_6_RDATA      |   in|   32|       m_axi|         axi_6|       pointer|
|m_axi_axi_6_RLAST      |   in|    1|       m_axi|         axi_6|       pointer|
|m_axi_axi_6_RID        |   in|    1|       m_axi|         axi_6|       pointer|
|m_axi_axi_6_RUSER      |   in|    1|       m_axi|         axi_6|       pointer|
|m_axi_axi_6_RRESP      |   in|    2|       m_axi|         axi_6|       pointer|
|m_axi_axi_6_BVALID     |   in|    1|       m_axi|         axi_6|       pointer|
|m_axi_axi_6_BREADY     |  out|    1|       m_axi|         axi_6|       pointer|
|m_axi_axi_6_BRESP      |   in|    2|       m_axi|         axi_6|       pointer|
|m_axi_axi_6_BID        |   in|    1|       m_axi|         axi_6|       pointer|
|m_axi_axi_6_BUSER      |   in|    1|       m_axi|         axi_6|       pointer|
|m_axi_axi_7_AWVALID    |  out|    1|       m_axi|         axi_7|       pointer|
|m_axi_axi_7_AWREADY    |   in|    1|       m_axi|         axi_7|       pointer|
|m_axi_axi_7_AWADDR     |  out|   64|       m_axi|         axi_7|       pointer|
|m_axi_axi_7_AWID       |  out|    1|       m_axi|         axi_7|       pointer|
|m_axi_axi_7_AWLEN      |  out|    8|       m_axi|         axi_7|       pointer|
|m_axi_axi_7_AWSIZE     |  out|    3|       m_axi|         axi_7|       pointer|
|m_axi_axi_7_AWBURST    |  out|    2|       m_axi|         axi_7|       pointer|
|m_axi_axi_7_AWLOCK     |  out|    2|       m_axi|         axi_7|       pointer|
|m_axi_axi_7_AWCACHE    |  out|    4|       m_axi|         axi_7|       pointer|
|m_axi_axi_7_AWPROT     |  out|    3|       m_axi|         axi_7|       pointer|
|m_axi_axi_7_AWQOS      |  out|    4|       m_axi|         axi_7|       pointer|
|m_axi_axi_7_AWREGION   |  out|    4|       m_axi|         axi_7|       pointer|
|m_axi_axi_7_AWUSER     |  out|    1|       m_axi|         axi_7|       pointer|
|m_axi_axi_7_WVALID     |  out|    1|       m_axi|         axi_7|       pointer|
|m_axi_axi_7_WREADY     |   in|    1|       m_axi|         axi_7|       pointer|
|m_axi_axi_7_WDATA      |  out|   32|       m_axi|         axi_7|       pointer|
|m_axi_axi_7_WSTRB      |  out|    4|       m_axi|         axi_7|       pointer|
|m_axi_axi_7_WLAST      |  out|    1|       m_axi|         axi_7|       pointer|
|m_axi_axi_7_WID        |  out|    1|       m_axi|         axi_7|       pointer|
|m_axi_axi_7_WUSER      |  out|    1|       m_axi|         axi_7|       pointer|
|m_axi_axi_7_ARVALID    |  out|    1|       m_axi|         axi_7|       pointer|
|m_axi_axi_7_ARREADY    |   in|    1|       m_axi|         axi_7|       pointer|
|m_axi_axi_7_ARADDR     |  out|   64|       m_axi|         axi_7|       pointer|
|m_axi_axi_7_ARID       |  out|    1|       m_axi|         axi_7|       pointer|
|m_axi_axi_7_ARLEN      |  out|    8|       m_axi|         axi_7|       pointer|
|m_axi_axi_7_ARSIZE     |  out|    3|       m_axi|         axi_7|       pointer|
|m_axi_axi_7_ARBURST    |  out|    2|       m_axi|         axi_7|       pointer|
|m_axi_axi_7_ARLOCK     |  out|    2|       m_axi|         axi_7|       pointer|
|m_axi_axi_7_ARCACHE    |  out|    4|       m_axi|         axi_7|       pointer|
|m_axi_axi_7_ARPROT     |  out|    3|       m_axi|         axi_7|       pointer|
|m_axi_axi_7_ARQOS      |  out|    4|       m_axi|         axi_7|       pointer|
|m_axi_axi_7_ARREGION   |  out|    4|       m_axi|         axi_7|       pointer|
|m_axi_axi_7_ARUSER     |  out|    1|       m_axi|         axi_7|       pointer|
|m_axi_axi_7_RVALID     |   in|    1|       m_axi|         axi_7|       pointer|
|m_axi_axi_7_RREADY     |  out|    1|       m_axi|         axi_7|       pointer|
|m_axi_axi_7_RDATA      |   in|   32|       m_axi|         axi_7|       pointer|
|m_axi_axi_7_RLAST      |   in|    1|       m_axi|         axi_7|       pointer|
|m_axi_axi_7_RID        |   in|    1|       m_axi|         axi_7|       pointer|
|m_axi_axi_7_RUSER      |   in|    1|       m_axi|         axi_7|       pointer|
|m_axi_axi_7_RRESP      |   in|    2|       m_axi|         axi_7|       pointer|
|m_axi_axi_7_BVALID     |   in|    1|       m_axi|         axi_7|       pointer|
|m_axi_axi_7_BREADY     |  out|    1|       m_axi|         axi_7|       pointer|
|m_axi_axi_7_BRESP      |   in|    2|       m_axi|         axi_7|       pointer|
|m_axi_axi_7_BID        |   in|    1|       m_axi|         axi_7|       pointer|
|m_axi_axi_7_BUSER      |   in|    1|       m_axi|         axi_7|       pointer|
|m_axi_axi_8_AWVALID    |  out|    1|       m_axi|         axi_8|       pointer|
|m_axi_axi_8_AWREADY    |   in|    1|       m_axi|         axi_8|       pointer|
|m_axi_axi_8_AWADDR     |  out|   64|       m_axi|         axi_8|       pointer|
|m_axi_axi_8_AWID       |  out|    1|       m_axi|         axi_8|       pointer|
|m_axi_axi_8_AWLEN      |  out|    8|       m_axi|         axi_8|       pointer|
|m_axi_axi_8_AWSIZE     |  out|    3|       m_axi|         axi_8|       pointer|
|m_axi_axi_8_AWBURST    |  out|    2|       m_axi|         axi_8|       pointer|
|m_axi_axi_8_AWLOCK     |  out|    2|       m_axi|         axi_8|       pointer|
|m_axi_axi_8_AWCACHE    |  out|    4|       m_axi|         axi_8|       pointer|
|m_axi_axi_8_AWPROT     |  out|    3|       m_axi|         axi_8|       pointer|
|m_axi_axi_8_AWQOS      |  out|    4|       m_axi|         axi_8|       pointer|
|m_axi_axi_8_AWREGION   |  out|    4|       m_axi|         axi_8|       pointer|
|m_axi_axi_8_AWUSER     |  out|    1|       m_axi|         axi_8|       pointer|
|m_axi_axi_8_WVALID     |  out|    1|       m_axi|         axi_8|       pointer|
|m_axi_axi_8_WREADY     |   in|    1|       m_axi|         axi_8|       pointer|
|m_axi_axi_8_WDATA      |  out|   32|       m_axi|         axi_8|       pointer|
|m_axi_axi_8_WSTRB      |  out|    4|       m_axi|         axi_8|       pointer|
|m_axi_axi_8_WLAST      |  out|    1|       m_axi|         axi_8|       pointer|
|m_axi_axi_8_WID        |  out|    1|       m_axi|         axi_8|       pointer|
|m_axi_axi_8_WUSER      |  out|    1|       m_axi|         axi_8|       pointer|
|m_axi_axi_8_ARVALID    |  out|    1|       m_axi|         axi_8|       pointer|
|m_axi_axi_8_ARREADY    |   in|    1|       m_axi|         axi_8|       pointer|
|m_axi_axi_8_ARADDR     |  out|   64|       m_axi|         axi_8|       pointer|
|m_axi_axi_8_ARID       |  out|    1|       m_axi|         axi_8|       pointer|
|m_axi_axi_8_ARLEN      |  out|    8|       m_axi|         axi_8|       pointer|
|m_axi_axi_8_ARSIZE     |  out|    3|       m_axi|         axi_8|       pointer|
|m_axi_axi_8_ARBURST    |  out|    2|       m_axi|         axi_8|       pointer|
|m_axi_axi_8_ARLOCK     |  out|    2|       m_axi|         axi_8|       pointer|
|m_axi_axi_8_ARCACHE    |  out|    4|       m_axi|         axi_8|       pointer|
|m_axi_axi_8_ARPROT     |  out|    3|       m_axi|         axi_8|       pointer|
|m_axi_axi_8_ARQOS      |  out|    4|       m_axi|         axi_8|       pointer|
|m_axi_axi_8_ARREGION   |  out|    4|       m_axi|         axi_8|       pointer|
|m_axi_axi_8_ARUSER     |  out|    1|       m_axi|         axi_8|       pointer|
|m_axi_axi_8_RVALID     |   in|    1|       m_axi|         axi_8|       pointer|
|m_axi_axi_8_RREADY     |  out|    1|       m_axi|         axi_8|       pointer|
|m_axi_axi_8_RDATA      |   in|   32|       m_axi|         axi_8|       pointer|
|m_axi_axi_8_RLAST      |   in|    1|       m_axi|         axi_8|       pointer|
|m_axi_axi_8_RID        |   in|    1|       m_axi|         axi_8|       pointer|
|m_axi_axi_8_RUSER      |   in|    1|       m_axi|         axi_8|       pointer|
|m_axi_axi_8_RRESP      |   in|    2|       m_axi|         axi_8|       pointer|
|m_axi_axi_8_BVALID     |   in|    1|       m_axi|         axi_8|       pointer|
|m_axi_axi_8_BREADY     |  out|    1|       m_axi|         axi_8|       pointer|
|m_axi_axi_8_BRESP      |   in|    2|       m_axi|         axi_8|       pointer|
|m_axi_axi_8_BID        |   in|    1|       m_axi|         axi_8|       pointer|
|m_axi_axi_8_BUSER      |   in|    1|       m_axi|         axi_8|       pointer|
|m_axi_axi_9_AWVALID    |  out|    1|       m_axi|         axi_9|       pointer|
|m_axi_axi_9_AWREADY    |   in|    1|       m_axi|         axi_9|       pointer|
|m_axi_axi_9_AWADDR     |  out|   64|       m_axi|         axi_9|       pointer|
|m_axi_axi_9_AWID       |  out|    1|       m_axi|         axi_9|       pointer|
|m_axi_axi_9_AWLEN      |  out|    8|       m_axi|         axi_9|       pointer|
|m_axi_axi_9_AWSIZE     |  out|    3|       m_axi|         axi_9|       pointer|
|m_axi_axi_9_AWBURST    |  out|    2|       m_axi|         axi_9|       pointer|
|m_axi_axi_9_AWLOCK     |  out|    2|       m_axi|         axi_9|       pointer|
|m_axi_axi_9_AWCACHE    |  out|    4|       m_axi|         axi_9|       pointer|
|m_axi_axi_9_AWPROT     |  out|    3|       m_axi|         axi_9|       pointer|
|m_axi_axi_9_AWQOS      |  out|    4|       m_axi|         axi_9|       pointer|
|m_axi_axi_9_AWREGION   |  out|    4|       m_axi|         axi_9|       pointer|
|m_axi_axi_9_AWUSER     |  out|    1|       m_axi|         axi_9|       pointer|
|m_axi_axi_9_WVALID     |  out|    1|       m_axi|         axi_9|       pointer|
|m_axi_axi_9_WREADY     |   in|    1|       m_axi|         axi_9|       pointer|
|m_axi_axi_9_WDATA      |  out|   32|       m_axi|         axi_9|       pointer|
|m_axi_axi_9_WSTRB      |  out|    4|       m_axi|         axi_9|       pointer|
|m_axi_axi_9_WLAST      |  out|    1|       m_axi|         axi_9|       pointer|
|m_axi_axi_9_WID        |  out|    1|       m_axi|         axi_9|       pointer|
|m_axi_axi_9_WUSER      |  out|    1|       m_axi|         axi_9|       pointer|
|m_axi_axi_9_ARVALID    |  out|    1|       m_axi|         axi_9|       pointer|
|m_axi_axi_9_ARREADY    |   in|    1|       m_axi|         axi_9|       pointer|
|m_axi_axi_9_ARADDR     |  out|   64|       m_axi|         axi_9|       pointer|
|m_axi_axi_9_ARID       |  out|    1|       m_axi|         axi_9|       pointer|
|m_axi_axi_9_ARLEN      |  out|    8|       m_axi|         axi_9|       pointer|
|m_axi_axi_9_ARSIZE     |  out|    3|       m_axi|         axi_9|       pointer|
|m_axi_axi_9_ARBURST    |  out|    2|       m_axi|         axi_9|       pointer|
|m_axi_axi_9_ARLOCK     |  out|    2|       m_axi|         axi_9|       pointer|
|m_axi_axi_9_ARCACHE    |  out|    4|       m_axi|         axi_9|       pointer|
|m_axi_axi_9_ARPROT     |  out|    3|       m_axi|         axi_9|       pointer|
|m_axi_axi_9_ARQOS      |  out|    4|       m_axi|         axi_9|       pointer|
|m_axi_axi_9_ARREGION   |  out|    4|       m_axi|         axi_9|       pointer|
|m_axi_axi_9_ARUSER     |  out|    1|       m_axi|         axi_9|       pointer|
|m_axi_axi_9_RVALID     |   in|    1|       m_axi|         axi_9|       pointer|
|m_axi_axi_9_RREADY     |  out|    1|       m_axi|         axi_9|       pointer|
|m_axi_axi_9_RDATA      |   in|   32|       m_axi|         axi_9|       pointer|
|m_axi_axi_9_RLAST      |   in|    1|       m_axi|         axi_9|       pointer|
|m_axi_axi_9_RID        |   in|    1|       m_axi|         axi_9|       pointer|
|m_axi_axi_9_RUSER      |   in|    1|       m_axi|         axi_9|       pointer|
|m_axi_axi_9_RRESP      |   in|    2|       m_axi|         axi_9|       pointer|
|m_axi_axi_9_BVALID     |   in|    1|       m_axi|         axi_9|       pointer|
|m_axi_axi_9_BREADY     |  out|    1|       m_axi|         axi_9|       pointer|
|m_axi_axi_9_BRESP      |   in|    2|       m_axi|         axi_9|       pointer|
|m_axi_axi_9_BID        |   in|    1|       m_axi|         axi_9|       pointer|
|m_axi_axi_9_BUSER      |   in|    1|       m_axi|         axi_9|       pointer|
|m_axi_axi_10_AWVALID   |  out|    1|       m_axi|        axi_10|       pointer|
|m_axi_axi_10_AWREADY   |   in|    1|       m_axi|        axi_10|       pointer|
|m_axi_axi_10_AWADDR    |  out|   64|       m_axi|        axi_10|       pointer|
|m_axi_axi_10_AWID      |  out|    1|       m_axi|        axi_10|       pointer|
|m_axi_axi_10_AWLEN     |  out|    8|       m_axi|        axi_10|       pointer|
|m_axi_axi_10_AWSIZE    |  out|    3|       m_axi|        axi_10|       pointer|
|m_axi_axi_10_AWBURST   |  out|    2|       m_axi|        axi_10|       pointer|
|m_axi_axi_10_AWLOCK    |  out|    2|       m_axi|        axi_10|       pointer|
|m_axi_axi_10_AWCACHE   |  out|    4|       m_axi|        axi_10|       pointer|
|m_axi_axi_10_AWPROT    |  out|    3|       m_axi|        axi_10|       pointer|
|m_axi_axi_10_AWQOS     |  out|    4|       m_axi|        axi_10|       pointer|
|m_axi_axi_10_AWREGION  |  out|    4|       m_axi|        axi_10|       pointer|
|m_axi_axi_10_AWUSER    |  out|    1|       m_axi|        axi_10|       pointer|
|m_axi_axi_10_WVALID    |  out|    1|       m_axi|        axi_10|       pointer|
|m_axi_axi_10_WREADY    |   in|    1|       m_axi|        axi_10|       pointer|
|m_axi_axi_10_WDATA     |  out|   32|       m_axi|        axi_10|       pointer|
|m_axi_axi_10_WSTRB     |  out|    4|       m_axi|        axi_10|       pointer|
|m_axi_axi_10_WLAST     |  out|    1|       m_axi|        axi_10|       pointer|
|m_axi_axi_10_WID       |  out|    1|       m_axi|        axi_10|       pointer|
|m_axi_axi_10_WUSER     |  out|    1|       m_axi|        axi_10|       pointer|
|m_axi_axi_10_ARVALID   |  out|    1|       m_axi|        axi_10|       pointer|
|m_axi_axi_10_ARREADY   |   in|    1|       m_axi|        axi_10|       pointer|
|m_axi_axi_10_ARADDR    |  out|   64|       m_axi|        axi_10|       pointer|
|m_axi_axi_10_ARID      |  out|    1|       m_axi|        axi_10|       pointer|
|m_axi_axi_10_ARLEN     |  out|    8|       m_axi|        axi_10|       pointer|
|m_axi_axi_10_ARSIZE    |  out|    3|       m_axi|        axi_10|       pointer|
|m_axi_axi_10_ARBURST   |  out|    2|       m_axi|        axi_10|       pointer|
|m_axi_axi_10_ARLOCK    |  out|    2|       m_axi|        axi_10|       pointer|
|m_axi_axi_10_ARCACHE   |  out|    4|       m_axi|        axi_10|       pointer|
|m_axi_axi_10_ARPROT    |  out|    3|       m_axi|        axi_10|       pointer|
|m_axi_axi_10_ARQOS     |  out|    4|       m_axi|        axi_10|       pointer|
|m_axi_axi_10_ARREGION  |  out|    4|       m_axi|        axi_10|       pointer|
|m_axi_axi_10_ARUSER    |  out|    1|       m_axi|        axi_10|       pointer|
|m_axi_axi_10_RVALID    |   in|    1|       m_axi|        axi_10|       pointer|
|m_axi_axi_10_RREADY    |  out|    1|       m_axi|        axi_10|       pointer|
|m_axi_axi_10_RDATA     |   in|   32|       m_axi|        axi_10|       pointer|
|m_axi_axi_10_RLAST     |   in|    1|       m_axi|        axi_10|       pointer|
|m_axi_axi_10_RID       |   in|    1|       m_axi|        axi_10|       pointer|
|m_axi_axi_10_RUSER     |   in|    1|       m_axi|        axi_10|       pointer|
|m_axi_axi_10_RRESP     |   in|    2|       m_axi|        axi_10|       pointer|
|m_axi_axi_10_BVALID    |   in|    1|       m_axi|        axi_10|       pointer|
|m_axi_axi_10_BREADY    |  out|    1|       m_axi|        axi_10|       pointer|
|m_axi_axi_10_BRESP     |   in|    2|       m_axi|        axi_10|       pointer|
|m_axi_axi_10_BID       |   in|    1|       m_axi|        axi_10|       pointer|
|m_axi_axi_10_BUSER     |   in|    1|       m_axi|        axi_10|       pointer|
+-----------------------+-----+-----+------------+--------------+--------------+

