

================================================================
== Vitis HLS Report for 'forward'
================================================================
* Date:           Wed Jul 16 14:49:40 2025

* Version:        2023.2 (Build 4023990 on Oct 11 2023)
* Project:        DepthwiseSeparableConvBlock_896_16.prj
* Solution:       DepthwiseSeparableConvBlock_896_16 (Vivado IP Flow Target)
* Product family: virtexuplusHBM
* Target device:  xcu280-fsvh2892-2L-e


================================================================
== Performance Estimates
================================================================
+ Timing: 
    * Summary: 
    +--------+---------+----------+------------+
    |  Clock |  Target | Estimated| Uncertainty|
    +--------+---------+----------+------------+
    |ap_clk  |  5.00 ns|  3.619 ns|     1.35 ns|
    +--------+---------+----------+------------+

+ Latency: 
    * Summary: 
    +---------+---------+-----------+-----------+---------+---------+---------+
    |  Latency (cycles) |   Latency (absolute)  |      Interval     | Pipeline|
    |   min   |   max   |    min    |    max    |   min   |   max   |   Type  |
    +---------+---------+-----------+-----------+---------+---------+---------+
    |  4394136|  4394136|  21.971 ms|  21.971 ms|  4394137|  4394137|       no|
    +---------+---------+-----------+-----------+---------+---------+---------+

    + Detail: 
        * Instance: 
        +--------------------------------------------------+---------------------------------------+---------+---------+-----------+-----------+---------+---------+---------+
        |                                                  |                                       |  Latency (cycles) |   Latency (absolute)  |      Interval     | Pipeline|
        |                     Instance                     |                 Module                |   min   |   max   |    min    |    max    |   min   |   max   |   Type  |
        +--------------------------------------------------+---------------------------------------+---------+---------+-----------+-----------+---------+---------+---------+
        |grp_forward_Pipeline_loop36_loop37_loop38_fu_730  |forward_Pipeline_loop36_loop37_loop38  |   207947|   207947|   1.040 ms|   1.040 ms|   207947|   207947|       no|
        |grp_forward_Pipeline_loop30_loop31_loop32_fu_790  |forward_Pipeline_loop30_loop31_loop32  |   200715|   200715|   1.004 ms|   1.004 ms|   200715|   200715|       no|
        |grp_node3_fu_830                                  |node3                                  |   258063|   258063|   1.290 ms|   1.290 ms|   258063|   258063|       no|
        |grp_node2_fu_898                                  |node2                                  |  3670042|  3670042|  18.350 ms|  18.350 ms|  3670042|  3670042|       no|
        |grp_node1_fu_960                                  |node1                                  |    28684|    28684|   0.143 ms|   0.143 ms|    28684|    28684|       no|
        |grp_node0_fu_1020                                 |node0                                  |    28674|    28674|   0.143 ms|   0.143 ms|    28674|    28674|       no|
        +--------------------------------------------------+---------------------------------------+---------+---------+-----------+-----------+---------+---------+---------+

        * Loop: 
        N/A



================================================================
== Utilization Estimates
================================================================
* Summary: 
+---------------------+---------+------+---------+---------+-----+
|         Name        | BRAM_18K|  DSP |    FF   |   LUT   | URAM|
+---------------------+---------+------+---------+---------+-----+
|DSP                  |        -|     -|        -|        -|    -|
|Expression           |        -|     -|        -|        -|    -|
|FIFO                 |       84|     -|     7980|     6552|    -|
|Instance             |     4704|   238|    36657|    24950|    0|
|Memory               |     1708|     -|        0|        0|    0|
|Multiplexer          |        -|     -|        -|     6445|    -|
|Register             |        -|     -|       18|        -|    -|
+---------------------+---------+------+---------+---------+-----+
|Total                |     6496|   238|    44655|    37947|    0|
+---------------------+---------+------+---------+---------+-----+
|Available SLR        |     1344|  3008|   869120|   434560|  320|
+---------------------+---------+------+---------+---------+-----+
|Utilization SLR (%)  |      483|     7|        5|        8|    0|
+---------------------+---------+------+---------+---------+-----+
|Available            |     4032|  9024|  2607360|  1303680|  960|
+---------------------+---------+------+---------+---------+-----+
|Utilization (%)      |      161|     2|        1|        2|    0|
+---------------------+---------+------+---------+---------+-----+

+ Detail: 
    * Instance: 
    +--------------------------------------------------+---------------------------------------+---------+----+-------+------+-----+
    |                     Instance                     |                 Module                | BRAM_18K| DSP|   FF  |  LUT | URAM|
    +--------------------------------------------------+---------------------------------------+---------+----+-------+------+-----+
    |fadd_32ns_32ns_32_5_full_dsp_1_U510               |fadd_32ns_32ns_32_5_full_dsp_1         |        0|   2|    205|   220|    0|
    |fadd_32ns_32ns_32_5_full_dsp_1_U511               |fadd_32ns_32ns_32_5_full_dsp_1         |        0|   2|    205|   220|    0|
    |fadd_32ns_32ns_32_5_full_dsp_1_U512               |fadd_32ns_32ns_32_5_full_dsp_1         |        0|   2|    205|   220|    0|
    |fadd_32ns_32ns_32_5_full_dsp_1_U513               |fadd_32ns_32ns_32_5_full_dsp_1         |        0|   2|    205|   220|    0|
    |fadd_32ns_32ns_32_5_full_dsp_1_U514               |fadd_32ns_32ns_32_5_full_dsp_1         |        0|   2|    205|   220|    0|
    |fadd_32ns_32ns_32_5_full_dsp_1_U515               |fadd_32ns_32ns_32_5_full_dsp_1         |        0|   2|    205|   220|    0|
    |fadd_32ns_32ns_32_5_full_dsp_1_U516               |fadd_32ns_32ns_32_5_full_dsp_1         |        0|   2|    205|   220|    0|
    |fadd_32ns_32ns_32_5_full_dsp_1_U517               |fadd_32ns_32ns_32_5_full_dsp_1         |        0|   2|    205|   220|    0|
    |fadd_32ns_32ns_32_5_full_dsp_1_U518               |fadd_32ns_32ns_32_5_full_dsp_1         |        0|   2|    205|   220|    0|
    |fadd_32ns_32ns_32_5_full_dsp_1_U519               |fadd_32ns_32ns_32_5_full_dsp_1         |        0|   2|    205|   220|    0|
    |fadd_32ns_32ns_32_5_full_dsp_1_U520               |fadd_32ns_32ns_32_5_full_dsp_1         |        0|   2|    205|   220|    0|
    |fadd_32ns_32ns_32_5_full_dsp_1_U521               |fadd_32ns_32ns_32_5_full_dsp_1         |        0|   2|    205|   220|    0|
    |fadd_32ns_32ns_32_5_full_dsp_1_U522               |fadd_32ns_32ns_32_5_full_dsp_1         |        0|   2|    205|   220|    0|
    |fadd_32ns_32ns_32_5_full_dsp_1_U523               |fadd_32ns_32ns_32_5_full_dsp_1         |        0|   2|    205|   220|    0|
    |fadd_32ns_32ns_32_5_full_dsp_1_U524               |fadd_32ns_32ns_32_5_full_dsp_1         |        0|   2|    205|   220|    0|
    |fadd_32ns_32ns_32_5_full_dsp_1_U525               |fadd_32ns_32ns_32_5_full_dsp_1         |        0|   2|    205|   220|    0|
    |fadd_32ns_32ns_32_5_full_dsp_1_U526               |fadd_32ns_32ns_32_5_full_dsp_1         |        0|   2|    205|   220|    0|
    |fadd_32ns_32ns_32_5_full_dsp_1_U527               |fadd_32ns_32ns_32_5_full_dsp_1         |        0|   2|    205|   220|    0|
    |fadd_32ns_32ns_32_5_full_dsp_1_U528               |fadd_32ns_32ns_32_5_full_dsp_1         |        0|   2|    205|   220|    0|
    |fadd_32ns_32ns_32_5_full_dsp_1_U529               |fadd_32ns_32ns_32_5_full_dsp_1         |        0|   2|    205|   220|    0|
    |fadd_32ns_32ns_32_5_full_dsp_1_U530               |fadd_32ns_32ns_32_5_full_dsp_1         |        0|   2|    205|   220|    0|
    |fadd_32ns_32ns_32_5_full_dsp_1_U531               |fadd_32ns_32ns_32_5_full_dsp_1         |        0|   2|    205|   220|    0|
    |fadd_32ns_32ns_32_5_full_dsp_1_U532               |fadd_32ns_32ns_32_5_full_dsp_1         |        0|   2|    205|   220|    0|
    |fadd_32ns_32ns_32_5_full_dsp_1_U533               |fadd_32ns_32ns_32_5_full_dsp_1         |        0|   2|    205|   220|    0|
    |fadd_32ns_32ns_32_5_full_dsp_1_U534               |fadd_32ns_32ns_32_5_full_dsp_1         |        0|   2|    205|   220|    0|
    |fadd_32ns_32ns_32_5_full_dsp_1_U535               |fadd_32ns_32ns_32_5_full_dsp_1         |        0|   2|    205|   220|    0|
    |fadd_32ns_32ns_32_5_full_dsp_1_U536               |fadd_32ns_32ns_32_5_full_dsp_1         |        0|   2|    205|   220|    0|
    |fadd_32ns_32ns_32_5_full_dsp_1_U537               |fadd_32ns_32ns_32_5_full_dsp_1         |        0|   2|    205|   220|    0|
    |fmul_32ns_32ns_32_4_max_dsp_1_U538                |fmul_32ns_32ns_32_4_max_dsp_1          |        0|   3|    143|    78|    0|
    |fmul_32ns_32ns_32_4_max_dsp_1_U539                |fmul_32ns_32ns_32_4_max_dsp_1          |        0|   3|    143|    78|    0|
    |fmul_32ns_32ns_32_4_max_dsp_1_U540                |fmul_32ns_32ns_32_4_max_dsp_1          |        0|   3|    143|    78|    0|
    |fmul_32ns_32ns_32_4_max_dsp_1_U541                |fmul_32ns_32ns_32_4_max_dsp_1          |        0|   3|    143|    78|    0|
    |fmul_32ns_32ns_32_4_max_dsp_1_U542                |fmul_32ns_32ns_32_4_max_dsp_1          |        0|   3|    143|    78|    0|
    |fmul_32ns_32ns_32_4_max_dsp_1_U543                |fmul_32ns_32ns_32_4_max_dsp_1          |        0|   3|    143|    78|    0|
    |fmul_32ns_32ns_32_4_max_dsp_1_U544                |fmul_32ns_32ns_32_4_max_dsp_1          |        0|   3|    143|    78|    0|
    |fmul_32ns_32ns_32_4_max_dsp_1_U545                |fmul_32ns_32ns_32_4_max_dsp_1          |        0|   3|    143|    78|    0|
    |fmul_32ns_32ns_32_4_max_dsp_1_U546                |fmul_32ns_32ns_32_4_max_dsp_1          |        0|   3|    143|    78|    0|
    |fmul_32ns_32ns_32_4_max_dsp_1_U547                |fmul_32ns_32ns_32_4_max_dsp_1          |        0|   3|    143|    78|    0|
    |fmul_32ns_32ns_32_4_max_dsp_1_U548                |fmul_32ns_32ns_32_4_max_dsp_1          |        0|   3|    143|    78|    0|
    |fmul_32ns_32ns_32_4_max_dsp_1_U549                |fmul_32ns_32ns_32_4_max_dsp_1          |        0|   3|    143|    78|    0|
    |fmul_32ns_32ns_32_4_max_dsp_1_U550                |fmul_32ns_32ns_32_4_max_dsp_1          |        0|   3|    143|    78|    0|
    |fmul_32ns_32ns_32_4_max_dsp_1_U551                |fmul_32ns_32ns_32_4_max_dsp_1          |        0|   3|    143|    78|    0|
    |fmul_32ns_32ns_32_4_max_dsp_1_U552                |fmul_32ns_32ns_32_4_max_dsp_1          |        0|   3|    143|    78|    0|
    |fmul_32ns_32ns_32_4_max_dsp_1_U553                |fmul_32ns_32ns_32_4_max_dsp_1          |        0|   3|    143|    78|    0|
    |fmul_32ns_32ns_32_4_max_dsp_1_U554                |fmul_32ns_32ns_32_4_max_dsp_1          |        0|   3|    143|    78|    0|
    |fmul_32ns_32ns_32_4_max_dsp_1_U555                |fmul_32ns_32ns_32_4_max_dsp_1          |        0|   3|    143|    78|    0|
    |fmul_32ns_32ns_32_4_max_dsp_1_U556                |fmul_32ns_32ns_32_4_max_dsp_1          |        0|   3|    143|    78|    0|
    |fmul_32ns_32ns_32_4_max_dsp_1_U557                |fmul_32ns_32ns_32_4_max_dsp_1          |        0|   3|    143|    78|    0|
    |fmul_32ns_32ns_32_4_max_dsp_1_U558                |fmul_32ns_32ns_32_4_max_dsp_1          |        0|   3|    143|    78|    0|
    |fmul_32ns_32ns_32_4_max_dsp_1_U559                |fmul_32ns_32ns_32_4_max_dsp_1          |        0|   3|    143|    78|    0|
    |fmul_32ns_32ns_32_4_max_dsp_1_U560                |fmul_32ns_32ns_32_4_max_dsp_1          |        0|   3|    143|    78|    0|
    |fmul_32ns_32ns_32_4_max_dsp_1_U561                |fmul_32ns_32ns_32_4_max_dsp_1          |        0|   3|    143|    78|    0|
    |fmul_32ns_32ns_32_4_max_dsp_1_U562                |fmul_32ns_32ns_32_4_max_dsp_1          |        0|   3|    143|    78|    0|
    |fmul_32ns_32ns_32_4_max_dsp_1_U563                |fmul_32ns_32ns_32_4_max_dsp_1          |        0|   3|    143|    78|    0|
    |fmul_32ns_32ns_32_4_max_dsp_1_U564                |fmul_32ns_32ns_32_4_max_dsp_1          |        0|   3|    143|    78|    0|
    |fmul_32ns_32ns_32_4_max_dsp_1_U565                |fmul_32ns_32ns_32_4_max_dsp_1          |        0|   3|    143|    78|    0|
    |grp_forward_Pipeline_loop30_loop31_loop32_fu_790  |forward_Pipeline_loop30_loop31_loop32  |        0|   1|    531|   681|    0|
    |grp_forward_Pipeline_loop36_loop37_loop38_fu_730  |forward_Pipeline_loop36_loop37_loop38  |        0|   1|    430|   530|    0|
    |grp_node0_fu_1020                                 |node0                                  |        0|   0|     63|   561|    0|
    |grp_node1_fu_960                                  |node1                                  |        0|   0|   2726|  2860|    0|
    |grp_node2_fu_898                                  |node2                                  |     3136|   0|  13556|  6980|    0|
    |grp_node3_fu_830                                  |node3                                  |     1568|  96|   9607|  4994|    0|
    +--------------------------------------------------+---------------------------------------+---------+----+-------+------+-----+
    |Total                                             |                                       |     4704| 238|  36657| 24950|    0|
    +--------------------------------------------------+---------------------------------------+---------+----+-------+------+-----+

    * DSP: 
    N/A

    * Memory: 
    +----------+---------------------+---------+---+----+-----+-------+-----+------+-------------+
    |  Memory  |        Module       | BRAM_18K| FF| LUT| URAM| Words | Bits| Banks| W*Bits*Banks|
    +----------+---------------------+---------+---+----+-----+-------+-----+------+-------------+
    |v94_2_U   |v94_2_RAM_AUTO_1R1W  |       61|  0|   0|    0|  31008|   32|     1|       992256|
    |v94_3_U   |v94_2_RAM_AUTO_1R1W  |       61|  0|   0|    0|  31008|   32|     1|       992256|
    |v94_4_U   |v94_2_RAM_AUTO_1R1W  |       61|  0|   0|    0|  31008|   32|     1|       992256|
    |v94_6_U   |v94_2_RAM_AUTO_1R1W  |       61|  0|   0|    0|  31008|   32|     1|       992256|
    |v94_9_U   |v94_2_RAM_AUTO_1R1W  |       61|  0|   0|    0|  31008|   32|     1|       992256|
    |v94_10_U  |v94_2_RAM_AUTO_1R1W  |       61|  0|   0|    0|  31008|   32|     1|       992256|
    |v94_11_U  |v94_2_RAM_AUTO_1R1W  |       61|  0|   0|    0|  31008|   32|     1|       992256|
    |v94_13_U  |v94_2_RAM_AUTO_1R1W  |       61|  0|   0|    0|  31008|   32|     1|       992256|
    |v94_16_U  |v94_2_RAM_AUTO_1R1W  |       61|  0|   0|    0|  31008|   32|     1|       992256|
    |v94_17_U  |v94_2_RAM_AUTO_1R1W  |       61|  0|   0|    0|  31008|   32|     1|       992256|
    |v94_18_U  |v94_2_RAM_AUTO_1R1W  |       61|  0|   0|    0|  31008|   32|     1|       992256|
    |v94_20_U  |v94_2_RAM_AUTO_1R1W  |       61|  0|   0|    0|  31008|   32|     1|       992256|
    |v94_23_U  |v94_2_RAM_AUTO_1R1W  |       61|  0|   0|    0|  31008|   32|     1|       992256|
    |v94_24_U  |v94_2_RAM_AUTO_1R1W  |       61|  0|   0|    0|  31008|   32|     1|       992256|
    |v94_25_U  |v94_2_RAM_AUTO_1R1W  |       61|  0|   0|    0|  31008|   32|     1|       992256|
    |v94_27_U  |v94_2_RAM_AUTO_1R1W  |       61|  0|   0|    0|  31008|   32|     1|       992256|
    |v94_U     |v94_RAM_AUTO_1R1W    |       61|  0|   0|    0|  31008|   32|     1|       992256|
    |v94_1_U   |v94_RAM_AUTO_1R1W    |       61|  0|   0|    0|  31008|   32|     1|       992256|
    |v94_5_U   |v94_RAM_AUTO_1R1W    |       61|  0|   0|    0|  31008|   32|     1|       992256|
    |v94_7_U   |v94_RAM_AUTO_1R1W    |       61|  0|   0|    0|  31008|   32|     1|       992256|
    |v94_8_U   |v94_RAM_AUTO_1R1W    |       61|  0|   0|    0|  31008|   32|     1|       992256|
    |v94_12_U  |v94_RAM_AUTO_1R1W    |       61|  0|   0|    0|  31008|   32|     1|       992256|
    |v94_14_U  |v94_RAM_AUTO_1R1W    |       61|  0|   0|    0|  31008|   32|     1|       992256|
    |v94_15_U  |v94_RAM_AUTO_1R1W    |       61|  0|   0|    0|  31008|   32|     1|       992256|
    |v94_19_U  |v94_RAM_AUTO_1R1W    |       61|  0|   0|    0|  31008|   32|     1|       992256|
    |v94_21_U  |v94_RAM_AUTO_1R1W    |       61|  0|   0|    0|  31008|   32|     1|       992256|
    |v94_22_U  |v94_RAM_AUTO_1R1W    |       61|  0|   0|    0|  31008|   32|     1|       992256|
    |v94_26_U  |v94_RAM_AUTO_1R1W    |       61|  0|   0|    0|  31008|   32|     1|       992256|
    +----------+---------------------+---------+---+----+-----+-------+-----+------+-------------+
    |Total     |                     |     1708|  0|   0|    0| 868224|  896|    28|     27783168|
    +----------+---------------------+---------+---+----+-----+-------+-----+------+-------------+

    * FIFO: 
    +---------------+---------+----+----+-----+-------+-----+---------+
    |      Name     | BRAM_18K| FF | LUT| URAM| Depth | Bits| Size:D*B|
    +---------------+---------+----+----+-----+-------+-----+---------+
    |v91_10_fifo_U  |        1|  95|   0|    -|  28672|   32|   917504|
    |v91_11_fifo_U  |        1|  95|   0|    -|  28672|   32|   917504|
    |v91_12_fifo_U  |        1|  95|   0|    -|  28672|   32|   917504|
    |v91_13_fifo_U  |        1|  95|   0|    -|  28672|   32|   917504|
    |v91_14_fifo_U  |        1|  95|   0|    -|  28672|   32|   917504|
    |v91_15_fifo_U  |        1|  95|   0|    -|  28672|   32|   917504|
    |v91_16_fifo_U  |        1|  95|   0|    -|  28672|   32|   917504|
    |v91_17_fifo_U  |        1|  95|   0|    -|  28672|   32|   917504|
    |v91_18_fifo_U  |        1|  95|   0|    -|  28672|   32|   917504|
    |v91_19_fifo_U  |        1|  95|   0|    -|  28672|   32|   917504|
    |v91_1_fifo_U   |        1|  95|   0|    -|  28672|   32|   917504|
    |v91_20_fifo_U  |        1|  95|   0|    -|  28672|   32|   917504|
    |v91_21_fifo_U  |        1|  95|   0|    -|  28672|   32|   917504|
    |v91_22_fifo_U  |        1|  95|   0|    -|  28672|   32|   917504|
    |v91_23_fifo_U  |        1|  95|   0|    -|  28672|   32|   917504|
    |v91_24_fifo_U  |        1|  95|   0|    -|  28672|   32|   917504|
    |v91_25_fifo_U  |        1|  95|   0|    -|  28672|   32|   917504|
    |v91_26_fifo_U  |        1|  95|   0|    -|  28672|   32|   917504|
    |v91_27_fifo_U  |        1|  95|   0|    -|  28672|   32|   917504|
    |v91_2_fifo_U   |        1|  95|   0|    -|  28672|   32|   917504|
    |v91_3_fifo_U   |        1|  95|   0|    -|  28672|   32|   917504|
    |v91_4_fifo_U   |        1|  95|   0|    -|  28672|   32|   917504|
    |v91_5_fifo_U   |        1|  95|   0|    -|  28672|   32|   917504|
    |v91_6_fifo_U   |        1|  95|   0|    -|  28672|   32|   917504|
    |v91_7_fifo_U   |        1|  95|   0|    -|  28672|   32|   917504|
    |v91_8_fifo_U   |        1|  95|   0|    -|  28672|   32|   917504|
    |v91_9_fifo_U   |        1|  95|   0|    -|  28672|   32|   917504|
    |v91_fifo_U     |        1|  95|   0|    -|  28672|   32|   917504|
    |v92_10_fifo_U  |        1|  95|   0|    -|  28672|   32|   917504|
    |v92_11_fifo_U  |        1|  95|   0|    -|  28672|   32|   917504|
    |v92_12_fifo_U  |        1|  95|   0|    -|  28672|   32|   917504|
    |v92_13_fifo_U  |        1|  95|   0|    -|  28672|   32|   917504|
    |v92_14_fifo_U  |        1|  95|   0|    -|  28672|   32|   917504|
    |v92_15_fifo_U  |        1|  95|   0|    -|  28672|   32|   917504|
    |v92_16_fifo_U  |        1|  95|   0|    -|  28672|   32|   917504|
    |v92_17_fifo_U  |        1|  95|   0|    -|  28672|   32|   917504|
    |v92_18_fifo_U  |        1|  95|   0|    -|  28672|   32|   917504|
    |v92_19_fifo_U  |        1|  95|   0|    -|  28672|   32|   917504|
    |v92_1_fifo_U   |        1|  95|   0|    -|  28672|   32|   917504|
    |v92_20_fifo_U  |        1|  95|   0|    -|  28672|   32|   917504|
    |v92_21_fifo_U  |        1|  95|   0|    -|  28672|   32|   917504|
    |v92_22_fifo_U  |        1|  95|   0|    -|  28672|   32|   917504|
    |v92_23_fifo_U  |        1|  95|   0|    -|  28672|   32|   917504|
    |v92_24_fifo_U  |        1|  95|   0|    -|  28672|   32|   917504|
    |v92_25_fifo_U  |        1|  95|   0|    -|  28672|   32|   917504|
    |v92_26_fifo_U  |        1|  95|   0|    -|  28672|   32|   917504|
    |v92_27_fifo_U  |        1|  95|   0|    -|  28672|   32|   917504|
    |v92_2_fifo_U   |        1|  95|   0|    -|  28672|   32|   917504|
    |v92_3_fifo_U   |        1|  95|   0|    -|  28672|   32|   917504|
    |v92_4_fifo_U   |        1|  95|   0|    -|  28672|   32|   917504|
    |v92_5_fifo_U   |        1|  95|   0|    -|  28672|   32|   917504|
    |v92_6_fifo_U   |        1|  95|   0|    -|  28672|   32|   917504|
    |v92_7_fifo_U   |        1|  95|   0|    -|  28672|   32|   917504|
    |v92_8_fifo_U   |        1|  95|   0|    -|  28672|   32|   917504|
    |v92_9_fifo_U   |        1|  95|   0|    -|  28672|   32|   917504|
    |v92_fifo_U     |        1|  95|   0|    -|  28672|   32|   917504|
    |v93_10_fifo_U  |        1|  95|   0|    -|  28672|   32|   917504|
    |v93_11_fifo_U  |        1|  95|   0|    -|  28672|   32|   917504|
    |v93_12_fifo_U  |        1|  95|   0|    -|  28672|   32|   917504|
    |v93_13_fifo_U  |        1|  95|   0|    -|  28672|   32|   917504|
    |v93_14_fifo_U  |        1|  95|   0|    -|  28672|   32|   917504|
    |v93_15_fifo_U  |        1|  95|   0|    -|  28672|   32|   917504|
    |v93_16_fifo_U  |        1|  95|   0|    -|  28672|   32|   917504|
    |v93_17_fifo_U  |        1|  95|   0|    -|  28672|   32|   917504|
    |v93_18_fifo_U  |        1|  95|   0|    -|  28672|   32|   917504|
    |v93_19_fifo_U  |        1|  95|   0|    -|  28672|   32|   917504|
    |v93_1_fifo_U   |        1|  95|   0|    -|  28672|   32|   917504|
    |v93_20_fifo_U  |        1|  95|   0|    -|  28672|   32|   917504|
    |v93_21_fifo_U  |        1|  95|   0|    -|  28672|   32|   917504|
    |v93_22_fifo_U  |        1|  95|   0|    -|  28672|   32|   917504|
    |v93_23_fifo_U  |        1|  95|   0|    -|  28672|   32|   917504|
    |v93_24_fifo_U  |        1|  95|   0|    -|  28672|   32|   917504|
    |v93_25_fifo_U  |        1|  95|   0|    -|  28672|   32|   917504|
    |v93_26_fifo_U  |        1|  95|   0|    -|  28672|   32|   917504|
    |v93_27_fifo_U  |        1|  95|   0|    -|  28672|   32|   917504|
    |v93_2_fifo_U   |        1|  95|   0|    -|  28672|   32|   917504|
    |v93_3_fifo_U   |        1|  95|   0|    -|  28672|   32|   917504|
    |v93_4_fifo_U   |        1|  95|   0|    -|  28672|   32|   917504|
    |v93_5_fifo_U   |        1|  95|   0|    -|  28672|   32|   917504|
    |v93_6_fifo_U   |        1|  95|   0|    -|  28672|   32|   917504|
    |v93_7_fifo_U   |        1|  95|   0|    -|  28672|   32|   917504|
    |v93_8_fifo_U   |        1|  95|   0|    -|  28672|   32|   917504|
    |v93_9_fifo_U   |        1|  95|   0|    -|  28672|   32|   917504|
    |v93_fifo_U     |        1|  95|   0|    -|  28672|   32|   917504|
    +---------------+---------+----+----+-----+-------+-----+---------+
    |Total          |       84|7980|   0|    0|2408448| 2688| 77070336|
    +---------------+---------+----+----+-----+-------+-----+---------+

    * Expression: 
    N/A

    * Multiplexer: 
    +-----------------+----+-----------+-----+-----------+
    |       Name      | LUT| Input Size| Bits| Total Bits|
    +-----------------+----+-----------+-----+-----------+
    |ap_NS_fsm        |  65|         13|    1|         13|
    |grp_fu_1612_ce   |  20|          4|    1|          4|
    |grp_fu_1612_p0   |  20|          4|   32|        128|
    |grp_fu_1612_p1   |  20|          4|   32|        128|
    |grp_fu_1616_ce   |  20|          4|    1|          4|
    |grp_fu_1616_p0   |  20|          4|   32|        128|
    |grp_fu_1616_p1   |  20|          4|   32|        128|
    |grp_fu_1620_ce   |  20|          4|    1|          4|
    |grp_fu_1620_p0   |  20|          4|   32|        128|
    |grp_fu_1620_p1   |  20|          4|   32|        128|
    |grp_fu_1624_ce   |  20|          4|    1|          4|
    |grp_fu_1624_p0   |  20|          4|   32|        128|
    |grp_fu_1624_p1   |  20|          4|   32|        128|
    |grp_fu_1628_ce   |  20|          4|    1|          4|
    |grp_fu_1628_p0   |  20|          4|   32|        128|
    |grp_fu_1628_p1   |  20|          4|   32|        128|
    |grp_fu_1632_ce   |  20|          4|    1|          4|
    |grp_fu_1632_p0   |  20|          4|   32|        128|
    |grp_fu_1632_p1   |  20|          4|   32|        128|
    |grp_fu_1636_ce   |  20|          4|    1|          4|
    |grp_fu_1636_p0   |  20|          4|   32|        128|
    |grp_fu_1636_p1   |  20|          4|   32|        128|
    |grp_fu_1640_ce   |  20|          4|    1|          4|
    |grp_fu_1640_p0   |  20|          4|   32|        128|
    |grp_fu_1640_p1   |  20|          4|   32|        128|
    |grp_fu_1644_ce   |  20|          4|    1|          4|
    |grp_fu_1644_p0   |  20|          4|   32|        128|
    |grp_fu_1644_p1   |  20|          4|   32|        128|
    |grp_fu_1648_ce   |  20|          4|    1|          4|
    |grp_fu_1648_p0   |  20|          4|   32|        128|
    |grp_fu_1648_p1   |  20|          4|   32|        128|
    |grp_fu_1652_ce   |  20|          4|    1|          4|
    |grp_fu_1652_p0   |  20|          4|   32|        128|
    |grp_fu_1652_p1   |  20|          4|   32|        128|
    |grp_fu_1656_ce   |  20|          4|    1|          4|
    |grp_fu_1656_p0   |  20|          4|   32|        128|
    |grp_fu_1656_p1   |  20|          4|   32|        128|
    |grp_fu_1660_ce   |  20|          4|    1|          4|
    |grp_fu_1660_p0   |  20|          4|   32|        128|
    |grp_fu_1660_p1   |  20|          4|   32|        128|
    |grp_fu_1664_ce   |  20|          4|    1|          4|
    |grp_fu_1664_p0   |  20|          4|   32|        128|
    |grp_fu_1664_p1   |  20|          4|   32|        128|
    |grp_fu_1668_ce   |  14|          3|    1|          3|
    |grp_fu_1668_p0   |  14|          3|   32|         96|
    |grp_fu_1668_p1   |  14|          3|   32|         96|
    |grp_fu_1672_ce   |  14|          3|    1|          3|
    |grp_fu_1672_p0   |  14|          3|   32|         96|
    |grp_fu_1672_p1   |  14|          3|   32|         96|
    |grp_fu_1676_ce   |  14|          3|    1|          3|
    |grp_fu_1676_p0   |  14|          3|   32|         96|
    |grp_fu_1676_p1   |  14|          3|   32|         96|
    |grp_fu_1680_ce   |  14|          3|    1|          3|
    |grp_fu_1680_p0   |  14|          3|   32|         96|
    |grp_fu_1680_p1   |  14|          3|   32|         96|
    |grp_fu_1684_ce   |  14|          3|    1|          3|
    |grp_fu_1684_p0   |  14|          3|   32|         96|
    |grp_fu_1684_p1   |  14|          3|   32|         96|
    |grp_fu_1688_ce   |  14|          3|    1|          3|
    |grp_fu_1688_p0   |  14|          3|   32|         96|
    |grp_fu_1688_p1   |  14|          3|   32|         96|
    |grp_fu_1692_ce   |  14|          3|    1|          3|
    |grp_fu_1692_p0   |  14|          3|   32|         96|
    |grp_fu_1692_p1   |  14|          3|   32|         96|
    |grp_fu_1696_ce   |  14|          3|    1|          3|
    |grp_fu_1696_p0   |  14|          3|   32|         96|
    |grp_fu_1696_p1   |  14|          3|   32|         96|
    |grp_fu_1700_ce   |  14|          3|    1|          3|
    |grp_fu_1700_p0   |  14|          3|   32|         96|
    |grp_fu_1700_p1   |  14|          3|   32|         96|
    |grp_fu_1704_ce   |  14|          3|    1|          3|
    |grp_fu_1704_p0   |  14|          3|   32|         96|
    |grp_fu_1704_p1   |  14|          3|   32|         96|
    |grp_fu_1708_ce   |  14|          3|    1|          3|
    |grp_fu_1708_p0   |  14|          3|   32|         96|
    |grp_fu_1708_p1   |  14|          3|   32|         96|
    |grp_fu_1712_ce   |  14|          3|    1|          3|
    |grp_fu_1712_p0   |  14|          3|   32|         96|
    |grp_fu_1712_p1   |  14|          3|   32|         96|
    |grp_fu_1716_ce   |  14|          3|    1|          3|
    |grp_fu_1716_p0   |  14|          3|   32|         96|
    |grp_fu_1716_p1   |  14|          3|   32|         96|
    |grp_fu_1720_ce   |  14|          3|    1|          3|
    |grp_fu_1720_p0   |  14|          3|   32|         96|
    |grp_fu_1720_p1   |  14|          3|   32|         96|
    |grp_fu_1724_ce   |  20|          4|    1|          4|
    |grp_fu_1724_p0   |  20|          4|   32|        128|
    |grp_fu_1724_p1   |  20|          4|   32|        128|
    |grp_fu_1728_ce   |  20|          4|    1|          4|
    |grp_fu_1728_p0   |  20|          4|   32|        128|
    |grp_fu_1728_p1   |  20|          4|   32|        128|
    |grp_fu_1732_ce   |  20|          4|    1|          4|
    |grp_fu_1732_p0   |  20|          4|   32|        128|
    |grp_fu_1732_p1   |  20|          4|   32|        128|
    |grp_fu_1736_ce   |  20|          4|    1|          4|
    |grp_fu_1736_p0   |  20|          4|   32|        128|
    |grp_fu_1736_p1   |  20|          4|   32|        128|
    |grp_fu_1740_ce   |  20|          4|    1|          4|
    |grp_fu_1740_p0   |  20|          4|   32|        128|
    |grp_fu_1740_p1   |  20|          4|   32|        128|
    |grp_fu_1744_ce   |  20|          4|    1|          4|
    |grp_fu_1744_p0   |  20|          4|   32|        128|
    |grp_fu_1744_p1   |  20|          4|   32|        128|
    |grp_fu_1748_ce   |  20|          4|    1|          4|
    |grp_fu_1748_p0   |  20|          4|   32|        128|
    |grp_fu_1748_p1   |  20|          4|   32|        128|
    |grp_fu_1752_ce   |  20|          4|    1|          4|
    |grp_fu_1752_p0   |  20|          4|   32|        128|
    |grp_fu_1752_p1   |  20|          4|   32|        128|
    |grp_fu_1756_ce   |  20|          4|    1|          4|
    |grp_fu_1756_p0   |  20|          4|   32|        128|
    |grp_fu_1756_p1   |  20|          4|   32|        128|
    |grp_fu_1760_ce   |  20|          4|    1|          4|
    |grp_fu_1760_p0   |  20|          4|   32|        128|
    |grp_fu_1760_p1   |  20|          4|   32|        128|
    |grp_fu_1764_ce   |  20|          4|    1|          4|
    |grp_fu_1764_p0   |  20|          4|   32|        128|
    |grp_fu_1764_p1   |  20|          4|   32|        128|
    |grp_fu_1768_ce   |  20|          4|    1|          4|
    |grp_fu_1768_p0   |  20|          4|   32|        128|
    |grp_fu_1768_p1   |  20|          4|   32|        128|
    |grp_fu_1772_ce   |  20|          4|    1|          4|
    |grp_fu_1772_p0   |  20|          4|   32|        128|
    |grp_fu_1772_p1   |  20|          4|   32|        128|
    |grp_fu_1776_ce   |  20|          4|    1|          4|
    |grp_fu_1776_p0   |  20|          4|   32|        128|
    |grp_fu_1776_p1   |  20|          4|   32|        128|
    |grp_fu_1780_ce   |  14|          3|    1|          3|
    |grp_fu_1780_p0   |  14|          3|   32|         96|
    |grp_fu_1780_p1   |  14|          3|   32|         96|
    |grp_fu_1784_ce   |  14|          3|    1|          3|
    |grp_fu_1784_p0   |  14|          3|   32|         96|
    |grp_fu_1784_p1   |  14|          3|   32|         96|
    |grp_fu_1788_ce   |  14|          3|    1|          3|
    |grp_fu_1788_p0   |  14|          3|   32|         96|
    |grp_fu_1788_p1   |  14|          3|   32|         96|
    |grp_fu_1792_ce   |  14|          3|    1|          3|
    |grp_fu_1792_p0   |  14|          3|   32|         96|
    |grp_fu_1792_p1   |  14|          3|   32|         96|
    |grp_fu_1796_ce   |  14|          3|    1|          3|
    |grp_fu_1796_p0   |  14|          3|   32|         96|
    |grp_fu_1796_p1   |  14|          3|   32|         96|
    |grp_fu_1800_ce   |  14|          3|    1|          3|
    |grp_fu_1800_p0   |  14|          3|   32|         96|
    |grp_fu_1800_p1   |  14|          3|   32|         96|
    |grp_fu_1804_ce   |  14|          3|    1|          3|
    |grp_fu_1804_p0   |  14|          3|   32|         96|
    |grp_fu_1804_p1   |  14|          3|   32|         96|
    |grp_fu_1808_ce   |  14|          3|    1|          3|
    |grp_fu_1808_p0   |  14|          3|   32|         96|
    |grp_fu_1808_p1   |  14|          3|   32|         96|
    |grp_fu_1812_ce   |  14|          3|    1|          3|
    |grp_fu_1812_p0   |  14|          3|   32|         96|
    |grp_fu_1812_p1   |  14|          3|   32|         96|
    |grp_fu_1816_ce   |  14|          3|    1|          3|
    |grp_fu_1816_p0   |  14|          3|   32|         96|
    |grp_fu_1816_p1   |  14|          3|   32|         96|
    |grp_fu_1820_ce   |  14|          3|    1|          3|
    |grp_fu_1820_p0   |  14|          3|   32|         96|
    |grp_fu_1820_p1   |  14|          3|   32|         96|
    |grp_fu_1824_ce   |  14|          3|    1|          3|
    |grp_fu_1824_p0   |  14|          3|   32|         96|
    |grp_fu_1824_p1   |  14|          3|   32|         96|
    |grp_fu_1828_ce   |  14|          3|    1|          3|
    |grp_fu_1828_p0   |  14|          3|   32|         96|
    |grp_fu_1828_p1   |  14|          3|   32|         96|
    |grp_fu_1832_ce   |  14|          3|    1|          3|
    |grp_fu_1832_p0   |  14|          3|   32|         96|
    |grp_fu_1832_p1   |  14|          3|   32|         96|
    |v91_10_read      |   9|          2|    1|          2|
    |v91_10_write     |   9|          2|    1|          2|
    |v91_11_read      |   9|          2|    1|          2|
    |v91_11_write     |   9|          2|    1|          2|
    |v91_12_read      |   9|          2|    1|          2|
    |v91_12_write     |   9|          2|    1|          2|
    |v91_13_read      |   9|          2|    1|          2|
    |v91_13_write     |   9|          2|    1|          2|
    |v91_14_read      |   9|          2|    1|          2|
    |v91_14_write     |   9|          2|    1|          2|
    |v91_15_read      |   9|          2|    1|          2|
    |v91_15_write     |   9|          2|    1|          2|
    |v91_16_read      |   9|          2|    1|          2|
    |v91_16_write     |   9|          2|    1|          2|
    |v91_17_read      |   9|          2|    1|          2|
    |v91_17_write     |   9|          2|    1|          2|
    |v91_18_read      |   9|          2|    1|          2|
    |v91_18_write     |   9|          2|    1|          2|
    |v91_19_read      |   9|          2|    1|          2|
    |v91_19_write     |   9|          2|    1|          2|
    |v91_1_read       |   9|          2|    1|          2|
    |v91_1_write      |   9|          2|    1|          2|
    |v91_20_read      |   9|          2|    1|          2|
    |v91_20_write     |   9|          2|    1|          2|
    |v91_21_read      |   9|          2|    1|          2|
    |v91_21_write     |   9|          2|    1|          2|
    |v91_22_read      |   9|          2|    1|          2|
    |v91_22_write     |   9|          2|    1|          2|
    |v91_23_read      |   9|          2|    1|          2|
    |v91_23_write     |   9|          2|    1|          2|
    |v91_24_read      |   9|          2|    1|          2|
    |v91_24_write     |   9|          2|    1|          2|
    |v91_25_read      |   9|          2|    1|          2|
    |v91_25_write     |   9|          2|    1|          2|
    |v91_26_read      |   9|          2|    1|          2|
    |v91_26_write     |   9|          2|    1|          2|
    |v91_27_read      |   9|          2|    1|          2|
    |v91_27_write     |   9|          2|    1|          2|
    |v91_2_read       |   9|          2|    1|          2|
    |v91_2_write      |   9|          2|    1|          2|
    |v91_3_read       |   9|          2|    1|          2|
    |v91_3_write      |   9|          2|    1|          2|
    |v91_4_read       |   9|          2|    1|          2|
    |v91_4_write      |   9|          2|    1|          2|
    |v91_5_read       |   9|          2|    1|          2|
    |v91_5_write      |   9|          2|    1|          2|
    |v91_6_read       |   9|          2|    1|          2|
    |v91_6_write      |   9|          2|    1|          2|
    |v91_7_read       |   9|          2|    1|          2|
    |v91_7_write      |   9|          2|    1|          2|
    |v91_8_read       |   9|          2|    1|          2|
    |v91_8_write      |   9|          2|    1|          2|
    |v91_9_read       |   9|          2|    1|          2|
    |v91_9_write      |   9|          2|    1|          2|
    |v91_read         |   9|          2|    1|          2|
    |v91_write        |   9|          2|    1|          2|
    |v92_10_read      |   9|          2|    1|          2|
    |v92_10_write     |   9|          2|    1|          2|
    |v92_11_read      |   9|          2|    1|          2|
    |v92_11_write     |   9|          2|    1|          2|
    |v92_12_read      |   9|          2|    1|          2|
    |v92_12_write     |   9|          2|    1|          2|
    |v92_13_read      |   9|          2|    1|          2|
    |v92_13_write     |   9|          2|    1|          2|
    |v92_14_read      |   9|          2|    1|          2|
    |v92_14_write     |   9|          2|    1|          2|
    |v92_15_read      |   9|          2|    1|          2|
    |v92_15_write     |   9|          2|    1|          2|
    |v92_16_read      |   9|          2|    1|          2|
    |v92_16_write     |   9|          2|    1|          2|
    |v92_17_read      |   9|          2|    1|          2|
    |v92_17_write     |   9|          2|    1|          2|
    |v92_18_read      |   9|          2|    1|          2|
    |v92_18_write     |   9|          2|    1|          2|
    |v92_19_read      |   9|          2|    1|          2|
    |v92_19_write     |   9|          2|    1|          2|
    |v92_1_read       |   9|          2|    1|          2|
    |v92_1_write      |   9|          2|    1|          2|
    |v92_20_read      |   9|          2|    1|          2|
    |v92_20_write     |   9|          2|    1|          2|
    |v92_21_read      |   9|          2|    1|          2|
    |v92_21_write     |   9|          2|    1|          2|
    |v92_22_read      |   9|          2|    1|          2|
    |v92_22_write     |   9|          2|    1|          2|
    |v92_23_read      |   9|          2|    1|          2|
    |v92_23_write     |   9|          2|    1|          2|
    |v92_24_read      |   9|          2|    1|          2|
    |v92_24_write     |   9|          2|    1|          2|
    |v92_25_read      |   9|          2|    1|          2|
    |v92_25_write     |   9|          2|    1|          2|
    |v92_26_read      |   9|          2|    1|          2|
    |v92_26_write     |   9|          2|    1|          2|
    |v92_27_read      |   9|          2|    1|          2|
    |v92_27_write     |   9|          2|    1|          2|
    |v92_2_read       |   9|          2|    1|          2|
    |v92_2_write      |   9|          2|    1|          2|
    |v92_3_read       |   9|          2|    1|          2|
    |v92_3_write      |   9|          2|    1|          2|
    |v92_4_read       |   9|          2|    1|          2|
    |v92_4_write      |   9|          2|    1|          2|
    |v92_5_read       |   9|          2|    1|          2|
    |v92_5_write      |   9|          2|    1|          2|
    |v92_6_read       |   9|          2|    1|          2|
    |v92_6_write      |   9|          2|    1|          2|
    |v92_7_read       |   9|          2|    1|          2|
    |v92_7_write      |   9|          2|    1|          2|
    |v92_8_read       |   9|          2|    1|          2|
    |v92_8_write      |   9|          2|    1|          2|
    |v92_9_read       |   9|          2|    1|          2|
    |v92_9_write      |   9|          2|    1|          2|
    |v92_read         |   9|          2|    1|          2|
    |v92_write        |   9|          2|    1|          2|
    |v93_10_read      |   9|          2|    1|          2|
    |v93_10_write     |   9|          2|    1|          2|
    |v93_11_read      |   9|          2|    1|          2|
    |v93_11_write     |   9|          2|    1|          2|
    |v93_12_read      |   9|          2|    1|          2|
    |v93_12_write     |   9|          2|    1|          2|
    |v93_13_read      |   9|          2|    1|          2|
    |v93_13_write     |   9|          2|    1|          2|
    |v93_14_read      |   9|          2|    1|          2|
    |v93_14_write     |   9|          2|    1|          2|
    |v93_15_read      |   9|          2|    1|          2|
    |v93_15_write     |   9|          2|    1|          2|
    |v93_16_read      |   9|          2|    1|          2|
    |v93_16_write     |   9|          2|    1|          2|
    |v93_17_read      |   9|          2|    1|          2|
    |v93_17_write     |   9|          2|    1|          2|
    |v93_18_read      |   9|          2|    1|          2|
    |v93_18_write     |   9|          2|    1|          2|
    |v93_19_read      |   9|          2|    1|          2|
    |v93_19_write     |   9|          2|    1|          2|
    |v93_1_read       |   9|          2|    1|          2|
    |v93_1_write      |   9|          2|    1|          2|
    |v93_20_read      |   9|          2|    1|          2|
    |v93_20_write     |   9|          2|    1|          2|
    |v93_21_read      |   9|          2|    1|          2|
    |v93_21_write     |   9|          2|    1|          2|
    |v93_22_read      |   9|          2|    1|          2|
    |v93_22_write     |   9|          2|    1|          2|
    |v93_23_read      |   9|          2|    1|          2|
    |v93_23_write     |   9|          2|    1|          2|
    |v93_24_read      |   9|          2|    1|          2|
    |v93_24_write     |   9|          2|    1|          2|
    |v93_25_read      |   9|          2|    1|          2|
    |v93_25_write     |   9|          2|    1|          2|
    |v93_26_read      |   9|          2|    1|          2|
    |v93_26_write     |   9|          2|    1|          2|
    |v93_27_read      |   9|          2|    1|          2|
    |v93_27_write     |   9|          2|    1|          2|
    |v93_2_read       |   9|          2|    1|          2|
    |v93_2_write      |   9|          2|    1|          2|
    |v93_3_read       |   9|          2|    1|          2|
    |v93_3_write      |   9|          2|    1|          2|
    |v93_4_read       |   9|          2|    1|          2|
    |v93_4_write      |   9|          2|    1|          2|
    |v93_5_read       |   9|          2|    1|          2|
    |v93_5_write      |   9|          2|    1|          2|
    |v93_6_read       |   9|          2|    1|          2|
    |v93_6_write      |   9|          2|    1|          2|
    |v93_7_read       |   9|          2|    1|          2|
    |v93_7_write      |   9|          2|    1|          2|
    |v93_8_read       |   9|          2|    1|          2|
    |v93_8_write      |   9|          2|    1|          2|
    |v93_9_read       |   9|          2|    1|          2|
    |v93_9_write      |   9|          2|    1|          2|
    |v93_read         |   9|          2|    1|          2|
    |v93_write        |   9|          2|    1|          2|
    |v94_10_address0  |  20|          4|   15|         60|
    |v94_10_ce0       |  20|          4|    1|          4|
    |v94_10_d0        |  14|          3|   32|         96|
    |v94_10_we0       |  14|          3|    1|          3|
    |v94_11_address0  |  20|          4|   15|         60|
    |v94_11_ce0       |  20|          4|    1|          4|
    |v94_11_d0        |  14|          3|   32|         96|
    |v94_11_we0       |  14|          3|    1|          3|
    |v94_12_address0  |  20|          4|   15|         60|
    |v94_12_ce0       |  20|          4|    1|          4|
    |v94_12_ce1       |   9|          2|    1|          2|
    |v94_12_d0        |  14|          3|   32|         96|
    |v94_12_we0       |  14|          3|    1|          3|
    |v94_13_address0  |  20|          4|   15|         60|
    |v94_13_ce0       |  20|          4|    1|          4|
    |v94_13_d0        |  14|          3|   32|         96|
    |v94_13_we0       |  14|          3|    1|          3|
    |v94_14_address0  |  20|          4|   15|         60|
    |v94_14_ce0       |  20|          4|    1|          4|
    |v94_14_ce1       |   9|          2|    1|          2|
    |v94_14_d0        |  14|          3|   32|         96|
    |v94_14_we0       |  14|          3|    1|          3|
    |v94_15_address0  |  20|          4|   15|         60|
    |v94_15_ce0       |  20|          4|    1|          4|
    |v94_15_ce1       |   9|          2|    1|          2|
    |v94_15_d0        |  14|          3|   32|         96|
    |v94_15_we0       |  14|          3|    1|          3|
    |v94_16_address0  |  20|          4|   15|         60|
    |v94_16_ce0       |  20|          4|    1|          4|
    |v94_16_d0        |  14|          3|   32|         96|
    |v94_16_we0       |  14|          3|    1|          3|
    |v94_17_address0  |  20|          4|   15|         60|
    |v94_17_ce0       |  20|          4|    1|          4|
    |v94_17_d0        |  14|          3|   32|         96|
    |v94_17_we0       |  14|          3|    1|          3|
    |v94_18_address0  |  20|          4|   15|         60|
    |v94_18_ce0       |  20|          4|    1|          4|
    |v94_18_d0        |  14|          3|   32|         96|
    |v94_18_we0       |  14|          3|    1|          3|
    |v94_19_address0  |  20|          4|   15|         60|
    |v94_19_ce0       |  20|          4|    1|          4|
    |v94_19_ce1       |   9|          2|    1|          2|
    |v94_19_d0        |  14|          3|   32|         96|
    |v94_19_we0       |  14|          3|    1|          3|
    |v94_1_address0   |  20|          4|   15|         60|
    |v94_1_ce0        |  20|          4|    1|          4|
    |v94_1_ce1        |   9|          2|    1|          2|
    |v94_1_d0         |  14|          3|   32|         96|
    |v94_1_we0        |  14|          3|    1|          3|
    |v94_20_address0  |  20|          4|   15|         60|
    |v94_20_ce0       |  20|          4|    1|          4|
    |v94_20_d0        |  14|          3|   32|         96|
    |v94_20_we0       |  14|          3|    1|          3|
    |v94_21_address0  |  20|          4|   15|         60|
    |v94_21_ce0       |  20|          4|    1|          4|
    |v94_21_ce1       |   9|          2|    1|          2|
    |v94_21_d0        |  14|          3|   32|         96|
    |v94_21_we0       |  14|          3|    1|          3|
    |v94_22_address0  |  20|          4|   15|         60|
    |v94_22_ce0       |  20|          4|    1|          4|
    |v94_22_ce1       |   9|          2|    1|          2|
    |v94_22_d0        |  14|          3|   32|         96|
    |v94_22_we0       |  14|          3|    1|          3|
    |v94_23_address0  |  20|          4|   15|         60|
    |v94_23_ce0       |  20|          4|    1|          4|
    |v94_23_d0        |  14|          3|   32|         96|
    |v94_23_we0       |  14|          3|    1|          3|
    |v94_24_address0  |  20|          4|   15|         60|
    |v94_24_ce0       |  20|          4|    1|          4|
    |v94_24_d0        |  14|          3|   32|         96|
    |v94_24_we0       |  14|          3|    1|          3|
    |v94_25_address0  |  20|          4|   15|         60|
    |v94_25_ce0       |  20|          4|    1|          4|
    |v94_25_d0        |  14|          3|   32|         96|
    |v94_25_we0       |  14|          3|    1|          3|
    |v94_26_address0  |  20|          4|   15|         60|
    |v94_26_ce0       |  20|          4|    1|          4|
    |v94_26_ce1       |   9|          2|    1|          2|
    |v94_26_d0        |  14|          3|   32|         96|
    |v94_26_we0       |  14|          3|    1|          3|
    |v94_27_address0  |  20|          4|   15|         60|
    |v94_27_ce0       |  20|          4|    1|          4|
    |v94_27_d0        |  14|          3|   32|         96|
    |v94_27_we0       |  14|          3|    1|          3|
    |v94_2_address0   |  20|          4|   15|         60|
    |v94_2_ce0        |  20|          4|    1|          4|
    |v94_2_d0         |  14|          3|   32|         96|
    |v94_2_we0        |  14|          3|    1|          3|
    |v94_3_address0   |  20|          4|   15|         60|
    |v94_3_ce0        |  20|          4|    1|          4|
    |v94_3_d0         |  14|          3|   32|         96|
    |v94_3_we0        |  14|          3|    1|          3|
    |v94_4_address0   |  20|          4|   15|         60|
    |v94_4_ce0        |  20|          4|    1|          4|
    |v94_4_d0         |  14|          3|   32|         96|
    |v94_4_we0        |  14|          3|    1|          3|
    |v94_5_address0   |  20|          4|   15|         60|
    |v94_5_ce0        |  20|          4|    1|          4|
    |v94_5_ce1        |   9|          2|    1|          2|
    |v94_5_d0         |  14|          3|   32|         96|
    |v94_5_we0        |  14|          3|    1|          3|
    |v94_6_address0   |  20|          4|   15|         60|
    |v94_6_ce0        |  20|          4|    1|          4|
    |v94_6_d0         |  14|          3|   32|         96|
    |v94_6_we0        |  14|          3|    1|          3|
    |v94_7_address0   |  20|          4|   15|         60|
    |v94_7_ce0        |  20|          4|    1|          4|
    |v94_7_ce1        |   9|          2|    1|          2|
    |v94_7_d0         |  14|          3|   32|         96|
    |v94_7_we0        |  14|          3|    1|          3|
    |v94_8_address0   |  20|          4|   15|         60|
    |v94_8_ce0        |  20|          4|    1|          4|
    |v94_8_ce1        |   9|          2|    1|          2|
    |v94_8_d0         |  14|          3|   32|         96|
    |v94_8_we0        |  14|          3|    1|          3|
    |v94_9_address0   |  20|          4|   15|         60|
    |v94_9_ce0        |  20|          4|    1|          4|
    |v94_9_d0         |  14|          3|   32|         96|
    |v94_9_we0        |  14|          3|    1|          3|
    |v94_address0     |  20|          4|   15|         60|
    |v94_ce0          |  20|          4|    1|          4|
    |v94_ce1          |   9|          2|    1|          2|
    |v94_d0           |  14|          3|   32|         96|
    |v94_we0          |  14|          3|    1|          3|
    +-----------------+----+-----------+-----+-----------+
    |Total            |6445|       1353| 5193|      17677|
    +-----------------+----+-----------+-----+-----------+

    * Register: 
    +---------------------------------------------------------------+----+----+-----+-----------+
    |                              Name                             | FF | LUT| Bits| Const Bits|
    +---------------------------------------------------------------+----+----+-----+-----------+
    |ap_CS_fsm                                                      |  12|   0|   12|          0|
    |grp_forward_Pipeline_loop30_loop31_loop32_fu_790_ap_start_reg  |   1|   0|    1|          0|
    |grp_forward_Pipeline_loop36_loop37_loop38_fu_730_ap_start_reg  |   1|   0|    1|          0|
    |grp_node0_fu_1020_ap_start_reg                                 |   1|   0|    1|          0|
    |grp_node1_fu_960_ap_start_reg                                  |   1|   0|    1|          0|
    |grp_node2_fu_898_ap_start_reg                                  |   1|   0|    1|          0|
    |grp_node3_fu_830_ap_start_reg                                  |   1|   0|    1|          0|
    +---------------------------------------------------------------+----+----+-----+-----------+
    |Total                                                          |  18|   0|   18|          0|
    +---------------------------------------------------------------+----+----+-----+-----------+



================================================================
== Interface
================================================================
* Summary: 
+------------------+-----+-----+------------+--------------+--------------+
|     RTL Ports    | Dir | Bits|  Protocol  | Source Object|    C Type    |
+------------------+-----+-----+------------+--------------+--------------+
|ap_clk            |   in|    1|  ap_ctrl_hs|       forward|  return value|
|ap_rst            |   in|    1|  ap_ctrl_hs|       forward|  return value|
|ap_start          |   in|    1|  ap_ctrl_hs|       forward|  return value|
|ap_done           |  out|    1|  ap_ctrl_hs|       forward|  return value|
|ap_idle           |  out|    1|  ap_ctrl_hs|       forward|  return value|
|ap_ready          |  out|    1|  ap_ctrl_hs|       forward|  return value|
|v87_0_address0    |  out|   18|   ap_memory|         v87_0|         array|
|v87_0_ce0         |  out|    1|   ap_memory|         v87_0|         array|
|v87_0_q0          |   in|   32|   ap_memory|         v87_0|         array|
|v87_1_address0    |  out|   18|   ap_memory|         v87_1|         array|
|v87_1_ce0         |  out|    1|   ap_memory|         v87_1|         array|
|v87_1_q0          |   in|   32|   ap_memory|         v87_1|         array|
|v87_2_address0    |  out|   18|   ap_memory|         v87_2|         array|
|v87_2_ce0         |  out|    1|   ap_memory|         v87_2|         array|
|v87_2_q0          |   in|   32|   ap_memory|         v87_2|         array|
|v87_3_address0    |  out|   18|   ap_memory|         v87_3|         array|
|v87_3_ce0         |  out|    1|   ap_memory|         v87_3|         array|
|v87_3_q0          |   in|   32|   ap_memory|         v87_3|         array|
|v88_address0      |  out|   12|   ap_memory|           v88|         array|
|v88_ce0           |  out|    1|   ap_memory|           v88|         array|
|v88_q0            |   in|   32|   ap_memory|           v88|         array|
|v88_address1      |  out|   12|   ap_memory|           v88|         array|
|v88_ce1           |  out|    1|   ap_memory|           v88|         array|
|v88_q1            |   in|   32|   ap_memory|           v88|         array|
|v89_0_address0    |  out|    8|   ap_memory|         v89_0|         array|
|v89_0_ce0         |  out|    1|   ap_memory|         v89_0|         array|
|v89_0_q0          |   in|   32|   ap_memory|         v89_0|         array|
|v89_1_address0    |  out|    8|   ap_memory|         v89_1|         array|
|v89_1_ce0         |  out|    1|   ap_memory|         v89_1|         array|
|v89_1_q0          |   in|   32|   ap_memory|         v89_1|         array|
|v89_2_address0    |  out|    8|   ap_memory|         v89_2|         array|
|v89_2_ce0         |  out|    1|   ap_memory|         v89_2|         array|
|v89_2_q0          |   in|   32|   ap_memory|         v89_2|         array|
|v89_3_address0    |  out|    8|   ap_memory|         v89_3|         array|
|v89_3_ce0         |  out|    1|   ap_memory|         v89_3|         array|
|v89_3_q0          |   in|   32|   ap_memory|         v89_3|         array|
|v90_0_0_address0  |  out|   15|   ap_memory|       v90_0_0|         array|
|v90_0_0_ce0       |  out|    1|   ap_memory|       v90_0_0|         array|
|v90_0_0_we0       |  out|    1|   ap_memory|       v90_0_0|         array|
|v90_0_0_d0        |  out|   32|   ap_memory|       v90_0_0|         array|
|v90_0_1_address0  |  out|   15|   ap_memory|       v90_0_1|         array|
|v90_0_1_ce0       |  out|    1|   ap_memory|       v90_0_1|         array|
|v90_0_1_we0       |  out|    1|   ap_memory|       v90_0_1|         array|
|v90_0_1_d0        |  out|   32|   ap_memory|       v90_0_1|         array|
|v90_0_2_address0  |  out|   15|   ap_memory|       v90_0_2|         array|
|v90_0_2_ce0       |  out|    1|   ap_memory|       v90_0_2|         array|
|v90_0_2_we0       |  out|    1|   ap_memory|       v90_0_2|         array|
|v90_0_2_d0        |  out|   32|   ap_memory|       v90_0_2|         array|
|v90_0_3_address0  |  out|   15|   ap_memory|       v90_0_3|         array|
|v90_0_3_ce0       |  out|    1|   ap_memory|       v90_0_3|         array|
|v90_0_3_we0       |  out|    1|   ap_memory|       v90_0_3|         array|
|v90_0_3_d0        |  out|   32|   ap_memory|       v90_0_3|         array|
|v90_0_4_address0  |  out|   15|   ap_memory|       v90_0_4|         array|
|v90_0_4_ce0       |  out|    1|   ap_memory|       v90_0_4|         array|
|v90_0_4_we0       |  out|    1|   ap_memory|       v90_0_4|         array|
|v90_0_4_d0        |  out|   32|   ap_memory|       v90_0_4|         array|
|v90_0_5_address0  |  out|   15|   ap_memory|       v90_0_5|         array|
|v90_0_5_ce0       |  out|    1|   ap_memory|       v90_0_5|         array|
|v90_0_5_we0       |  out|    1|   ap_memory|       v90_0_5|         array|
|v90_0_5_d0        |  out|   32|   ap_memory|       v90_0_5|         array|
|v90_0_6_address0  |  out|   15|   ap_memory|       v90_0_6|         array|
|v90_0_6_ce0       |  out|    1|   ap_memory|       v90_0_6|         array|
|v90_0_6_we0       |  out|    1|   ap_memory|       v90_0_6|         array|
|v90_0_6_d0        |  out|   32|   ap_memory|       v90_0_6|         array|
|v90_1_0_address0  |  out|   15|   ap_memory|       v90_1_0|         array|
|v90_1_0_ce0       |  out|    1|   ap_memory|       v90_1_0|         array|
|v90_1_0_we0       |  out|    1|   ap_memory|       v90_1_0|         array|
|v90_1_0_d0        |  out|   32|   ap_memory|       v90_1_0|         array|
|v90_1_1_address0  |  out|   15|   ap_memory|       v90_1_1|         array|
|v90_1_1_ce0       |  out|    1|   ap_memory|       v90_1_1|         array|
|v90_1_1_we0       |  out|    1|   ap_memory|       v90_1_1|         array|
|v90_1_1_d0        |  out|   32|   ap_memory|       v90_1_1|         array|
|v90_1_2_address0  |  out|   15|   ap_memory|       v90_1_2|         array|
|v90_1_2_ce0       |  out|    1|   ap_memory|       v90_1_2|         array|
|v90_1_2_we0       |  out|    1|   ap_memory|       v90_1_2|         array|
|v90_1_2_d0        |  out|   32|   ap_memory|       v90_1_2|         array|
|v90_1_3_address0  |  out|   15|   ap_memory|       v90_1_3|         array|
|v90_1_3_ce0       |  out|    1|   ap_memory|       v90_1_3|         array|
|v90_1_3_we0       |  out|    1|   ap_memory|       v90_1_3|         array|
|v90_1_3_d0        |  out|   32|   ap_memory|       v90_1_3|         array|
|v90_1_4_address0  |  out|   15|   ap_memory|       v90_1_4|         array|
|v90_1_4_ce0       |  out|    1|   ap_memory|       v90_1_4|         array|
|v90_1_4_we0       |  out|    1|   ap_memory|       v90_1_4|         array|
|v90_1_4_d0        |  out|   32|   ap_memory|       v90_1_4|         array|
|v90_1_5_address0  |  out|   15|   ap_memory|       v90_1_5|         array|
|v90_1_5_ce0       |  out|    1|   ap_memory|       v90_1_5|         array|
|v90_1_5_we0       |  out|    1|   ap_memory|       v90_1_5|         array|
|v90_1_5_d0        |  out|   32|   ap_memory|       v90_1_5|         array|
|v90_1_6_address0  |  out|   15|   ap_memory|       v90_1_6|         array|
|v90_1_6_ce0       |  out|    1|   ap_memory|       v90_1_6|         array|
|v90_1_6_we0       |  out|    1|   ap_memory|       v90_1_6|         array|
|v90_1_6_d0        |  out|   32|   ap_memory|       v90_1_6|         array|
|v90_2_0_address0  |  out|   15|   ap_memory|       v90_2_0|         array|
|v90_2_0_ce0       |  out|    1|   ap_memory|       v90_2_0|         array|
|v90_2_0_we0       |  out|    1|   ap_memory|       v90_2_0|         array|
|v90_2_0_d0        |  out|   32|   ap_memory|       v90_2_0|         array|
|v90_2_1_address0  |  out|   15|   ap_memory|       v90_2_1|         array|
|v90_2_1_ce0       |  out|    1|   ap_memory|       v90_2_1|         array|
|v90_2_1_we0       |  out|    1|   ap_memory|       v90_2_1|         array|
|v90_2_1_d0        |  out|   32|   ap_memory|       v90_2_1|         array|
|v90_2_2_address0  |  out|   15|   ap_memory|       v90_2_2|         array|
|v90_2_2_ce0       |  out|    1|   ap_memory|       v90_2_2|         array|
|v90_2_2_we0       |  out|    1|   ap_memory|       v90_2_2|         array|
|v90_2_2_d0        |  out|   32|   ap_memory|       v90_2_2|         array|
|v90_2_3_address0  |  out|   15|   ap_memory|       v90_2_3|         array|
|v90_2_3_ce0       |  out|    1|   ap_memory|       v90_2_3|         array|
|v90_2_3_we0       |  out|    1|   ap_memory|       v90_2_3|         array|
|v90_2_3_d0        |  out|   32|   ap_memory|       v90_2_3|         array|
|v90_2_4_address0  |  out|   15|   ap_memory|       v90_2_4|         array|
|v90_2_4_ce0       |  out|    1|   ap_memory|       v90_2_4|         array|
|v90_2_4_we0       |  out|    1|   ap_memory|       v90_2_4|         array|
|v90_2_4_d0        |  out|   32|   ap_memory|       v90_2_4|         array|
|v90_2_5_address0  |  out|   15|   ap_memory|       v90_2_5|         array|
|v90_2_5_ce0       |  out|    1|   ap_memory|       v90_2_5|         array|
|v90_2_5_we0       |  out|    1|   ap_memory|       v90_2_5|         array|
|v90_2_5_d0        |  out|   32|   ap_memory|       v90_2_5|         array|
|v90_2_6_address0  |  out|   15|   ap_memory|       v90_2_6|         array|
|v90_2_6_ce0       |  out|    1|   ap_memory|       v90_2_6|         array|
|v90_2_6_we0       |  out|    1|   ap_memory|       v90_2_6|         array|
|v90_2_6_d0        |  out|   32|   ap_memory|       v90_2_6|         array|
|v90_3_0_address0  |  out|   15|   ap_memory|       v90_3_0|         array|
|v90_3_0_ce0       |  out|    1|   ap_memory|       v90_3_0|         array|
|v90_3_0_we0       |  out|    1|   ap_memory|       v90_3_0|         array|
|v90_3_0_d0        |  out|   32|   ap_memory|       v90_3_0|         array|
|v90_3_1_address0  |  out|   15|   ap_memory|       v90_3_1|         array|
|v90_3_1_ce0       |  out|    1|   ap_memory|       v90_3_1|         array|
|v90_3_1_we0       |  out|    1|   ap_memory|       v90_3_1|         array|
|v90_3_1_d0        |  out|   32|   ap_memory|       v90_3_1|         array|
|v90_3_2_address0  |  out|   15|   ap_memory|       v90_3_2|         array|
|v90_3_2_ce0       |  out|    1|   ap_memory|       v90_3_2|         array|
|v90_3_2_we0       |  out|    1|   ap_memory|       v90_3_2|         array|
|v90_3_2_d0        |  out|   32|   ap_memory|       v90_3_2|         array|
|v90_3_3_address0  |  out|   15|   ap_memory|       v90_3_3|         array|
|v90_3_3_ce0       |  out|    1|   ap_memory|       v90_3_3|         array|
|v90_3_3_we0       |  out|    1|   ap_memory|       v90_3_3|         array|
|v90_3_3_d0        |  out|   32|   ap_memory|       v90_3_3|         array|
|v90_3_4_address0  |  out|   15|   ap_memory|       v90_3_4|         array|
|v90_3_4_ce0       |  out|    1|   ap_memory|       v90_3_4|         array|
|v90_3_4_we0       |  out|    1|   ap_memory|       v90_3_4|         array|
|v90_3_4_d0        |  out|   32|   ap_memory|       v90_3_4|         array|
|v90_3_5_address0  |  out|   15|   ap_memory|       v90_3_5|         array|
|v90_3_5_ce0       |  out|    1|   ap_memory|       v90_3_5|         array|
|v90_3_5_we0       |  out|    1|   ap_memory|       v90_3_5|         array|
|v90_3_5_d0        |  out|   32|   ap_memory|       v90_3_5|         array|
|v90_3_6_address0  |  out|   15|   ap_memory|       v90_3_6|         array|
|v90_3_6_ce0       |  out|    1|   ap_memory|       v90_3_6|         array|
|v90_3_6_we0       |  out|    1|   ap_memory|       v90_3_6|         array|
|v90_3_6_d0        |  out|   32|   ap_memory|       v90_3_6|         array|
+------------------+-----+-----+------------+--------------+--------------+

