

================================================================
== Vitis HLS Report for 'main_graph'
================================================================
* Date:           Wed Jul 16 14:02:10 2025

* Version:        2023.2 (Build 4023990 on Oct 11 2023)
* Project:        attention.prj
* Solution:       attention-512-2-level-1 (Vivado IP Flow Target)
* Product family: virtexuplusHBM
* Target device:  xcu280-fsvh2892-2L-e


================================================================
== Performance Estimates
================================================================
+ Timing: 
    * Summary: 
    +--------+---------+----------+------------+
    |  Clock |  Target | Estimated| Uncertainty|
    +--------+---------+----------+------------+
    |ap_clk  |  5.00 ns|  3.647 ns|     1.35 ns|
    +--------+---------+----------+------------+

+ Latency: 
    * Summary: 
    +----------+----------+-----------+-----------+----------+----------+---------+
    |   Latency (cycles)  |   Latency (absolute)  |       Interval      | Pipeline|
    |    min   |    max   |    min    |    max    |    min   |    max   |   Type  |
    +----------+----------+-----------+-----------+----------+----------+---------+
    |  67689370|  67689370|  0.338 sec|  0.338 sec|  67689371|  67689371|       no|
    +----------+----------+-----------+-----------+----------+----------+---------+

    + Detail: 
        * Instance: 
        +--------------------------------------------------------------------------------------+---------------------------------------------------------------------------+----------+----------+-----------+-----------+----------+----------+---------+
        |                                                                                      |                                                                           |   Latency (cycles)  |   Latency (absolute)  |       Interval      | Pipeline|
        |                                       Instance                                       |                                   Module                                  |    min   |    max   |    min    |    max    |    min   |    max   |   Type  |
        +--------------------------------------------------------------------------------------+---------------------------------------------------------------------------+----------+----------+-----------+-----------+----------+----------+---------+
        |grp_main_graph_Pipeline_VITIS_LOOP_529_2_VITIS_LOOP_530_3_fu_690                      |main_graph_Pipeline_VITIS_LOOP_529_2_VITIS_LOOP_530_3                      |      8194|      8194|  40.970 us|  40.970 us|      8194|      8194|       no|
        |grp_main_graph_Pipeline_VITIS_LOOP_542_5_VITIS_LOOP_543_6_fu_698                      |main_graph_Pipeline_VITIS_LOOP_542_5_VITIS_LOOP_543_6                      |    262146|    262146|   1.311 ms|   1.311 ms|    262146|    262146|       no|
        |grp_main_graph_Pipeline_VITIS_LOOP_555_8_VITIS_LOOP_556_9_fu_706                      |main_graph_Pipeline_VITIS_LOOP_555_8_VITIS_LOOP_556_9                      |      8194|      8194|  40.970 us|  40.970 us|      8194|      8194|       no|
        |grp_main_graph_Pipeline_VITIS_LOOP_449_2_VITIS_LOOP_450_3_fu_712                      |main_graph_Pipeline_VITIS_LOOP_449_2_VITIS_LOOP_450_3                      |    262146|    262146|   1.311 ms|   1.311 ms|    262146|    262146|       no|
        |grp_main_graph_Pipeline_VITIS_LOOP_462_5_VITIS_LOOP_463_6_fu_720                      |main_graph_Pipeline_VITIS_LOOP_462_5_VITIS_LOOP_463_6                      |      8194|      8194|  40.970 us|  40.970 us|      8194|      8194|       no|
        |grp_main_graph_Pipeline_VITIS_LOOP_390_2_VITIS_LOOP_391_3_fu_726                      |main_graph_Pipeline_VITIS_LOOP_390_2_VITIS_LOOP_391_3                      |    262146|    262146|   1.311 ms|   1.311 ms|    262146|    262146|       no|
        |grp_main_graph_Pipeline_VITIS_LOOP_403_5_VITIS_LOOP_404_6_fu_734                      |main_graph_Pipeline_VITIS_LOOP_403_5_VITIS_LOOP_404_6                      |      8194|      8194|  40.970 us|  40.970 us|      8194|      8194|       no|
        |grp_main_graph_Pipeline_VITIS_LOOP_332_2_VITIS_LOOP_333_3_VITIS_LOOP_334_4_fu_740     |main_graph_Pipeline_VITIS_LOOP_332_2_VITIS_LOOP_333_3_VITIS_LOOP_334_4     |      2050|      2050|  10.250 us|  10.250 us|      2050|      2050|       no|
        |grp_main_graph_Pipeline_VITIS_LOOP_252_2_VITIS_LOOP_253_3_fu_746                      |main_graph_Pipeline_VITIS_LOOP_252_2_VITIS_LOOP_253_3                      |       130|       130|   0.650 us|   0.650 us|       130|       130|       no|
        |grp_main_graph_Pipeline_VITIS_LOOP_171_2_VITIS_LOOP_172_3_fu_752                      |main_graph_Pipeline_VITIS_LOOP_171_2_VITIS_LOOP_172_3                      |       130|       130|   0.650 us|   0.650 us|       130|       130|       no|
        |grp_main_graph_Pipeline_VITIS_LOOP_118_2_VITIS_LOOP_119_3_VITIS_LOOP_120_4_fu_758     |main_graph_Pipeline_VITIS_LOOP_118_2_VITIS_LOOP_119_3_VITIS_LOOP_120_4     |      8194|      8194|  40.970 us|  40.970 us|      8194|      8194|       no|
        |grp_main_graph_Pipeline_VITIS_LOOP_562_11_VITIS_LOOP_563_12_VITIS_LOOP_564_13_fu_764  |main_graph_Pipeline_VITIS_LOOP_562_11_VITIS_LOOP_563_12_VITIS_LOOP_564_13  |  16777225|  16777225|  83.886 ms|  83.886 ms|  16777225|  16777225|       no|
        |grp_main_graph_Pipeline_VITIS_LOOP_576_15_VITIS_LOOP_577_16_fu_771                    |main_graph_Pipeline_VITIS_LOOP_576_15_VITIS_LOOP_577_16                    |      8200|      8200|  41.000 us|  41.000 us|      8200|      8200|       no|
        |grp_main_graph_Pipeline_VITIS_LOOP_502_2_VITIS_LOOP_503_3_fu_810                      |main_graph_Pipeline_VITIS_LOOP_502_2_VITIS_LOOP_503_3                      |      8194|      8194|  40.970 us|  40.970 us|      8194|      8194|       no|
        |grp_main_graph_Pipeline_VITIS_LOOP_510_5_VITIS_LOOP_511_6_fu_816                      |main_graph_Pipeline_VITIS_LOOP_510_5_VITIS_LOOP_511_6                      |      8194|      8194|  40.970 us|  40.970 us|      8194|      8194|       no|
        |grp_main_graph_Pipeline_VITIS_LOOP_410_8_VITIS_LOOP_411_9_VITIS_LOOP_412_10_fu_822    |main_graph_Pipeline_VITIS_LOOP_410_8_VITIS_LOOP_411_9_VITIS_LOOP_412_10    |  16777225|  16777225|  83.886 ms|  83.886 ms|  16777225|  16777225|       no|
        |grp_main_graph_Pipeline_VITIS_LOOP_469_8_VITIS_LOOP_470_9_VITIS_LOOP_471_10_fu_829    |main_graph_Pipeline_VITIS_LOOP_469_8_VITIS_LOOP_470_9_VITIS_LOOP_471_10    |  16777225|  16777225|  83.886 ms|  83.886 ms|  16777225|  16777225|       no|
        |grp_main_graph_Pipeline_VITIS_LOOP_424_12_VITIS_LOOP_425_13_fu_836                    |main_graph_Pipeline_VITIS_LOOP_424_12_VITIS_LOOP_425_13                    |      8200|      8200|  41.000 us|  41.000 us|      8200|      8200|       no|
        |grp_main_graph_Pipeline_VITIS_LOOP_483_12_VITIS_LOOP_484_13_fu_859                    |main_graph_Pipeline_VITIS_LOOP_483_12_VITIS_LOOP_484_13                    |      8200|      8200|  41.000 us|  41.000 us|      8200|      8200|       no|
        |grp_main_graph_Pipeline_VITIS_LOOP_342_6_VITIS_LOOP_343_7_VITIS_LOOP_344_8_fu_898     |main_graph_Pipeline_VITIS_LOOP_342_6_VITIS_LOOP_343_7_VITIS_LOOP_344_8     |      2374|      2374|  11.870 us|  11.870 us|      2374|      2374|       no|
        |grp_main_graph_Pipeline_VITIS_LOOP_311_2_VITIS_LOOP_312_3_VITIS_LOOP_313_4_fu_967     |main_graph_Pipeline_VITIS_LOOP_311_2_VITIS_LOOP_312_3_VITIS_LOOP_313_4     |      2054|      2054|  10.270 us|  10.270 us|      2054|      2054|       no|
        |grp_main_graph_Pipeline_VITIS_LOOP_282_2_VITIS_LOOP_283_3_VITIS_LOOP_284_4_fu_973     |main_graph_Pipeline_VITIS_LOOP_282_2_VITIS_LOOP_283_3_VITIS_LOOP_284_4     |      2051|      2051|  10.255 us|  10.255 us|      2051|      2051|       no|
        |grp_main_graph_Pipeline_VITIS_LOOP_292_6_VITIS_LOOP_293_7_VITIS_LOOP_294_8_fu_979     |main_graph_Pipeline_VITIS_LOOP_292_6_VITIS_LOOP_293_7_VITIS_LOOP_294_8     |      2051|      2051|  10.255 us|  10.255 us|      2051|      2051|       no|
        |grp_main_graph_Pipeline_VITIS_LOOP_261_6_VITIS_LOOP_262_7_fu_1000                     |main_graph_Pipeline_VITIS_LOOP_261_6_VITIS_LOOP_262_7                      |       146|       146|   0.730 us|   0.730 us|       146|       146|       no|
        |grp_main_graph_Pipeline_VITIS_LOOP_231_2_VITIS_LOOP_232_3_VITIS_LOOP_233_4_fu_1021    |main_graph_Pipeline_VITIS_LOOP_231_2_VITIS_LOOP_232_3_VITIS_LOOP_233_4     |      2065|      2065|  10.325 us|  10.325 us|      2065|      2065|       no|
        |grp_main_graph_Pipeline_VITIS_LOOP_201_2_VITIS_LOOP_202_3_VITIS_LOOP_203_4_fu_1028    |main_graph_Pipeline_VITIS_LOOP_201_2_VITIS_LOOP_202_3_VITIS_LOOP_203_4     |      2051|      2051|  10.255 us|  10.255 us|      2051|      2051|       no|
        |grp_main_graph_Pipeline_VITIS_LOOP_211_6_VITIS_LOOP_212_7_VITIS_LOOP_213_8_fu_1049    |main_graph_Pipeline_VITIS_LOOP_211_6_VITIS_LOOP_212_7_VITIS_LOOP_213_8     |      2051|      2051|  10.255 us|  10.255 us|      2051|      2051|       no|
        |grp_main_graph_Pipeline_VITIS_LOOP_180_6_VITIS_LOOP_181_7_fu_1070                     |main_graph_Pipeline_VITIS_LOOP_180_6_VITIS_LOOP_181_7                      |       211|       211|   1.055 us|   1.055 us|       211|       211|       no|
        |grp_main_graph_Pipeline_VITIS_LOOP_128_6_VITIS_LOOP_129_7_VITIS_LOOP_130_8_fu_1091    |main_graph_Pipeline_VITIS_LOOP_128_6_VITIS_LOOP_129_7_VITIS_LOOP_130_8     |      8290|      8290|  41.450 us|  41.450 us|      8290|      8290|       no|
        |grp_main_graph_node0_fu_1129                                                          |main_graph_node0                                                           |  17055772|  17055772|  85.279 ms|  85.279 ms|  17055772|  17055772|       no|
        +--------------------------------------------------------------------------------------+---------------------------------------------------------------------------+----------+----------+-----------+-----------+----------+----------+---------+

        * Loop: 
        N/A



================================================================
== Utilization Estimates
================================================================
* Summary: 
+---------------------+---------+------+---------+---------+-----+
|         Name        | BRAM_18K|  DSP |    FF   |   LUT   | URAM|
+---------------------+---------+------+---------+---------+-----+
|DSP                  |        -|     -|        -|        -|    -|
|Expression           |        -|     -|        0|        8|    -|
|FIFO                 |        -|     -|        -|        -|    -|
|Instance             |      560|   327|    38322|    32511|    0|
|Memory               |     1794|     -|        0|        0|    -|
|Multiplexer          |        -|     -|        -|     8277|    -|
|Register             |        -|     -|       64|        -|    -|
+---------------------+---------+------+---------+---------+-----+
|Total                |     2354|   327|    38386|    40796|    0|
+---------------------+---------+------+---------+---------+-----+
|Available SLR        |     1344|  3008|   869120|   434560|  320|
+---------------------+---------+------+---------+---------+-----+
|Utilization SLR (%)  |      175|    10|        4|        9|    0|
+---------------------+---------+------+---------+---------+-----+
|Available            |     4032|  9024|  2607360|  1303680|  960|
+---------------------+---------+------+---------+---------+-----+
|Utilization (%)      |       58|     3|        1|        3|    0|
+---------------------+---------+------+---------+---------+-----+

+ Detail: 
    * Instance: 
    +--------------------------------------------------------------------------------------+---------------------------------------------------------------------------+---------+-----+-------+-------+-----+
    |                                       Instance                                       |                                   Module                                  | BRAM_18K| DSP |   FF  |  LUT  | URAM|
    +--------------------------------------------------------------------------------------+---------------------------------------------------------------------------+---------+-----+-------+-------+-----+
    |ctrl_s_axi_U                                                                          |ctrl_s_axi                                                                 |        0|    0|     36|     40|    0|
    |fadd_32ns_32ns_32_5_full_dsp_1_U542                                                   |fadd_32ns_32ns_32_5_full_dsp_1                                             |        0|    2|    205|    220|    0|
    |fadd_32ns_32ns_32_5_full_dsp_1_U543                                                   |fadd_32ns_32ns_32_5_full_dsp_1                                             |        0|    2|    205|    220|    0|
    |fadd_32ns_32ns_32_5_full_dsp_1_U544                                                   |fadd_32ns_32ns_32_5_full_dsp_1                                             |        0|    2|    205|    220|    0|
    |fadd_32ns_32ns_32_5_full_dsp_1_U545                                                   |fadd_32ns_32ns_32_5_full_dsp_1                                             |        0|    2|    205|    220|    0|
    |fadd_32ns_32ns_32_5_full_dsp_1_U546                                                   |fadd_32ns_32ns_32_5_full_dsp_1                                             |        0|    2|    205|    220|    0|
    |fadd_32ns_32ns_32_5_full_dsp_1_U547                                                   |fadd_32ns_32ns_32_5_full_dsp_1                                             |        0|    2|    205|    220|    0|
    |fadd_32ns_32ns_32_5_full_dsp_1_U548                                                   |fadd_32ns_32ns_32_5_full_dsp_1                                             |        0|    2|    205|    220|    0|
    |fadd_32ns_32ns_32_5_full_dsp_1_U549                                                   |fadd_32ns_32ns_32_5_full_dsp_1                                             |        0|    2|    205|    220|    0|
    |fadd_32ns_32ns_32_5_full_dsp_1_U550                                                   |fadd_32ns_32ns_32_5_full_dsp_1                                             |        0|    2|    205|    220|    0|
    |fadd_32ns_32ns_32_5_full_dsp_1_U551                                                   |fadd_32ns_32ns_32_5_full_dsp_1                                             |        0|    2|    205|    220|    0|
    |fadd_32ns_32ns_32_5_full_dsp_1_U552                                                   |fadd_32ns_32ns_32_5_full_dsp_1                                             |        0|    2|    205|    220|    0|
    |fadd_32ns_32ns_32_5_full_dsp_1_U553                                                   |fadd_32ns_32ns_32_5_full_dsp_1                                             |        0|    2|    205|    220|    0|
    |fadd_32ns_32ns_32_5_full_dsp_1_U554                                                   |fadd_32ns_32ns_32_5_full_dsp_1                                             |        0|    2|    205|    220|    0|
    |fadd_32ns_32ns_32_5_full_dsp_1_U555                                                   |fadd_32ns_32ns_32_5_full_dsp_1                                             |        0|    2|    205|    220|    0|
    |fadd_32ns_32ns_32_5_full_dsp_1_U556                                                   |fadd_32ns_32ns_32_5_full_dsp_1                                             |        0|    2|    205|    220|    0|
    |faddfsub_32ns_32ns_32_5_full_dsp_1_U540                                               |faddfsub_32ns_32ns_32_5_full_dsp_1                                         |        0|    2|    205|    220|    0|
    |fmul_32ns_32ns_32_4_max_dsp_1_U541                                                    |fmul_32ns_32ns_32_4_max_dsp_1                                              |        0|    3|    143|     78|    0|
    |fmul_32ns_32ns_32_4_max_dsp_1_U557                                                    |fmul_32ns_32ns_32_4_max_dsp_1                                              |        0|    3|    143|     78|    0|
    |fmul_32ns_32ns_32_4_max_dsp_1_U558                                                    |fmul_32ns_32ns_32_4_max_dsp_1                                              |        0|    3|    143|     78|    0|
    |fmul_32ns_32ns_32_4_max_dsp_1_U559                                                    |fmul_32ns_32ns_32_4_max_dsp_1                                              |        0|    3|    143|     78|    0|
    |fmul_32ns_32ns_32_4_max_dsp_1_U560                                                    |fmul_32ns_32ns_32_4_max_dsp_1                                              |        0|    3|    143|     78|    0|
    |fmul_32ns_32ns_32_4_max_dsp_1_U561                                                    |fmul_32ns_32ns_32_4_max_dsp_1                                              |        0|    3|    143|     78|    0|
    |fmul_32ns_32ns_32_4_max_dsp_1_U562                                                    |fmul_32ns_32ns_32_4_max_dsp_1                                              |        0|    3|    143|     78|    0|
    |fmul_32ns_32ns_32_4_max_dsp_1_U563                                                    |fmul_32ns_32ns_32_4_max_dsp_1                                              |        0|    3|    143|     78|    0|
    |fmul_32ns_32ns_32_4_max_dsp_1_U564                                                    |fmul_32ns_32ns_32_4_max_dsp_1                                              |        0|    3|    143|     78|    0|
    |fmul_32ns_32ns_32_4_max_dsp_1_U565                                                    |fmul_32ns_32ns_32_4_max_dsp_1                                              |        0|    3|    143|     78|    0|
    |fmul_32ns_32ns_32_4_max_dsp_1_U566                                                    |fmul_32ns_32ns_32_4_max_dsp_1                                              |        0|    3|    143|     78|    0|
    |fmul_32ns_32ns_32_4_max_dsp_1_U567                                                    |fmul_32ns_32ns_32_4_max_dsp_1                                              |        0|    3|    143|     78|    0|
    |fmul_32ns_32ns_32_4_max_dsp_1_U568                                                    |fmul_32ns_32ns_32_4_max_dsp_1                                              |        0|    3|    143|     78|    0|
    |fmul_32ns_32ns_32_4_max_dsp_1_U569                                                    |fmul_32ns_32ns_32_4_max_dsp_1                                              |        0|    3|    143|     78|    0|
    |fmul_32ns_32ns_32_4_max_dsp_1_U570                                                    |fmul_32ns_32ns_32_4_max_dsp_1                                              |        0|    3|    143|     78|    0|
    |fmul_32ns_32ns_32_4_max_dsp_1_U571                                                    |fmul_32ns_32ns_32_4_max_dsp_1                                              |        0|    3|    143|     78|    0|
    |grp_main_graph_Pipeline_VITIS_LOOP_118_2_VITIS_LOOP_119_3_VITIS_LOOP_120_4_fu_758     |main_graph_Pipeline_VITIS_LOOP_118_2_VITIS_LOOP_119_3_VITIS_LOOP_120_4     |        0|    0|     59|    281|    0|
    |grp_main_graph_Pipeline_VITIS_LOOP_128_6_VITIS_LOOP_129_7_VITIS_LOOP_130_8_fu_1091    |main_graph_Pipeline_VITIS_LOOP_128_6_VITIS_LOOP_129_7_VITIS_LOOP_130_8     |        0|    0|   2844|    530|    0|
    |grp_main_graph_Pipeline_VITIS_LOOP_171_2_VITIS_LOOP_172_3_fu_752                      |main_graph_Pipeline_VITIS_LOOP_171_2_VITIS_LOOP_172_3                      |        0|    0|     19|    154|    0|
    |grp_main_graph_Pipeline_VITIS_LOOP_180_6_VITIS_LOOP_181_7_fu_1070                     |main_graph_Pipeline_VITIS_LOOP_180_6_VITIS_LOOP_181_7                      |        0|    0|   1380|    229|    0|
    |grp_main_graph_Pipeline_VITIS_LOOP_201_2_VITIS_LOOP_202_3_VITIS_LOOP_203_4_fu_1028    |main_graph_Pipeline_VITIS_LOOP_201_2_VITIS_LOOP_202_3_VITIS_LOOP_203_4     |        0|    0|     75|    263|    0|
    |grp_main_graph_Pipeline_VITIS_LOOP_211_6_VITIS_LOOP_212_7_VITIS_LOOP_213_8_fu_1049    |main_graph_Pipeline_VITIS_LOOP_211_6_VITIS_LOOP_212_7_VITIS_LOOP_213_8     |        0|    0|     75|    263|    0|
    |grp_main_graph_Pipeline_VITIS_LOOP_231_2_VITIS_LOOP_232_3_VITIS_LOOP_233_4_fu_1021    |main_graph_Pipeline_VITIS_LOOP_231_2_VITIS_LOOP_232_3_VITIS_LOOP_233_4     |        0|    7|    628|   1086|    0|
    |grp_main_graph_Pipeline_VITIS_LOOP_252_2_VITIS_LOOP_253_3_fu_746                      |main_graph_Pipeline_VITIS_LOOP_252_2_VITIS_LOOP_253_3                      |        0|    0|     19|    154|    0|
    |grp_main_graph_Pipeline_VITIS_LOOP_261_6_VITIS_LOOP_262_7_fu_1000                     |main_graph_Pipeline_VITIS_LOOP_261_6_VITIS_LOOP_262_7                      |        0|    0|   1218|   2309|    0|
    |grp_main_graph_Pipeline_VITIS_LOOP_282_2_VITIS_LOOP_283_3_VITIS_LOOP_284_4_fu_973     |main_graph_Pipeline_VITIS_LOOP_282_2_VITIS_LOOP_283_3_VITIS_LOOP_284_4     |        0|    0|     64|    263|    0|
    |grp_main_graph_Pipeline_VITIS_LOOP_292_6_VITIS_LOOP_293_7_VITIS_LOOP_294_8_fu_979     |main_graph_Pipeline_VITIS_LOOP_292_6_VITIS_LOOP_293_7_VITIS_LOOP_294_8     |        0|    0|     75|    263|    0|
    |grp_main_graph_Pipeline_VITIS_LOOP_311_2_VITIS_LOOP_312_3_VITIS_LOOP_313_4_fu_967     |main_graph_Pipeline_VITIS_LOOP_311_2_VITIS_LOOP_312_3_VITIS_LOOP_313_4     |        0|    0|    134|    295|    0|
    |grp_main_graph_Pipeline_VITIS_LOOP_332_2_VITIS_LOOP_333_3_VITIS_LOOP_334_4_fu_740     |main_graph_Pipeline_VITIS_LOOP_332_2_VITIS_LOOP_333_3_VITIS_LOOP_334_4     |        0|    0|     51|    263|    0|
    |grp_main_graph_Pipeline_VITIS_LOOP_342_6_VITIS_LOOP_343_7_VITIS_LOOP_344_8_fu_898     |main_graph_Pipeline_VITIS_LOOP_342_6_VITIS_LOOP_343_7_VITIS_LOOP_344_8     |        0|  240|  22223|  14891|    0|
    |grp_main_graph_Pipeline_VITIS_LOOP_390_2_VITIS_LOOP_391_3_fu_726                      |main_graph_Pipeline_VITIS_LOOP_390_2_VITIS_LOOP_391_3                      |        0|    0|     61|    206|    0|
    |grp_main_graph_Pipeline_VITIS_LOOP_403_5_VITIS_LOOP_404_6_fu_734                      |main_graph_Pipeline_VITIS_LOOP_403_5_VITIS_LOOP_404_6                      |        0|    0|     31|    188|    0|
    |grp_main_graph_Pipeline_VITIS_LOOP_410_8_VITIS_LOOP_411_9_VITIS_LOOP_412_10_fu_822    |main_graph_Pipeline_VITIS_LOOP_410_8_VITIS_LOOP_411_9_VITIS_LOOP_412_10    |        0|    0|    488|    596|    0|
    |grp_main_graph_Pipeline_VITIS_LOOP_424_12_VITIS_LOOP_425_13_fu_836                    |main_graph_Pipeline_VITIS_LOOP_424_12_VITIS_LOOP_425_13                    |        0|    0|    282|    263|    0|
    |grp_main_graph_Pipeline_VITIS_LOOP_449_2_VITIS_LOOP_450_3_fu_712                      |main_graph_Pipeline_VITIS_LOOP_449_2_VITIS_LOOP_450_3                      |        0|    0|     61|    206|    0|
    |grp_main_graph_Pipeline_VITIS_LOOP_462_5_VITIS_LOOP_463_6_fu_720                      |main_graph_Pipeline_VITIS_LOOP_462_5_VITIS_LOOP_463_6                      |        0|    0|     31|    188|    0|
    |grp_main_graph_Pipeline_VITIS_LOOP_469_8_VITIS_LOOP_470_9_VITIS_LOOP_471_10_fu_829    |main_graph_Pipeline_VITIS_LOOP_469_8_VITIS_LOOP_470_9_VITIS_LOOP_471_10    |        0|    0|    488|    596|    0|
    |grp_main_graph_Pipeline_VITIS_LOOP_483_12_VITIS_LOOP_484_13_fu_859                    |main_graph_Pipeline_VITIS_LOOP_483_12_VITIS_LOOP_484_13                    |        0|    0|    377|    295|    0|
    |grp_main_graph_Pipeline_VITIS_LOOP_502_2_VITIS_LOOP_503_3_fu_810                      |main_graph_Pipeline_VITIS_LOOP_502_2_VITIS_LOOP_503_3                      |        0|    0|     45|    199|    0|
    |grp_main_graph_Pipeline_VITIS_LOOP_510_5_VITIS_LOOP_511_6_fu_816                      |main_graph_Pipeline_VITIS_LOOP_510_5_VITIS_LOOP_511_6                      |        0|    0|     45|    199|    0|
    |grp_main_graph_Pipeline_VITIS_LOOP_529_2_VITIS_LOOP_530_3_fu_690                      |main_graph_Pipeline_VITIS_LOOP_529_2_VITIS_LOOP_530_3                      |        0|    0|     45|    199|    0|
    |grp_main_graph_Pipeline_VITIS_LOOP_542_5_VITIS_LOOP_543_6_fu_698                      |main_graph_Pipeline_VITIS_LOOP_542_5_VITIS_LOOP_543_6                      |        0|    0|     61|    206|    0|
    |grp_main_graph_Pipeline_VITIS_LOOP_555_8_VITIS_LOOP_556_9_fu_706                      |main_graph_Pipeline_VITIS_LOOP_555_8_VITIS_LOOP_556_9                      |        0|    0|     31|    188|    0|
    |grp_main_graph_Pipeline_VITIS_LOOP_562_11_VITIS_LOOP_563_12_VITIS_LOOP_564_13_fu_764  |main_graph_Pipeline_VITIS_LOOP_562_11_VITIS_LOOP_563_12_VITIS_LOOP_564_13  |        0|    0|    488|    596|    0|
    |grp_main_graph_Pipeline_VITIS_LOOP_576_15_VITIS_LOOP_577_16_fu_771                    |main_graph_Pipeline_VITIS_LOOP_576_15_VITIS_LOOP_577_16                    |        0|    0|    377|    295|    0|
    |grp_main_graph_node0_fu_1129                                                          |main_graph_node0                                                           |      560|    0|    943|   2039|    0|
    +--------------------------------------------------------------------------------------+---------------------------------------------------------------------------+---------+-----+-------+-------+-----+
    |Total                                                                                 |                                                                           |      560|  327|  38322|  32511|    0|
    +--------------------------------------------------------------------------------------+---------------------------------------------------------------------------+---------+-----+-------+-------+-----+

    * DSP: 
    N/A

    * Memory: 
    +-----------+----------------------------------------+---------+---+----+-----+--------+-----+------+-------------+
    |   Memory  |                 Module                 | BRAM_18K| FF| LUT| URAM|  Words | Bits| Banks| W*Bits*Banks|
    +-----------+----------------------------------------+---------+---+----+-----+--------+-----+------+-------------+
    |v165_U     |main_graph_node0_v15_RAM_T2P_BRAM_1R1W  |      512|  0|   0|    0|  262144|   32|     1|      8388608|
    |v193_U     |main_graph_node0_v15_RAM_T2P_BRAM_1R1W  |      512|  0|   0|    0|  262144|   32|     1|      8388608|
    |v237_U     |main_graph_node0_v15_RAM_T2P_BRAM_1R1W  |      512|  0|   0|    0|  262144|   32|     1|      8388608|
    |v170_U     |main_graph_node0_v4_RAM_T2P_BRAM_1R1W   |       16|  0|   0|    0|    8192|   32|     1|       262144|
    |v198_U     |main_graph_node0_v4_RAM_T2P_BRAM_1R1W   |       16|  0|   0|    0|    8192|   32|     1|       262144|
    |v242_U     |main_graph_node0_v4_RAM_T2P_BRAM_1R1W   |       16|  0|   0|    0|    8192|   32|     1|       262144|
    |v272_U     |main_graph_node0_v4_RAM_T2P_BRAM_1R1W   |       16|  0|   0|    0|    8192|   32|     1|       262144|
    |v273_U     |main_graph_node0_v4_RAM_T2P_BRAM_1R1W   |       16|  0|   0|    0|    8192|   32|     1|       262144|
    |v274_U     |main_graph_node0_v4_RAM_T2P_BRAM_1R1W   |       16|  0|   0|    0|    8192|   32|     1|       262144|
    |v271_U     |v271_RAM_T2P_BRAM_1R1W                  |        1|  0|   0|    0|     256|   32|     1|         8192|
    |v271_32_U  |v271_RAM_T2P_BRAM_1R1W                  |        1|  0|   0|    0|     256|   32|     1|         8192|
    |v271_33_U  |v271_RAM_T2P_BRAM_1R1W                  |        1|  0|   0|    0|     256|   32|     1|         8192|
    |v271_34_U  |v271_RAM_T2P_BRAM_1R1W                  |        1|  0|   0|    0|     256|   32|     1|         8192|
    |v271_35_U  |v271_RAM_T2P_BRAM_1R1W                  |        1|  0|   0|    0|     256|   32|     1|         8192|
    |v271_36_U  |v271_RAM_T2P_BRAM_1R1W                  |        1|  0|   0|    0|     256|   32|     1|         8192|
    |v271_37_U  |v271_RAM_T2P_BRAM_1R1W                  |        1|  0|   0|    0|     256|   32|     1|         8192|
    |v271_38_U  |v271_RAM_T2P_BRAM_1R1W                  |        1|  0|   0|    0|     256|   32|     1|         8192|
    |v271_39_U  |v271_RAM_T2P_BRAM_1R1W                  |        1|  0|   0|    0|     256|   32|     1|         8192|
    |v271_40_U  |v271_RAM_T2P_BRAM_1R1W                  |        1|  0|   0|    0|     256|   32|     1|         8192|
    |v271_41_U  |v271_RAM_T2P_BRAM_1R1W                  |        1|  0|   0|    0|     256|   32|     1|         8192|
    |v271_42_U  |v271_RAM_T2P_BRAM_1R1W                  |        1|  0|   0|    0|     256|   32|     1|         8192|
    |v271_43_U  |v271_RAM_T2P_BRAM_1R1W                  |        1|  0|   0|    0|     256|   32|     1|         8192|
    |v271_44_U  |v271_RAM_T2P_BRAM_1R1W                  |        1|  0|   0|    0|     256|   32|     1|         8192|
    |v271_45_U  |v271_RAM_T2P_BRAM_1R1W                  |        1|  0|   0|    0|     256|   32|     1|         8192|
    |v271_46_U  |v271_RAM_T2P_BRAM_1R1W                  |        1|  0|   0|    0|     256|   32|     1|         8192|
    |v271_47_U  |v271_RAM_T2P_BRAM_1R1W                  |        1|  0|   0|    0|     256|   32|     1|         8192|
    |v271_48_U  |v271_RAM_T2P_BRAM_1R1W                  |        1|  0|   0|    0|     256|   32|     1|         8192|
    |v271_49_U  |v271_RAM_T2P_BRAM_1R1W                  |        1|  0|   0|    0|     256|   32|     1|         8192|
    |v271_50_U  |v271_RAM_T2P_BRAM_1R1W                  |        1|  0|   0|    0|     256|   32|     1|         8192|
    |v271_51_U  |v271_RAM_T2P_BRAM_1R1W                  |        1|  0|   0|    0|     256|   32|     1|         8192|
    |v271_52_U  |v271_RAM_T2P_BRAM_1R1W                  |        1|  0|   0|    0|     256|   32|     1|         8192|
    |v271_53_U  |v271_RAM_T2P_BRAM_1R1W                  |        1|  0|   0|    0|     256|   32|     1|         8192|
    |v271_54_U  |v271_RAM_T2P_BRAM_1R1W                  |        1|  0|   0|    0|     256|   32|     1|         8192|
    |v271_55_U  |v271_RAM_T2P_BRAM_1R1W                  |        1|  0|   0|    0|     256|   32|     1|         8192|
    |v271_56_U  |v271_RAM_T2P_BRAM_1R1W                  |        1|  0|   0|    0|     256|   32|     1|         8192|
    |v271_57_U  |v271_RAM_T2P_BRAM_1R1W                  |        1|  0|   0|    0|     256|   32|     1|         8192|
    |v271_58_U  |v271_RAM_T2P_BRAM_1R1W                  |        1|  0|   0|    0|     256|   32|     1|         8192|
    |v271_59_U  |v271_RAM_T2P_BRAM_1R1W                  |        1|  0|   0|    0|     256|   32|     1|         8192|
    |v271_60_U  |v271_RAM_T2P_BRAM_1R1W                  |        1|  0|   0|    0|     256|   32|     1|         8192|
    |v271_61_U  |v271_RAM_T2P_BRAM_1R1W                  |        1|  0|   0|    0|     256|   32|     1|         8192|
    |v271_62_U  |v271_RAM_T2P_BRAM_1R1W                  |        1|  0|   0|    0|     256|   32|     1|         8192|
    |v275_U     |v271_RAM_T2P_BRAM_1R1W                  |        1|  0|   0|    0|     256|   32|     1|         8192|
    |v275_32_U  |v271_RAM_T2P_BRAM_1R1W                  |        1|  0|   0|    0|     256|   32|     1|         8192|
    |v275_33_U  |v271_RAM_T2P_BRAM_1R1W                  |        1|  0|   0|    0|     256|   32|     1|         8192|
    |v275_34_U  |v271_RAM_T2P_BRAM_1R1W                  |        1|  0|   0|    0|     256|   32|     1|         8192|
    |v275_35_U  |v271_RAM_T2P_BRAM_1R1W                  |        1|  0|   0|    0|     256|   32|     1|         8192|
    |v275_36_U  |v271_RAM_T2P_BRAM_1R1W                  |        1|  0|   0|    0|     256|   32|     1|         8192|
    |v275_37_U  |v271_RAM_T2P_BRAM_1R1W                  |        1|  0|   0|    0|     256|   32|     1|         8192|
    |v275_38_U  |v271_RAM_T2P_BRAM_1R1W                  |        1|  0|   0|    0|     256|   32|     1|         8192|
    |v275_39_U  |v271_RAM_T2P_BRAM_1R1W                  |        1|  0|   0|    0|     256|   32|     1|         8192|
    |v275_40_U  |v271_RAM_T2P_BRAM_1R1W                  |        1|  0|   0|    0|     256|   32|     1|         8192|
    |v275_41_U  |v271_RAM_T2P_BRAM_1R1W                  |        1|  0|   0|    0|     256|   32|     1|         8192|
    |v275_42_U  |v271_RAM_T2P_BRAM_1R1W                  |        1|  0|   0|    0|     256|   32|     1|         8192|
    |v275_43_U  |v271_RAM_T2P_BRAM_1R1W                  |        1|  0|   0|    0|     256|   32|     1|         8192|
    |v275_44_U  |v271_RAM_T2P_BRAM_1R1W                  |        1|  0|   0|    0|     256|   32|     1|         8192|
    |v275_45_U  |v271_RAM_T2P_BRAM_1R1W                  |        1|  0|   0|    0|     256|   32|     1|         8192|
    |v275_46_U  |v271_RAM_T2P_BRAM_1R1W                  |        1|  0|   0|    0|     256|   32|     1|         8192|
    |v275_47_U  |v271_RAM_T2P_BRAM_1R1W                  |        1|  0|   0|    0|     256|   32|     1|         8192|
    |v275_48_U  |v271_RAM_T2P_BRAM_1R1W                  |        1|  0|   0|    0|     256|   32|     1|         8192|
    |v275_49_U  |v271_RAM_T2P_BRAM_1R1W                  |        1|  0|   0|    0|     256|   32|     1|         8192|
    |v275_50_U  |v271_RAM_T2P_BRAM_1R1W                  |        1|  0|   0|    0|     256|   32|     1|         8192|
    |v275_51_U  |v271_RAM_T2P_BRAM_1R1W                  |        1|  0|   0|    0|     256|   32|     1|         8192|
    |v275_52_U  |v271_RAM_T2P_BRAM_1R1W                  |        1|  0|   0|    0|     256|   32|     1|         8192|
    |v275_53_U  |v271_RAM_T2P_BRAM_1R1W                  |        1|  0|   0|    0|     256|   32|     1|         8192|
    |v275_54_U  |v271_RAM_T2P_BRAM_1R1W                  |        1|  0|   0|    0|     256|   32|     1|         8192|
    |v275_55_U  |v271_RAM_T2P_BRAM_1R1W                  |        1|  0|   0|    0|     256|   32|     1|         8192|
    |v275_56_U  |v271_RAM_T2P_BRAM_1R1W                  |        1|  0|   0|    0|     256|   32|     1|         8192|
    |v275_57_U  |v271_RAM_T2P_BRAM_1R1W                  |        1|  0|   0|    0|     256|   32|     1|         8192|
    |v275_58_U  |v271_RAM_T2P_BRAM_1R1W                  |        1|  0|   0|    0|     256|   32|     1|         8192|
    |v275_59_U  |v271_RAM_T2P_BRAM_1R1W                  |        1|  0|   0|    0|     256|   32|     1|         8192|
    |v275_60_U  |v271_RAM_T2P_BRAM_1R1W                  |        1|  0|   0|    0|     256|   32|     1|         8192|
    |v275_61_U  |v271_RAM_T2P_BRAM_1R1W                  |        1|  0|   0|    0|     256|   32|     1|         8192|
    |v275_62_U  |v271_RAM_T2P_BRAM_1R1W                  |        1|  0|   0|    0|     256|   32|     1|         8192|
    |v276_U     |v276_RAM_T2P_BRAM_1R1W                  |        1|  0|   0|    0|     512|   32|     1|        16384|
    |v276_16_U  |v276_RAM_T2P_BRAM_1R1W                  |        1|  0|   0|    0|     512|   32|     1|        16384|
    |v276_17_U  |v276_RAM_T2P_BRAM_1R1W                  |        1|  0|   0|    0|     512|   32|     1|        16384|
    |v276_18_U  |v276_RAM_T2P_BRAM_1R1W                  |        1|  0|   0|    0|     512|   32|     1|        16384|
    |v276_19_U  |v276_RAM_T2P_BRAM_1R1W                  |        1|  0|   0|    0|     512|   32|     1|        16384|
    |v276_20_U  |v276_RAM_T2P_BRAM_1R1W                  |        1|  0|   0|    0|     512|   32|     1|        16384|
    |v276_21_U  |v276_RAM_T2P_BRAM_1R1W                  |        1|  0|   0|    0|     512|   32|     1|        16384|
    |v276_22_U  |v276_RAM_T2P_BRAM_1R1W                  |        1|  0|   0|    0|     512|   32|     1|        16384|
    |v276_23_U  |v276_RAM_T2P_BRAM_1R1W                  |        1|  0|   0|    0|     512|   32|     1|        16384|
    |v276_24_U  |v276_RAM_T2P_BRAM_1R1W                  |        1|  0|   0|    0|     512|   32|     1|        16384|
    |v276_25_U  |v276_RAM_T2P_BRAM_1R1W                  |        1|  0|   0|    0|     512|   32|     1|        16384|
    |v276_26_U  |v276_RAM_T2P_BRAM_1R1W                  |        1|  0|   0|    0|     512|   32|     1|        16384|
    |v276_27_U  |v276_RAM_T2P_BRAM_1R1W                  |        1|  0|   0|    0|     512|   32|     1|        16384|
    |v276_28_U  |v276_RAM_T2P_BRAM_1R1W                  |        1|  0|   0|    0|     512|   32|     1|        16384|
    |v276_29_U  |v276_RAM_T2P_BRAM_1R1W                  |        1|  0|   0|    0|     512|   32|     1|        16384|
    |v276_30_U  |v276_RAM_T2P_BRAM_1R1W                  |        1|  0|   0|    0|     512|   32|     1|        16384|
    |v278_U     |v278_RAM_T2P_BRAM_1R1W                  |        4|  0|   0|    0|    2048|   32|     1|        65536|
    |v279_U     |v279_RAM_T2P_BRAM_1R1W                  |        4|  0|   0|    0|    2048|   32|     1|        65536|
    |v280_U     |v279_RAM_T2P_BRAM_1R1W                  |        4|  0|   0|    0|    2048|   32|     1|        65536|
    |v283_U     |v279_RAM_T2P_BRAM_1R1W                  |        4|  0|   0|    0|    2048|   32|     1|        65536|
    |v281_U     |v281_RAM_T2P_BRAM_1R1W                  |        1|  0|   0|    0|     128|   32|     1|         4096|
    |v281_16_U  |v281_RAM_T2P_BRAM_1R1W                  |        1|  0|   0|    0|     128|   32|     1|         4096|
    |v281_17_U  |v281_RAM_T2P_BRAM_1R1W                  |        1|  0|   0|    0|     128|   32|     1|         4096|
    |v281_18_U  |v281_RAM_T2P_BRAM_1R1W                  |        1|  0|   0|    0|     128|   32|     1|         4096|
    |v281_19_U  |v281_RAM_T2P_BRAM_1R1W                  |        1|  0|   0|    0|     128|   32|     1|         4096|
    |v281_20_U  |v281_RAM_T2P_BRAM_1R1W                  |        1|  0|   0|    0|     128|   32|     1|         4096|
    |v281_21_U  |v281_RAM_T2P_BRAM_1R1W                  |        1|  0|   0|    0|     128|   32|     1|         4096|
    |v281_22_U  |v281_RAM_T2P_BRAM_1R1W                  |        1|  0|   0|    0|     128|   32|     1|         4096|
    |v281_23_U  |v281_RAM_T2P_BRAM_1R1W                  |        1|  0|   0|    0|     128|   32|     1|         4096|
    |v281_24_U  |v281_RAM_T2P_BRAM_1R1W                  |        1|  0|   0|    0|     128|   32|     1|         4096|
    |v281_25_U  |v281_RAM_T2P_BRAM_1R1W                  |        1|  0|   0|    0|     128|   32|     1|         4096|
    |v281_26_U  |v281_RAM_T2P_BRAM_1R1W                  |        1|  0|   0|    0|     128|   32|     1|         4096|
    |v281_27_U  |v281_RAM_T2P_BRAM_1R1W                  |        1|  0|   0|    0|     128|   32|     1|         4096|
    |v281_28_U  |v281_RAM_T2P_BRAM_1R1W                  |        1|  0|   0|    0|     128|   32|     1|         4096|
    |v281_29_U  |v281_RAM_T2P_BRAM_1R1W                  |        1|  0|   0|    0|     128|   32|     1|         4096|
    |v281_30_U  |v281_RAM_T2P_BRAM_1R1W                  |        1|  0|   0|    0|     128|   32|     1|         4096|
    |v284_U     |v281_RAM_T2P_BRAM_1R1W                  |        1|  0|   0|    0|     128|   32|     1|         4096|
    |v284_16_U  |v281_RAM_T2P_BRAM_1R1W                  |        1|  0|   0|    0|     128|   32|     1|         4096|
    |v284_17_U  |v281_RAM_T2P_BRAM_1R1W                  |        1|  0|   0|    0|     128|   32|     1|         4096|
    |v284_18_U  |v281_RAM_T2P_BRAM_1R1W                  |        1|  0|   0|    0|     128|   32|     1|         4096|
    |v284_19_U  |v281_RAM_T2P_BRAM_1R1W                  |        1|  0|   0|    0|     128|   32|     1|         4096|
    |v284_20_U  |v281_RAM_T2P_BRAM_1R1W                  |        1|  0|   0|    0|     128|   32|     1|         4096|
    |v284_21_U  |v281_RAM_T2P_BRAM_1R1W                  |        1|  0|   0|    0|     128|   32|     1|         4096|
    |v284_22_U  |v281_RAM_T2P_BRAM_1R1W                  |        1|  0|   0|    0|     128|   32|     1|         4096|
    |v284_23_U  |v281_RAM_T2P_BRAM_1R1W                  |        1|  0|   0|    0|     128|   32|     1|         4096|
    |v284_24_U  |v281_RAM_T2P_BRAM_1R1W                  |        1|  0|   0|    0|     128|   32|     1|         4096|
    |v284_25_U  |v281_RAM_T2P_BRAM_1R1W                  |        1|  0|   0|    0|     128|   32|     1|         4096|
    |v284_26_U  |v281_RAM_T2P_BRAM_1R1W                  |        1|  0|   0|    0|     128|   32|     1|         4096|
    |v284_27_U  |v281_RAM_T2P_BRAM_1R1W                  |        1|  0|   0|    0|     128|   32|     1|         4096|
    |v284_28_U  |v281_RAM_T2P_BRAM_1R1W                  |        1|  0|   0|    0|     128|   32|     1|         4096|
    |v284_29_U  |v281_RAM_T2P_BRAM_1R1W                  |        1|  0|   0|    0|     128|   32|     1|         4096|
    |v284_30_U  |v281_RAM_T2P_BRAM_1R1W                  |        1|  0|   0|    0|     128|   32|     1|         4096|
    |v285_U     |v281_RAM_T2P_BRAM_1R1W                  |        1|  0|   0|    0|     128|   32|     1|         4096|
    |v285_16_U  |v281_RAM_T2P_BRAM_1R1W                  |        1|  0|   0|    0|     128|   32|     1|         4096|
    |v285_17_U  |v281_RAM_T2P_BRAM_1R1W                  |        1|  0|   0|    0|     128|   32|     1|         4096|
    |v285_18_U  |v281_RAM_T2P_BRAM_1R1W                  |        1|  0|   0|    0|     128|   32|     1|         4096|
    |v285_19_U  |v281_RAM_T2P_BRAM_1R1W                  |        1|  0|   0|    0|     128|   32|     1|         4096|
    |v285_20_U  |v281_RAM_T2P_BRAM_1R1W                  |        1|  0|   0|    0|     128|   32|     1|         4096|
    |v285_21_U  |v281_RAM_T2P_BRAM_1R1W                  |        1|  0|   0|    0|     128|   32|     1|         4096|
    |v285_22_U  |v281_RAM_T2P_BRAM_1R1W                  |        1|  0|   0|    0|     128|   32|     1|         4096|
    |v285_23_U  |v281_RAM_T2P_BRAM_1R1W                  |        1|  0|   0|    0|     128|   32|     1|         4096|
    |v285_24_U  |v281_RAM_T2P_BRAM_1R1W                  |        1|  0|   0|    0|     128|   32|     1|         4096|
    |v285_25_U  |v281_RAM_T2P_BRAM_1R1W                  |        1|  0|   0|    0|     128|   32|     1|         4096|
    |v285_26_U  |v281_RAM_T2P_BRAM_1R1W                  |        1|  0|   0|    0|     128|   32|     1|         4096|
    |v285_27_U  |v281_RAM_T2P_BRAM_1R1W                  |        1|  0|   0|    0|     128|   32|     1|         4096|
    |v285_28_U  |v281_RAM_T2P_BRAM_1R1W                  |        1|  0|   0|    0|     128|   32|     1|         4096|
    |v285_29_U  |v281_RAM_T2P_BRAM_1R1W                  |        1|  0|   0|    0|     128|   32|     1|         4096|
    |v285_30_U  |v281_RAM_T2P_BRAM_1R1W                  |        1|  0|   0|    0|     128|   32|     1|         4096|
    |v282_U     |v282_RAM_T2P_BRAM_1R1W                  |        1|  0|   0|    0|     128|   32|     1|         4096|
    |v286_U     |v282_RAM_T2P_BRAM_1R1W                  |        1|  0|   0|    0|     128|   32|     1|         4096|
    |v288_U     |v288_RAM_T2P_BRAM_1R1W                  |       16|  0|   0|    0|    8192|   32|     1|       262144|
    +-----------+----------------------------------------+---------+---+----+-----+--------+-----+------+-------------+
    |Total      |                                        |     1794|  0|   0|    0|  882944| 4608|   144|     28254208|
    +-----------+----------------------------------------+---------+---+----+-----+--------+-----+------+-------------+

    * FIFO: 
    N/A

    * Expression: 
    +----------------------------------+----------+----+---+----+------------+------------+
    |           Variable Name          | Operation| DSP| FF| LUT| Bitwidth P0| Bitwidth P1|
    +----------------------------------+----------+----+---+----+------------+------------+
    |ap_block_state10_on_subcall_done  |        or|   0|  0|   2|           1|           1|
    |ap_block_state2_on_subcall_done   |        or|   0|  0|   2|           1|           1|
    |ap_block_state6_on_subcall_done   |        or|   0|  0|   2|           1|           1|
    |ap_block_state8_on_subcall_done   |        or|   0|  0|   2|           1|           1|
    +----------------------------------+----------+----+---+----+------------+------------+
    |Total                             |          |   0|  0|   8|           4|           4|
    +----------------------------------+----------+----+---+----+------------+------------+

    * Multiplexer: 
    +--------------------+-----+-----------+-----+-----------+
    |        Name        | LUT | Input Size| Bits| Total Bits|
    +--------------------+-----+-----------+-----+-----------+
    |ap_NS_fsm           |  159|         35|    1|         35|
    |grp_fu_1140_ce      |   59|         11|    1|         11|
    |grp_fu_1140_opcode  |   59|         11|    2|         22|
    |grp_fu_1140_p0      |   59|         11|   32|        352|
    |grp_fu_1140_p1      |   59|         11|   32|        352|
    |grp_fu_1144_ce      |   43|          8|    1|          8|
    |grp_fu_1144_p0      |   43|          8|   32|        256|
    |grp_fu_1144_p1      |   43|          8|   32|        256|
    |grp_fu_1148_ce      |   26|          5|    1|          5|
    |grp_fu_1148_p0      |   26|          5|   32|        160|
    |grp_fu_1148_p1      |   26|          5|   32|        160|
    |grp_fu_1152_ce      |   20|          4|    1|          4|
    |grp_fu_1152_p0      |   20|          4|   32|        128|
    |grp_fu_1152_p1      |   20|          4|   32|        128|
    |grp_fu_1156_ce      |   20|          4|    1|          4|
    |grp_fu_1156_p0      |   20|          4|   32|        128|
    |grp_fu_1156_p1      |   20|          4|   32|        128|
    |grp_fu_1160_ce      |   20|          4|    1|          4|
    |grp_fu_1160_p0      |   20|          4|   32|        128|
    |grp_fu_1160_p1      |   20|          4|   32|        128|
    |grp_fu_1164_ce      |   20|          4|    1|          4|
    |grp_fu_1164_p0      |   20|          4|   32|        128|
    |grp_fu_1164_p1      |   20|          4|   32|        128|
    |grp_fu_1168_ce      |   20|          4|    1|          4|
    |grp_fu_1168_p0      |   20|          4|   32|        128|
    |grp_fu_1168_p1      |   20|          4|   32|        128|
    |grp_fu_1172_ce      |   20|          4|    1|          4|
    |grp_fu_1172_p0      |   20|          4|   32|        128|
    |grp_fu_1172_p1      |   20|          4|   32|        128|
    |grp_fu_1176_ce      |   20|          4|    1|          4|
    |grp_fu_1176_p0      |   20|          4|   32|        128|
    |grp_fu_1176_p1      |   20|          4|   32|        128|
    |grp_fu_1180_ce      |   20|          4|    1|          4|
    |grp_fu_1180_p0      |   20|          4|   32|        128|
    |grp_fu_1180_p1      |   20|          4|   32|        128|
    |grp_fu_1184_ce      |   20|          4|    1|          4|
    |grp_fu_1184_p0      |   20|          4|   32|        128|
    |grp_fu_1184_p1      |   20|          4|   32|        128|
    |grp_fu_1188_ce      |   20|          4|    1|          4|
    |grp_fu_1188_p0      |   20|          4|   32|        128|
    |grp_fu_1188_p1      |   20|          4|   32|        128|
    |grp_fu_1192_ce      |   20|          4|    1|          4|
    |grp_fu_1192_p0      |   20|          4|   32|        128|
    |grp_fu_1192_p1      |   20|          4|   32|        128|
    |grp_fu_1196_ce      |   20|          4|    1|          4|
    |grp_fu_1196_p0      |   20|          4|   32|        128|
    |grp_fu_1196_p1      |   20|          4|   32|        128|
    |grp_fu_1200_ce      |   20|          4|    1|          4|
    |grp_fu_1200_p0      |   20|          4|   32|        128|
    |grp_fu_1200_p1      |   20|          4|   32|        128|
    |grp_fu_1204_ce      |   20|          4|    1|          4|
    |grp_fu_1204_p0      |   20|          4|   32|        128|
    |grp_fu_1204_p1      |   20|          4|   32|        128|
    |grp_fu_1208_ce      |   14|          3|    1|          3|
    |grp_fu_1208_p0      |   14|          3|   32|         96|
    |grp_fu_1208_p1      |   14|          3|   32|         96|
    |grp_fu_1212_ce      |   14|          3|    1|          3|
    |grp_fu_1212_p0      |   14|          3|   32|         96|
    |grp_fu_1212_p1      |   14|          3|   32|         96|
    |grp_fu_1216_ce      |   14|          3|    1|          3|
    |grp_fu_1216_p0      |   14|          3|   32|         96|
    |grp_fu_1216_p1      |   14|          3|   32|         96|
    |grp_fu_1220_ce      |   14|          3|    1|          3|
    |grp_fu_1220_p0      |   14|          3|   32|         96|
    |grp_fu_1220_p1      |   14|          3|   32|         96|
    |grp_fu_1224_ce      |   14|          3|    1|          3|
    |grp_fu_1224_p0      |   14|          3|   32|         96|
    |grp_fu_1224_p1      |   14|          3|   32|         96|
    |grp_fu_1228_ce      |   14|          3|    1|          3|
    |grp_fu_1228_p0      |   14|          3|   32|         96|
    |grp_fu_1228_p1      |   14|          3|   32|         96|
    |grp_fu_1232_ce      |   14|          3|    1|          3|
    |grp_fu_1232_p0      |   14|          3|   32|         96|
    |grp_fu_1232_p1      |   14|          3|   32|         96|
    |grp_fu_1236_ce      |   14|          3|    1|          3|
    |grp_fu_1236_p0      |   14|          3|   32|         96|
    |grp_fu_1236_p1      |   14|          3|   32|         96|
    |grp_fu_1240_ce      |   14|          3|    1|          3|
    |grp_fu_1240_p0      |   14|          3|   32|         96|
    |grp_fu_1240_p1      |   14|          3|   32|         96|
    |grp_fu_1244_ce      |   14|          3|    1|          3|
    |grp_fu_1244_p0      |   14|          3|   32|         96|
    |grp_fu_1244_p1      |   14|          3|   32|         96|
    |grp_fu_1248_ce      |   14|          3|    1|          3|
    |grp_fu_1248_p0      |   14|          3|   32|         96|
    |grp_fu_1248_p1      |   14|          3|   32|         96|
    |grp_fu_1252_ce      |   14|          3|    1|          3|
    |grp_fu_1252_p0      |   14|          3|   32|         96|
    |grp_fu_1252_p1      |   14|          3|   32|         96|
    |grp_fu_1256_ce      |   14|          3|    1|          3|
    |grp_fu_1256_p0      |   14|          3|   32|         96|
    |grp_fu_1256_p1      |   14|          3|   32|         96|
    |grp_fu_1260_ce      |   14|          3|    1|          3|
    |grp_fu_1260_p0      |   14|          3|   32|         96|
    |grp_fu_1260_p1      |   14|          3|   32|         96|
    |grp_fu_1264_ce      |   14|          3|    1|          3|
    |grp_fu_1264_p0      |   14|          3|   32|         96|
    |grp_fu_1264_p1      |   14|          3|   32|         96|
    |v165_address0       |   14|          3|   18|         54|
    |v165_ce0            |   14|          3|    1|          3|
    |v165_we0            |    9|          2|    1|          2|
    |v170_address0       |   20|          4|   13|         52|
    |v170_ce0            |   20|          4|    1|          4|
    |v170_d0             |   14|          3|   32|         96|
    |v170_we0            |   14|          3|    1|          3|
    |v193_address0       |   14|          3|   18|         54|
    |v193_ce0            |   14|          3|    1|          3|
    |v193_we0            |    9|          2|    1|          2|
    |v198_address0       |   20|          4|   13|         52|
    |v198_ce0            |   20|          4|    1|          4|
    |v198_d0             |   14|          3|   32|         96|
    |v198_we0            |   14|          3|    1|          3|
    |v237_address0       |   14|          3|   18|         54|
    |v237_ce0            |   14|          3|    1|          3|
    |v237_we0            |    9|          2|    1|          2|
    |v242_address0       |   20|          4|   13|         52|
    |v242_ce0            |   20|          4|    1|          4|
    |v242_d0             |   14|          3|   32|         96|
    |v242_we0            |   14|          3|    1|          3|
    |v271_32_address0    |   14|          3|    8|         24|
    |v271_32_ce0         |   14|          3|    1|          3|
    |v271_32_ce1         |    9|          2|    1|          2|
    |v271_32_we0         |    9|          2|    1|          2|
    |v271_33_address0    |   14|          3|    8|         24|
    |v271_33_ce0         |   14|          3|    1|          3|
    |v271_33_ce1         |    9|          2|    1|          2|
    |v271_33_we0         |    9|          2|    1|          2|
    |v271_34_address0    |   14|          3|    8|         24|
    |v271_34_ce0         |   14|          3|    1|          3|
    |v271_34_ce1         |    9|          2|    1|          2|
    |v271_34_we0         |    9|          2|    1|          2|
    |v271_35_address0    |   14|          3|    8|         24|
    |v271_35_ce0         |   14|          3|    1|          3|
    |v271_35_ce1         |    9|          2|    1|          2|
    |v271_35_we0         |    9|          2|    1|          2|
    |v271_36_address0    |   14|          3|    8|         24|
    |v271_36_ce0         |   14|          3|    1|          3|
    |v271_36_ce1         |    9|          2|    1|          2|
    |v271_36_we0         |    9|          2|    1|          2|
    |v271_37_address0    |   14|          3|    8|         24|
    |v271_37_ce0         |   14|          3|    1|          3|
    |v271_37_ce1         |    9|          2|    1|          2|
    |v271_37_we0         |    9|          2|    1|          2|
    |v271_38_address0    |   14|          3|    8|         24|
    |v271_38_ce0         |   14|          3|    1|          3|
    |v271_38_ce1         |    9|          2|    1|          2|
    |v271_38_we0         |    9|          2|    1|          2|
    |v271_39_address0    |   14|          3|    8|         24|
    |v271_39_ce0         |   14|          3|    1|          3|
    |v271_39_ce1         |    9|          2|    1|          2|
    |v271_39_we0         |    9|          2|    1|          2|
    |v271_40_address0    |   14|          3|    8|         24|
    |v271_40_ce0         |   14|          3|    1|          3|
    |v271_40_ce1         |    9|          2|    1|          2|
    |v271_40_we0         |    9|          2|    1|          2|
    |v271_41_address0    |   14|          3|    8|         24|
    |v271_41_ce0         |   14|          3|    1|          3|
    |v271_41_ce1         |    9|          2|    1|          2|
    |v271_41_we0         |    9|          2|    1|          2|
    |v271_42_address0    |   14|          3|    8|         24|
    |v271_42_ce0         |   14|          3|    1|          3|
    |v271_42_ce1         |    9|          2|    1|          2|
    |v271_42_we0         |    9|          2|    1|          2|
    |v271_43_address0    |   14|          3|    8|         24|
    |v271_43_ce0         |   14|          3|    1|          3|
    |v271_43_ce1         |    9|          2|    1|          2|
    |v271_43_we0         |    9|          2|    1|          2|
    |v271_44_address0    |   14|          3|    8|         24|
    |v271_44_ce0         |   14|          3|    1|          3|
    |v271_44_ce1         |    9|          2|    1|          2|
    |v271_44_we0         |    9|          2|    1|          2|
    |v271_45_address0    |   14|          3|    8|         24|
    |v271_45_ce0         |   14|          3|    1|          3|
    |v271_45_ce1         |    9|          2|    1|          2|
    |v271_45_we0         |    9|          2|    1|          2|
    |v271_46_address0    |   14|          3|    8|         24|
    |v271_46_ce0         |   14|          3|    1|          3|
    |v271_46_ce1         |    9|          2|    1|          2|
    |v271_46_we0         |    9|          2|    1|          2|
    |v271_47_address0    |   14|          3|    8|         24|
    |v271_47_ce0         |   14|          3|    1|          3|
    |v271_47_ce1         |    9|          2|    1|          2|
    |v271_47_we0         |    9|          2|    1|          2|
    |v271_48_address0    |   14|          3|    8|         24|
    |v271_48_ce0         |   14|          3|    1|          3|
    |v271_48_ce1         |    9|          2|    1|          2|
    |v271_48_we0         |    9|          2|    1|          2|
    |v271_49_address0    |   14|          3|    8|         24|
    |v271_49_ce0         |   14|          3|    1|          3|
    |v271_49_ce1         |    9|          2|    1|          2|
    |v271_49_we0         |    9|          2|    1|          2|
    |v271_50_address0    |   14|          3|    8|         24|
    |v271_50_ce0         |   14|          3|    1|          3|
    |v271_50_ce1         |    9|          2|    1|          2|
    |v271_50_we0         |    9|          2|    1|          2|
    |v271_51_address0    |   14|          3|    8|         24|
    |v271_51_ce0         |   14|          3|    1|          3|
    |v271_51_ce1         |    9|          2|    1|          2|
    |v271_51_we0         |    9|          2|    1|          2|
    |v271_52_address0    |   14|          3|    8|         24|
    |v271_52_ce0         |   14|          3|    1|          3|
    |v271_52_ce1         |    9|          2|    1|          2|
    |v271_52_we0         |    9|          2|    1|          2|
    |v271_53_address0    |   14|          3|    8|         24|
    |v271_53_ce0         |   14|          3|    1|          3|
    |v271_53_ce1         |    9|          2|    1|          2|
    |v271_53_we0         |    9|          2|    1|          2|
    |v271_54_address0    |   14|          3|    8|         24|
    |v271_54_ce0         |   14|          3|    1|          3|
    |v271_54_ce1         |    9|          2|    1|          2|
    |v271_54_we0         |    9|          2|    1|          2|
    |v271_55_address0    |   14|          3|    8|         24|
    |v271_55_ce0         |   14|          3|    1|          3|
    |v271_55_ce1         |    9|          2|    1|          2|
    |v271_55_we0         |    9|          2|    1|          2|
    |v271_56_address0    |   14|          3|    8|         24|
    |v271_56_ce0         |   14|          3|    1|          3|
    |v271_56_ce1         |    9|          2|    1|          2|
    |v271_56_we0         |    9|          2|    1|          2|
    |v271_57_address0    |   14|          3|    8|         24|
    |v271_57_ce0         |   14|          3|    1|          3|
    |v271_57_ce1         |    9|          2|    1|          2|
    |v271_57_we0         |    9|          2|    1|          2|
    |v271_58_address0    |   14|          3|    8|         24|
    |v271_58_ce0         |   14|          3|    1|          3|
    |v271_58_ce1         |    9|          2|    1|          2|
    |v271_58_we0         |    9|          2|    1|          2|
    |v271_59_address0    |   14|          3|    8|         24|
    |v271_59_ce0         |   14|          3|    1|          3|
    |v271_59_ce1         |    9|          2|    1|          2|
    |v271_59_we0         |    9|          2|    1|          2|
    |v271_60_address0    |   14|          3|    8|         24|
    |v271_60_ce0         |   14|          3|    1|          3|
    |v271_60_ce1         |    9|          2|    1|          2|
    |v271_60_we0         |    9|          2|    1|          2|
    |v271_61_address0    |   14|          3|    8|         24|
    |v271_61_ce0         |   14|          3|    1|          3|
    |v271_61_ce1         |    9|          2|    1|          2|
    |v271_61_we0         |    9|          2|    1|          2|
    |v271_62_address0    |   14|          3|    8|         24|
    |v271_62_ce0         |   14|          3|    1|          3|
    |v271_62_ce1         |    9|          2|    1|          2|
    |v271_62_we0         |    9|          2|    1|          2|
    |v271_address0       |   14|          3|    8|         24|
    |v271_ce0            |   14|          3|    1|          3|
    |v271_ce1            |    9|          2|    1|          2|
    |v271_we0            |    9|          2|    1|          2|
    |v272_address0       |   26|          5|   13|         65|
    |v272_ce0            |   26|          5|    1|          5|
    |v272_we0            |    9|          2|    1|          2|
    |v273_address0       |   14|          3|   13|         39|
    |v273_ce0            |   14|          3|    1|          3|
    |v273_we0            |    9|          2|    1|          2|
    |v274_address0       |   14|          3|   13|         39|
    |v274_ce0            |   14|          3|    1|          3|
    |v274_we0            |    9|          2|    1|          2|
    |v275_32_address0    |   14|          3|    8|         24|
    |v275_32_ce0         |   14|          3|    1|          3|
    |v275_32_ce1         |    9|          2|    1|          2|
    |v275_32_we0         |    9|          2|    1|          2|
    |v275_33_address0    |   14|          3|    8|         24|
    |v275_33_ce0         |   14|          3|    1|          3|
    |v275_33_ce1         |    9|          2|    1|          2|
    |v275_33_we0         |    9|          2|    1|          2|
    |v275_34_address0    |   14|          3|    8|         24|
    |v275_34_ce0         |   14|          3|    1|          3|
    |v275_34_ce1         |    9|          2|    1|          2|
    |v275_34_we0         |    9|          2|    1|          2|
    |v275_35_address0    |   14|          3|    8|         24|
    |v275_35_ce0         |   14|          3|    1|          3|
    |v275_35_ce1         |    9|          2|    1|          2|
    |v275_35_we0         |    9|          2|    1|          2|
    |v275_36_address0    |   14|          3|    8|         24|
    |v275_36_ce0         |   14|          3|    1|          3|
    |v275_36_ce1         |    9|          2|    1|          2|
    |v275_36_we0         |    9|          2|    1|          2|
    |v275_37_address0    |   14|          3|    8|         24|
    |v275_37_ce0         |   14|          3|    1|          3|
    |v275_37_ce1         |    9|          2|    1|          2|
    |v275_37_we0         |    9|          2|    1|          2|
    |v275_38_address0    |   14|          3|    8|         24|
    |v275_38_ce0         |   14|          3|    1|          3|
    |v275_38_ce1         |    9|          2|    1|          2|
    |v275_38_we0         |    9|          2|    1|          2|
    |v275_39_address0    |   14|          3|    8|         24|
    |v275_39_ce0         |   14|          3|    1|          3|
    |v275_39_ce1         |    9|          2|    1|          2|
    |v275_39_we0         |    9|          2|    1|          2|
    |v275_40_address0    |   14|          3|    8|         24|
    |v275_40_ce0         |   14|          3|    1|          3|
    |v275_40_ce1         |    9|          2|    1|          2|
    |v275_40_we0         |    9|          2|    1|          2|
    |v275_41_address0    |   14|          3|    8|         24|
    |v275_41_ce0         |   14|          3|    1|          3|
    |v275_41_ce1         |    9|          2|    1|          2|
    |v275_41_we0         |    9|          2|    1|          2|
    |v275_42_address0    |   14|          3|    8|         24|
    |v275_42_ce0         |   14|          3|    1|          3|
    |v275_42_ce1         |    9|          2|    1|          2|
    |v275_42_we0         |    9|          2|    1|          2|
    |v275_43_address0    |   14|          3|    8|         24|
    |v275_43_ce0         |   14|          3|    1|          3|
    |v275_43_ce1         |    9|          2|    1|          2|
    |v275_43_we0         |    9|          2|    1|          2|
    |v275_44_address0    |   14|          3|    8|         24|
    |v275_44_ce0         |   14|          3|    1|          3|
    |v275_44_ce1         |    9|          2|    1|          2|
    |v275_44_we0         |    9|          2|    1|          2|
    |v275_45_address0    |   14|          3|    8|         24|
    |v275_45_ce0         |   14|          3|    1|          3|
    |v275_45_ce1         |    9|          2|    1|          2|
    |v275_45_we0         |    9|          2|    1|          2|
    |v275_46_address0    |   14|          3|    8|         24|
    |v275_46_ce0         |   14|          3|    1|          3|
    |v275_46_ce1         |    9|          2|    1|          2|
    |v275_46_we0         |    9|          2|    1|          2|
    |v275_47_address0    |   14|          3|    8|         24|
    |v275_47_ce0         |   14|          3|    1|          3|
    |v275_47_ce1         |    9|          2|    1|          2|
    |v275_47_we0         |    9|          2|    1|          2|
    |v275_48_address0    |   14|          3|    8|         24|
    |v275_48_ce0         |   14|          3|    1|          3|
    |v275_48_ce1         |    9|          2|    1|          2|
    |v275_48_we0         |    9|          2|    1|          2|
    |v275_49_address0    |   14|          3|    8|         24|
    |v275_49_ce0         |   14|          3|    1|          3|
    |v275_49_ce1         |    9|          2|    1|          2|
    |v275_49_we0         |    9|          2|    1|          2|
    |v275_50_address0    |   14|          3|    8|         24|
    |v275_50_ce0         |   14|          3|    1|          3|
    |v275_50_ce1         |    9|          2|    1|          2|
    |v275_50_we0         |    9|          2|    1|          2|
    |v275_51_address0    |   14|          3|    8|         24|
    |v275_51_ce0         |   14|          3|    1|          3|
    |v275_51_ce1         |    9|          2|    1|          2|
    |v275_51_we0         |    9|          2|    1|          2|
    |v275_52_address0    |   14|          3|    8|         24|
    |v275_52_ce0         |   14|          3|    1|          3|
    |v275_52_ce1         |    9|          2|    1|          2|
    |v275_52_we0         |    9|          2|    1|          2|
    |v275_53_address0    |   14|          3|    8|         24|
    |v275_53_ce0         |   14|          3|    1|          3|
    |v275_53_ce1         |    9|          2|    1|          2|
    |v275_53_we0         |    9|          2|    1|          2|
    |v275_54_address0    |   14|          3|    8|         24|
    |v275_54_ce0         |   14|          3|    1|          3|
    |v275_54_ce1         |    9|          2|    1|          2|
    |v275_54_we0         |    9|          2|    1|          2|
    |v275_55_address0    |   14|          3|    8|         24|
    |v275_55_ce0         |   14|          3|    1|          3|
    |v275_55_ce1         |    9|          2|    1|          2|
    |v275_55_we0         |    9|          2|    1|          2|
    |v275_56_address0    |   14|          3|    8|         24|
    |v275_56_ce0         |   14|          3|    1|          3|
    |v275_56_ce1         |    9|          2|    1|          2|
    |v275_56_we0         |    9|          2|    1|          2|
    |v275_57_address0    |   14|          3|    8|         24|
    |v275_57_ce0         |   14|          3|    1|          3|
    |v275_57_ce1         |    9|          2|    1|          2|
    |v275_57_we0         |    9|          2|    1|          2|
    |v275_58_address0    |   14|          3|    8|         24|
    |v275_58_ce0         |   14|          3|    1|          3|
    |v275_58_ce1         |    9|          2|    1|          2|
    |v275_58_we0         |    9|          2|    1|          2|
    |v275_59_address0    |   14|          3|    8|         24|
    |v275_59_ce0         |   14|          3|    1|          3|
    |v275_59_ce1         |    9|          2|    1|          2|
    |v275_59_we0         |    9|          2|    1|          2|
    |v275_60_address0    |   14|          3|    8|         24|
    |v275_60_ce0         |   14|          3|    1|          3|
    |v275_60_ce1         |    9|          2|    1|          2|
    |v275_60_we0         |    9|          2|    1|          2|
    |v275_61_address0    |   14|          3|    8|         24|
    |v275_61_ce0         |   14|          3|    1|          3|
    |v275_61_ce1         |    9|          2|    1|          2|
    |v275_61_we0         |    9|          2|    1|          2|
    |v275_62_address0    |   14|          3|    8|         24|
    |v275_62_ce0         |   14|          3|    1|          3|
    |v275_62_ce1         |    9|          2|    1|          2|
    |v275_62_we0         |    9|          2|    1|          2|
    |v275_address0       |   14|          3|    8|         24|
    |v275_ce0            |   14|          3|    1|          3|
    |v275_ce1            |    9|          2|    1|          2|
    |v275_we0            |    9|          2|    1|          2|
    |v276_16_address0    |   14|          3|    9|         27|
    |v276_16_ce0         |   14|          3|    1|          3|
    |v276_16_we0         |    9|          2|    1|          2|
    |v276_17_address0    |   14|          3|    9|         27|
    |v276_17_ce0         |   14|          3|    1|          3|
    |v276_17_we0         |    9|          2|    1|          2|
    |v276_18_address0    |   14|          3|    9|         27|
    |v276_18_ce0         |   14|          3|    1|          3|
    |v276_18_we0         |    9|          2|    1|          2|
    |v276_19_address0    |   14|          3|    9|         27|
    |v276_19_ce0         |   14|          3|    1|          3|
    |v276_19_we0         |    9|          2|    1|          2|
    |v276_20_address0    |   14|          3|    9|         27|
    |v276_20_ce0         |   14|          3|    1|          3|
    |v276_20_we0         |    9|          2|    1|          2|
    |v276_21_address0    |   14|          3|    9|         27|
    |v276_21_ce0         |   14|          3|    1|          3|
    |v276_21_we0         |    9|          2|    1|          2|
    |v276_22_address0    |   14|          3|    9|         27|
    |v276_22_ce0         |   14|          3|    1|          3|
    |v276_22_we0         |    9|          2|    1|          2|
    |v276_23_address0    |   14|          3|    9|         27|
    |v276_23_ce0         |   14|          3|    1|          3|
    |v276_23_we0         |    9|          2|    1|          2|
    |v276_24_address0    |   14|          3|    9|         27|
    |v276_24_ce0         |   14|          3|    1|          3|
    |v276_24_we0         |    9|          2|    1|          2|
    |v276_25_address0    |   14|          3|    9|         27|
    |v276_25_ce0         |   14|          3|    1|          3|
    |v276_25_we0         |    9|          2|    1|          2|
    |v276_26_address0    |   14|          3|    9|         27|
    |v276_26_ce0         |   14|          3|    1|          3|
    |v276_26_we0         |    9|          2|    1|          2|
    |v276_27_address0    |   14|          3|    9|         27|
    |v276_27_ce0         |   14|          3|    1|          3|
    |v276_27_we0         |    9|          2|    1|          2|
    |v276_28_address0    |   14|          3|    9|         27|
    |v276_28_ce0         |   14|          3|    1|          3|
    |v276_28_we0         |    9|          2|    1|          2|
    |v276_29_address0    |   14|          3|    9|         27|
    |v276_29_ce0         |   14|          3|    1|          3|
    |v276_29_we0         |    9|          2|    1|          2|
    |v276_30_address0    |   14|          3|    9|         27|
    |v276_30_ce0         |   14|          3|    1|          3|
    |v276_30_we0         |    9|          2|    1|          2|
    |v276_address0       |   14|          3|    9|         27|
    |v276_ce0            |   14|          3|    1|          3|
    |v276_we0            |    9|          2|    1|          2|
    |v278_address0       |   20|          4|   11|         44|
    |v278_ce0            |   20|          4|    1|          4|
    |v278_ce1            |    9|          2|    1|          2|
    |v278_d0             |   14|          3|   32|         96|
    |v278_we0            |   14|          3|    1|          3|
    |v279_address0       |   20|          4|   11|         44|
    |v279_ce0            |   20|          4|    1|          4|
    |v279_we0            |    9|          2|    1|          2|
    |v280_address0       |   14|          3|   11|         33|
    |v280_ce0            |   14|          3|    1|          3|
    |v280_we0            |    9|          2|    1|          2|
    |v281_16_address0    |   14|          3|    7|         21|
    |v281_16_ce0         |   14|          3|    1|          3|
    |v281_16_we0         |    9|          2|    1|          2|
    |v281_17_address0    |   14|          3|    7|         21|
    |v281_17_ce0         |   14|          3|    1|          3|
    |v281_17_we0         |    9|          2|    1|          2|
    |v281_18_address0    |   14|          3|    7|         21|
    |v281_18_ce0         |   14|          3|    1|          3|
    |v281_18_we0         |    9|          2|    1|          2|
    |v281_19_address0    |   14|          3|    7|         21|
    |v281_19_ce0         |   14|          3|    1|          3|
    |v281_19_we0         |    9|          2|    1|          2|
    |v281_20_address0    |   14|          3|    7|         21|
    |v281_20_ce0         |   14|          3|    1|          3|
    |v281_20_we0         |    9|          2|    1|          2|
    |v281_21_address0    |   14|          3|    7|         21|
    |v281_21_ce0         |   14|          3|    1|          3|
    |v281_21_we0         |    9|          2|    1|          2|
    |v281_22_address0    |   14|          3|    7|         21|
    |v281_22_ce0         |   14|          3|    1|          3|
    |v281_22_we0         |    9|          2|    1|          2|
    |v281_23_address0    |   14|          3|    7|         21|
    |v281_23_ce0         |   14|          3|    1|          3|
    |v281_23_we0         |    9|          2|    1|          2|
    |v281_24_address0    |   14|          3|    7|         21|
    |v281_24_ce0         |   14|          3|    1|          3|
    |v281_24_we0         |    9|          2|    1|          2|
    |v281_25_address0    |   14|          3|    7|         21|
    |v281_25_ce0         |   14|          3|    1|          3|
    |v281_25_we0         |    9|          2|    1|          2|
    |v281_26_address0    |   14|          3|    7|         21|
    |v281_26_ce0         |   14|          3|    1|          3|
    |v281_26_we0         |    9|          2|    1|          2|
    |v281_27_address0    |   14|          3|    7|         21|
    |v281_27_ce0         |   14|          3|    1|          3|
    |v281_27_we0         |    9|          2|    1|          2|
    |v281_28_address0    |   14|          3|    7|         21|
    |v281_28_ce0         |   14|          3|    1|          3|
    |v281_28_we0         |    9|          2|    1|          2|
    |v281_29_address0    |   14|          3|    7|         21|
    |v281_29_ce0         |   14|          3|    1|          3|
    |v281_29_we0         |    9|          2|    1|          2|
    |v281_30_address0    |   14|          3|    7|         21|
    |v281_30_ce0         |   14|          3|    1|          3|
    |v281_30_we0         |    9|          2|    1|          2|
    |v281_address0       |   14|          3|    7|         21|
    |v281_ce0            |   14|          3|    1|          3|
    |v281_we0            |    9|          2|    1|          2|
    |v282_address0       |   20|          4|    7|         28|
    |v282_ce0            |   20|          4|    1|          4|
    |v282_ce1            |    9|          2|    1|          2|
    |v282_d0             |   14|          3|   32|         96|
    |v282_we0            |   14|          3|    1|          3|
    |v283_address0       |   20|          4|   11|         44|
    |v283_ce0            |   20|          4|    1|          4|
    |v283_we0            |    9|          2|    1|          2|
    |v284_16_address0    |   14|          3|    7|         21|
    |v284_16_ce0         |   14|          3|    1|          3|
    |v284_16_we0         |    9|          2|    1|          2|
    |v284_17_address0    |   14|          3|    7|         21|
    |v284_17_ce0         |   14|          3|    1|          3|
    |v284_17_we0         |    9|          2|    1|          2|
    |v284_18_address0    |   14|          3|    7|         21|
    |v284_18_ce0         |   14|          3|    1|          3|
    |v284_18_we0         |    9|          2|    1|          2|
    |v284_19_address0    |   14|          3|    7|         21|
    |v284_19_ce0         |   14|          3|    1|          3|
    |v284_19_we0         |    9|          2|    1|          2|
    |v284_20_address0    |   14|          3|    7|         21|
    |v284_20_ce0         |   14|          3|    1|          3|
    |v284_20_we0         |    9|          2|    1|          2|
    |v284_21_address0    |   14|          3|    7|         21|
    |v284_21_ce0         |   14|          3|    1|          3|
    |v284_21_we0         |    9|          2|    1|          2|
    |v284_22_address0    |   14|          3|    7|         21|
    |v284_22_ce0         |   14|          3|    1|          3|
    |v284_22_we0         |    9|          2|    1|          2|
    |v284_23_address0    |   14|          3|    7|         21|
    |v284_23_ce0         |   14|          3|    1|          3|
    |v284_23_we0         |    9|          2|    1|          2|
    |v284_24_address0    |   14|          3|    7|         21|
    |v284_24_ce0         |   14|          3|    1|          3|
    |v284_24_we0         |    9|          2|    1|          2|
    |v284_25_address0    |   14|          3|    7|         21|
    |v284_25_ce0         |   14|          3|    1|          3|
    |v284_25_we0         |    9|          2|    1|          2|
    |v284_26_address0    |   14|          3|    7|         21|
    |v284_26_ce0         |   14|          3|    1|          3|
    |v284_26_we0         |    9|          2|    1|          2|
    |v284_27_address0    |   14|          3|    7|         21|
    |v284_27_ce0         |   14|          3|    1|          3|
    |v284_27_we0         |    9|          2|    1|          2|
    |v284_28_address0    |   14|          3|    7|         21|
    |v284_28_ce0         |   14|          3|    1|          3|
    |v284_28_we0         |    9|          2|    1|          2|
    |v284_29_address0    |   14|          3|    7|         21|
    |v284_29_ce0         |   14|          3|    1|          3|
    |v284_29_we0         |    9|          2|    1|          2|
    |v284_30_address0    |   14|          3|    7|         21|
    |v284_30_ce0         |   14|          3|    1|          3|
    |v284_30_we0         |    9|          2|    1|          2|
    |v284_address0       |   14|          3|    7|         21|
    |v284_ce0            |   14|          3|    1|          3|
    |v284_we0            |    9|          2|    1|          2|
    |v285_16_address0    |   14|          3|    7|         21|
    |v285_16_ce0         |   14|          3|    1|          3|
    |v285_16_we0         |    9|          2|    1|          2|
    |v285_17_address0    |   14|          3|    7|         21|
    |v285_17_ce0         |   14|          3|    1|          3|
    |v285_17_we0         |    9|          2|    1|          2|
    |v285_18_address0    |   14|          3|    7|         21|
    |v285_18_ce0         |   14|          3|    1|          3|
    |v285_18_we0         |    9|          2|    1|          2|
    |v285_19_address0    |   14|          3|    7|         21|
    |v285_19_ce0         |   14|          3|    1|          3|
    |v285_19_we0         |    9|          2|    1|          2|
    |v285_20_address0    |   14|          3|    7|         21|
    |v285_20_ce0         |   14|          3|    1|          3|
    |v285_20_we0         |    9|          2|    1|          2|
    |v285_21_address0    |   14|          3|    7|         21|
    |v285_21_ce0         |   14|          3|    1|          3|
    |v285_21_we0         |    9|          2|    1|          2|
    |v285_22_address0    |   14|          3|    7|         21|
    |v285_22_ce0         |   14|          3|    1|          3|
    |v285_22_we0         |    9|          2|    1|          2|
    |v285_23_address0    |   14|          3|    7|         21|
    |v285_23_ce0         |   14|          3|    1|          3|
    |v285_23_we0         |    9|          2|    1|          2|
    |v285_24_address0    |   14|          3|    7|         21|
    |v285_24_ce0         |   14|          3|    1|          3|
    |v285_24_we0         |    9|          2|    1|          2|
    |v285_25_address0    |   14|          3|    7|         21|
    |v285_25_ce0         |   14|          3|    1|          3|
    |v285_25_we0         |    9|          2|    1|          2|
    |v285_26_address0    |   14|          3|    7|         21|
    |v285_26_ce0         |   14|          3|    1|          3|
    |v285_26_we0         |    9|          2|    1|          2|
    |v285_27_address0    |   14|          3|    7|         21|
    |v285_27_ce0         |   14|          3|    1|          3|
    |v285_27_we0         |    9|          2|    1|          2|
    |v285_28_address0    |   14|          3|    7|         21|
    |v285_28_ce0         |   14|          3|    1|          3|
    |v285_28_we0         |    9|          2|    1|          2|
    |v285_29_address0    |   14|          3|    7|         21|
    |v285_29_ce0         |   14|          3|    1|          3|
    |v285_29_we0         |    9|          2|    1|          2|
    |v285_30_address0    |   14|          3|    7|         21|
    |v285_30_ce0         |   14|          3|    1|          3|
    |v285_30_we0         |    9|          2|    1|          2|
    |v285_address0       |   14|          3|    7|         21|
    |v285_ce0            |   14|          3|    1|          3|
    |v285_we0            |    9|          2|    1|          2|
    |v286_address0       |   20|          4|    7|         28|
    |v286_ce0            |   20|          4|    1|          4|
    |v286_ce1            |    9|          2|    1|          2|
    |v286_d0             |   14|          3|   32|         96|
    |v286_we0            |   14|          3|    1|          3|
    |v288_address0       |   20|          4|   13|         52|
    |v288_ce0            |   20|          4|    1|          4|
    |v288_ce1            |    9|          2|    1|          2|
    |v288_d0             |   14|          3|   32|         96|
    |v288_we0            |   14|          3|    1|          3|
    +--------------------+-----+-----------+-----+-----------+
    |Total               | 8277|       1759| 3858|      13438|
    +--------------------+-----+-----------+-----+-----------+

    * Register: 
    +---------------------------------------------------------------------------------------------------+----+----+-----+-----------+
    |                                                Name                                               | FF | LUT| Bits| Const Bits|
    +---------------------------------------------------------------------------------------------------+----+----+-----+-----------+
    |ap_CS_fsm                                                                                          |  34|   0|   34|          0|
    |grp_main_graph_Pipeline_VITIS_LOOP_118_2_VITIS_LOOP_119_3_VITIS_LOOP_120_4_fu_758_ap_start_reg     |   1|   0|    1|          0|
    |grp_main_graph_Pipeline_VITIS_LOOP_128_6_VITIS_LOOP_129_7_VITIS_LOOP_130_8_fu_1091_ap_start_reg    |   1|   0|    1|          0|
    |grp_main_graph_Pipeline_VITIS_LOOP_171_2_VITIS_LOOP_172_3_fu_752_ap_start_reg                      |   1|   0|    1|          0|
    |grp_main_graph_Pipeline_VITIS_LOOP_180_6_VITIS_LOOP_181_7_fu_1070_ap_start_reg                     |   1|   0|    1|          0|
    |grp_main_graph_Pipeline_VITIS_LOOP_201_2_VITIS_LOOP_202_3_VITIS_LOOP_203_4_fu_1028_ap_start_reg    |   1|   0|    1|          0|
    |grp_main_graph_Pipeline_VITIS_LOOP_211_6_VITIS_LOOP_212_7_VITIS_LOOP_213_8_fu_1049_ap_start_reg    |   1|   0|    1|          0|
    |grp_main_graph_Pipeline_VITIS_LOOP_231_2_VITIS_LOOP_232_3_VITIS_LOOP_233_4_fu_1021_ap_start_reg    |   1|   0|    1|          0|
    |grp_main_graph_Pipeline_VITIS_LOOP_252_2_VITIS_LOOP_253_3_fu_746_ap_start_reg                      |   1|   0|    1|          0|
    |grp_main_graph_Pipeline_VITIS_LOOP_261_6_VITIS_LOOP_262_7_fu_1000_ap_start_reg                     |   1|   0|    1|          0|
    |grp_main_graph_Pipeline_VITIS_LOOP_282_2_VITIS_LOOP_283_3_VITIS_LOOP_284_4_fu_973_ap_start_reg     |   1|   0|    1|          0|
    |grp_main_graph_Pipeline_VITIS_LOOP_292_6_VITIS_LOOP_293_7_VITIS_LOOP_294_8_fu_979_ap_start_reg     |   1|   0|    1|          0|
    |grp_main_graph_Pipeline_VITIS_LOOP_311_2_VITIS_LOOP_312_3_VITIS_LOOP_313_4_fu_967_ap_start_reg     |   1|   0|    1|          0|
    |grp_main_graph_Pipeline_VITIS_LOOP_332_2_VITIS_LOOP_333_3_VITIS_LOOP_334_4_fu_740_ap_start_reg     |   1|   0|    1|          0|
    |grp_main_graph_Pipeline_VITIS_LOOP_342_6_VITIS_LOOP_343_7_VITIS_LOOP_344_8_fu_898_ap_start_reg     |   1|   0|    1|          0|
    |grp_main_graph_Pipeline_VITIS_LOOP_390_2_VITIS_LOOP_391_3_fu_726_ap_start_reg                      |   1|   0|    1|          0|
    |grp_main_graph_Pipeline_VITIS_LOOP_403_5_VITIS_LOOP_404_6_fu_734_ap_start_reg                      |   1|   0|    1|          0|
    |grp_main_graph_Pipeline_VITIS_LOOP_410_8_VITIS_LOOP_411_9_VITIS_LOOP_412_10_fu_822_ap_start_reg    |   1|   0|    1|          0|
    |grp_main_graph_Pipeline_VITIS_LOOP_424_12_VITIS_LOOP_425_13_fu_836_ap_start_reg                    |   1|   0|    1|          0|
    |grp_main_graph_Pipeline_VITIS_LOOP_449_2_VITIS_LOOP_450_3_fu_712_ap_start_reg                      |   1|   0|    1|          0|
    |grp_main_graph_Pipeline_VITIS_LOOP_462_5_VITIS_LOOP_463_6_fu_720_ap_start_reg                      |   1|   0|    1|          0|
    |grp_main_graph_Pipeline_VITIS_LOOP_469_8_VITIS_LOOP_470_9_VITIS_LOOP_471_10_fu_829_ap_start_reg    |   1|   0|    1|          0|
    |grp_main_graph_Pipeline_VITIS_LOOP_483_12_VITIS_LOOP_484_13_fu_859_ap_start_reg                    |   1|   0|    1|          0|
    |grp_main_graph_Pipeline_VITIS_LOOP_502_2_VITIS_LOOP_503_3_fu_810_ap_start_reg                      |   1|   0|    1|          0|
    |grp_main_graph_Pipeline_VITIS_LOOP_510_5_VITIS_LOOP_511_6_fu_816_ap_start_reg                      |   1|   0|    1|          0|
    |grp_main_graph_Pipeline_VITIS_LOOP_529_2_VITIS_LOOP_530_3_fu_690_ap_start_reg                      |   1|   0|    1|          0|
    |grp_main_graph_Pipeline_VITIS_LOOP_542_5_VITIS_LOOP_543_6_fu_698_ap_start_reg                      |   1|   0|    1|          0|
    |grp_main_graph_Pipeline_VITIS_LOOP_555_8_VITIS_LOOP_556_9_fu_706_ap_start_reg                      |   1|   0|    1|          0|
    |grp_main_graph_Pipeline_VITIS_LOOP_562_11_VITIS_LOOP_563_12_VITIS_LOOP_564_13_fu_764_ap_start_reg  |   1|   0|    1|          0|
    |grp_main_graph_Pipeline_VITIS_LOOP_576_15_VITIS_LOOP_577_16_fu_771_ap_start_reg                    |   1|   0|    1|          0|
    |grp_main_graph_node0_fu_1129_ap_start_reg                                                          |   1|   0|    1|          0|
    +---------------------------------------------------------------------------------------------------+----+----+-----+-----------+
    |Total                                                                                              |  64|   0|   64|          0|
    +---------------------------------------------------------------------------------------------------+----+----+-----+-----------+



================================================================
== Interface
================================================================
* Summary: 
+--------------------+-----+-----+------------+--------------+--------------+
|      RTL Ports     | Dir | Bits|  Protocol  | Source Object|    C Type    |
+--------------------+-----+-----+------------+--------------+--------------+
|s_axi_ctrl_AWVALID  |   in|    1|       s_axi|          ctrl|   return void|
|s_axi_ctrl_AWREADY  |  out|    1|       s_axi|          ctrl|   return void|
|s_axi_ctrl_AWADDR   |   in|    4|       s_axi|          ctrl|   return void|
|s_axi_ctrl_WVALID   |   in|    1|       s_axi|          ctrl|   return void|
|s_axi_ctrl_WREADY   |  out|    1|       s_axi|          ctrl|   return void|
|s_axi_ctrl_WDATA    |   in|   32|       s_axi|          ctrl|   return void|
|s_axi_ctrl_WSTRB    |   in|    4|       s_axi|          ctrl|   return void|
|s_axi_ctrl_ARVALID  |   in|    1|       s_axi|          ctrl|   return void|
|s_axi_ctrl_ARREADY  |  out|    1|       s_axi|          ctrl|   return void|
|s_axi_ctrl_ARADDR   |   in|    4|       s_axi|          ctrl|   return void|
|s_axi_ctrl_RVALID   |  out|    1|       s_axi|          ctrl|   return void|
|s_axi_ctrl_RREADY   |   in|    1|       s_axi|          ctrl|   return void|
|s_axi_ctrl_RDATA    |  out|   32|       s_axi|          ctrl|   return void|
|s_axi_ctrl_RRESP    |  out|    2|       s_axi|          ctrl|   return void|
|s_axi_ctrl_BVALID   |  out|    1|       s_axi|          ctrl|   return void|
|s_axi_ctrl_BREADY   |   in|    1|       s_axi|          ctrl|   return void|
|s_axi_ctrl_BRESP    |  out|    2|       s_axi|          ctrl|   return void|
|ap_clk              |   in|    1|  ap_ctrl_hs|    main_graph|  return value|
|ap_rst_n            |   in|    1|  ap_ctrl_hs|    main_graph|  return value|
|interrupt           |  out|    1|  ap_ctrl_hs|    main_graph|  return value|
|v261_Addr_A         |  out|   32|        bram|          v261|         array|
|v261_EN_A           |  out|    1|        bram|          v261|         array|
|v261_WEN_A          |  out|    4|        bram|          v261|         array|
|v261_Din_A          |  out|   32|        bram|          v261|         array|
|v261_Dout_A         |   in|   32|        bram|          v261|         array|
|v261_Clk_A          |  out|    1|        bram|          v261|         array|
|v261_Rst_A          |  out|    1|        bram|          v261|         array|
|v262_Addr_A         |  out|   32|        bram|          v262|         array|
|v262_EN_A           |  out|    1|        bram|          v262|         array|
|v262_WEN_A          |  out|    4|        bram|          v262|         array|
|v262_Din_A          |  out|   32|        bram|          v262|         array|
|v262_Dout_A         |   in|   32|        bram|          v262|         array|
|v262_Clk_A          |  out|    1|        bram|          v262|         array|
|v262_Rst_A          |  out|    1|        bram|          v262|         array|
|v263_Addr_A         |  out|   32|        bram|          v263|         array|
|v263_EN_A           |  out|    1|        bram|          v263|         array|
|v263_WEN_A          |  out|    4|        bram|          v263|         array|
|v263_Din_A          |  out|   32|        bram|          v263|         array|
|v263_Dout_A         |   in|   32|        bram|          v263|         array|
|v263_Clk_A          |  out|    1|        bram|          v263|         array|
|v263_Rst_A          |  out|    1|        bram|          v263|         array|
|v264_Addr_A         |  out|   32|        bram|          v264|         array|
|v264_EN_A           |  out|    1|        bram|          v264|         array|
|v264_WEN_A          |  out|    4|        bram|          v264|         array|
|v264_Din_A          |  out|   32|        bram|          v264|         array|
|v264_Dout_A         |   in|   32|        bram|          v264|         array|
|v264_Clk_A          |  out|    1|        bram|          v264|         array|
|v264_Rst_A          |  out|    1|        bram|          v264|         array|
|v265_Addr_A         |  out|   32|        bram|          v265|         array|
|v265_EN_A           |  out|    1|        bram|          v265|         array|
|v265_WEN_A          |  out|    4|        bram|          v265|         array|
|v265_Din_A          |  out|   32|        bram|          v265|         array|
|v265_Dout_A         |   in|   32|        bram|          v265|         array|
|v265_Clk_A          |  out|    1|        bram|          v265|         array|
|v265_Rst_A          |  out|    1|        bram|          v265|         array|
|v266_Addr_A         |  out|   32|        bram|          v266|         array|
|v266_EN_A           |  out|    1|        bram|          v266|         array|
|v266_WEN_A          |  out|    4|        bram|          v266|         array|
|v266_Din_A          |  out|   32|        bram|          v266|         array|
|v266_Dout_A         |   in|   32|        bram|          v266|         array|
|v266_Clk_A          |  out|    1|        bram|          v266|         array|
|v266_Rst_A          |  out|    1|        bram|          v266|         array|
|v267_Addr_A         |  out|   32|        bram|          v267|         array|
|v267_EN_A           |  out|    1|        bram|          v267|         array|
|v267_WEN_A          |  out|    4|        bram|          v267|         array|
|v267_Din_A          |  out|   32|        bram|          v267|         array|
|v267_Dout_A         |   in|   32|        bram|          v267|         array|
|v267_Clk_A          |  out|    1|        bram|          v267|         array|
|v267_Rst_A          |  out|    1|        bram|          v267|         array|
|v268_Addr_A         |  out|   32|        bram|          v268|         array|
|v268_EN_A           |  out|    1|        bram|          v268|         array|
|v268_WEN_A          |  out|    4|        bram|          v268|         array|
|v268_Din_A          |  out|   32|        bram|          v268|         array|
|v268_Dout_A         |   in|   32|        bram|          v268|         array|
|v268_Clk_A          |  out|    1|        bram|          v268|         array|
|v268_Rst_A          |  out|    1|        bram|          v268|         array|
|v269_Addr_A         |  out|   32|        bram|          v269|         array|
|v269_EN_A           |  out|    1|        bram|          v269|         array|
|v269_WEN_A          |  out|    4|        bram|          v269|         array|
|v269_Din_A          |  out|   32|        bram|          v269|         array|
|v269_Dout_A         |   in|   32|        bram|          v269|         array|
|v269_Clk_A          |  out|    1|        bram|          v269|         array|
|v269_Rst_A          |  out|    1|        bram|          v269|         array|
|v270_Addr_A         |  out|   32|        bram|          v270|         array|
|v270_EN_A           |  out|    1|        bram|          v270|         array|
|v270_WEN_A          |  out|    4|        bram|          v270|         array|
|v270_Din_A          |  out|   32|        bram|          v270|         array|
|v270_Dout_A         |   in|   32|        bram|          v270|         array|
|v270_Clk_A          |  out|    1|        bram|          v270|         array|
|v270_Rst_A          |  out|    1|        bram|          v270|         array|
+--------------------+-----+-----+------------+--------------+--------------+

